SF:/Users/samcolak/Source Code/rust/distdb/distdb/clientlib/src/config.rs
FN:10,_RNvMNtCsb1LfTOVHKNR_9clientlib6configNtNtB4_6models13ClientOptions13from_cli_args
FN:114,_RNCNCNvNtCsb1LfTOVHKNR_9clientlib6config29bootstrap_peers_from_cli_argss_00B7_
FN:20,_RNCNvMNtCsb1LfTOVHKNR_9clientlib6configNtNtB6_6models13ClientOptions13from_cli_args0B6_
FN:32,_RNCNvMNtCsb1LfTOVHKNR_9clientlib6configNtNtB6_6models13ClientOptions13from_cli_argss0_0B6_
FN:37,_RNCNvMNtCsb1LfTOVHKNR_9clientlib6configNtNtB6_6models13ClientOptions13from_cli_argss1_0B6_
FN:42,_RNCNvMNtCsb1LfTOVHKNR_9clientlib6configNtNtB6_6models13ClientOptions13from_cli_argss2_0B6_
FN:47,_RNCNvMNtCsb1LfTOVHKNR_9clientlib6configNtNtB6_6models13ClientOptions13from_cli_argss3_0B6_
FN:52,_RNCNvMNtCsb1LfTOVHKNR_9clientlib6configNtNtB6_6models13ClientOptions13from_cli_argss4_0B6_
FN:21,_RNCNvMNtCsb1LfTOVHKNR_9clientlib6configNtNtB6_6models13ClientOptions13from_cli_argss_0B6_
FN:111,_RNCNvNtCsb1LfTOVHKNR_9clientlib6config29bootstrap_peers_from_cli_args0B5_
FN:121,_RNCNvNtCsb1LfTOVHKNR_9clientlib6config29bootstrap_peers_from_cli_argss0_0B5_
FN:112,_RNCNvNtCsb1LfTOVHKNR_9clientlib6config29bootstrap_peers_from_cli_argss_0B5_
FN:181,_RNCNvNtCsb1LfTOVHKNR_9clientlib6config30is_global_sql_without_database0B5_
FN:133,_RNvNtCsb1LfTOVHKNR_9clientlib6config24normalize_bootstrap_addr
FN:69,_RNvNtCsb1LfTOVHKNR_9clientlib6config24resolve_database_for_sql
FN:89,_RNvNtCsb1LfTOVHKNR_9clientlib6config25normalize_bootstrap_peers
FN:107,_RNvNtCsb1LfTOVHKNR_9clientlib6config29bootstrap_peers_from_cli_args
FN:175,_RNvNtCsb1LfTOVHKNR_9clientlib6config30is_global_sql_without_database
FNDA:1,_RNvMNtCsb1LfTOVHKNR_9clientlib6configNtNtB4_6models13ClientOptions13from_cli_args
FNDA:2,_RNCNCNvNtCsb1LfTOVHKNR_9clientlib6config29bootstrap_peers_from_cli_argss_00B7_
FNDA:2,_RNCNvMNtCsb1LfTOVHKNR_9clientlib6configNtNtB6_6models13ClientOptions13from_cli_args0B6_
FNDA:3,_RNCNvMNtCsb1LfTOVHKNR_9clientlib6configNtNtB6_6models13ClientOptions13from_cli_argss0_0B6_
FNDA:3,_RNCNvMNtCsb1LfTOVHKNR_9clientlib6configNtNtB6_6models13ClientOptions13from_cli_argss1_0B6_
FNDA:3,_RNCNvMNtCsb1LfTOVHKNR_9clientlib6configNtNtB6_6models13ClientOptions13from_cli_argss2_0B6_
FNDA:3,_RNCNvMNtCsb1LfTOVHKNR_9clientlib6configNtNtB6_6models13ClientOptions13from_cli_argss3_0B6_
FNDA:3,_RNCNvMNtCsb1LfTOVHKNR_9clientlib6configNtNtB6_6models13ClientOptions13from_cli_argss4_0B6_
FNDA:0,_RNCNvMNtCsb1LfTOVHKNR_9clientlib6configNtNtB6_6models13ClientOptions13from_cli_argss_0B6_
FNDA:1,_RNCNvNtCsb1LfTOVHKNR_9clientlib6config29bootstrap_peers_from_cli_args0B5_
FNDA:3,_RNCNvNtCsb1LfTOVHKNR_9clientlib6config29bootstrap_peers_from_cli_argss0_0B5_
FNDA:1,_RNCNvNtCsb1LfTOVHKNR_9clientlib6config29bootstrap_peers_from_cli_argss_0B5_
FNDA:6,_RNCNvNtCsb1LfTOVHKNR_9clientlib6config30is_global_sql_without_database0B5_
FNDA:5,_RNvNtCsb1LfTOVHKNR_9clientlib6config24normalize_bootstrap_addr
FNDA:3,_RNvNtCsb1LfTOVHKNR_9clientlib6config24resolve_database_for_sql
FNDA:2,_RNvNtCsb1LfTOVHKNR_9clientlib6config25normalize_bootstrap_peers
FNDA:1,_RNvNtCsb1LfTOVHKNR_9clientlib6config29bootstrap_peers_from_cli_args
FNDA:2,_RNvNtCsb1LfTOVHKNR_9clientlib6config30is_global_sql_without_database
FNF:18
FNH:17
DA:10,1
DA:12,1
DA:14,1
DA:15,0
DA:16,0
DA:17,0
DA:18,1
DA:20,2
DA:21,1
DA:22,0
DA:23,0
DA:24,0
DA:25,0
DA:26,0
DA:27,0
DA:30,1
DA:31,1
DA:32,3
DA:33,1
DA:35,1
DA:36,1
DA:37,3
DA:38,1
DA:40,1
DA:41,1
DA:42,3
DA:43,1
DA:45,1
DA:46,1
DA:47,3
DA:48,1
DA:50,1
DA:51,1
DA:52,3
DA:53,1
DA:55,1
DA:56,1
DA:57,1
DA:58,1
DA:59,1
DA:60,1
DA:61,1
DA:62,1
DA:63,1
DA:65,1
DA:69,3
DA:70,3
DA:71,3
DA:72,3
DA:74,3
DA:75,1
DA:76,2
DA:78,2
DA:79,1
DA:80,1
DA:82,1
DA:83,1
DA:84,1
DA:85,1
DA:87,3
DA:89,2
DA:91,2
DA:93,3
DA:94,3
DA:95,1
DA:98,2
DA:99,2
DA:100,2
DA:103,2
DA:105,2
DA:107,1
DA:109,1
DA:110,1
DA:111,1
DA:112,1
DA:113,1
DA:114,2
DA:115,1
DA:116,1
DA:117,1
DA:119,1
DA:121,3
DA:122,0
DA:123,0
DA:124,0
DA:125,0
DA:126,1
DA:128,1
DA:129,1
DA:131,1
DA:133,5
DA:135,5
DA:136,5
DA:137,1
DA:138,4
DA:140,4
DA:141,0
DA:142,4
DA:144,4
DA:145,0
DA:146,4
DA:148,4
DA:149,0
DA:150,0
DA:151,4
DA:153,4
DA:154,4
DA:155,4
DA:156,4
DA:158,0
DA:161,4
DA:162,0
DA:163,4
DA:165,4
DA:166,2
DA:168,2
DA:171,4
DA:173,5
DA:175,2
DA:177,2
DA:178,2
DA:179,2
DA:180,2
DA:181,6
DA:182,2
DA:184,2
DA:185,0
DA:186,2
DA:188,1
DA:189,2
DA:190,2
DA:191,0
DA:192,0
DA:193,1
DA:194,1
DA:195,1
DA:197,2
BRF:0
BRH:0
LF:150
LH:126
end_of_record
SF:/Users/samcolak/Source Code/rust/distdb/distdb/clientlib/src/config_test.rs
FN:12,_RNvNtNtCsb1LfTOVHKNR_9clientlib6config5testss_41normalize_bootstrap_addr_accepts_dns_host
FN:4,_RNvNtNtCsb1LfTOVHKNR_9clientlib6config5testss_42normalize_bootstrap_addr_accepts_host_port
FN:41,_RNvNtNtCsb1LfTOVHKNR_9clientlib6config5testss_49parse_options_from_cli_args_supports_servers_list
FN:20,_RNvNtNtCsb1LfTOVHKNR_9clientlib6config5testss_51resolve_database_uses_current_database_when_present
FN:27,_RNvNtNtCsb1LfTOVHKNR_9clientlib6config5testss_55resolve_database_allows_show_databases_without_database
FN:34,_RNvNtNtCsb1LfTOVHKNR_9clientlib6config5testss_56resolve_database_rejects_non_global_sql_without_database
FNDA:1,_RNvNtNtCsb1LfTOVHKNR_9clientlib6config5testss_41normalize_bootstrap_addr_accepts_dns_host
FNDA:1,_RNvNtNtCsb1LfTOVHKNR_9clientlib6config5testss_42normalize_bootstrap_addr_accepts_host_port
FNDA:1,_RNvNtNtCsb1LfTOVHKNR_9clientlib6config5testss_49parse_options_from_cli_args_supports_servers_list
FNDA:1,_RNvNtNtCsb1LfTOVHKNR_9clientlib6config5testss_51resolve_database_uses_current_database_when_present
FNDA:1,_RNvNtNtCsb1LfTOVHKNR_9clientlib6config5testss_55resolve_database_allows_show_databases_without_database
FNDA:1,_RNvNtNtCsb1LfTOVHKNR_9clientlib6config5testss_56resolve_database_rejects_non_global_sql_without_database
FNF:6
FNH:6
DA:4,1
DA:5,1
DA:6,1
DA:7,1
DA:9,1
DA:12,1
DA:13,1
DA:14,1
DA:15,1
DA:17,1
DA:20,1
DA:21,1
DA:22,1
DA:23,1
DA:24,1
DA:27,1
DA:28,1
DA:29,1
DA:30,1
DA:31,1
DA:34,1
DA:35,1
DA:36,1
DA:37,1
DA:38,1
DA:41,1
DA:42,1
DA:43,1
DA:44,1
DA:45,1
DA:48,1
DA:49,1
DA:51,1
DA:52,1
DA:53,1
DA:54,1
BRF:0
BRH:0
LF:36
LH:36
end_of_record
SF:/Users/samcolak/Source Code/rust/distdb/distdb/clientlib/src/error.rs
FN:17,_RNvXNtCsb1LfTOVHKNR_9clientlib5errorNtB2_11ClientErrorNtNtCsaTNopw4qKPP_4core3fmt7Display3fmt
FN:33,_RNvXs0_NtCsb1LfTOVHKNR_9clientlib5errorNtB5_11ClientErrorINtNtCsaTNopw4qKPP_4core7convert4FromNtNtNtCs4QFAt2W3Zro_9connector4core6client14ConnectorErrorE4from
FNDA:5,_RNvXNtCsb1LfTOVHKNR_9clientlib5errorNtB2_11ClientErrorNtNtCsaTNopw4qKPP_4core3fmt7Display3fmt
FNDA:3,_RNvXs0_NtCsb1LfTOVHKNR_9clientlib5errorNtB5_11ClientErrorINtNtCsaTNopw4qKPP_4core7convert4FromNtNtNtCs4QFAt2W3Zro_9connector4core6client14ConnectorErrorE4from
FNF:2
FNH:2
DA:17,5
DA:18,5
DA:19,1
DA:20,1
DA:21,1
DA:22,1
DA:23,1
DA:25,5
DA:33,3
DA:35,3
DA:37,1
DA:39,1
DA:41,1
DA:45,3
BRF:0
BRH:0
LF:14
LH:14
end_of_record
SF:/Users/samcolak/Source Code/rust/distdb/distdb/clientlib/src/error_test.rs
FN:22,_RNvNtNtCsb1LfTOVHKNR_9clientlib5error5testss_38from_wire_error_maps_expected_variants
FN:4,_RNvNtNtCsb1LfTOVHKNR_9clientlib5error5testss_41client_error_display_formats_all_variants
FNDA:1,_RNvNtNtCsb1LfTOVHKNR_9clientlib5error5testss_38from_wire_error_maps_expected_variants
FNDA:1,_RNvNtNtCsb1LfTOVHKNR_9clientlib5error5testss_41client_error_display_formats_all_variants
FNF:2
FNH:2
DA:4,1
DA:5,1
DA:6,1
DA:7,1
DA:10,1
DA:11,1
DA:14,1
DA:15,1
DA:16,1
DA:19,1
DA:22,1
DA:23,1
DA:24,1
DA:25,1
DA:28,1
DA:29,1
DA:30,1
DA:33,1
DA:34,1
DA:35,1
DA:37,1
BRF:0
BRH:0
LF:21
LH:21
end_of_record
SF:/Users/samcolak/Source Code/rust/distdb/distdb/clientlib/src/models.rs
FN:15,_RNvMNtCsb1LfTOVHKNR_9clientlib6modelsNtB2_7TlsMode5parse
FN:24,_RNvMNtCsb1LfTOVHKNR_9clientlib6modelsNtB2_7TlsMode9as_common
FN:70,_RNvMs_NtCsb1LfTOVHKNR_9clientlib6modelsNtB4_10QueryValue14render_display
FN:80,_RNCNvMs_NtCsb1LfTOVHKNR_9clientlib6modelsNtB6_10QueryValue14render_display0B8_
FNDA:5,_RNvMNtCsb1LfTOVHKNR_9clientlib6modelsNtB2_7TlsMode5parse
FNDA:6,_RNvMNtCsb1LfTOVHKNR_9clientlib6modelsNtB2_7TlsMode9as_common
FNDA:6,_RNvMs_NtCsb1LfTOVHKNR_9clientlib6modelsNtB4_10QueryValue14render_display
FNDA:3,_RNCNvMs_NtCsb1LfTOVHKNR_9clientlib6modelsNtB6_10QueryValue14render_display0B8_
FNF:4
FNH:4
DA:15,5
DA:16,5
DA:17,5
DA:18,4
DA:19,3
DA:20,1
DA:22,5
DA:24,6
DA:25,6
DA:26,4
DA:27,1
DA:28,1
DA:30,6
DA:70,6
DA:71,6
DA:72,1
DA:73,1
DA:74,1
DA:75,1
DA:76,1
DA:77,1
DA:78,1
DA:79,1
DA:80,3
DA:81,1
DA:82,1
DA:85,6
BRF:0
BRH:0
LF:28
LH:28
end_of_record
SF:/Users/samcolak/Source Code/rust/distdb/distdb/clientlib/src/models_test.rs
FN:16,_RNvNtNtCsb1LfTOVHKNR_9clientlib6models5testss_47query_value_render_display_handles_all_variants
FN:4,_RNvNtNtCsb1LfTOVHKNR_9clientlib6models5testss_47tls_mode_parse_and_as_common_cover_all_variants
FN:29,_RNvNtNtCsb1LfTOVHKNR_9clientlib6models5testss_50query_value_serde_roundtrip_preserves_tagged_shape
FNDA:1,_RNvNtNtCsb1LfTOVHKNR_9clientlib6models5testss_47query_value_render_display_handles_all_variants
FNDA:1,_RNvNtNtCsb1LfTOVHKNR_9clientlib6models5testss_47tls_mode_parse_and_as_common_cover_all_variants
FNDA:1,_RNvNtNtCsb1LfTOVHKNR_9clientlib6models5testss_50query_value_serde_roundtrip_preserves_tagged_shape
FNF:3
FNH:3
DA:4,1
DA:5,1
DA:6,1
DA:7,1
DA:8,1
DA:10,1
DA:11,1
DA:12,1
DA:13,1
DA:16,1
DA:17,1
DA:18,1
DA:19,1
DA:20,1
DA:21,1
DA:22,1
DA:25,1
DA:26,1
DA:29,1
DA:30,1
DA:31,1
DA:33,1
DA:34,1
DA:36,1
DA:37,1
DA:38,1
DA:39,1
BRF:0
BRH:0
LF:27
LH:27
end_of_record
SF:/Users/samcolak/Source Code/rust/distdb/distdb/clientlib/src/runtime.rs
FN:28,_RNvMNtCsb1LfTOVHKNR_9clientlib7runtimeNtB4_12DistDbClient3new
FN:315,_RNvNtCsb1LfTOVHKNR_9clientlib7runtime15next_request_id
FN:274,_RNvNtCsb1LfTOVHKNR_9clientlib7runtime16ensure_connected
FN:377,_RNvNtCsb1LfTOVHKNR_9clientlib7runtime18decode_query_value
FN:411,_RNvNtCsb1LfTOVHKNR_9clientlib7runtime19query_value_to_json
FN:320,_RNvNtCsb1LfTOVHKNR_9clientlib7runtime24query_response_from_wire
FN:138,_RINvMNtCsb1LfTOVHKNR_9clientlib7runtimeNtB5_12DistDbClient12set_databasepEB5_
FN:160,_RINvMNtCsb1LfTOVHKNR_9clientlib7runtimeNtB5_12DistDbClient5querypEB5_
FN:223,_RINvMNtCsb1LfTOVHKNR_9clientlib7runtimeNtB5_12DistDbClient7executepEB5_
FN:196,_RINvMNtCsb1LfTOVHKNR_9clientlib7runtimeNtB5_12DistDbClient8query_asppEB5_
FN:295,_RINvNtCsb1LfTOVHKNR_9clientlib7runtime15send_query_syncpEB4_
FN:138,_RNCINvMNtCsb1LfTOVHKNR_9clientlib7runtimeNtB7_12DistDbClient12set_databasepE0B7_
FN:160,_RNCINvMNtCsb1LfTOVHKNR_9clientlib7runtimeNtB7_12DistDbClient5querypE0B7_
FN:223,_RNCINvMNtCsb1LfTOVHKNR_9clientlib7runtimeNtB7_12DistDbClient7executepE0B7_
FN:199,_RNCINvMNtCsb1LfTOVHKNR_9clientlib7runtimeNtB7_12DistDbClient8query_asppE0B7_
FN:143,_RNCNCINvMNtCsb1LfTOVHKNR_9clientlib7runtimeNtB9_12DistDbClient12set_databasepE00B9_
FN:156,_RNCNCINvMNtCsb1LfTOVHKNR_9clientlib7runtimeNtB9_12DistDbClient12set_databasepE0s_0B9_
FN:165,_RNCNCINvMNtCsb1LfTOVHKNR_9clientlib7runtimeNtB9_12DistDbClient5querypE00B9_
FN:192,_RNCNCINvMNtCsb1LfTOVHKNR_9clientlib7runtimeNtB9_12DistDbClient5querypE0s_0B9_
FN:228,_RNCNCINvMNtCsb1LfTOVHKNR_9clientlib7runtimeNtB9_12DistDbClient7executepE00B9_
FN:268,_RNCNCINvMNtCsb1LfTOVHKNR_9clientlib7runtimeNtB9_12DistDbClient7executepE0s_0B9_
FN:215,_RNCNCINvMNtCsb1LfTOVHKNR_9clientlib7runtimeNtB9_12DistDbClient8query_asppE00B9_
FN:147,_RNCNCNCINvMNtCsb1LfTOVHKNR_9clientlib7runtimeNtBb_12DistDbClient12set_databasepE000Bb_
FN:169,_RNCNCNCINvMNtCsb1LfTOVHKNR_9clientlib7runtimeNtBb_12DistDbClient5querypE000Bb_
FN:232,_RNCNCNCINvMNtCsb1LfTOVHKNR_9clientlib7runtimeNtBb_12DistDbClient7executepE000Bb_
FN:125,_RNCNCNCNvMNtCsb1LfTOVHKNR_9clientlib7runtimeNtBa_12DistDbClient10disconnect000Ba_
FN:78,_RNCNCNCNvMNtCsb1LfTOVHKNR_9clientlib7runtimeNtBa_12DistDbClient7connect000Ba_
FN:121,_RNCNCNvMNtCsb1LfTOVHKNR_9clientlib7runtimeNtB8_12DistDbClient10disconnect00B8_
FN:134,_RNCNCNvMNtCsb1LfTOVHKNR_9clientlib7runtimeNtB8_12DistDbClient10disconnect0s_0B8_
FN:74,_RNCNCNvMNtCsb1LfTOVHKNR_9clientlib7runtimeNtB8_12DistDbClient7connect00B8_
FN:113,_RNCNCNvMNtCsb1LfTOVHKNR_9clientlib7runtimeNtB8_12DistDbClient7connect0s_0B8_
FN:117,_RNCNvMNtCsb1LfTOVHKNR_9clientlib7runtimeNtB6_12DistDbClient10disconnect0B6_
FN:70,_RNCNvMNtCsb1LfTOVHKNR_9clientlib7runtimeNtB6_12DistDbClient7connect0B6_
FN:117,_RNvMNtCsb1LfTOVHKNR_9clientlib7runtimeNtB4_12DistDbClient10disconnect
FN:70,_RNvMNtCsb1LfTOVHKNR_9clientlib7runtimeNtB4_12DistDbClient7connect
FN:286,_RNvNtCsb1LfTOVHKNR_9clientlib7runtime17authenticate_sync
FN:351,_RNCNCNCNvNtCsb1LfTOVHKNR_9clientlib7runtime24query_response_from_wires_000B9_
FN:352,_RNCNCNCNvNtCsb1LfTOVHKNR_9clientlib7runtime24query_response_from_wires_00s_0B9_
FN:348,_RNCNCNvNtCsb1LfTOVHKNR_9clientlib7runtime24query_response_from_wires_00B7_
FN:427,_RNCNvNtCsb1LfTOVHKNR_9clientlib7runtime19query_value_to_json0B5_
FN:331,_RNCNvNtCsb1LfTOVHKNR_9clientlib7runtime24query_response_from_wire0B5_
FN:371,_RNCNvNtCsb1LfTOVHKNR_9clientlib7runtime24query_response_from_wires0_0B5_
FN:345,_RNCNvNtCsb1LfTOVHKNR_9clientlib7runtime24query_response_from_wires_0B5_
FNDA:1,_RNvMNtCsb1LfTOVHKNR_9clientlib7runtimeNtB4_12DistDbClient3new
FNDA:2,_RNvNtCsb1LfTOVHKNR_9clientlib7runtime15next_request_id
FNDA:2,_RNvNtCsb1LfTOVHKNR_9clientlib7runtime16ensure_connected
FNDA:12,_RNvNtCsb1LfTOVHKNR_9clientlib7runtime18decode_query_value
FNDA:6,_RNvNtCsb1LfTOVHKNR_9clientlib7runtime19query_value_to_json
FNDA:1,_RNvNtCsb1LfTOVHKNR_9clientlib7runtime24query_response_from_wire
FNDA:0,_RINvMNtCsb1LfTOVHKNR_9clientlib7runtimeNtB5_12DistDbClient12set_databasepEB5_
FNDA:0,_RINvMNtCsb1LfTOVHKNR_9clientlib7runtimeNtB5_12DistDbClient5querypEB5_
FNDA:0,_RINvMNtCsb1LfTOVHKNR_9clientlib7runtimeNtB5_12DistDbClient7executepEB5_
FNDA:0,_RINvMNtCsb1LfTOVHKNR_9clientlib7runtimeNtB5_12DistDbClient8query_asppEB5_
FNDA:0,_RINvNtCsb1LfTOVHKNR_9clientlib7runtime15send_query_syncpEB4_
FNDA:0,_RNCINvMNtCsb1LfTOVHKNR_9clientlib7runtimeNtB7_12DistDbClient12set_databasepE0B7_
FNDA:0,_RNCINvMNtCsb1LfTOVHKNR_9clientlib7runtimeNtB7_12DistDbClient5querypE0B7_
FNDA:0,_RNCINvMNtCsb1LfTOVHKNR_9clientlib7runtimeNtB7_12DistDbClient7executepE0B7_
FNDA:0,_RNCINvMNtCsb1LfTOVHKNR_9clientlib7runtimeNtB7_12DistDbClient8query_asppE0B7_
FNDA:0,_RNCNCINvMNtCsb1LfTOVHKNR_9clientlib7runtimeNtB9_12DistDbClient12set_databasepE00B9_
FNDA:0,_RNCNCINvMNtCsb1LfTOVHKNR_9clientlib7runtimeNtB9_12DistDbClient12set_databasepE0s_0B9_
FNDA:0,_RNCNCINvMNtCsb1LfTOVHKNR_9clientlib7runtimeNtB9_12DistDbClient5querypE00B9_
FNDA:0,_RNCNCINvMNtCsb1LfTOVHKNR_9clientlib7runtimeNtB9_12DistDbClient5querypE0s_0B9_
FNDA:0,_RNCNCINvMNtCsb1LfTOVHKNR_9clientlib7runtimeNtB9_12DistDbClient7executepE00B9_
FNDA:0,_RNCNCINvMNtCsb1LfTOVHKNR_9clientlib7runtimeNtB9_12DistDbClient7executepE0s_0B9_
FNDA:0,_RNCNCINvMNtCsb1LfTOVHKNR_9clientlib7runtimeNtB9_12DistDbClient8query_asppE00B9_
FNDA:0,_RNCNCNCINvMNtCsb1LfTOVHKNR_9clientlib7runtimeNtBb_12DistDbClient12set_databasepE000Bb_
FNDA:0,_RNCNCNCINvMNtCsb1LfTOVHKNR_9clientlib7runtimeNtBb_12DistDbClient5querypE000Bb_
FNDA:0,_RNCNCNCINvMNtCsb1LfTOVHKNR_9clientlib7runtimeNtBb_12DistDbClient7executepE000Bb_
FNDA:0,_RNCNCNCNvMNtCsb1LfTOVHKNR_9clientlib7runtimeNtBa_12DistDbClient10disconnect000Ba_
FNDA:0,_RNCNCNCNvMNtCsb1LfTOVHKNR_9clientlib7runtimeNtBa_12DistDbClient7connect000Ba_
FNDA:0,_RNCNCNvMNtCsb1LfTOVHKNR_9clientlib7runtimeNtB8_12DistDbClient10disconnect00B8_
FNDA:0,_RNCNCNvMNtCsb1LfTOVHKNR_9clientlib7runtimeNtB8_12DistDbClient10disconnect0s_0B8_
FNDA:0,_RNCNCNvMNtCsb1LfTOVHKNR_9clientlib7runtimeNtB8_12DistDbClient7connect00B8_
FNDA:0,_RNCNCNvMNtCsb1LfTOVHKNR_9clientlib7runtimeNtB8_12DistDbClient7connect0s_0B8_
FNDA:0,_RNCNvMNtCsb1LfTOVHKNR_9clientlib7runtimeNtB6_12DistDbClient10disconnect0B6_
FNDA:0,_RNCNvMNtCsb1LfTOVHKNR_9clientlib7runtimeNtB6_12DistDbClient7connect0B6_
FNDA:0,_RNvMNtCsb1LfTOVHKNR_9clientlib7runtimeNtB4_12DistDbClient10disconnect
FNDA:0,_RNvMNtCsb1LfTOVHKNR_9clientlib7runtimeNtB4_12DistDbClient7connect
FNDA:0,_RNvNtCsb1LfTOVHKNR_9clientlib7runtime17authenticate_sync
FNDA:4,_RNCNCNCNvNtCsb1LfTOVHKNR_9clientlib7runtime24query_response_from_wires_000B9_
FNDA:1,_RNCNCNCNvNtCsb1LfTOVHKNR_9clientlib7runtime24query_response_from_wires_00s_0B9_
FNDA:5,_RNCNCNvNtCsb1LfTOVHKNR_9clientlib7runtime24query_response_from_wires_00B7_
FNDA:2,_RNCNvNtCsb1LfTOVHKNR_9clientlib7runtime19query_value_to_json0B5_
FNDA:2,_RNCNvNtCsb1LfTOVHKNR_9clientlib7runtime24query_response_from_wire0B5_
FNDA:1,_RNCNvNtCsb1LfTOVHKNR_9clientlib7runtime24query_response_from_wires0_0B5_
FNDA:2,_RNCNvNtCsb1LfTOVHKNR_9clientlib7runtime24query_response_from_wires_0B5_
FNF:43
FNH:13
DA:28,1
DA:30,1
DA:32,1
DA:33,1
DA:34,1
DA:35,1
DA:36,0
DA:38,0
DA:39,0
DA:40,0
DA:42,0
DA:43,0
DA:44,0
DA:46,0
DA:48,0
DA:49,0
DA:50,0
DA:51,0
DA:52,0
DA:53,0
DA:54,0
DA:56,0
DA:57,0
DA:58,0
DA:59,0
DA:60,0
DA:61,0
DA:62,0
DA:64,0
DA:65,0
DA:66,0
DA:68,1
DA:70,0
DA:72,0
DA:74,0
DA:76,0
DA:77,0
DA:78,0
DA:80,0
DA:81,0
DA:82,0
DA:84,0
DA:86,0
DA:87,0
DA:88,0
DA:90,0
DA:91,0
DA:92,0
DA:94,0
DA:96,0
DA:97,0
DA:98,0
DA:99,0
DA:100,0
DA:102,0
DA:104,0
DA:105,0
DA:106,0
DA:107,0
DA:108,0
DA:109,0
DA:111,0
DA:112,0
DA:113,0
DA:115,0
DA:117,0
DA:119,0
DA:121,0
DA:123,0
DA:124,0
DA:125,0
DA:127,0
DA:128,0
DA:130,0
DA:132,0
DA:133,0
DA:134,0
DA:136,0
DA:138,0
DA:140,0
DA:141,0
DA:143,0
DA:145,0
DA:146,0
DA:147,0
DA:149,0
DA:150,0
DA:152,0
DA:154,0
DA:155,0
DA:156,0
DA:158,0
DA:160,0
DA:162,0
DA:163,0
DA:165,0
DA:167,0
DA:168,0
DA:169,0
DA:171,0
DA:173,0
DA:174,0
DA:176,0
DA:178,0
DA:179,0
DA:182,0
DA:184,0
DA:185,0
DA:186,0
DA:190,0
DA:191,0
DA:192,0
DA:194,0
DA:196,0
DA:197,0
DA:198,0
DA:199,0
DA:201,0
DA:202,0
DA:204,0
DA:205,0
DA:206,0
DA:207,0
DA:208,0
DA:209,0
DA:210,0
DA:211,0
DA:214,0
DA:215,0
DA:216,0
DA:219,0
DA:221,0
DA:223,0
DA:225,0
DA:226,0
DA:228,0
DA:230,0
DA:231,0
DA:232,0
DA:234,0
DA:236,0
DA:237,0
DA:239,0
DA:241,0
DA:242,0
DA:243,0
DA:244,0
DA:245,0
DA:247,0
DA:248,0
DA:249,0
DA:250,0
DA:251,0
DA:252,0
DA:254,0
DA:255,0
DA:256,0
DA:257,0
DA:258,0
DA:259,0
DA:262,0
DA:266,0
DA:267,0
DA:268,0
DA:270,0
DA:274,2
DA:276,2
DA:277,1
DA:278,1
DA:280,1
DA:281,1
DA:282,1
DA:284,2
DA:286,0
DA:288,0
DA:289,0
DA:290,0
DA:291,0
DA:293,0
DA:295,0
DA:296,0
DA:297,0
DA:298,0
DA:299,0
DA:301,0
DA:302,0
DA:303,0
DA:304,0
DA:305,0
DA:306,0
DA:307,0
DA:308,0
DA:311,0
DA:313,0
DA:315,2
DA:316,2
DA:317,2
DA:318,2
DA:320,1
DA:321,1
DA:322,1
DA:323,1
DA:324,1
DA:326,1
DA:327,1
DA:328,1
DA:329,1
DA:330,1
DA:331,2
DA:332,2
DA:333,2
DA:334,2
DA:335,2
DA:336,2
DA:337,1
DA:339,1
DA:341,1
DA:342,1
DA:343,1
DA:344,1
DA:345,2
DA:346,2
DA:347,2
DA:348,5
DA:349,5
DA:350,5
DA:351,5
DA:352,5
DA:353,5
DA:354,2
DA:355,2
DA:356,1
DA:358,1
DA:361,1
DA:362,1
DA:363,1
DA:364,1
DA:365,1
DA:367,1
DA:368,1
DA:369,1
DA:370,1
DA:371,1
DA:375,1
DA:377,12
DA:379,12
DA:380,2
DA:381,10
DA:383,10
DA:386,2
DA:387,2
DA:388,2
DA:389,2
DA:393,4
DA:394,4
DA:395,4
DA:396,4
DA:400,1
DA:403,1
DA:405,2
DA:409,12
DA:411,6
DA:413,6
DA:415,1
DA:417,1
DA:419,1
DA:421,1
DA:423,1
DA:425,1
DA:426,1
DA:427,2
DA:428,1
DA:433,6
BRF:0
BRH:0
LF:299
LH:99
end_of_record
SF:/Users/samcolak/Source Code/rust/distdb/distdb/clientlib/src/runtime_test.rs
FN:15,_RNvNtNtCsb1LfTOVHKNR_9clientlib7runtime5tests10make_inner
FN:3,_RNvNtNtCsb1LfTOVHKNR_9clientlib7runtime5tests14sample_options
FN:98,_RNvNtNtCsb1LfTOVHKNR_9clientlib7runtime5testss_33query_value_to_json_maps_variants
FN:48,_RNvNtNtCsb1LfTOVHKNR_9clientlib7runtime5testss_35next_request_id_increments_sequence
FN:31,_RNvNtNtCsb1LfTOVHKNR_9clientlib7runtime5testss_36new_rejects_empty_normalized_servers
FN:38,_RNvNtNtCsb1LfTOVHKNR_9clientlib7runtime5testss_43ensure_connected_requires_active_connection
FN:55,_RNvNtNtCsb1LfTOVHKNR_9clientlib7runtime5testss_52decode_query_value_decodes_known_kinds_and_fallbacks
FN:118,_RNvNtNtCsb1LfTOVHKNR_9clientlib7runtime5testss_54query_response_from_wire_maps_columns_rows_and_timings
FNDA:3,_RNvNtNtCsb1LfTOVHKNR_9clientlib7runtime5tests10make_inner
FNDA:4,_RNvNtNtCsb1LfTOVHKNR_9clientlib7runtime5tests14sample_options
FNDA:1,_RNvNtNtCsb1LfTOVHKNR_9clientlib7runtime5testss_33query_value_to_json_maps_variants
FNDA:1,_RNvNtNtCsb1LfTOVHKNR_9clientlib7runtime5testss_35next_request_id_increments_sequence
FNDA:1,_RNvNtNtCsb1LfTOVHKNR_9clientlib7runtime5testss_36new_rejects_empty_normalized_servers
FNDA:1,_RNvNtNtCsb1LfTOVHKNR_9clientlib7runtime5testss_43ensure_connected_requires_active_connection
FNDA:1,_RNvNtNtCsb1LfTOVHKNR_9clientlib7runtime5testss_52decode_query_value_decodes_known_kinds_and_fallbacks
FNDA:1,_RNvNtNtCsb1LfTOVHKNR_9clientlib7runtime5testss_54query_response_from_wire_maps_columns_rows_and_timings
FNF:8
FNH:8
DA:3,4
DA:4,4
DA:5,4
DA:6,4
DA:7,4
DA:8,4
DA:9,4
DA:10,4
DA:11,4
DA:12,4
DA:13,4
DA:15,3
DA:16,3
DA:17,3
DA:18,3
DA:19,3
DA:21,3
DA:22,3
DA:23,3
DA:24,3
DA:25,3
DA:26,3
DA:27,3
DA:28,3
DA:31,1
DA:32,1
DA:33,1
DA:34,1
DA:35,1
DA:38,1
DA:39,1
DA:40,1
DA:41,1
DA:43,1
DA:44,1
DA:45,1
DA:48,1
DA:49,1
DA:50,1
DA:51,1
DA:52,1
DA:55,1
DA:56,1
DA:57,1
DA:61,1
DA:62,1
DA:63,1
DA:66,1
DA:67,1
DA:71,1
DA:72,1
DA:73,1
DA:76,1
DA:77,1
DA:78,1
DA:81,1
DA:82,1
DA:83,1
DA:86,1
DA:87,1
DA:88,1
DA:91,1
DA:92,1
DA:95,1
DA:98,1
DA:99,1
DA:100,1
DA:101,1
DA:102,1
DA:103,1
DA:104,1
DA:106,1
DA:107,1
DA:108,1
DA:110,1
DA:111,1
DA:112,1
DA:114,1
DA:118,1
DA:120,1
DA:121,1
DA:122,1
DA:123,1
DA:124,1
DA:125,1
DA:126,1
DA:127,1
DA:128,1
DA:129,1
DA:130,1
DA:131,1
DA:132,1
DA:133,1
DA:134,1
DA:135,1
DA:136,1
DA:137,1
DA:138,1
DA:139,1
DA:140,1
DA:141,1
DA:142,1
DA:143,1
DA:144,1
DA:145,1
DA:146,1
DA:147,1
DA:148,1
DA:149,1
DA:150,1
DA:151,1
DA:152,1
DA:153,1
DA:154,1
DA:155,1
DA:157,1
DA:158,1
DA:159,1
DA:160,1
DA:163,1
DA:164,1
DA:165,1
DA:167,1
DA:168,1
DA:169,1
DA:170,1
DA:172,1
DA:173,1
DA:175,1
DA:176,1
DA:178,1
DA:179,1
DA:180,1
DA:182,1
DA:183,1
DA:184,1
DA:185,1
DA:186,1
DA:188,1
BRF:0
BRH:0
LF:139
LH:139
end_of_record