SF:/Users/samcolak/Source Code/rust/distdb/distdb/common/src/helpers/aes.rs
FN:75,_RNvNtNtCsagFrOvGDA54_6common7helpers3aes11aes_decrypt
FN:50,_RNvNtNtCsagFrOvGDA54_6common7helpers3aes11aes_encrypt
FN:15,_RNvNtNtCsagFrOvGDA54_6common7helpers3aes11random_salt
FN:23,_RNvNtNtCsagFrOvGDA54_6common7helpers3aes16evp_bytes_to_key
FNDA:1,_RNvNtNtCsagFrOvGDA54_6common7helpers3aes11aes_decrypt
FNDA:1,_RNvNtNtCsagFrOvGDA54_6common7helpers3aes11aes_encrypt
FNDA:1,_RNvNtNtCsagFrOvGDA54_6common7helpers3aes11random_salt
FNDA:2,_RNvNtNtCsagFrOvGDA54_6common7helpers3aes16evp_bytes_to_key
FNF:4
FNH:4
DA:15,1
DA:16,1
DA:17,1
DA:18,1
DA:19,1
DA:23,2
DA:25,2
DA:26,2
DA:27,2
DA:28,2
DA:30,8
DA:31,6
DA:32,6
DA:33,4
DA:34,4
DA:35,6
DA:36,6
DA:38,6
DA:39,6
DA:42,2
DA:43,2
DA:45,2
DA:47,2
DA:50,1
DA:52,1
DA:55,1
DA:57,1
DA:58,1
DA:59,1
DA:60,1
DA:61,1
DA:62,1
DA:65,1
DA:66,1
DA:67,1
DA:68,1
DA:70,1
DA:72,1
DA:75,1
DA:77,1
DA:78,1
DA:82,1
DA:83,0
DA:84,1
DA:86,1
DA:87,1
DA:90,1
DA:92,1
DA:93,1
DA:94,1
DA:95,1
DA:96,1
DA:97,1
DA:99,1
DA:101,1
BRF:0
BRH:0
LF:55
LH:54
end_of_record
SF:/Users/samcolak/Source Code/rust/distdb/distdb/common/src/helpers/aes_test.rs
FN:3,_RNvNtNtNtCsagFrOvGDA54_6common7helpers3aes5testss_9aes_tests
FNDA:1,_RNvNtNtNtCsagFrOvGDA54_6common7helpers3aes5testss_9aes_tests
FNF:1
FNH:1
DA:3,1
DA:7,1
DA:8,1
DA:11,1
DA:13,1
DA:14,1
DA:16,1
DA:17,1
DA:18,1
DA:20,1
DA:22,1
BRF:0
BRH:0
LF:11
LH:11
end_of_record
SF:/Users/samcolak/Source Code/rust/distdb/distdb/common/src/helpers/base64.rs
FN:148,_RNvNtNtCsagFrOvGDA54_6common7helpers6base6410b64_decode
FN:75,_RNvNtNtCsagFrOvGDA54_6common7helpers6base6411decode_charB5_
FN:84,_RNvNtNtCsagFrOvGDA54_6common7helpers6base6415b64_decode_impl
FN:4,_RNvNtNtCsagFrOvGDA54_6common7helpers6base6416b64_encode_bytes
FN:49,_RNvNtNtCsagFrOvGDA54_6common7helpers6base6418build_decode_table
FNDA:9,_RNvNtNtCsagFrOvGDA54_6common7helpers6base6410b64_decode
FNDA:88,_RNvNtNtCsagFrOvGDA54_6common7helpers6base6411decode_charB5_
FNDA:9,_RNvNtNtCsagFrOvGDA54_6common7helpers6base6415b64_decode_impl
FNDA:6,_RNvNtNtCsagFrOvGDA54_6common7helpers6base6416b64_encode_bytes
FNDA:0,_RNvNtNtCsagFrOvGDA54_6common7helpers6base6418build_decode_table
FNF:5
FNH:4
DA:4,6
DA:8,6
DA:9,1
DA:10,5
DA:12,5
DA:13,5
DA:15,19
DA:16,14
DA:17,14
DA:18,14
DA:19,14
DA:20,14
DA:21,14
DA:22,14
DA:23,14
DA:24,14
DA:25,14
DA:26,14
DA:28,5
DA:29,1
DA:30,1
DA:31,1
DA:32,1
DA:33,1
DA:34,3
DA:35,3
DA:36,3
DA:37,3
DA:38,3
DA:39,3
DA:40,1
DA:43,5
DA:45,6
DA:49,0
DA:50,0
DA:51,0
DA:53,0
DA:54,0
DA:55,0
DA:56,0
DA:57,0
DA:59,0
DA:60,0
DA:61,0
DA:62,0
DA:63,0
DA:65,0
DA:66,0
DA:67,0
DA:68,0
DA:69,0
DA:70,0
DA:75,88
DA:76,88
DA:77,88
DA:78,1
DA:80,87
DA:82,88
DA:84,9
DA:86,9
DA:87,0
DA:88,9
DA:90,9
DA:91,9
DA:92,9
DA:94,10
DA:95,1
DA:96,1
DA:97,1
DA:99,9
DA:100,0
DA:101,9
DA:103,9
DA:104,9
DA:105,1
DA:106,8
DA:108,8
DA:109,8
DA:111,25
DA:112,18
DA:113,18
DA:114,18
DA:115,18
DA:117,17
DA:118,17
DA:119,17
DA:120,17
DA:122,17
DA:125,7
DA:126,1
DA:128,2
DA:129,2
DA:130,2
DA:131,2
DA:134,4
DA:135,4
DA:136,4
DA:137,4
DA:138,4
DA:139,4
DA:141,0
DA:144,7
DA:146,9
DA:148,9
DA:149,9
DA:150,9
BRF:0
BRH:0
LF:106
LH:84
end_of_record
SF:/Users/samcolak/Source Code/rust/distdb/distdb/common/src/helpers/base64_test.rs
FN:32,_RNvNtNtNtCsagFrOvGDA54_6common7helpers6base645testss_28decode_invalid_returns_empty
FN:20,_RNvNtNtNtCsagFrOvGDA54_6common7helpers6base645testss_32decode_accepts_url_safe_variants
FN:27,_RNvNtNtNtCsagFrOvGDA54_6common7helpers6base645testss_38decode_accepts_mixed_alphabet_fallback
FN:5,_RNvNtNtNtCsagFrOvGDA54_6common7helpers6base645testss_38encode_matches_standard_no_pad_vectors
FN:14,_RNvNtNtNtCsagFrOvGDA54_6common7helpers6base645testss_40decode_accepts_standard_and_padded_input
FNDA:1,_RNvNtNtNtCsagFrOvGDA54_6common7helpers6base645testss_28decode_invalid_returns_empty
FNDA:1,_RNvNtNtNtCsagFrOvGDA54_6common7helpers6base645testss_32decode_accepts_url_safe_variants
FNDA:1,_RNvNtNtNtCsagFrOvGDA54_6common7helpers6base645testss_38decode_accepts_mixed_alphabet_fallback
FNDA:1,_RNvNtNtNtCsagFrOvGDA54_6common7helpers6base645testss_38encode_matches_standard_no_pad_vectors
FNDA:1,_RNvNtNtNtCsagFrOvGDA54_6common7helpers6base645testss_40decode_accepts_standard_and_padded_input
FNF:5
FNH:5
DA:5,1
DA:6,1
DA:7,1
DA:8,1
DA:9,1
DA:10,1
DA:11,1
DA:14,1
DA:15,1
DA:16,1
DA:17,1
DA:20,1
DA:21,1
DA:22,1
DA:23,1
DA:24,1
DA:27,1
DA:28,1
DA:29,1
DA:32,1
DA:33,1
DA:34,1
DA:35,1
BRF:0
BRH:0
LF:23
LH:23
end_of_record
SF:/Users/samcolak/Source Code/rust/distdb/distdb/common/src/helpers/format.rs
FN:16,_RNvMNtNtCsagFrOvGDA54_6common7helpers6formatNtB2_9MagicCode3new
FN:20,_RNvMNtNtCsagFrOvGDA54_6common7helpers6formatNtB2_9MagicCode8as_bytes
FN:41,_RNvMs0_NtNtCsagFrOvGDA54_6common7helpers6formatNtB5_8FileKind5magic
FN:33,_RNvMs0_NtNtCsagFrOvGDA54_6common7helpers6formatNtB5_8FileKind9extension
FN:96,_RNvNtNtCsagFrOvGDA54_6common7helpers6format11make_header
FN:105,_RNvNtNtCsagFrOvGDA54_6common7helpers6format13verify_header
FN:26,_RNvXs_NtNtCsagFrOvGDA54_6common7helpers6formatNtB4_9MagicCodeINtNtCsaTNopw4qKPP_4core7convert5AsRefShE6as_ref
FN:56,_RNvXs1_NtNtCsagFrOvGDA54_6common7helpers6formatNtB5_8FileKindNtNtCsaTNopw4qKPP_4core3fmt7Display3fmt
FN:77,_RNvXs2_NtNtCsagFrOvGDA54_6common7helpers6formatNtB5_11HeaderErrorNtNtCsaTNopw4qKPP_4core3fmt7Display3fmt
FN:49,_RINvMs0_NtNtCsagFrOvGDA54_6common7helpers6formatNtB6_8FileKind9file_nameReEBa_
FNDA:9,_RNvMNtNtCsagFrOvGDA54_6common7helpers6formatNtB2_9MagicCode3new
FNDA:3,_RNvMNtNtCsagFrOvGDA54_6common7helpers6formatNtB2_9MagicCode8as_bytes
FNDA:9,_RNvMs0_NtNtCsagFrOvGDA54_6common7helpers6formatNtB5_8FileKind5magic
FNDA:5,_RNvMs0_NtNtCsagFrOvGDA54_6common7helpers6formatNtB5_8FileKind9extension
FNDA:3,_RNvNtNtCsagFrOvGDA54_6common7helpers6format11make_header
FNDA:4,_RNvNtNtCsagFrOvGDA54_6common7helpers6format13verify_header
FNDA:6,_RNvXs_NtNtCsagFrOvGDA54_6common7helpers6formatNtB4_9MagicCodeINtNtCsaTNopw4qKPP_4core7convert5AsRefShE6as_ref
FNDA:0,_RNvXs1_NtNtCsagFrOvGDA54_6common7helpers6formatNtB5_8FileKindNtNtCsaTNopw4qKPP_4core3fmt7Display3fmt
FNDA:0,_RNvXs2_NtNtCsagFrOvGDA54_6common7helpers6formatNtB5_11HeaderErrorNtNtCsaTNopw4qKPP_4core3fmt7Display3fmt
FNDA:2,_RINvMs0_NtNtCsagFrOvGDA54_6common7helpers6formatNtB6_8FileKind9file_nameReEBa_
FNF:10
FNH:8
DA:16,9
DA:17,9
DA:18,9
DA:20,3
DA:21,3
DA:22,3
DA:26,6
DA:27,6
DA:28,6
DA:33,5
DA:34,5
DA:35,1
DA:36,2
DA:37,2
DA:39,5
DA:41,9
DA:42,9
DA:43,7
DA:44,1
DA:45,1
DA:47,9
DA:49,2
DA:50,2
DA:51,2
DA:56,0
DA:57,0
DA:58,0
DA:77,0
DA:79,0
DA:81,0
DA:83,0
DA:85,0
DA:89,0
DA:96,3
DA:97,3
DA:98,3
DA:99,3
DA:100,3
DA:101,3
DA:105,4
DA:107,4
DA:108,1
DA:109,3
DA:111,3
DA:112,1
DA:113,2
DA:115,2
DA:116,2
DA:117,1
DA:118,1
DA:120,1
DA:122,4
BRF:0
BRH:0
LF:52
LH:43
end_of_record
SF:/Users/samcolak/Source Code/rust/distdb/distdb/common/src/helpers/format_test.rs
FN:12,_RNvNtNtNtCsagFrOvGDA54_6common7helpers6format5testss_24verify_rejects_bad_magic
FN:26,_RNvNtNtNtCsagFrOvGDA54_6common7helpers6format5testss_24verify_rejects_too_short
FN:19,_RNvNtNtNtCsagFrOvGDA54_6common7helpers6format5testss_28verify_rejects_wrong_version
FN:31,_RNvNtNtNtCsagFrOvGDA54_6common7helpers6format5testss_36file_kind_formats_extension_and_name
FN:5,_RNvNtNtNtCsagFrOvGDA54_6common7helpers6format5testss_38make_header_round_trips_through_verify
FNDA:1,_RNvNtNtNtCsagFrOvGDA54_6common7helpers6format5testss_24verify_rejects_bad_magic
FNDA:1,_RNvNtNtNtCsagFrOvGDA54_6common7helpers6format5testss_24verify_rejects_too_short
FNDA:1,_RNvNtNtNtCsagFrOvGDA54_6common7helpers6format5testss_28verify_rejects_wrong_version
FNDA:1,_RNvNtNtNtCsagFrOvGDA54_6common7helpers6format5testss_36file_kind_formats_extension_and_name
FNDA:1,_RNvNtNtNtCsagFrOvGDA54_6common7helpers6format5testss_38make_header_round_trips_through_verify
FNF:5
FNH:5
DA:5,1
DA:6,1
DA:7,1
DA:8,1
DA:9,1
DA:12,1
DA:13,1
DA:14,1
DA:15,1
DA:16,1
DA:19,1
DA:20,1
DA:21,1
DA:22,1
DA:23,1
DA:26,1
DA:27,1
DA:28,1
DA:31,1
DA:32,1
DA:33,1
DA:34,1
DA:35,1
DA:36,1
DA:37,1
DA:38,1
DA:39,1
DA:40,1
BRF:0
BRH:0
LF:28
LH:28
end_of_record
SF:/Users/samcolak/Source Code/rust/distdb/distdb/common/src/helpers/hash.rs
FN:2,_RNvNtNtCsagFrOvGDA54_6common7helpers4hash9stable_id
FNDA:0,_RNvNtNtCsagFrOvGDA54_6common7helpers4hash9stable_id
FNF:1
FNH:0
DA:2,0
DA:4,0
DA:5,0
DA:6,0
DA:7,0
DA:8,0
DA:10,0
DA:12,0
DA:14,0
BRF:0
BRH:0
LF:9
LH:0
end_of_record
SF:/Users/samcolak/Source Code/rust/distdb/distdb/common/src/helpers/io.rs
FN:17,_RINvNtNtCsagFrOvGDA54_6common7helpers2io10read_bytesRNtNtCs106jutQF6X5_3std4path7PathBufEB6_
FN:21,_RINvNtNtCsagFrOvGDA54_6common7helpers2io10write_textRNtNtCs106jutQF6X5_3std4path7PathBufEB6_
FN:25,_RINvNtNtCsagFrOvGDA54_6common7helpers2io11write_bytesRNtNtCs106jutQF6X5_3std4path7PathBufEB6_
FN:36,_RINvNtNtCsagFrOvGDA54_6common7helpers2io18write_bytes_atomicRNtNtCs106jutQF6X5_3std4path7PathBufEB6_
FN:13,_RINvNtNtCsagFrOvGDA54_6common7helpers2io9read_textRNtNtCs106jutQF6X5_3std4path7PathBufEB6_
FN:42,_RNCINvNtNtCsagFrOvGDA54_6common7helpers2io18write_bytes_atomicRNtNtCs106jutQF6X5_3std4path7PathBufE0B8_
FN:50,_RNCINvNtNtCsagFrOvGDA54_6common7helpers2io18write_bytes_atomicRNtNtCs106jutQF6X5_3std4path7PathBufEs0_0B8_
FN:43,_RNCINvNtNtCsagFrOvGDA54_6common7helpers2io18write_bytes_atomicRNtNtCs106jutQF6X5_3std4path7PathBufEs_0B8_
FN:9,_RINvNtNtCsagFrOvGDA54_6common7helpers2io10create_dirpEB6_
FN:85,_RINvNtNtCsagFrOvGDA54_6common7helpers2io10list_filespEB6_
FN:72,_RINvNtNtCsagFrOvGDA54_6common7helpers2io12append_bytespEB6_
FNDA:2,_RINvNtNtCsagFrOvGDA54_6common7helpers2io10read_bytesRNtNtCs106jutQF6X5_3std4path7PathBufEB6_
FNDA:1,_RINvNtNtCsagFrOvGDA54_6common7helpers2io10write_textRNtNtCs106jutQF6X5_3std4path7PathBufEB6_
FNDA:2,_RINvNtNtCsagFrOvGDA54_6common7helpers2io11write_bytesRNtNtCs106jutQF6X5_3std4path7PathBufEB6_
FNDA:1,_RINvNtNtCsagFrOvGDA54_6common7helpers2io18write_bytes_atomicRNtNtCs106jutQF6X5_3std4path7PathBufEB6_
FNDA:1,_RINvNtNtCsagFrOvGDA54_6common7helpers2io9read_textRNtNtCs106jutQF6X5_3std4path7PathBufEB6_
FNDA:1,_RNCINvNtNtCsagFrOvGDA54_6common7helpers2io18write_bytes_atomicRNtNtCs106jutQF6X5_3std4path7PathBufE0B8_
FNDA:1,_RNCINvNtNtCsagFrOvGDA54_6common7helpers2io18write_bytes_atomicRNtNtCs106jutQF6X5_3std4path7PathBufEs0_0B8_
FNDA:0,_RNCINvNtNtCsagFrOvGDA54_6common7helpers2io18write_bytes_atomicRNtNtCs106jutQF6X5_3std4path7PathBufEs_0B8_
FNDA:0,_RINvNtNtCsagFrOvGDA54_6common7helpers2io10create_dirpEB6_
FNDA:0,_RINvNtNtCsagFrOvGDA54_6common7helpers2io10list_filespEB6_
FNDA:0,_RINvNtNtCsagFrOvGDA54_6common7helpers2io12append_bytespEB6_
FNF:11
FNH:7
DA:9,0
DA:10,0
DA:11,0
DA:13,1
DA:14,1
DA:15,1
DA:17,2
DA:18,2
DA:19,2
DA:21,1
DA:22,1
DA:23,1
DA:25,2
DA:26,2
DA:28,2
DA:29,2
DA:30,2
DA:31,0
DA:33,2
DA:34,2
DA:36,1
DA:38,1
DA:40,1
DA:41,1
DA:42,1
DA:43,1
DA:45,1
DA:47,1
DA:49,1
DA:50,1
DA:51,1
DA:52,1
DA:53,1
DA:55,1
DA:57,1
DA:58,1
DA:59,1
DA:60,1
DA:62,1
DA:64,1
DA:65,1
DA:66,1
DA:68,1
DA:70,1
DA:72,0
DA:74,0
DA:76,0
DA:77,0
DA:78,0
DA:79,0
DA:81,0
DA:82,0
DA:83,0
DA:85,0
DA:86,0
DA:87,0
DA:88,0
DA:89,0
DA:90,0
DA:91,0
DA:92,0
DA:94,0
DA:95,0
BRF:0
BRH:0
LF:66
LH:42
end_of_record
SF:/Users/samcolak/Source Code/rust/distdb/distdb/common/src/helpers/io_test.rs
FN:4,_RNvNtNtNtCsagFrOvGDA54_6common7helpers2io5tests16unique_temp_file
FN:43,_RNvNtNtNtCsagFrOvGDA54_6common7helpers2io5testss_29write_bytes_atomic_round_trip
FN:13,_RNvNtNtNtCsagFrOvGDA54_6common7helpers2io5testss_30write_and_read_text_round_trip
FN:24,_RNvNtNtNtCsagFrOvGDA54_6common7helpers2io5testss_32write_creates_parent_directories
FNDA:2,_RNvNtNtNtCsagFrOvGDA54_6common7helpers2io5tests16unique_temp_file
FNDA:1,_RNvNtNtNtCsagFrOvGDA54_6common7helpers2io5testss_29write_bytes_atomic_round_trip
FNDA:1,_RNvNtNtNtCsagFrOvGDA54_6common7helpers2io5testss_30write_and_read_text_round_trip
FNDA:1,_RNvNtNtNtCsagFrOvGDA54_6common7helpers2io5testss_32write_creates_parent_directories
FNF:4
FNH:4
DA:4,2
DA:5,2
DA:6,2
DA:7,2
DA:8,2
DA:9,2
DA:10,2
DA:13,1
DA:14,1
DA:16,1
DA:17,1
DA:19,1
DA:20,1
DA:21,1
DA:24,1
DA:25,1
DA:26,1
DA:27,1
DA:28,1
DA:29,1
DA:30,1
DA:31,1
DA:32,1
DA:34,1
DA:35,1
DA:37,1
DA:38,1
DA:39,1
DA:40,1
DA:43,1
DA:45,1
DA:47,1
DA:48,1
DA:50,1
DA:51,1
DA:53,1
BRF:0
BRH:0
LF:36
LH:36
end_of_record
SF:/Users/samcolak/Source Code/rust/distdb/distdb/common/src/helpers/p2p.rs
FN:71,_RNvNtNtCsagFrOvGDA54_6common7helpers3p2p21is_ca_bootstrap_frame
FN:35,_RNvNtNtCsagFrOvGDA54_6common7helpers3p2p27decode_ca_bootstrap_request
FN:28,_RNvNtNtCsagFrOvGDA54_6common7helpers3p2p27encode_ca_bootstrap_request
FN:58,_RNvNtNtCsagFrOvGDA54_6common7helpers3p2p28decode_ca_bootstrap_response
FN:48,_RNvNtNtCsagFrOvGDA54_6common7helpers3p2p28encode_ca_bootstrap_response
FNDA:0,_RNvNtNtCsagFrOvGDA54_6common7helpers3p2p21is_ca_bootstrap_frame
FNDA:0,_RNvNtNtCsagFrOvGDA54_6common7helpers3p2p27decode_ca_bootstrap_request
FNDA:0,_RNvNtNtCsagFrOvGDA54_6common7helpers3p2p27encode_ca_bootstrap_request
FNDA:0,_RNvNtNtCsagFrOvGDA54_6common7helpers3p2p28decode_ca_bootstrap_response
FNDA:0,_RNvNtNtCsagFrOvGDA54_6common7helpers3p2p28encode_ca_bootstrap_response
FNF:5
FNH:0
DA:28,0
DA:29,0
DA:30,0
DA:31,0
DA:32,0
DA:33,0
DA:35,0
DA:37,0
DA:38,0
DA:39,0
DA:40,0
DA:41,0
DA:42,0
DA:44,0
DA:46,0
DA:48,0
DA:50,0
DA:51,0
DA:53,0
DA:54,0
DA:56,0
DA:58,0
DA:60,0
DA:61,0
DA:62,0
DA:63,0
DA:64,0
DA:65,0
DA:67,0
DA:69,0
DA:71,0
DA:73,0
DA:74,0
DA:76,0
BRF:0
BRH:0
LF:34
LH:0
end_of_record
SF:/Users/samcolak/Source Code/rust/distdb/distdb/common/src/helpers/tphashset.rs
FN:93,_RNCNCNvMs_NtNtCsagFrOvGDA54_6common7helpers9tphashsetINtB8_9TPHashSetlE13search_suffix00Bc_
FN:118,_RNCNvMs_NtNtCsagFrOvGDA54_6common7helpers9tphashsetINtB6_9TPHashSetlE11search_like0Ba_
FN:138,_RNCNvMs_NtNtCsagFrOvGDA54_6common7helpers9tphashsetINtB6_9TPHashSetlE11search_likes_0Ba_
FN:72,_RNCNvMs_NtNtCsagFrOvGDA54_6common7helpers9tphashsetINtB6_9TPHashSetlE13search_prefix0Ba_
FN:78,_RNCNvMs_NtNtCsagFrOvGDA54_6common7helpers9tphashsetINtB6_9TPHashSetlE13search_prefixs_0Ba_
FN:91,_RNCNvMs_NtNtCsagFrOvGDA54_6common7helpers9tphashsetINtB6_9TPHashSetlE13search_suffix0Ba_
FN:103,_RNCNvMs_NtNtCsagFrOvGDA54_6common7helpers9tphashsetINtB6_9TPHashSetlE13search_suffixs_0Ba_
FN:146,_RNCNvMs_NtNtCsagFrOvGDA54_6common7helpers9tphashsetINtB6_9TPHashSetlE16search_like_keys0Ba_
FN:54,_RNCNvMs_NtNtCsagFrOvGDA54_6common7helpers9tphashsetINtB6_9TPHashSetlE18get_by_reverse_key0Ba_
FN:197,_RNCNvMs_NtNtCsagFrOvGDA54_6common7helpers9tphashsetINtB6_9TPHashSetlE27ends_with_ignore_ascii_case0Ba_
FN:183,_RNCNvMs_NtNtCsagFrOvGDA54_6common7helpers9tphashsetINtB6_9TPHashSetlE29starts_with_ignore_ascii_case0Ba_
FN:162,_RNvMs_NtNtCsagFrOvGDA54_6common7helpers9tphashsetINtB4_9TPHashSetINtNtCs3XW7gbOxCtj_5alloc3vec3VecyEE11reverse_keyB8_
FN:43,_RNvMs_NtNtCsagFrOvGDA54_6common7helpers9tphashsetINtB4_9TPHashSetINtNtCs3XW7gbOxCtj_5alloc3vec3VecyEE3getB8_
FN:21,_RNvMs_NtNtCsagFrOvGDA54_6common7helpers9tphashsetINtB4_9TPHashSetINtNtCs3XW7gbOxCtj_5alloc3vec3VecyEE3newB8_
FN:37,_RNvMs_NtNtCsagFrOvGDA54_6common7helpers9tphashsetINtB4_9TPHashSetINtNtCs3XW7gbOxCtj_5alloc3vec3VecyEE6insertB8_
FN:47,_RNvMs_NtNtCsagFrOvGDA54_6common7helpers9tphashsetINtB4_9TPHashSetINtNtCs3XW7gbOxCtj_5alloc3vec3VecyEE7get_mutB8_
FN:162,_RNvMs_NtNtCsagFrOvGDA54_6common7helpers9tphashsetINtB4_9TPHashSetlE11reverse_keyB8_
FN:108,_RNvMs_NtNtCsagFrOvGDA54_6common7helpers9tphashsetINtB4_9TPHashSetlE11search_likeB8_
FN:57,_RNvMs_NtNtCsagFrOvGDA54_6common7helpers9tphashsetINtB4_9TPHashSetlE12contains_keyB8_
FN:201,_RNvMs_NtNtCsagFrOvGDA54_6common7helpers9tphashsetINtB4_9TPHashSetlE12like_matchesB8_
FN:65,_RNvMs_NtNtCsagFrOvGDA54_6common7helpers9tphashsetINtB4_9TPHashSetlE13search_prefixB8_
FN:83,_RNvMs_NtNtCsagFrOvGDA54_6common7helpers9tphashsetINtB4_9TPHashSetlE13search_suffixB8_
FN:143,_RNvMs_NtNtCsagFrOvGDA54_6common7helpers9tphashsetINtB4_9TPHashSetlE16search_like_keysB8_
FN:51,_RNvMs_NtNtCsagFrOvGDA54_6common7helpers9tphashsetINtB4_9TPHashSetlE18get_by_reverse_keyB8_
FN:207,_RNvMs_NtNtCsagFrOvGDA54_6common7helpers9tphashsetINtB4_9TPHashSetlE18like_matches_charsB8_
FN:166,_RNvMs_NtNtCsagFrOvGDA54_6common7helpers9tphashsetINtB4_9TPHashSetlE18prefix_upper_boundB8_
FN:61,_RNvMs_NtNtCsagFrOvGDA54_6common7helpers9tphashsetINtB4_9TPHashSetlE20contains_reverse_keyB8_
FN:187,_RNvMs_NtNtCsagFrOvGDA54_6common7helpers9tphashsetINtB4_9TPHashSetlE27ends_with_ignore_ascii_caseB8_
FN:173,_RNvMs_NtNtCsagFrOvGDA54_6common7helpers9tphashsetINtB4_9TPHashSetlE29starts_with_ignore_ascii_caseB8_
FN:43,_RNvMs_NtNtCsagFrOvGDA54_6common7helpers9tphashsetINtB4_9TPHashSetlE3getB8_
FN:25,_RNvMs_NtNtCsagFrOvGDA54_6common7helpers9tphashsetINtB4_9TPHashSetlE3lenB8_
FN:21,_RNvMs_NtNtCsagFrOvGDA54_6common7helpers9tphashsetINtB4_9TPHashSetlE3newB8_
FN:37,_RNvMs_NtNtCsagFrOvGDA54_6common7helpers9tphashsetINtB4_9TPHashSetlE6insertB8_
FN:150,_RNvMs_NtNtCsagFrOvGDA54_6common7helpers9tphashsetINtB4_9TPHashSetlE6removeB8_
FN:33,_RNvMs_NtNtCsagFrOvGDA54_6common7helpers9tphashsetINtB4_9TPHashSetlE8is_emptyB8_
FN:11,_RNvXNtNtCsagFrOvGDA54_6common7helpers9tphashsetINtB2_9TPHashSetINtNtCs3XW7gbOxCtj_5alloc3vec3VecyEENtNtCsaTNopw4qKPP_4core7default7Default7defaultB6_
FN:11,_RNvXNtNtCsagFrOvGDA54_6common7helpers9tphashsetINtB2_9TPHashSetlENtNtCsaTNopw4qKPP_4core7default7Default7defaultB6_
FN:29,_RNvMs_NtNtCsagFrOvGDA54_6common7helpers9tphashsetINtB4_9TPHashSetpE4iterB8_
FN:157,_RNvMs_NtNtCsagFrOvGDA54_6common7helpers9tphashsetINtB4_9TPHashSetpE5clearB8_
FNDA:3,_RNCNCNvMs_NtNtCsagFrOvGDA54_6common7helpers9tphashsetINtB8_9TPHashSetlE13search_suffix00Bc_
FNDA:0,_RNCNvMs_NtNtCsagFrOvGDA54_6common7helpers9tphashsetINtB6_9TPHashSetlE11search_like0Ba_
FNDA:3,_RNCNvMs_NtNtCsagFrOvGDA54_6common7helpers9tphashsetINtB6_9TPHashSetlE11search_likes_0Ba_
FNDA:2,_RNCNvMs_NtNtCsagFrOvGDA54_6common7helpers9tphashsetINtB6_9TPHashSetlE13search_prefix0Ba_
FNDA:3,_RNCNvMs_NtNtCsagFrOvGDA54_6common7helpers9tphashsetINtB6_9TPHashSetlE13search_prefixs_0Ba_
FNDA:3,_RNCNvMs_NtNtCsagFrOvGDA54_6common7helpers9tphashsetINtB6_9TPHashSetlE13search_suffix0Ba_
FNDA:3,_RNCNvMs_NtNtCsagFrOvGDA54_6common7helpers9tphashsetINtB6_9TPHashSetlE13search_suffixs_0Ba_
FNDA:7,_RNCNvMs_NtNtCsagFrOvGDA54_6common7helpers9tphashsetINtB6_9TPHashSetlE16search_like_keys0Ba_
FNDA:1,_RNCNvMs_NtNtCsagFrOvGDA54_6common7helpers9tphashsetINtB6_9TPHashSetlE18get_by_reverse_key0Ba_
FNDA:3,_RNCNvMs_NtNtCsagFrOvGDA54_6common7helpers9tphashsetINtB6_9TPHashSetlE27ends_with_ignore_ascii_case0Ba_
FNDA:3,_RNCNvMs_NtNtCsagFrOvGDA54_6common7helpers9tphashsetINtB6_9TPHashSetlE29starts_with_ignore_ascii_case0Ba_
FNDA:1,_RNvMs_NtNtCsagFrOvGDA54_6common7helpers9tphashsetINtB4_9TPHashSetINtNtCs3XW7gbOxCtj_5alloc3vec3VecyEE11reverse_keyB8_
FNDA:1,_RNvMs_NtNtCsagFrOvGDA54_6common7helpers9tphashsetINtB4_9TPHashSetINtNtCs3XW7gbOxCtj_5alloc3vec3VecyEE3getB8_
FNDA:1,_RNvMs_NtNtCsagFrOvGDA54_6common7helpers9tphashsetINtB4_9TPHashSetINtNtCs3XW7gbOxCtj_5alloc3vec3VecyEE3newB8_
FNDA:1,_RNvMs_NtNtCsagFrOvGDA54_6common7helpers9tphashsetINtB4_9TPHashSetINtNtCs3XW7gbOxCtj_5alloc3vec3VecyEE6insertB8_
FNDA:1,_RNvMs_NtNtCsagFrOvGDA54_6common7helpers9tphashsetINtB4_9TPHashSetINtNtCs3XW7gbOxCtj_5alloc3vec3VecyEE7get_mutB8_
FNDA:23,_RNvMs_NtNtCsagFrOvGDA54_6common7helpers9tphashsetINtB4_9TPHashSetlE11reverse_keyB8_
FNDA:3,_RNvMs_NtNtCsagFrOvGDA54_6common7helpers9tphashsetINtB4_9TPHashSetlE11search_likeB8_
FNDA:1,_RNvMs_NtNtCsagFrOvGDA54_6common7helpers9tphashsetINtB4_9TPHashSetlE12contains_keyB8_
FNDA:3,_RNvMs_NtNtCsagFrOvGDA54_6common7helpers9tphashsetINtB4_9TPHashSetlE12like_matchesB8_
FNDA:2,_RNvMs_NtNtCsagFrOvGDA54_6common7helpers9tphashsetINtB4_9TPHashSetlE13search_prefixB8_
FNDA:2,_RNvMs_NtNtCsagFrOvGDA54_6common7helpers9tphashsetINtB4_9TPHashSetlE13search_suffixB8_
FNDA:3,_RNvMs_NtNtCsagFrOvGDA54_6common7helpers9tphashsetINtB4_9TPHashSetlE16search_like_keysB8_
FNDA:2,_RNvMs_NtNtCsagFrOvGDA54_6common7helpers9tphashsetINtB4_9TPHashSetlE18get_by_reverse_keyB8_
FNDA:3,_RNvMs_NtNtCsagFrOvGDA54_6common7helpers9tphashsetINtB4_9TPHashSetlE18like_matches_charsB8_
FNDA:2,_RNvMs_NtNtCsagFrOvGDA54_6common7helpers9tphashsetINtB4_9TPHashSetlE18prefix_upper_boundB8_
FNDA:1,_RNvMs_NtNtCsagFrOvGDA54_6common7helpers9tphashsetINtB4_9TPHashSetlE20contains_reverse_keyB8_
FNDA:3,_RNvMs_NtNtCsagFrOvGDA54_6common7helpers9tphashsetINtB4_9TPHashSetlE27ends_with_ignore_ascii_caseB8_
FNDA:3,_RNvMs_NtNtCsagFrOvGDA54_6common7helpers9tphashsetINtB4_9TPHashSetlE29starts_with_ignore_ascii_caseB8_
FNDA:2,_RNvMs_NtNtCsagFrOvGDA54_6common7helpers9tphashsetINtB4_9TPHashSetlE3getB8_
FNDA:1,_RNvMs_NtNtCsagFrOvGDA54_6common7helpers9tphashsetINtB4_9TPHashSetlE3lenB8_
FNDA:8,_RNvMs_NtNtCsagFrOvGDA54_6common7helpers9tphashsetINtB4_9TPHashSetlE3newB8_
FNDA:18,_RNvMs_NtNtCsagFrOvGDA54_6common7helpers9tphashsetINtB4_9TPHashSetlE6insertB8_
FNDA:1,_RNvMs_NtNtCsagFrOvGDA54_6common7helpers9tphashsetINtB4_9TPHashSetlE6removeB8_
FNDA:1,_RNvMs_NtNtCsagFrOvGDA54_6common7helpers9tphashsetINtB4_9TPHashSetlE8is_emptyB8_
FNDA:1,_RNvXNtNtCsagFrOvGDA54_6common7helpers9tphashsetINtB2_9TPHashSetINtNtCs3XW7gbOxCtj_5alloc3vec3VecyEENtNtCsaTNopw4qKPP_4core7default7Default7defaultB6_
FNDA:8,_RNvXNtNtCsagFrOvGDA54_6common7helpers9tphashsetINtB2_9TPHashSetlENtNtCsaTNopw4qKPP_4core7default7Default7defaultB6_
FNDA:0,_RNvMs_NtNtCsagFrOvGDA54_6common7helpers9tphashsetINtB4_9TPHashSetpE4iterB8_
FNDA:0,_RNvMs_NtNtCsagFrOvGDA54_6common7helpers9tphashsetINtB4_9TPHashSetpE5clearB8_
FNF:34
FNH:31
DA:11,9
DA:12,9
DA:13,9
DA:14,9
DA:15,9
DA:16,9
DA:21,9
DA:22,9
DA:23,9
DA:25,1
DA:26,1
DA:27,1
DA:29,0
DA:30,0
DA:31,0
DA:33,1
DA:34,1
DA:35,1
DA:37,19
DA:38,19
DA:39,19
DA:40,19
DA:41,19
DA:43,3
DA:44,3
DA:45,3
DA:47,1
DA:48,1
DA:49,1
DA:51,2
DA:52,2
DA:53,2
DA:54,2
DA:55,2
DA:57,1
DA:58,1
DA:59,1
DA:61,1
DA:62,1
DA:63,1
DA:65,2
DA:67,2
DA:68,1
DA:70,1
DA:71,1
DA:72,2
DA:73,1
DA:74,1
DA:76,1
DA:77,1
DA:78,3
DA:79,1
DA:81,2
DA:83,2
DA:85,2
DA:86,1
DA:87,1
DA:89,1
DA:90,1
DA:91,3
DA:92,3
DA:93,3
DA:95,0
DA:97,3
DA:98,1
DA:99,1
DA:101,1
DA:102,1
DA:103,3
DA:104,1
DA:106,2
DA:108,3
DA:110,3
DA:111,0
DA:112,3
DA:114,3
DA:115,0
DA:116,0
DA:117,0
DA:118,0
DA:119,0
DA:120,3
DA:122,3
DA:123,2
DA:124,1
DA:126,1
DA:127,2
DA:129,2
DA:130,1
DA:131,1
DA:133,1
DA:134,1
DA:136,1
DA:137,1
DA:138,3
DA:139,1
DA:141,3
DA:143,3
DA:144,3
DA:145,3
DA:146,7
DA:147,3
DA:148,3
DA:150,1
DA:151,1
DA:152,1
DA:153,1
DA:154,1
DA:155,1
DA:157,0
DA:158,0
DA:159,0
DA:160,0
DA:162,24
DA:163,24
DA:164,24
DA:166,2
DA:167,2
DA:168,2
DA:169,2
DA:170,2
DA:171,2
DA:173,3
DA:174,3
DA:175,3
DA:177,3
DA:178,0
DA:179,3
DA:181,3
DA:182,3
DA:183,3
DA:184,3
DA:185,3
DA:187,3
DA:188,3
DA:189,3
DA:191,3
DA:192,0
DA:193,3
DA:195,3
DA:196,3
DA:197,3
DA:198,3
DA:199,3
DA:201,3
DA:202,3
DA:203,3
DA:204,3
DA:205,3
DA:207,3
DA:209,3
DA:210,3
DA:211,3
DA:212,3
DA:214,33
DA:216,30
DA:218,30
DA:221,0
DA:222,0
DA:223,0
DA:227,5
DA:228,5
DA:229,5
DA:230,5
DA:233,25
DA:234,25
DA:235,12
DA:236,12
DA:237,12
DA:238,13
DA:243,0
DA:245,13
DA:246,13
DA:247,13
DA:248,13
DA:249,13
DA:250,0
DA:252,0
DA:255,3
DA:256,0
DA:257,0
DA:259,3
DA:261,3
BRF:0
BRH:0
LF:194
LH:169
end_of_record
SF:/Users/samcolak/Source Code/rust/distdb/distdb/common/src/helpers/tphashset_test.rs
FN:14,_RNvNtNtNtCsagFrOvGDA54_6common7helpers9tphashset5testss_20reverse_lookup_works
FN:4,_RNvNtNtNtCsagFrOvGDA54_6common7helpers9tphashset5testss_24insert_and_get_roundtrip
FN:88,_RNvNtNtNtCsagFrOvGDA54_6common7helpers9tphashset5testss_26remove_clears_both_indexes
FN:77,_RNvNtNtNtCsagFrOvGDA54_6common7helpers9tphashset5testss_29gap_search_refines_candidates
FN:99,_RNvNtNtNtCsagFrOvGDA54_6common7helpers9tphashset5testss_30get_mut_updates_value_in_place
FN:50,_RNvNtNtNtCsagFrOvGDA54_6common7helpers9tphashset5testss_32suffix_search_uses_reverse_index
FN:35,_RNvNtNtNtCsagFrOvGDA54_6common7helpers9tphashset5testss_35prefix_search_can_ignore_ascii_case
FN:61,_RNvNtNtNtCsagFrOvGDA54_6common7helpers9tphashset5testss_35suffix_search_can_ignore_ascii_case
FN:24,_RNvNtNtNtCsagFrOvGDA54_6common7helpers9tphashset5testss_36prefix_search_returns_sorted_matches
FN:44,_RNCNvNtNtNtCsagFrOvGDA54_6common7helpers9tphashset5testss_35prefix_search_can_ignore_ascii_case0B9_
FN:70,_RNCNvNtNtNtCsagFrOvGDA54_6common7helpers9tphashset5testss_35suffix_search_can_ignore_ascii_case0B9_
FNDA:1,_RNvNtNtNtCsagFrOvGDA54_6common7helpers9tphashset5testss_20reverse_lookup_works
FNDA:1,_RNvNtNtNtCsagFrOvGDA54_6common7helpers9tphashset5testss_24insert_and_get_roundtrip
FNDA:1,_RNvNtNtNtCsagFrOvGDA54_6common7helpers9tphashset5testss_26remove_clears_both_indexes
FNDA:1,_RNvNtNtNtCsagFrOvGDA54_6common7helpers9tphashset5testss_29gap_search_refines_candidates
FNDA:1,_RNvNtNtNtCsagFrOvGDA54_6common7helpers9tphashset5testss_30get_mut_updates_value_in_place
FNDA:1,_RNvNtNtNtCsagFrOvGDA54_6common7helpers9tphashset5testss_32suffix_search_uses_reverse_index
FNDA:1,_RNvNtNtNtCsagFrOvGDA54_6common7helpers9tphashset5testss_35prefix_search_can_ignore_ascii_case
FNDA:1,_RNvNtNtNtCsagFrOvGDA54_6common7helpers9tphashset5testss_35suffix_search_can_ignore_ascii_case
FNDA:1,_RNvNtNtNtCsagFrOvGDA54_6common7helpers9tphashset5testss_36prefix_search_returns_sorted_matches
FNDA:2,_RNCNvNtNtNtCsagFrOvGDA54_6common7helpers9tphashset5testss_35prefix_search_can_ignore_ascii_case0B9_
FNDA:2,_RNCNvNtNtNtCsagFrOvGDA54_6common7helpers9tphashset5testss_35suffix_search_can_ignore_ascii_case0B9_
FNF:11
FNH:11
DA:4,1
DA:5,1
DA:7,1
DA:8,1
DA:9,1
DA:10,1
DA:11,1
DA:14,1
DA:15,1
DA:17,1
DA:19,1
DA:20,1
DA:21,1
DA:24,1
DA:25,1
DA:26,1
DA:27,1
DA:28,1
DA:30,1
DA:31,1
DA:32,1
DA:35,1
DA:36,1
DA:37,1
DA:38,1
DA:39,1
DA:41,1
DA:42,1
DA:43,1
DA:44,2
DA:45,1
DA:46,1
DA:47,1
DA:50,1
DA:51,1
DA:52,1
DA:53,1
DA:54,1
DA:56,1
DA:57,1
DA:58,1
DA:61,1
DA:62,1
DA:63,1
DA:64,1
DA:65,1
DA:67,1
DA:68,1
DA:69,1
DA:70,2
DA:71,1
DA:73,1
DA:74,1
DA:77,1
DA:78,1
DA:79,1
DA:80,1
DA:81,1
DA:83,1
DA:84,1
DA:85,1
DA:88,1
DA:89,1
DA:91,1
DA:92,1
DA:93,1
DA:94,1
DA:95,1
DA:96,1
DA:99,1
DA:100,1
DA:101,1
DA:103,1
DA:104,1
DA:106,1
DA:107,1
BRF:0
BRH:0
LF:78
LH:78
end_of_record
SF:/Users/samcolak/Source Code/rust/distdb/distdb/common/src/helpers/utils.rs
FN:12,_RINvNtNtCsagFrOvGDA54_6common7helpers5utils20normalize_identifierReEB6_
FN:57,_RNvNtNtCsagFrOvGDA54_6common7helpers5utils16epoch_to_utcdate
FN:68,_RNvNtNtCsagFrOvGDA54_6common7helpers5utils3md5
FN:33,_RNvNtNtCsagFrOvGDA54_6common7helpers5utils5epoch
FN:41,_RNvNtNtCsagFrOvGDA54_6common7helpers5utils8epoch_ms
FN:63,_RNvNtNtCsagFrOvGDA54_6common7helpers5utils8md5_hash
FN:7,_RNvNtNtCsagFrOvGDA54_6common7helpers5utils9unique_id
FN:49,_RNvNtNtCsagFrOvGDA54_6common7helpers5utils11epoch_nanos
FNDA:3,_RINvNtNtCsagFrOvGDA54_6common7helpers5utils20normalize_identifierReEB6_
FNDA:0,_RNvNtNtCsagFrOvGDA54_6common7helpers5utils16epoch_to_utcdate
FNDA:0,_RNvNtNtCsagFrOvGDA54_6common7helpers5utils3md5
FNDA:0,_RNvNtNtCsagFrOvGDA54_6common7helpers5utils5epoch
FNDA:0,_RNvNtNtCsagFrOvGDA54_6common7helpers5utils8epoch_ms
FNDA:0,_RNvNtNtCsagFrOvGDA54_6common7helpers5utils8md5_hash
FNDA:0,_RNvNtNtCsagFrOvGDA54_6common7helpers5utils9unique_id
FNDA:1,_RNvNtNtCsagFrOvGDA54_6common7helpers5utils11epoch_nanos
FNF:8
FNH:2
DA:7,0
DA:8,0
DA:9,0
DA:12,3
DA:13,3
DA:16,6
DA:17,6
DA:18,5
DA:19,4
DA:21,6
DA:22,3
DA:23,3
DA:25,3
DA:26,3
DA:29,3
DA:30,3
DA:33,0
DA:34,0
DA:35,0
DA:36,0
DA:38,0
DA:41,0
DA:42,0
DA:43,0
DA:44,0
DA:46,0
DA:49,1
DA:50,1
DA:51,1
DA:52,0
DA:54,1
DA:57,0
DA:58,0
DA:59,0
DA:60,0
DA:63,0
DA:64,0
DA:65,0
DA:68,0
DA:69,0
DA:70,0
DA:71,0
BRF:0
BRH:0
LF:42
LH:17
end_of_record
SF:/Users/samcolak/Source Code/rust/distdb/distdb/common/src/helpers/utils_test.rs
FN:9,_RNvNtNtNtCsagFrOvGDA54_6common7helpers5utils5testss_41normalize_identifier_strips_double_quotes
FN:14,_RNvNtNtNtCsagFrOvGDA54_6common7helpers5utils5testss_41normalize_identifier_strips_single_quotes
FN:4,_RNvNtNtNtCsagFrOvGDA54_6common7helpers5utils5testss_43normalize_identifier_strips_backtick_quotes
FNDA:1,_RNvNtNtNtCsagFrOvGDA54_6common7helpers5utils5testss_41normalize_identifier_strips_double_quotes
FNDA:1,_RNvNtNtNtCsagFrOvGDA54_6common7helpers5utils5testss_41normalize_identifier_strips_single_quotes
FNDA:1,_RNvNtNtNtCsagFrOvGDA54_6common7helpers5utils5testss_43normalize_identifier_strips_backtick_quotes
FNF:3
FNH:3
DA:4,1
DA:5,1
DA:6,1
DA:9,1
DA:10,1
DA:11,1
DA:14,1
DA:15,1
DA:16,1
BRF:0
BRH:0
LF:9
LH:9
end_of_record
SF:/Users/samcolak/Source Code/rust/distdb/distdb/common/src/schema/field_kind.rs
FN:60,_RNvMNtNtCsagFrOvGDA54_6common6schema10field_kindNtB2_9FieldKind13to_sql_string
FN:21,_RNvMNtNtCsagFrOvGDA54_6common6schema10field_kindNtB2_9FieldKind24sql_variant_display_name
FN:66,_RNvNtNtCsagFrOvGDA54_6common6schema10field_kind20int_sql_display_name
FN:78,_RNvNtNtCsagFrOvGDA54_6common6schema10field_kind21uint_sql_display_name
FN:46,_RNCNvMNtNtCsagFrOvGDA54_6common6schema10field_kindNtB4_9FieldKind24sql_variant_display_name0B8_
FNDA:1,_RNvMNtNtCsagFrOvGDA54_6common6schema10field_kindNtB2_9FieldKind13to_sql_string
FNDA:19,_RNvMNtNtCsagFrOvGDA54_6common6schema10field_kindNtB2_9FieldKind24sql_variant_display_name
FNDA:4,_RNvNtNtCsagFrOvGDA54_6common6schema10field_kind20int_sql_display_name
FNDA:3,_RNvNtNtCsagFrOvGDA54_6common6schema10field_kind21uint_sql_display_name
FNDA:2,_RNCNvMNtNtCsagFrOvGDA54_6common6schema10field_kindNtB4_9FieldKind24sql_variant_display_name0B8_
FNF:5
FNH:5
DA:21,19
DA:23,19
DA:25,4
DA:27,3
DA:29,1
DA:31,1
DA:33,1
DA:35,1
DA:37,1
DA:39,3
DA:41,1
DA:43,1
DA:44,1
DA:45,1
DA:46,2
DA:47,1
DA:48,1
DA:49,1
DA:52,1
DA:54,1
DA:58,19
DA:60,1
DA:61,1
DA:62,1
DA:66,4
DA:68,4
DA:69,1
DA:70,1
DA:71,1
DA:72,1
DA:73,0
DA:76,4
DA:78,3
DA:80,3
DA:81,1
DA:82,1
DA:83,1
DA:84,0
DA:85,0
DA:88,3
BRF:0
BRH:0
LF:41
LH:38
end_of_record
SF:/Users/samcolak/Source Code/rust/distdb/distdb/common/src/schema/field_kind_test.rs
FN:33,_RNvNtNtNtCsagFrOvGDA54_6common6schema10field_kind5testss_42to_sql_string_matches_variant_display_name
FN:4,_RNvNtNtNtCsagFrOvGDA54_6common6schema10field_kind5testss_45sql_variant_display_name_formats_scalar_types
FN:24,_RNvNtNtNtCsagFrOvGDA54_6common6schema10field_kind5testss_46sql_variant_display_name_formats_enum_variants
FNDA:1,_RNvNtNtNtCsagFrOvGDA54_6common6schema10field_kind5testss_42to_sql_string_matches_variant_display_name
FNDA:1,_RNvNtNtNtCsagFrOvGDA54_6common6schema10field_kind5testss_45sql_variant_display_name_formats_scalar_types
FNDA:1,_RNvNtNtNtCsagFrOvGDA54_6common6schema10field_kind5testss_46sql_variant_display_name_formats_enum_variants
FNF:3
FNH:3
DA:4,1
DA:5,1
DA:6,1
DA:7,1
DA:8,1
DA:9,1
DA:10,1
DA:11,1
DA:12,1
DA:13,1
DA:14,1
DA:15,1
DA:16,1
DA:17,1
DA:18,1
DA:19,1
DA:20,1
DA:21,1
DA:24,1
DA:25,1
DA:26,1
DA:27,1
DA:30,1
DA:33,1
DA:34,1
DA:35,1
DA:36,1
BRF:0
BRH:0
LF:27
LH:27
end_of_record
SF:/Users/samcolak/Source Code/rust/distdb/distdb/common/src/schema/field_metadata.rs
FN:28,_RNvMNtNtCsagFrOvGDA54_6common6schema14field_metadataNtB2_13FieldMetadata9is_hidden
FNDA:0,_RNvMNtNtCsagFrOvGDA54_6common6schema14field_metadataNtB2_13FieldMetadata9is_hidden
FNF:1
FNH:0
DA:28,0
DA:29,0
DA:30,0
BRF:0
BRH:0
LF:3
LH:0
end_of_record
SF:/Users/samcolak/Source Code/rust/distdb/distdb/common/src/schema/peer_session.rs
FN:47,_RNvMNtNtCsagFrOvGDA54_6common6schema12peer_sessionNtB2_11PeerSession17with_service_type
FN:52,_RNvMNtNtCsagFrOvGDA54_6common6schema12peer_sessionNtB2_11PeerSession22clear_connection_state
FN:23,_RNvMNtNtCsagFrOvGDA54_6common6schema12peer_sessionNtB2_11PeerSession3new
FN:42,_RINvMNtNtCsagFrOvGDA54_6common6schema12peer_sessionNtB3_11PeerSession12with_user_idReEB7_
FN:27,_RINvMNtNtCsagFrOvGDA54_6common6schema12peer_sessionNtB3_11PeerSession13with_databaseReEB7_
FN:32,_RINvMNtNtCsagFrOvGDA54_6common6schema12peer_sessionNtB3_11PeerSession15with_auth_tokenReEB7_
FN:37,_RINvMNtNtCsagFrOvGDA54_6common6schema12peer_sessionNtB3_11PeerSession15with_session_idReEB7_
FNDA:2,_RNvMNtNtCsagFrOvGDA54_6common6schema12peer_sessionNtB2_11PeerSession17with_service_type
FNDA:1,_RNvMNtNtCsagFrOvGDA54_6common6schema12peer_sessionNtB2_11PeerSession22clear_connection_state
FNDA:3,_RNvMNtNtCsagFrOvGDA54_6common6schema12peer_sessionNtB2_11PeerSession3new
FNDA:1,_RINvMNtNtCsagFrOvGDA54_6common6schema12peer_sessionNtB3_11PeerSession12with_user_idReEB7_
FNDA:1,_RINvMNtNtCsagFrOvGDA54_6common6schema12peer_sessionNtB3_11PeerSession13with_databaseReEB7_
FNDA:1,_RINvMNtNtCsagFrOvGDA54_6common6schema12peer_sessionNtB3_11PeerSession15with_auth_tokenReEB7_
FNDA:1,_RINvMNtNtCsagFrOvGDA54_6common6schema12peer_sessionNtB3_11PeerSession15with_session_idReEB7_
FNF:7
FNH:7
DA:23,3
DA:24,3
DA:25,3
DA:27,1
DA:28,1
DA:29,1
DA:30,1
DA:32,1
DA:33,1
DA:34,1
DA:35,1
DA:37,1
DA:38,1
DA:39,1
DA:40,1
DA:42,1
DA:43,1
DA:44,1
DA:45,1
DA:47,2
DA:48,2
DA:49,2
DA:50,2
DA:52,1
DA:53,1
DA:54,1
DA:55,1
DA:56,1
DA:57,1
BRF:0
BRH:0
LF:29
LH:29
end_of_record
SF:/Users/samcolak/Source Code/rust/distdb/distdb/common/src/schema/peer_session_test.rs
FN:16,_RNvNtNtNtCsagFrOvGDA54_6common6schema12peer_session5testss_20service_type_is_copy
FN:5,_RNvNtNtNtCsagFrOvGDA54_6common6schema12peer_session5testss_30default_service_type_is_client
FN:10,_RNvNtNtNtCsagFrOvGDA54_6common6schema12peer_session5testss_32with_service_type_sets_data_node
FN:23,_RNvNtNtNtCsagFrOvGDA54_6common6schema12peer_session5testss_47clear_connection_state_resets_connection_fields
FNDA:1,_RNvNtNtNtCsagFrOvGDA54_6common6schema12peer_session5testss_20service_type_is_copy
FNDA:1,_RNvNtNtNtCsagFrOvGDA54_6common6schema12peer_session5testss_30default_service_type_is_client
FNDA:1,_RNvNtNtNtCsagFrOvGDA54_6common6schema12peer_session5testss_32with_service_type_sets_data_node
FNDA:1,_RNvNtNtNtCsagFrOvGDA54_6common6schema12peer_session5testss_47clear_connection_state_resets_connection_fields
FNF:4
FNH:4
DA:5,1
DA:6,1
DA:7,1
DA:10,1
DA:11,1
DA:12,1
DA:13,1
DA:16,1
DA:17,1
DA:18,1
DA:19,1
DA:20,1
DA:23,1
DA:24,1
DA:25,1
DA:26,1
DA:27,1
DA:28,1
DA:29,1
DA:31,1
DA:33,1
DA:34,1
DA:35,1
DA:36,1
DA:37,1
DA:38,1
BRF:0
BRH:0
LF:26
LH:26
end_of_record
SF:/Users/samcolak/Source Code/rust/distdb/distdb/common/src/schema/session_log.rs
FN:63,_RINvMs0_NtNtCsagFrOvGDA54_6common6schema11session_logNtB6_10SessionLog9add_entrypEBa_
FN:40,_RINvMs_NtNtCsagFrOvGDA54_6common6schema11session_logNtB5_15SessionLogEntry3newpEB9_
FN:44,_RNCINvMs_NtNtCsagFrOvGDA54_6common6schema11session_logNtB7_15SessionLogEntry3newpE0Bb_
FN:72,_RNCNvMs0_NtNtCsagFrOvGDA54_6common6schema11session_logNtB7_10SessionLog15entries_by_type0Bb_
FN:67,_RNvMs0_NtNtCsagFrOvGDA54_6common6schema11session_logNtB5_10SessionLog10last_entry
FN:71,_RNvMs0_NtNtCsagFrOvGDA54_6common6schema11session_logNtB5_10SessionLog15entries_by_type
FN:59,_RNvMs0_NtNtCsagFrOvGDA54_6common6schema11session_logNtB5_10SessionLog3new
FN:16,_RNvXNtNtCsagFrOvGDA54_6common6schema11session_logNtB2_19SessionLogEventTypeNtNtCsaTNopw4qKPP_4core3fmt7Display3fmt
FNDA:0,_RINvMs0_NtNtCsagFrOvGDA54_6common6schema11session_logNtB6_10SessionLog9add_entrypEBa_
FNDA:0,_RINvMs_NtNtCsagFrOvGDA54_6common6schema11session_logNtB5_15SessionLogEntry3newpEB9_
FNDA:0,_RNCINvMs_NtNtCsagFrOvGDA54_6common6schema11session_logNtB7_15SessionLogEntry3newpE0Bb_
FNDA:0,_RNCNvMs0_NtNtCsagFrOvGDA54_6common6schema11session_logNtB7_10SessionLog15entries_by_type0Bb_
FNDA:0,_RNvMs0_NtNtCsagFrOvGDA54_6common6schema11session_logNtB5_10SessionLog10last_entry
FNDA:0,_RNvMs0_NtNtCsagFrOvGDA54_6common6schema11session_logNtB5_10SessionLog15entries_by_type
FNDA:0,_RNvMs0_NtNtCsagFrOvGDA54_6common6schema11session_logNtB5_10SessionLog3new
FNDA:0,_RNvXNtNtCsagFrOvGDA54_6common6schema11session_logNtB2_19SessionLogEventTypeNtNtCsaTNopw4qKPP_4core3fmt7Display3fmt
FNF:8
FNH:0
DA:16,0
DA:17,0
DA:18,0
DA:19,0
DA:20,0
DA:21,0
DA:22,0
DA:23,0
DA:24,0
DA:25,0
DA:26,0
DA:28,0
DA:40,0
DA:42,0
DA:43,0
DA:44,0
DA:45,0
DA:46,0
DA:47,0
DA:48,0
DA:50,0
DA:59,0
DA:60,0
DA:61,0
DA:63,0
DA:64,0
DA:65,0
DA:67,0
DA:68,0
DA:69,0
DA:71,0
DA:72,0
DA:73,0
BRF:0
BRH:0
LF:35
LH:0
end_of_record
SF:/Users/samcolak/Source Code/rust/distdb/distdb/common/src/schema/tls_mode.rs
FN:19,_RNvMNtNtCsagFrOvGDA54_6common6schema8tls_modeNtB2_7TlsMode5parse
FN:11,_RNvMNtNtCsagFrOvGDA54_6common6schema8tls_modeNtB2_7TlsMode6as_str
FNDA:0,_RNvMNtNtCsagFrOvGDA54_6common6schema8tls_modeNtB2_7TlsMode5parse
FNDA:0,_RNvMNtNtCsagFrOvGDA54_6common6schema8tls_modeNtB2_7TlsMode6as_str
FNF:2
FNH:0
DA:11,0
DA:12,0
DA:13,0
DA:14,0
DA:15,0
DA:17,0
DA:19,0
DA:20,0
DA:21,0
DA:22,0
DA:23,0
DA:24,0
DA:26,0
BRF:0
BRH:0
LF:13
LH:0
end_of_record
SF:/Users/samcolak/Source Code/rust/distdb/distdb/common/src/schema/validation.rs
FN:44,_RNvNtNtCsagFrOvGDA54_6common6schema10validation19validate_field_kind
FN:36,_RNvNtNtCsagFrOvGDA54_6common6schema10validation20normalize_field_name
FN:14,_RNvXNtNtCsagFrOvGDA54_6common6schema10validationNtB2_21SchemaValidationErrorNtNtCsaTNopw4qKPP_4core3fmt7Display3fmt
FN:64,_RNCNvNtNtCsagFrOvGDA54_6common6schema10validation19validate_field_kind0B7_
FNDA:2,_RNvNtNtCsagFrOvGDA54_6common6schema10validation19validate_field_kind
FNDA:1,_RNvNtNtCsagFrOvGDA54_6common6schema10validation20normalize_field_name
FNDA:0,_RNvXNtNtCsagFrOvGDA54_6common6schema10validationNtB2_21SchemaValidationErrorNtNtCsaTNopw4qKPP_4core3fmt7Display3fmt
FNDA:0,_RNCNvNtNtCsagFrOvGDA54_6common6schema10validation19validate_field_kind0B7_
FNF:4
FNH:2
DA:14,0
DA:16,0
DA:18,0
DA:20,0
DA:22,0
DA:24,0
DA:26,0
DA:30,0
DA:36,1
DA:37,1
DA:38,1
DA:39,1
DA:40,0
DA:41,0
DA:42,1
DA:44,2
DA:46,2
DA:48,1
DA:49,1
DA:50,1
DA:51,0
DA:54,0
DA:55,0
DA:56,0
DA:57,0
DA:60,1
DA:61,1
DA:62,1
DA:63,0
DA:64,0
DA:65,0
DA:66,0
DA:75,0
DA:79,0
DA:81,2
BRF:0
BRH:0
LF:36
LH:14
end_of_record
SF:/Users/samcolak/Source Code/rust/distdb/distdb/common/src/schema/validation_test.rs
FN:16,_RNvNtNtNtCsagFrOvGDA54_6common6schema10validation5testss_34normalize_field_name_rejects_empty
FN:10,_RNvNtNtNtCsagFrOvGDA54_6common6schema10validation5testss_38validate_field_kind_rejects_empty_enum
FN:4,_RNvNtNtNtCsagFrOvGDA54_6common6schema10validation5testss_45validate_field_kind_rejects_invalid_bit_width
FNDA:1,_RNvNtNtNtCsagFrOvGDA54_6common6schema10validation5testss_34normalize_field_name_rejects_empty
FNDA:1,_RNvNtNtNtCsagFrOvGDA54_6common6schema10validation5testss_38validate_field_kind_rejects_empty_enum
FNDA:1,_RNvNtNtNtCsagFrOvGDA54_6common6schema10validation5testss_45validate_field_kind_rejects_invalid_bit_width
FNF:3
FNH:3
DA:4,1
DA:5,1
DA:6,1
DA:7,1
DA:10,1
DA:11,1
DA:12,1
DA:13,1
DA:16,1
DA:17,1
DA:18,1
DA:19,1
BRF:0
BRH:0
LF:12
LH:12
end_of_record