SF:/Users/samcolak/Source Code/rust/distdb/distdb/connector/src/core/client.rs
FN:34,_RNvMs0_NtNtCs5Eq0Q2xyf2z_9connector4core6clientINtB5_15ConnectorClientNtNtB5_5tests13StubTransportE3newB9_
FN:38,_RNvMs0_NtNtCs5Eq0Q2xyf2z_9connector4core6clientINtB5_15ConnectorClientNtNtB5_5tests13StubTransportE7executeB9_
FN:34,_RNvMs0_NtNtCs5Eq0Q2xyf2z_9connector4core6clientINtB5_15ConnectorClientNtNtB5_5tests14ErrorTransportE3newB9_
FN:38,_RNvMs0_NtNtCs5Eq0Q2xyf2z_9connector4core6clientINtB5_15ConnectorClientNtNtB5_5tests14ErrorTransportE7executeB9_
FN:12,_RNvXNtNtCs5Eq0Q2xyf2z_9connector4core6clientNtB2_14ConnectorErrorNtNtCsaTNopw4qKPP_4core3fmt7Display3fmt
FNDA:4,_RNvMs0_NtNtCs5Eq0Q2xyf2z_9connector4core6clientINtB5_15ConnectorClientNtNtB5_5tests13StubTransportE3newB9_
FNDA:4,_RNvMs0_NtNtCs5Eq0Q2xyf2z_9connector4core6clientINtB5_15ConnectorClientNtNtB5_5tests13StubTransportE7executeB9_
FNDA:1,_RNvMs0_NtNtCs5Eq0Q2xyf2z_9connector4core6clientINtB5_15ConnectorClientNtNtB5_5tests14ErrorTransportE3newB9_
FNDA:1,_RNvMs0_NtNtCs5Eq0Q2xyf2z_9connector4core6clientINtB5_15ConnectorClientNtNtB5_5tests14ErrorTransportE7executeB9_
FNDA:3,_RNvXNtNtCs5Eq0Q2xyf2z_9connector4core6clientNtB2_14ConnectorErrorNtNtCsaTNopw4qKPP_4core3fmt7Display3fmt
FNF:3
FNH:3
DA:12,3
DA:13,3
DA:14,1
DA:15,1
DA:16,1
DA:18,3
DA:34,5
DA:35,5
DA:36,5
DA:38,5
DA:40,5
DA:42,4
DA:43,1
DA:44,1
DA:45,1
DA:46,3
DA:48,3
DA:49,2
DA:50,1
DA:51,1
DA:52,1
DA:53,1
DA:54,1
DA:55,1
DA:57,1
DA:59,5
BRF:0
BRH:0
LF:26
LH:26
end_of_record
SF:/Users/samcolak/Source Code/rust/distdb/distdb/connector/src/core/client_test.rs
FN:51,_RNvNtNtNtCs5Eq0Q2xyf2z_9connector4core6client5testss_30execute_returns_rejected_error
FN:28,_RNvNtNtNtCs5Eq0Q2xyf2z_9connector4core6client5testss_32execute_returns_applied_response
FN:121,_RNvNtNtNtCs5Eq0Q2xyf2z_9connector4core6client5testss_34execute_propagates_transport_error
FN:138,_RNvNtNtNtCs5Eq0Q2xyf2z_9connector4core6client5testss_40connector_error_display_formats_messages
FN:70,_RNvNtNtNtCs5Eq0Q2xyf2z_9connector4core6client5testss_55execute_returns_invalid_response_on_request_id_mismatch
FN:95,_RNvNtNtNtCs5Eq0Q2xyf2z_9connector4core6client5testss_67execute_returns_invalid_response_when_rejected_payload_is_not_error
FN:11,_RNvXNtNtNtCs5Eq0Q2xyf2z_9connector4core6client5testsNtB2_13StubTransportNtB4_18ConnectorTransport7request
FN:22,_RNvXs_NtNtNtCs5Eq0Q2xyf2z_9connector4core6client5testsNtB4_14ErrorTransportNtB6_18ConnectorTransport7request
FNDA:1,_RNvNtNtNtCs5Eq0Q2xyf2z_9connector4core6client5testss_30execute_returns_rejected_error
FNDA:1,_RNvNtNtNtCs5Eq0Q2xyf2z_9connector4core6client5testss_32execute_returns_applied_response
FNDA:1,_RNvNtNtNtCs5Eq0Q2xyf2z_9connector4core6client5testss_34execute_propagates_transport_error
FNDA:1,_RNvNtNtNtCs5Eq0Q2xyf2z_9connector4core6client5testss_40connector_error_display_formats_messages
FNDA:1,_RNvNtNtNtCs5Eq0Q2xyf2z_9connector4core6client5testss_55execute_returns_invalid_response_on_request_id_mismatch
FNDA:1,_RNvNtNtNtCs5Eq0Q2xyf2z_9connector4core6client5testss_67execute_returns_invalid_response_when_rejected_payload_is_not_error
FNDA:4,_RNvXNtNtNtCs5Eq0Q2xyf2z_9connector4core6client5testsNtB2_13StubTransportNtB4_18ConnectorTransport7request
FNDA:1,_RNvXs_NtNtNtCs5Eq0Q2xyf2z_9connector4core6client5testsNtB4_14ErrorTransportNtB6_18ConnectorTransport7request
FNF:8
FNH:8
DA:11,4
DA:12,4
DA:13,4
DA:22,1
DA:23,1
DA:24,1
DA:28,1
DA:29,1
DA:31,1
DA:32,1
DA:33,1
DA:36,1
DA:37,1
DA:38,1
DA:39,1
DA:40,1
DA:41,1
DA:43,1
DA:44,1
DA:46,1
DA:47,1
DA:48,1
DA:51,1
DA:52,1
DA:54,1
DA:55,1
DA:56,1
DA:59,1
DA:60,1
DA:61,1
DA:63,1
DA:64,1
DA:66,1
DA:67,1
DA:70,1
DA:71,1
DA:73,1
DA:74,1
DA:75,1
DA:78,1
DA:79,1
DA:80,1
DA:81,1
DA:82,1
DA:83,1
DA:85,1
DA:86,1
DA:88,1
DA:90,1
DA:92,1
DA:95,1
DA:96,1
DA:98,1
DA:99,1
DA:100,1
DA:103,1
DA:104,1
DA:105,1
DA:106,1
DA:107,1
DA:108,1
DA:109,1
DA:111,1
DA:112,1
DA:114,1
DA:116,1
DA:118,1
DA:121,1
DA:122,1
DA:124,1
DA:125,1
DA:126,1
DA:129,1
DA:130,1
DA:131,1
DA:133,1
DA:134,1
DA:135,1
DA:138,1
DA:139,1
DA:140,1
DA:141,1
DA:143,1
DA:144,1
DA:145,1
DA:146,1
BRF:0
BRH:0
LF:86
LH:86
end_of_record
SF:/Users/samcolak/Source Code/rust/distdb/distdb/connector/src/core/command.rs
FN:71,_RINvMNtNtCs5Eq0Q2xyf2z_9connector4core7commandNtB3_16ConnectorRequest3newReEB7_
FNDA:6,_RINvMNtNtCs5Eq0Q2xyf2z_9connector4core7commandNtB3_16ConnectorRequest3newReEB7_
FNF:1
FNH:1
DA:71,6
DA:72,6
DA:73,6
DA:74,6
DA:75,6
DA:76,6
BRF:0
BRH:0
LF:6
LH:6
end_of_record
SF:/Users/samcolak/Source Code/rust/distdb/distdb/connector/src/core/command_test.rs
FN:5,_RNvNtNtNtCs5Eq0Q2xyf2z_9connector4core7command5testss_28request_serializes_roundtrip
FNDA:1,_RNvNtNtNtCs5Eq0Q2xyf2z_9connector4core7command5testss_28request_serializes_roundtrip
FNF:1
FNH:1
DA:5,1
DA:6,1
DA:8,1
DA:9,1
DA:10,1
DA:13,1
DA:14,1
DA:15,1
DA:17,1
DA:18,1
BRF:0
BRH:0
LF:10
LH:10
end_of_record
SF:/Users/samcolak/Source Code/rust/distdb/distdb/connector/src/core/result.rs
FN:106,_RINvMs_NtNtCs5Eq0Q2xyf2z_9connector4core6resultNtB5_17ConnectorResponse7appliedReEB9_
FN:114,_RINvMs_NtNtCs5Eq0Q2xyf2z_9connector4core6resultNtB5_17ConnectorResponse8rejectedReB1g_EB9_
FN:11,_RNvXNtNtCs5Eq0Q2xyf2z_9connector4core6resultNtB2_14ResponseStatusNtNtCsaTNopw4qKPP_4core3fmt7Display3fmt
FNDA:3,_RINvMs_NtNtCs5Eq0Q2xyf2z_9connector4core6resultNtB5_17ConnectorResponse7appliedReEB9_
FNDA:2,_RINvMs_NtNtCs5Eq0Q2xyf2z_9connector4core6resultNtB5_17ConnectorResponse8rejectedReB1g_EB9_
FNDA:0,_RNvXNtNtCs5Eq0Q2xyf2z_9connector4core6resultNtB2_14ResponseStatusNtNtCsaTNopw4qKPP_4core3fmt7Display3fmt
FNF:3
FNH:2
DA:11,0
DA:12,0
DA:13,0
DA:14,0
DA:15,0
DA:17,0
DA:106,3
DA:107,3
DA:108,3
DA:109,3
DA:110,3
DA:111,3
DA:112,3
DA:114,2
DA:115,2
DA:116,2
DA:117,2
DA:118,2
DA:119,2
DA:120,2
BRF:0
BRH:0
LF:20
LH:14
end_of_record
SF:/Users/samcolak/Source Code/rust/distdb/distdb/connector/src/core/result_test.rs
FN:63,_RNvNtNtNtCs5Eq0Q2xyf2z_9connector4core6result5testss_40query_cache_variants_serialize_roundtrip
FN:31,_RNvNtNtNtCs5Eq0Q2xyf2z_9connector4core6result5testss_54query_result_and_cache_observation_serialize_roundtrip
FN:19,_RNvNtNtNtCs5Eq0Q2xyf2z_9connector4core6result5testss_57connector_response_rejected_constructor_sets_error_result
FN:4,_RNvNtNtNtCs5Eq0Q2xyf2z_9connector4core6result5testss_58connector_response_applied_constructor_sets_applied_status
FNDA:1,_RNvNtNtNtCs5Eq0Q2xyf2z_9connector4core6result5testss_40query_cache_variants_serialize_roundtrip
FNDA:1,_RNvNtNtNtCs5Eq0Q2xyf2z_9connector4core6result5testss_54query_result_and_cache_observation_serialize_roundtrip
FNDA:1,_RNvNtNtNtCs5Eq0Q2xyf2z_9connector4core6result5testss_57connector_response_rejected_constructor_sets_error_result
FNDA:1,_RNvNtNtNtCs5Eq0Q2xyf2z_9connector4core6result5testss_58connector_response_applied_constructor_sets_applied_status
FNF:4
FNH:4
DA:4,1
DA:5,1
DA:7,1
DA:10,1
DA:11,1
DA:12,1
DA:13,1
DA:16,1
DA:19,1
DA:20,1
DA:22,1
DA:23,1
DA:24,1
DA:26,1
DA:28,1
DA:31,1
DA:32,1
DA:33,1
DA:34,1
DA:35,1
DA:36,1
DA:37,1
DA:38,1
DA:39,1
DA:40,1
DA:41,1
DA:42,1
DA:43,1
DA:44,1
DA:45,1
DA:46,1
DA:47,1
DA:48,1
DA:49,1
DA:50,1
DA:51,1
DA:52,1
DA:53,1
DA:54,1
DA:56,1
DA:57,1
DA:59,1
DA:60,1
DA:63,1
DA:64,1
DA:65,1
DA:66,1
DA:67,1
DA:68,1
DA:69,1
DA:70,1
DA:72,1
DA:73,1
DA:74,1
DA:75,1
DA:77,1
DA:78,1
DA:79,1
DA:80,1
DA:81,1
BRF:0
BRH:0
LF:60
LH:60
end_of_record
SF:/Users/samcolak/Source Code/rust/distdb/distdb/connector/src/schema.rs
FN:26,_RINvMNtCs5Eq0Q2xyf2z_9connector6schemaNtB3_9FieldSpec3newReEB5_
FN:84,_RINvMs_NtCs5Eq0Q2xyf2z_9connector6schemaNtB5_19SchemaChangeRequest12remove_fieldReEB7_
FN:70,_RINvMs_NtCs5Eq0Q2xyf2z_9connector6schemaNtB5_19SchemaChangeRequest3newReEB7_
FN:47,_RNvMNtCs5Eq0Q2xyf2z_9connector6schemaNtB2_9FieldSpec11primary_key
FN:42,_RNvMNtCs5Eq0Q2xyf2z_9connector6schemaNtB2_9FieldSpec7indexed
FN:37,_RNvMNtCs5Eq0Q2xyf2z_9connector6schemaNtB2_9FieldSpec8nullable
FN:89,_RNvMs_NtCs5Eq0Q2xyf2z_9connector6schemaNtB4_19SchemaChangeRequest12update_field
FN:79,_RNvMs_NtCs5Eq0Q2xyf2z_9connector6schemaNtB4_19SchemaChangeRequest9add_field
FNDA:5,_RINvMNtCs5Eq0Q2xyf2z_9connector6schemaNtB3_9FieldSpec3newReEB5_
FNDA:1,_RINvMs_NtCs5Eq0Q2xyf2z_9connector6schemaNtB5_19SchemaChangeRequest12remove_fieldReEB7_
FNDA:1,_RINvMs_NtCs5Eq0Q2xyf2z_9connector6schemaNtB5_19SchemaChangeRequest3newReEB7_
FNDA:1,_RNvMNtCs5Eq0Q2xyf2z_9connector6schemaNtB2_9FieldSpec11primary_key
FNDA:2,_RNvMNtCs5Eq0Q2xyf2z_9connector6schemaNtB2_9FieldSpec7indexed
FNDA:2,_RNvMNtCs5Eq0Q2xyf2z_9connector6schemaNtB2_9FieldSpec8nullable
FNDA:1,_RNvMs_NtCs5Eq0Q2xyf2z_9connector6schemaNtB4_19SchemaChangeRequest12update_field
FNDA:1,_RNvMs_NtCs5Eq0Q2xyf2z_9connector6schemaNtB4_19SchemaChangeRequest9add_field
FNF:8
FNH:8
DA:26,5
DA:27,5
DA:28,5
DA:29,5
DA:30,5
DA:31,5
DA:32,5
DA:33,5
DA:34,5
DA:35,5
DA:37,2
DA:38,2
DA:39,2
DA:40,2
DA:42,2
DA:43,2
DA:44,2
DA:45,2
DA:47,1
DA:48,1
DA:49,1
DA:50,1
DA:70,1
DA:71,1
DA:72,1
DA:73,1
DA:74,1
DA:75,1
DA:76,1
DA:77,1
DA:79,1
DA:80,1
DA:81,1
DA:82,1
DA:84,1
DA:85,1
DA:86,1
DA:87,1
DA:89,1
DA:90,1
DA:91,1
DA:92,1
BRF:0
BRH:0
LF:42
LH:42
end_of_record
SF:/Users/samcolak/Source Code/rust/distdb/distdb/connector/src/schema_test.rs
FN:12,_RNvNtNtCs5Eq0Q2xyf2z_9connector6schema5testss_29field_spec_builder_sets_flags
FN:19,_RNvNtNtCs5Eq0Q2xyf2z_9connector6schema5testss_35field_spec_builder_sets_primary_key
FN:25,_RNvNtNtCs5Eq0Q2xyf2z_9connector6schema5testss_49schema_change_request_builder_collects_operations
FN:4,_RNvNtNtCs5Eq0Q2xyf2z_9connector6schema5testss_55field_spec_builder_defaults_to_non_nullable_non_indexed
FNDA:1,_RNvNtNtCs5Eq0Q2xyf2z_9connector6schema5testss_29field_spec_builder_sets_flags
FNDA:1,_RNvNtNtCs5Eq0Q2xyf2z_9connector6schema5testss_35field_spec_builder_sets_primary_key
FNDA:1,_RNvNtNtCs5Eq0Q2xyf2z_9connector6schema5testss_49schema_change_request_builder_collects_operations
FNDA:1,_RNvNtNtCs5Eq0Q2xyf2z_9connector6schema5testss_55field_spec_builder_defaults_to_non_nullable_non_indexed
FNF:4
FNH:4
DA:4,1
DA:5,1
DA:6,1
DA:7,1
DA:8,1
DA:9,1
DA:12,1
DA:13,1
DA:14,1
DA:15,1
DA:16,1
DA:19,1
DA:20,1
DA:21,1
DA:22,1
DA:25,1
DA:26,1
DA:27,1
DA:28,1
DA:29,1
DA:31,1
DA:32,1
DA:33,1
DA:34,1
DA:35,1
BRF:0
BRH:0
LF:25
LH:25
end_of_record