SF:/Users/samcolak/Source Code/rust/distdb/distdb/peerlib/src/connector/runtime.rs
FN:86,_RINvMNtNtCs6k5zZnzv0XO_7peerlib9connector7runtimeNtB3_19ConnectorP2pRuntime14run_swarm_loopNtNtB3_5tests15StubSwarmSourceEB7_
FN:134,_RNCNvMNtNtCs6k5zZnzv0XO_7peerlib9connector7runtimeNtB4_19ConnectorP2pRuntime12handle_event0B8_
FN:104,_RNvMNtNtCs6k5zZnzv0XO_7peerlib9connector7runtimeNtB2_19ConnectorP2pRuntime12handle_event
FN:38,_RNvMNtNtCs6k5zZnzv0XO_7peerlib9connector7runtimeNtB2_19ConnectorP2pRuntime3new
FN:67,_RNvMNtNtCs6k5zZnzv0XO_7peerlib9connector7runtimeNtB2_19ConnectorP2pRuntime8run_loop
FN:55,_RNvMNtNtCs6k5zZnzv0XO_7peerlib9connector7runtimeNtB2_19ConnectorP2pRuntime9transport
FN:51,_RNvMNtNtCs6k5zZnzv0XO_7peerlib9connector7runtimeNtB2_19ConnectorP2pRuntime10is_running
FN:59,_RNvMNtNtCs6k5zZnzv0XO_7peerlib9connector7runtimeNtB2_19ConnectorP2pRuntime13transport_mut
FN:63,_RNvMNtNtCs6k5zZnzv0XO_7peerlib9connector7runtimeNtB2_19ConnectorP2pRuntime14into_transport
FN:46,_RNvMNtNtCs6k5zZnzv0XO_7peerlib9connector7runtimeNtB2_19ConnectorP2pRuntime14with_idle_wait
FNDA:1,_RINvMNtNtCs6k5zZnzv0XO_7peerlib9connector7runtimeNtB3_19ConnectorP2pRuntime14run_swarm_loopNtNtB3_5tests15StubSwarmSourceEB7_
FNDA:1,_RNCNvMNtNtCs6k5zZnzv0XO_7peerlib9connector7runtimeNtB4_19ConnectorP2pRuntime12handle_event0B8_
FNDA:6,_RNvMNtNtCs6k5zZnzv0XO_7peerlib9connector7runtimeNtB2_19ConnectorP2pRuntime12handle_event
FNDA:3,_RNvMNtNtCs6k5zZnzv0XO_7peerlib9connector7runtimeNtB2_19ConnectorP2pRuntime3new
FNDA:1,_RNvMNtNtCs6k5zZnzv0XO_7peerlib9connector7runtimeNtB2_19ConnectorP2pRuntime8run_loop
FNDA:3,_RNvMNtNtCs6k5zZnzv0XO_7peerlib9connector7runtimeNtB2_19ConnectorP2pRuntime9transport
FNDA:0,_RNvMNtNtCs6k5zZnzv0XO_7peerlib9connector7runtimeNtB2_19ConnectorP2pRuntime10is_running
FNDA:0,_RNvMNtNtCs6k5zZnzv0XO_7peerlib9connector7runtimeNtB2_19ConnectorP2pRuntime13transport_mut
FNDA:0,_RNvMNtNtCs6k5zZnzv0XO_7peerlib9connector7runtimeNtB2_19ConnectorP2pRuntime14into_transport
FNDA:0,_RNvMNtNtCs6k5zZnzv0XO_7peerlib9connector7runtimeNtB2_19ConnectorP2pRuntime14with_idle_wait
FNF:10
FNH:6
DA:38,3
DA:39,3
DA:40,3
DA:41,3
DA:42,3
DA:43,3
DA:44,3
DA:46,0
DA:47,0
DA:48,0
DA:49,0
DA:51,0
DA:52,0
DA:53,0
DA:55,3
DA:56,3
DA:57,3
DA:59,0
DA:60,0
DA:61,0
DA:63,0
DA:64,0
DA:65,0
DA:67,1
DA:69,1
DA:71,4
DA:72,3
DA:73,3
DA:74,3
DA:76,0
DA:77,0
DA:81,1
DA:82,1
DA:84,1
DA:86,1
DA:88,1
DA:90,3
DA:91,2
DA:92,2
DA:93,2
DA:95,0
DA:99,1
DA:100,1
DA:102,1
DA:104,6
DA:106,6
DA:108,2
DA:109,2
DA:110,2
DA:113,0
DA:115,2
DA:116,2
DA:119,1
DA:120,1
DA:125,1
DA:126,1
DA:130,1
DA:131,1
DA:133,1
DA:134,1
DA:135,1
DA:136,1
DA:137,1
DA:141,2
DA:142,2
DA:143,2
DA:148,6
BRF:0
BRH:0
LF:68
LH:51
end_of_record
SF:/Users/samcolak/Source Code/rust/distdb/distdb/peerlib/src/connector/runtime_test.rs
FN:73,_RNvNtNtNtCs6k5zZnzv0XO_7peerlib9connector7runtime5testss_33runtime_can_run_from_swarm_source
FN:98,_RNvNtNtNtCs6k5zZnzv0XO_7peerlib9connector7runtime5testss_37runtime_returns_error_for_error_event
FN:26,_RNvNtNtNtCs6k5zZnzv0XO_7peerlib9connector7runtime5testss_42runtime_processes_peer_and_response_events
FN:16,_RNvXNtNtNtCs6k5zZnzv0XO_7peerlib9connector7runtime5testsNtB2_15StubSwarmSourceNtB4_25ConnectorSwarmEventSource10next_event
FNDA:1,_RNvNtNtNtCs6k5zZnzv0XO_7peerlib9connector7runtime5testss_33runtime_can_run_from_swarm_source
FNDA:1,_RNvNtNtNtCs6k5zZnzv0XO_7peerlib9connector7runtime5testss_37runtime_returns_error_for_error_event
FNDA:1,_RNvNtNtNtCs6k5zZnzv0XO_7peerlib9connector7runtime5testss_42runtime_processes_peer_and_response_events
FNDA:2,_RNvXNtNtNtCs6k5zZnzv0XO_7peerlib9connector7runtime5testsNtB2_15StubSwarmSourceNtB4_25ConnectorSwarmEventSource10next_event
FNF:4
FNH:4
DA:16,2
DA:17,2
DA:18,0
DA:20,2
DA:22,2
DA:26,1
DA:28,1
DA:29,1
DA:30,1
DA:33,1
DA:35,1
DA:37,1
DA:38,1
DA:39,1
DA:40,1
DA:41,1
DA:42,1
DA:44,1
DA:45,1
DA:46,1
DA:47,1
DA:48,1
DA:49,1
DA:51,1
DA:52,1
DA:54,1
DA:56,1
DA:58,1
DA:59,1
DA:60,1
DA:63,1
DA:64,1
DA:65,1
DA:66,1
DA:68,1
DA:69,1
DA:70,1
DA:73,1
DA:74,1
DA:75,1
DA:76,1
DA:78,1
DA:80,1
DA:81,1
DA:82,1
DA:83,1
DA:84,1
DA:85,1
DA:86,1
DA:87,1
DA:88,1
DA:89,1
DA:91,1
DA:92,1
DA:93,1
DA:94,1
DA:95,1
DA:98,1
DA:99,1
DA:100,1
DA:101,1
DA:103,1
DA:105,1
DA:106,1
DA:107,1
DA:108,1
DA:110,1
DA:111,1
BRF:0
BRH:0
LF:68
LH:67
end_of_record
SF:/Users/samcolak/Source Code/rust/distdb/distdb/peerlib/src/connector/transport.rs
FN:143,_RNvMNtNtCs6k5zZnzv0XO_7peerlib9connector9transportNtB2_18ConnectorP2pConfig13with_tls_mode
FN:138,_RNvMNtNtCs6k5zZnzv0XO_7peerlib9connector9transportNtB2_18ConnectorP2pConfig20with_bootstrap_peers
FN:246,_RNvMs2_NtNtCs6k5zZnzv0XO_7peerlib9connector9transportNtB5_19ConnectorWireStream12set_timeouts
FN:550,_RNvMs3_NtNtCs6k5zZnzv0XO_7peerlib9connector9transportNtB5_21ConnectorP2pTransport10session_id
FN:421,_RNvMs3_NtNtCs6k5zZnzv0XO_7peerlib9connector9transportNtB5_21ConnectorP2pTransport11active_peer
FN:332,_RNvMs3_NtNtCs6k5zZnzv0XO_7peerlib9connector9transportNtB5_21ConnectorP2pTransport11upsert_peer
FN:303,_RNvMs3_NtNtCs6k5zZnzv0XO_7peerlib9connector9transportNtB5_21ConnectorP2pTransport13cached_ca_pem
FN:398,_RNvMs3_NtNtCs6k5zZnzv0XO_7peerlib9connector9transportNtB5_21ConnectorP2pTransport14active_peer_id
FN:312,_RNvMs3_NtNtCs6k5zZnzv0XO_7peerlib9connector9transportNtB5_21ConnectorP2pTransport14discovery_mode
FN:431,_RNvMs3_NtNtCs6k5zZnzv0XO_7peerlib9connector9transportNtB5_21ConnectorP2pTransport14queue_response
FN:386,_RNvMs3_NtNtCs6k5zZnzv0XO_7peerlib9connector9transportNtB5_21ConnectorP2pTransport16discovered_peers
FN:468,_RNvMs3_NtNtCs6k5zZnzv0XO_7peerlib9connector9transportNtB5_21ConnectorP2pTransport19connect_active_peer
FN:461,_RNvMs3_NtNtCs6k5zZnzv0XO_7peerlib9connector9transportNtB5_21ConnectorP2pTransport19has_live_connection
FN:566,_RNvMs3_NtNtCs6k5zZnzv0XO_7peerlib9connector9transportNtB5_21ConnectorP2pTransport21clear_live_connection
FN:290,_RNvMs3_NtNtCs6k5zZnzv0XO_7peerlib9connector9transportNtB5_21ConnectorP2pTransport3new
FN:984,_RNvNtNtCs6k5zZnzv0XO_7peerlib9connector9transport18connect_tls_stream
FN:1299,_RNvNtNtCs6k5zZnzv0XO_7peerlib9connector9transport18extract_session_id
FN:867,_RNvNtNtCs6k5zZnzv0XO_7peerlib9connector9transport18send_request_frame
FN:909,_RNvNtNtCs6k5zZnzv0XO_7peerlib9connector9transport19load_tls_root_store
FN:1237,_RNvNtNtCs6k5zZnzv0XO_7peerlib9connector9transport19normalize_peer_addr
FN:890,_RNvNtNtCs6k5zZnzv0XO_7peerlib9connector9transport19read_response_frame
FN:1033,_RNvNtNtCs6k5zZnzv0XO_7peerlib9connector9transport20connect_plain_stream
FN:670,_RNvNtNtCs6k5zZnzv0XO_7peerlib9connector9transport21send_request_over_tcp
FN:700,_RNvNtNtCs6k5zZnzv0XO_7peerlib9connector9transport22ensure_live_connection
FN:1078,_RNvNtNtCs6k5zZnzv0XO_7peerlib9connector9transport22fetch_ca_pem_from_peer
FN:1220,_RNvNtNtCs6k5zZnzv0XO_7peerlib9connector9transport23read_len_prefixed_frame
FN:1051,_RNvNtNtCs6k5zZnzv0XO_7peerlib9connector9transport24connect_connector_stream
FN:1261,_RNvNtNtCs6k5zZnzv0XO_7peerlib9connector9transport24connect_tcp_with_timeout
FN:79,_RNvNtNtCs6k5zZnzv0XO_7peerlib9connector9transport25try_load_local_dev_ca_pem
FN:1119,_RNvNtNtCs6k5zZnzv0XO_7peerlib9connector9transport27fetch_ca_pem_from_peer_once
FN:919,_RNvNtNtCs6k5zZnzv0XO_7peerlib9connector9transport28load_tls_root_store_from_pem
FN:959,_RNvNtNtCs6k5zZnzv0XO_7peerlib9connector9transport28server_name_from_socket_addr
FN:43,_RNvNtNtCs6k5zZnzv0XO_7peerlib9connector9transport29connector_stream_timeout_secs
FN:1324,_RNvNtNtCs6k5zZnzv0XO_7peerlib9connector9transport29generate_shared_session_token
FN:67,_RNvNtNtCs6k5zZnzv0XO_7peerlib9connector9transport29is_local_loopback_socket_addr
FN:35,_RNvNtNtCs6k5zZnzv0XO_7peerlib9connector9transport30connector_connect_timeout_secs
FN:51,_RNvNtNtCs6k5zZnzv0XO_7peerlib9connector9transport32connector_handshake_timeout_secs
FN:59,_RNvNtNtCs6k5zZnzv0XO_7peerlib9connector9transport35connector_ca_bootstrap_timeout_secs
FN:202,_RNvXs0_NtNtCs6k5zZnzv0XO_7peerlib9connector9transportNtB5_19ConnectorWireStreamNtNtCs106jutQF6X5_3std2io4Read4read
FN:230,_RNvXs1_NtNtCs6k5zZnzv0XO_7peerlib9connector9transportNtB5_19ConnectorWireStreamNtNtCs106jutQF6X5_3std2io5Write5flush
FN:218,_RNvXs1_NtNtCs6k5zZnzv0XO_7peerlib9connector9transportNtB5_19ConnectorWireStreamNtNtCs106jutQF6X5_3std2io5Write5write
FN:583,_RNvXs4_NtNtCs6k5zZnzv0XO_7peerlib9connector9transportNtB5_21ConnectorP2pTransportNtNtNtCscsBHwbLDh8W_9connector4core6client18ConnectorTransport7request
FN:148,_RINvMNtNtCs6k5zZnzv0XO_7peerlib9connector9transportNtB3_18ConnectorP2pConfig16with_tls_ca_pathpEB7_
FN:539,_RNCNvMs3_NtNtCs6k5zZnzv0XO_7peerlib9connector9transportNtB7_21ConnectorP2pTransport18session_auth_token0Bb_
FN:457,_RNCNvMs3_NtNtCs6k5zZnzv0XO_7peerlib9connector9transportNtB7_21ConnectorP2pTransport21queued_response_count0Bb_
FN:520,_RNCNvMs3_NtNtCs6k5zZnzv0XO_7peerlib9connector9transportNtB7_21ConnectorP2pTransport22set_session_auth_token0Bb_
FN:503,_RNCNvMs3_NtNtCs6k5zZnzv0XO_7peerlib9connector9transportNtB7_21ConnectorP2pTransport30set_active_connection_timeouts0Bb_
FN:394,_RNvMs3_NtNtCs6k5zZnzv0XO_7peerlib9connector9transportNtB5_21ConnectorP2pTransport11known_peers
FN:328,_RNvMs3_NtNtCs6k5zZnzv0XO_7peerlib9connector9transportNtB5_21ConnectorP2pTransport11tls_ca_path
FN:320,_RNvMs3_NtNtCs6k5zZnzv0XO_7peerlib9connector9transportNtB5_21ConnectorP2pTransport15bootstrap_peers
FN:534,_RNvMs3_NtNtCs6k5zZnzv0XO_7peerlib9connector9transportNtB5_21ConnectorP2pTransport18session_auth_token
FN:454,_RNvMs3_NtNtCs6k5zZnzv0XO_7peerlib9connector9transportNtB5_21ConnectorP2pTransport21queued_response_count
FN:490,_RNvMs3_NtNtCs6k5zZnzv0XO_7peerlib9connector9transportNtB5_21ConnectorP2pTransport22disconnect_active_peer
FN:515,_RNvMs3_NtNtCs6k5zZnzv0XO_7peerlib9connector9transportNtB5_21ConnectorP2pTransport22set_session_auth_token
FN:494,_RNvMs3_NtNtCs6k5zZnzv0XO_7peerlib9connector9transportNtB5_21ConnectorP2pTransport30set_active_connection_timeouts
FN:316,_RNvMs3_NtNtCs6k5zZnzv0XO_7peerlib9connector9transportNtB5_21ConnectorP2pTransport8protocol
FN:324,_RNvMs3_NtNtCs6k5zZnzv0XO_7peerlib9connector9transportNtB5_21ConnectorP2pTransport8tls_mode
FN:186,_RNvXs_NtNtCs6k5zZnzv0XO_7peerlib9connector9transportNtB4_19ConnectorWireStreamNtNtCsaTNopw4qKPP_4core3fmt5Debug3fmt
FN:130,_RINvMNtNtCs6k5zZnzv0XO_7peerlib9connector9transportNtB3_18ConnectorP2pConfig3newReEB7_
FN:402,_RINvMs3_NtNtCs6k5zZnzv0XO_7peerlib9connector9transportNtB6_21ConnectorP2pTransport11select_peerReEBa_
FN:924,_RINvNtNtCs6k5zZnzv0XO_7peerlib9connector9transport31load_tls_root_store_from_readerINtNtNtCsaTNopw4qKPP_4core2io6cursor6CursorRShEEB6_
FN:924,_RINvNtNtCs6k5zZnzv0XO_7peerlib9connector9transport31load_tls_root_store_from_readerNtNtCs106jutQF6X5_3std2fs4FileEB6_
FN:931,_RNCINvNtNtCs6k5zZnzv0XO_7peerlib9connector9transport31load_tls_root_store_from_readerINtNtNtCsaTNopw4qKPP_4core2io6cursor6CursorRShEE0B8_
FN:947,_RNCINvNtNtCs6k5zZnzv0XO_7peerlib9connector9transport31load_tls_root_store_from_readerINtNtNtCsaTNopw4qKPP_4core2io6cursor6CursorRShEEs_0B8_
FN:931,_RNCINvNtNtCs6k5zZnzv0XO_7peerlib9connector9transport31load_tls_root_store_from_readerNtNtCs106jutQF6X5_3std2fs4FileE0B8_
FN:947,_RNCINvNtNtCs6k5zZnzv0XO_7peerlib9connector9transport31load_tls_root_store_from_readerNtNtCs106jutQF6X5_3std2fs4FileEs_0B8_
FN:352,_RNCNCNCNvMs3_NtNtCs6k5zZnzv0XO_7peerlib9connector9transportNtBb_21ConnectorP2pTransport11upsert_peer000Bf_
FN:352,_RNCNCNvMs3_NtNtCs6k5zZnzv0XO_7peerlib9connector9transportNtB9_21ConnectorP2pTransport11upsert_peer00Bd_
FN:258,_RNCNvMs2_NtNtCs6k5zZnzv0XO_7peerlib9connector9transportNtB7_19ConnectorWireStream12set_timeouts0Bb_
FN:273,_RNCNvMs2_NtNtCs6k5zZnzv0XO_7peerlib9connector9transportNtB7_19ConnectorWireStream12set_timeoutss0_0Bb_
FN:276,_RNCNvMs2_NtNtCs6k5zZnzv0XO_7peerlib9connector9transportNtB7_19ConnectorWireStream12set_timeoutss1_0Bb_
FN:262,_RNCNvMs2_NtNtCs6k5zZnzv0XO_7peerlib9connector9transportNtB7_19ConnectorWireStream12set_timeoutss_0Bb_
FN:555,_RNCNvMs3_NtNtCs6k5zZnzv0XO_7peerlib9connector9transportNtB7_21ConnectorP2pTransport10session_id0Bb_
FN:425,_RNCNvMs3_NtNtCs6k5zZnzv0XO_7peerlib9connector9transportNtB7_21ConnectorP2pTransport11active_peer0Bb_
FN:346,_RNCNvMs3_NtNtCs6k5zZnzv0XO_7peerlib9connector9transportNtB7_21ConnectorP2pTransport11upsert_peer0Bb_
FN:360,_RNCNvMs3_NtNtCs6k5zZnzv0XO_7peerlib9connector9transportNtB7_21ConnectorP2pTransport11upsert_peers0_0Bb_
FN:355,_RNCNvMs3_NtNtCs6k5zZnzv0XO_7peerlib9connector9transportNtB7_21ConnectorP2pTransport11upsert_peers_0Bb_
FN:308,_RNCNvMs3_NtNtCs6k5zZnzv0XO_7peerlib9connector9transportNtB7_21ConnectorP2pTransport13cached_ca_pem0Bb_
FN:464,_RNCNvMs3_NtNtCs6k5zZnzv0XO_7peerlib9connector9transportNtB7_21ConnectorP2pTransport19has_live_connection0Bb_
FN:993,_RNCNvNtNtCs6k5zZnzv0XO_7peerlib9connector9transport18connect_tls_stream0B7_
FN:1013,_RNCNvNtNtCs6k5zZnzv0XO_7peerlib9connector9transport18connect_tls_streams0_0B7_
FN:1016,_RNCNvNtNtCs6k5zZnzv0XO_7peerlib9connector9transport18connect_tls_streams1_0B7_
FN:1019,_RNCNvNtNtCs6k5zZnzv0XO_7peerlib9connector9transport18connect_tls_streams2_0B7_
FN:1026,_RNCNvNtNtCs6k5zZnzv0XO_7peerlib9connector9transport18connect_tls_streams3_0B7_
FN:1010,_RNCNvNtNtCs6k5zZnzv0XO_7peerlib9connector9transport18connect_tls_streams_0B7_
FN:872,_RNCNvNtNtCs6k5zZnzv0XO_7peerlib9connector9transport18send_request_frame0B7_
FN:880,_RNCNvNtNtCs6k5zZnzv0XO_7peerlib9connector9transport18send_request_frames0_0B7_
FN:884,_RNCNvNtNtCs6k5zZnzv0XO_7peerlib9connector9transport18send_request_frames1_0B7_
FN:879,_RNCNvNtNtCs6k5zZnzv0XO_7peerlib9connector9transport18send_request_frames_0B7_
FN:911,_RNCNvNtNtCs6k5zZnzv0XO_7peerlib9connector9transport19load_tls_root_store0B7_
FN:895,_RNCNvNtNtCs6k5zZnzv0XO_7peerlib9connector9transport19read_response_frame0B7_
FN:905,_RNCNvNtNtCs6k5zZnzv0XO_7peerlib9connector9transport19read_response_frames0_0B7_
FN:902,_RNCNvNtNtCs6k5zZnzv0XO_7peerlib9connector9transport19read_response_frames_0B7_
FN:1039,_RNCNvNtNtCs6k5zZnzv0XO_7peerlib9connector9transport20connect_plain_stream0B7_
FN:1045,_RNCNvNtNtCs6k5zZnzv0XO_7peerlib9connector9transport20connect_plain_streams0_0B7_
FN:1042,_RNCNvNtNtCs6k5zZnzv0XO_7peerlib9connector9transport20connect_plain_streams_0B7_
FN:681,_RNCNvNtNtCs6k5zZnzv0XO_7peerlib9connector9transport21send_request_over_tcp0B7_
FN:708,_RNCNvNtNtCs6k5zZnzv0XO_7peerlib9connector9transport22ensure_live_connection0B7_
FN:712,_RNCNvNtNtCs6k5zZnzv0XO_7peerlib9connector9transport22ensure_live_connections_0B7_
FN:1111,_RNCNvNtNtCs6k5zZnzv0XO_7peerlib9connector9transport22fetch_ca_pem_from_peer0B7_
FN:1223,_RNCNvNtNtCs6k5zZnzv0XO_7peerlib9connector9transport23read_len_prefixed_frame0B7_
FN:1229,_RNCNvNtNtCs6k5zZnzv0XO_7peerlib9connector9transport23read_len_prefixed_frames_0B7_
FN:1267,_RNCNvNtNtCs6k5zZnzv0XO_7peerlib9connector9transport24connect_tcp_with_timeout0B7_
FN:1291,_RNCNvNtNtCs6k5zZnzv0XO_7peerlib9connector9transport24connect_tcp_with_timeouts0_0B7_
FN:1290,_RNCNvNtNtCs6k5zZnzv0XO_7peerlib9connector9transport24connect_tcp_with_timeouts_0B7_
FN:1124,_RNCNvNtNtCs6k5zZnzv0XO_7peerlib9connector9transport27fetch_ca_pem_from_peer_once0B7_
FN:1132,_RNCNvNtNtCs6k5zZnzv0XO_7peerlib9connector9transport27fetch_ca_pem_from_peer_onces0_0B7_
FN:1134,_RNCNvNtNtCs6k5zZnzv0XO_7peerlib9connector9transport27fetch_ca_pem_from_peer_onces1_0B7_
FN:1148,_RNCNvNtNtCs6k5zZnzv0XO_7peerlib9connector9transport27fetch_ca_pem_from_peer_onces2_0B7_
FN:1149,_RNCNvNtNtCs6k5zZnzv0XO_7peerlib9connector9transport27fetch_ca_pem_from_peer_onces3_0B7_
FN:1152,_RNCNvNtNtCs6k5zZnzv0XO_7peerlib9connector9transport27fetch_ca_pem_from_peer_onces4_0B7_
FN:1190,_RNCNvNtNtCs6k5zZnzv0XO_7peerlib9connector9transport27fetch_ca_pem_from_peer_onces5_0B7_
FN:1207,_RNCNvNtNtCs6k5zZnzv0XO_7peerlib9connector9transport27fetch_ca_pem_from_peer_onces6_0B7_
FN:1165,_RNCNvNtNtCs6k5zZnzv0XO_7peerlib9connector9transport27fetch_ca_pem_from_peer_onces7_0B7_
FN:1182,_RNCNvNtNtCs6k5zZnzv0XO_7peerlib9connector9transport27fetch_ca_pem_from_peer_onces8_0B7_
FN:1130,_RNCNvNtNtCs6k5zZnzv0XO_7peerlib9connector9transport27fetch_ca_pem_from_peer_onces_0B7_
FN:978,_RNCNvNtNtCs6k5zZnzv0XO_7peerlib9connector9transport28server_name_from_socket_addrs_0B7_
FN:46,_RNCNvNtNtCs6k5zZnzv0XO_7peerlib9connector9transport29connector_stream_timeout_secs0B7_
FN:47,_RNCNvNtNtCs6k5zZnzv0XO_7peerlib9connector9transport29connector_stream_timeout_secss_0B7_
FN:38,_RNCNvNtNtCs6k5zZnzv0XO_7peerlib9connector9transport30connector_connect_timeout_secs0B7_
FN:39,_RNCNvNtNtCs6k5zZnzv0XO_7peerlib9connector9transport30connector_connect_timeout_secss_0B7_
FN:54,_RNCNvNtNtCs6k5zZnzv0XO_7peerlib9connector9transport32connector_handshake_timeout_secs0B7_
FN:55,_RNCNvNtNtCs6k5zZnzv0XO_7peerlib9connector9transport32connector_handshake_timeout_secss_0B7_
FN:62,_RNCNvNtNtCs6k5zZnzv0XO_7peerlib9connector9transport35connector_ca_bootstrap_timeout_secs0B7_
FN:63,_RNCNvNtNtCs6k5zZnzv0XO_7peerlib9connector9transport35connector_ca_bootstrap_timeout_secss_0B7_
FN:646,_RNCNvXs4_NtNtCs6k5zZnzv0XO_7peerlib9connector9transportNtB7_21ConnectorP2pTransportNtNtNtCscsBHwbLDh8W_9connector4core6client18ConnectorTransport7request0Bb_
FN:648,_RNCNvXs4_NtNtCs6k5zZnzv0XO_7peerlib9connector9transportNtB7_21ConnectorP2pTransportNtNtNtCscsBHwbLDh8W_9connector4core6client18ConnectorTransport7requests_0Bb_
FNDA:4,_RNvMNtNtCs6k5zZnzv0XO_7peerlib9connector9transportNtB2_18ConnectorP2pConfig13with_tls_mode
FNDA:4,_RNvMNtNtCs6k5zZnzv0XO_7peerlib9connector9transportNtB2_18ConnectorP2pConfig20with_bootstrap_peers
FNDA:6,_RNvMs2_NtNtCs6k5zZnzv0XO_7peerlib9connector9transportNtB5_19ConnectorWireStream12set_timeouts
FNDA:1,_RNvMs3_NtNtCs6k5zZnzv0XO_7peerlib9connector9transportNtB5_21ConnectorP2pTransport10session_id
FNDA:6,_RNvMs3_NtNtCs6k5zZnzv0XO_7peerlib9connector9transportNtB5_21ConnectorP2pTransport11active_peer
FNDA:13,_RNvMs3_NtNtCs6k5zZnzv0XO_7peerlib9connector9transportNtB5_21ConnectorP2pTransport11upsert_peer
FNDA:4,_RNvMs3_NtNtCs6k5zZnzv0XO_7peerlib9connector9transportNtB5_21ConnectorP2pTransport13cached_ca_pem
FNDA:7,_RNvMs3_NtNtCs6k5zZnzv0XO_7peerlib9connector9transportNtB5_21ConnectorP2pTransport14active_peer_id
FNDA:1,_RNvMs3_NtNtCs6k5zZnzv0XO_7peerlib9connector9transportNtB5_21ConnectorP2pTransport14discovery_mode
FNDA:2,_RNvMs3_NtNtCs6k5zZnzv0XO_7peerlib9connector9transportNtB5_21ConnectorP2pTransport14queue_response
FNDA:3,_RNvMs3_NtNtCs6k5zZnzv0XO_7peerlib9connector9transportNtB5_21ConnectorP2pTransport16discovered_peers
FNDA:4,_RNvMs3_NtNtCs6k5zZnzv0XO_7peerlib9connector9transportNtB5_21ConnectorP2pTransport19connect_active_peer
FNDA:7,_RNvMs3_NtNtCs6k5zZnzv0XO_7peerlib9connector9transportNtB5_21ConnectorP2pTransport19has_live_connection
FNDA:1,_RNvMs3_NtNtCs6k5zZnzv0XO_7peerlib9connector9transportNtB5_21ConnectorP2pTransport21clear_live_connection
FNDA:14,_RNvMs3_NtNtCs6k5zZnzv0XO_7peerlib9connector9transportNtB5_21ConnectorP2pTransport3new
FNDA:0,_RNvNtNtCs6k5zZnzv0XO_7peerlib9connector9transport18connect_tls_stream
FNDA:5,_RNvNtNtCs6k5zZnzv0XO_7peerlib9connector9transport18extract_session_id
FNDA:2,_RNvNtNtCs6k5zZnzv0XO_7peerlib9connector9transport18send_request_frame
FNDA:0,_RNvNtNtCs6k5zZnzv0XO_7peerlib9connector9transport19load_tls_root_store
FNDA:8,_RNvNtNtCs6k5zZnzv0XO_7peerlib9connector9transport19normalize_peer_addr
FNDA:6,_RNvNtNtCs6k5zZnzv0XO_7peerlib9connector9transport19read_response_frame
FNDA:4,_RNvNtNtCs6k5zZnzv0XO_7peerlib9connector9transport20connect_plain_stream
FNDA:2,_RNvNtNtCs6k5zZnzv0XO_7peerlib9connector9transport21send_request_over_tcp
FNDA:6,_RNvNtNtCs6k5zZnzv0XO_7peerlib9connector9transport22ensure_live_connection
FNDA:2,_RNvNtNtCs6k5zZnzv0XO_7peerlib9connector9transport22fetch_ca_pem_from_peer
FNDA:3,_RNvNtNtCs6k5zZnzv0XO_7peerlib9connector9transport23read_len_prefixed_frame
FNDA:4,_RNvNtNtCs6k5zZnzv0XO_7peerlib9connector9transport24connect_connector_stream
FNDA:6,_RNvNtNtCs6k5zZnzv0XO_7peerlib9connector9transport24connect_tcp_with_timeout
FNDA:0,_RNvNtNtCs6k5zZnzv0XO_7peerlib9connector9transport25try_load_local_dev_ca_pem
FNDA:2,_RNvNtNtCs6k5zZnzv0XO_7peerlib9connector9transport27fetch_ca_pem_from_peer_once
FNDA:0,_RNvNtNtCs6k5zZnzv0XO_7peerlib9connector9transport28load_tls_root_store_from_pem
FNDA:3,_RNvNtNtCs6k5zZnzv0XO_7peerlib9connector9transport28server_name_from_socket_addr
FNDA:8,_RNvNtNtCs6k5zZnzv0XO_7peerlib9connector9transport29connector_stream_timeout_secs
FNDA:4,_RNvNtNtCs6k5zZnzv0XO_7peerlib9connector9transport29generate_shared_session_token
FNDA:0,_RNvNtNtCs6k5zZnzv0XO_7peerlib9connector9transport29is_local_loopback_socket_addr
FNDA:8,_RNvNtNtCs6k5zZnzv0XO_7peerlib9connector9transport30connector_connect_timeout_secs
FNDA:6,_RNvNtNtCs6k5zZnzv0XO_7peerlib9connector9transport32connector_handshake_timeout_secs
FNDA:2,_RNvNtNtCs6k5zZnzv0XO_7peerlib9connector9transport35connector_ca_bootstrap_timeout_secs
FNDA:12,_RNvXs0_NtNtCs6k5zZnzv0XO_7peerlib9connector9transportNtB5_19ConnectorWireStreamNtNtCs106jutQF6X5_3std2io4Read4read
FNDA:2,_RNvXs1_NtNtCs6k5zZnzv0XO_7peerlib9connector9transportNtB5_19ConnectorWireStreamNtNtCs106jutQF6X5_3std2io5Write5flush
FNDA:4,_RNvXs1_NtNtCs6k5zZnzv0XO_7peerlib9connector9transportNtB5_19ConnectorWireStreamNtNtCs106jutQF6X5_3std2io5Write5write
FNDA:6,_RNvXs4_NtNtCs6k5zZnzv0XO_7peerlib9connector9transportNtB5_21ConnectorP2pTransportNtNtNtCscsBHwbLDh8W_9connector4core6client18ConnectorTransport7request
FNDA:0,_RINvMNtNtCs6k5zZnzv0XO_7peerlib9connector9transportNtB3_18ConnectorP2pConfig16with_tls_ca_pathpEB7_
FNDA:0,_RNCNvMs3_NtNtCs6k5zZnzv0XO_7peerlib9connector9transportNtB7_21ConnectorP2pTransport18session_auth_token0Bb_
FNDA:0,_RNCNvMs3_NtNtCs6k5zZnzv0XO_7peerlib9connector9transportNtB7_21ConnectorP2pTransport21queued_response_count0Bb_
FNDA:0,_RNCNvMs3_NtNtCs6k5zZnzv0XO_7peerlib9connector9transportNtB7_21ConnectorP2pTransport22set_session_auth_token0Bb_
FNDA:0,_RNCNvMs3_NtNtCs6k5zZnzv0XO_7peerlib9connector9transportNtB7_21ConnectorP2pTransport30set_active_connection_timeouts0Bb_
FNDA:0,_RNvMs3_NtNtCs6k5zZnzv0XO_7peerlib9connector9transportNtB5_21ConnectorP2pTransport11known_peers
FNDA:0,_RNvMs3_NtNtCs6k5zZnzv0XO_7peerlib9connector9transportNtB5_21ConnectorP2pTransport11tls_ca_path
FNDA:0,_RNvMs3_NtNtCs6k5zZnzv0XO_7peerlib9connector9transportNtB5_21ConnectorP2pTransport15bootstrap_peers
FNDA:0,_RNvMs3_NtNtCs6k5zZnzv0XO_7peerlib9connector9transportNtB5_21ConnectorP2pTransport18session_auth_token
FNDA:0,_RNvMs3_NtNtCs6k5zZnzv0XO_7peerlib9connector9transportNtB5_21ConnectorP2pTransport21queued_response_count
FNDA:0,_RNvMs3_NtNtCs6k5zZnzv0XO_7peerlib9connector9transportNtB5_21ConnectorP2pTransport22disconnect_active_peer
FNDA:0,_RNvMs3_NtNtCs6k5zZnzv0XO_7peerlib9connector9transportNtB5_21ConnectorP2pTransport22set_session_auth_token
FNDA:0,_RNvMs3_NtNtCs6k5zZnzv0XO_7peerlib9connector9transportNtB5_21ConnectorP2pTransport30set_active_connection_timeouts
FNDA:0,_RNvMs3_NtNtCs6k5zZnzv0XO_7peerlib9connector9transportNtB5_21ConnectorP2pTransport8protocol
FNDA:0,_RNvMs3_NtNtCs6k5zZnzv0XO_7peerlib9connector9transportNtB5_21ConnectorP2pTransport8tls_mode
FNDA:0,_RNvXs_NtNtCs6k5zZnzv0XO_7peerlib9connector9transportNtB4_19ConnectorWireStreamNtNtCsaTNopw4qKPP_4core3fmt5Debug3fmt
FNDA:14,_RINvMNtNtCs6k5zZnzv0XO_7peerlib9connector9transportNtB3_18ConnectorP2pConfig3newReEB7_
FNDA:1,_RINvMs3_NtNtCs6k5zZnzv0XO_7peerlib9connector9transportNtB6_21ConnectorP2pTransport11select_peerReEBa_
FNDA:0,_RINvNtNtCs6k5zZnzv0XO_7peerlib9connector9transport31load_tls_root_store_from_readerINtNtNtCsaTNopw4qKPP_4core2io6cursor6CursorRShEEB6_
FNDA:0,_RINvNtNtCs6k5zZnzv0XO_7peerlib9connector9transport31load_tls_root_store_from_readerNtNtCs106jutQF6X5_3std2fs4FileEB6_
FNDA:0,_RNCINvNtNtCs6k5zZnzv0XO_7peerlib9connector9transport31load_tls_root_store_from_readerINtNtNtCsaTNopw4qKPP_4core2io6cursor6CursorRShEE0B8_
FNDA:0,_RNCINvNtNtCs6k5zZnzv0XO_7peerlib9connector9transport31load_tls_root_store_from_readerINtNtNtCsaTNopw4qKPP_4core2io6cursor6CursorRShEEs_0B8_
FNDA:0,_RNCINvNtNtCs6k5zZnzv0XO_7peerlib9connector9transport31load_tls_root_store_from_readerNtNtCs106jutQF6X5_3std2fs4FileE0B8_
FNDA:0,_RNCINvNtNtCs6k5zZnzv0XO_7peerlib9connector9transport31load_tls_root_store_from_readerNtNtCs106jutQF6X5_3std2fs4FileEs_0B8_
FNDA:2,_RNCNCNCNvMs3_NtNtCs6k5zZnzv0XO_7peerlib9connector9transportNtBb_21ConnectorP2pTransport11upsert_peer000Bf_
FNDA:2,_RNCNCNvMs3_NtNtCs6k5zZnzv0XO_7peerlib9connector9transportNtB9_21ConnectorP2pTransport11upsert_peer00Bd_
FNDA:0,_RNCNvMs2_NtNtCs6k5zZnzv0XO_7peerlib9connector9transportNtB7_19ConnectorWireStream12set_timeouts0Bb_
FNDA:0,_RNCNvMs2_NtNtCs6k5zZnzv0XO_7peerlib9connector9transportNtB7_19ConnectorWireStream12set_timeoutss0_0Bb_
FNDA:0,_RNCNvMs2_NtNtCs6k5zZnzv0XO_7peerlib9connector9transportNtB7_19ConnectorWireStream12set_timeoutss1_0Bb_
FNDA:0,_RNCNvMs2_NtNtCs6k5zZnzv0XO_7peerlib9connector9transportNtB7_19ConnectorWireStream12set_timeoutss_0Bb_
FNDA:0,_RNCNvMs3_NtNtCs6k5zZnzv0XO_7peerlib9connector9transportNtB7_21ConnectorP2pTransport10session_id0Bb_
FNDA:6,_RNCNvMs3_NtNtCs6k5zZnzv0XO_7peerlib9connector9transportNtB7_21ConnectorP2pTransport11active_peer0Bb_
FNDA:2,_RNCNvMs3_NtNtCs6k5zZnzv0XO_7peerlib9connector9transportNtB7_21ConnectorP2pTransport11upsert_peer0Bb_
FNDA:1,_RNCNvMs3_NtNtCs6k5zZnzv0XO_7peerlib9connector9transportNtB7_21ConnectorP2pTransport11upsert_peers0_0Bb_
FNDA:1,_RNCNvMs3_NtNtCs6k5zZnzv0XO_7peerlib9connector9transportNtB7_21ConnectorP2pTransport11upsert_peers_0Bb_
FNDA:4,_RNCNvMs3_NtNtCs6k5zZnzv0XO_7peerlib9connector9transportNtB7_21ConnectorP2pTransport13cached_ca_pem0Bb_
FNDA:7,_RNCNvMs3_NtNtCs6k5zZnzv0XO_7peerlib9connector9transportNtB7_21ConnectorP2pTransport19has_live_connection0Bb_
FNDA:0,_RNCNvNtNtCs6k5zZnzv0XO_7peerlib9connector9transport18connect_tls_stream0B7_
FNDA:0,_RNCNvNtNtCs6k5zZnzv0XO_7peerlib9connector9transport18connect_tls_streams0_0B7_
FNDA:0,_RNCNvNtNtCs6k5zZnzv0XO_7peerlib9connector9transport18connect_tls_streams1_0B7_
FNDA:0,_RNCNvNtNtCs6k5zZnzv0XO_7peerlib9connector9transport18connect_tls_streams2_0B7_
FNDA:0,_RNCNvNtNtCs6k5zZnzv0XO_7peerlib9connector9transport18connect_tls_streams3_0B7_
FNDA:0,_RNCNvNtNtCs6k5zZnzv0XO_7peerlib9connector9transport18connect_tls_streams_0B7_
FNDA:0,_RNCNvNtNtCs6k5zZnzv0XO_7peerlib9connector9transport18send_request_frame0B7_
FNDA:0,_RNCNvNtNtCs6k5zZnzv0XO_7peerlib9connector9transport18send_request_frames0_0B7_
FNDA:0,_RNCNvNtNtCs6k5zZnzv0XO_7peerlib9connector9transport18send_request_frames1_0B7_
FNDA:2,_RNCNvNtNtCs6k5zZnzv0XO_7peerlib9connector9transport18send_request_frames_0B7_
FNDA:0,_RNCNvNtNtCs6k5zZnzv0XO_7peerlib9connector9transport19load_tls_root_store0B7_
FNDA:0,_RNCNvNtNtCs6k5zZnzv0XO_7peerlib9connector9transport19read_response_frame0B7_
FNDA:2,_RNCNvNtNtCs6k5zZnzv0XO_7peerlib9connector9transport19read_response_frames0_0B7_
FNDA:0,_RNCNvNtNtCs6k5zZnzv0XO_7peerlib9connector9transport19read_response_frames_0B7_
FNDA:0,_RNCNvNtNtCs6k5zZnzv0XO_7peerlib9connector9transport20connect_plain_stream0B7_
FNDA:0,_RNCNvNtNtCs6k5zZnzv0XO_7peerlib9connector9transport20connect_plain_streams0_0B7_
FNDA:0,_RNCNvNtNtCs6k5zZnzv0XO_7peerlib9connector9transport20connect_plain_streams_0B7_
FNDA:0,_RNCNvNtNtCs6k5zZnzv0XO_7peerlib9connector9transport21send_request_over_tcp0B7_
FNDA:0,_RNCNvNtNtCs6k5zZnzv0XO_7peerlib9connector9transport22ensure_live_connection0B7_
FNDA:2,_RNCNvNtNtCs6k5zZnzv0XO_7peerlib9connector9transport22ensure_live_connections_0B7_
FNDA:0,_RNCNvNtNtCs6k5zZnzv0XO_7peerlib9connector9transport22fetch_ca_pem_from_peer0B7_
FNDA:0,_RNCNvNtNtCs6k5zZnzv0XO_7peerlib9connector9transport23read_len_prefixed_frame0B7_
FNDA:0,_RNCNvNtNtCs6k5zZnzv0XO_7peerlib9connector9transport23read_len_prefixed_frames_0B7_
FNDA:0,_RNCNvNtNtCs6k5zZnzv0XO_7peerlib9connector9transport24connect_tcp_with_timeout0B7_
FNDA:0,_RNCNvNtNtCs6k5zZnzv0XO_7peerlib9connector9transport24connect_tcp_with_timeouts0_0B7_
FNDA:0,_RNCNvNtNtCs6k5zZnzv0XO_7peerlib9connector9transport24connect_tcp_with_timeouts_0B7_
FNDA:0,_RNCNvNtNtCs6k5zZnzv0XO_7peerlib9connector9transport27fetch_ca_pem_from_peer_once0B7_
FNDA:0,_RNCNvNtNtCs6k5zZnzv0XO_7peerlib9connector9transport27fetch_ca_pem_from_peer_onces0_0B7_
FNDA:0,_RNCNvNtNtCs6k5zZnzv0XO_7peerlib9connector9transport27fetch_ca_pem_from_peer_onces1_0B7_
FNDA:2,_RNCNvNtNtCs6k5zZnzv0XO_7peerlib9connector9transport27fetch_ca_pem_from_peer_onces2_0B7_
FNDA:0,_RNCNvNtNtCs6k5zZnzv0XO_7peerlib9connector9transport27fetch_ca_pem_from_peer_onces3_0B7_
FNDA:0,_RNCNvNtNtCs6k5zZnzv0XO_7peerlib9connector9transport27fetch_ca_pem_from_peer_onces4_0B7_
FNDA:16,_RNCNvNtNtCs6k5zZnzv0XO_7peerlib9connector9transport27fetch_ca_pem_from_peer_onces5_0B7_
FNDA:16,_RNCNvNtNtCs6k5zZnzv0XO_7peerlib9connector9transport27fetch_ca_pem_from_peer_onces6_0B7_
FNDA:0,_RNCNvNtNtCs6k5zZnzv0XO_7peerlib9connector9transport27fetch_ca_pem_from_peer_onces7_0B7_
FNDA:0,_RNCNvNtNtCs6k5zZnzv0XO_7peerlib9connector9transport27fetch_ca_pem_from_peer_onces8_0B7_
FNDA:0,_RNCNvNtNtCs6k5zZnzv0XO_7peerlib9connector9transport27fetch_ca_pem_from_peer_onces_0B7_
FNDA:0,_RNCNvNtNtCs6k5zZnzv0XO_7peerlib9connector9transport28server_name_from_socket_addrs_0B7_
FNDA:1,_RNCNvNtNtCs6k5zZnzv0XO_7peerlib9connector9transport29connector_stream_timeout_secs0B7_
FNDA:1,_RNCNvNtNtCs6k5zZnzv0XO_7peerlib9connector9transport29connector_stream_timeout_secss_0B7_
FNDA:3,_RNCNvNtNtCs6k5zZnzv0XO_7peerlib9connector9transport30connector_connect_timeout_secs0B7_
FNDA:3,_RNCNvNtNtCs6k5zZnzv0XO_7peerlib9connector9transport30connector_connect_timeout_secss_0B7_
FNDA:1,_RNCNvNtNtCs6k5zZnzv0XO_7peerlib9connector9transport32connector_handshake_timeout_secs0B7_
FNDA:1,_RNCNvNtNtCs6k5zZnzv0XO_7peerlib9connector9transport32connector_handshake_timeout_secss_0B7_
FNDA:0,_RNCNvNtNtCs6k5zZnzv0XO_7peerlib9connector9transport35connector_ca_bootstrap_timeout_secs0B7_
FNDA:0,_RNCNvNtNtCs6k5zZnzv0XO_7peerlib9connector9transport35connector_ca_bootstrap_timeout_secss_0B7_
FNDA:2,_RNCNvXs4_NtNtCs6k5zZnzv0XO_7peerlib9connector9transportNtB7_21ConnectorP2pTransportNtNtNtCscsBHwbLDh8W_9connector4core6client18ConnectorTransport7request0Bb_
FNDA:0,_RNCNvXs4_NtNtCs6k5zZnzv0XO_7peerlib9connector9transportNtB7_21ConnectorP2pTransportNtNtNtCscsBHwbLDh8W_9connector4core6client18ConnectorTransport7requests_0Bb_
FNF:124
FNH:60
DA:35,8
DA:36,8
DA:37,8
DA:38,8
DA:39,8
DA:40,8
DA:41,8
DA:43,8
DA:44,8
DA:45,8
DA:46,8
DA:47,8
DA:48,8
DA:49,8
DA:51,6
DA:52,6
DA:53,6
DA:54,6
DA:55,6
DA:56,6
DA:57,6
DA:59,2
DA:60,2
DA:61,2
DA:62,2
DA:63,2
DA:64,2
DA:65,2
DA:67,0
DA:68,0
DA:69,0
DA:70,0
DA:71,0
DA:72,0
DA:73,0
DA:74,0
DA:76,0
DA:77,0
DA:79,0
DA:80,0
DA:81,0
DA:82,0
DA:84,0
DA:85,0
DA:86,0
DA:87,0
DA:88,0
DA:90,0
DA:91,0
DA:92,0
DA:95,0
DA:96,0
DA:97,0
DA:98,0
DA:100,0
DA:102,0
DA:105,0
DA:108,0
DA:109,0
DA:130,14
DA:131,14
DA:132,14
DA:133,14
DA:134,14
DA:135,14
DA:136,14
DA:138,4
DA:139,4
DA:140,4
DA:141,4
DA:143,4
DA:144,4
DA:145,4
DA:146,4
DA:148,0
DA:149,0
DA:150,0
DA:151,0
DA:186,0
DA:188,0
DA:190,0
DA:192,0
DA:196,0
DA:202,12
DA:204,12
DA:206,12
DA:208,0
DA:212,12
DA:218,4
DA:220,4
DA:222,4
DA:224,0
DA:228,4
DA:230,2
DA:232,2
DA:234,2
DA:236,0
DA:240,2
DA:246,6
DA:247,6
DA:248,6
DA:249,6
DA:250,6
DA:252,6
DA:254,6
DA:256,6
DA:257,6
DA:258,6
DA:260,6
DA:261,6
DA:262,6
DA:264,6
DA:268,0
DA:270,0
DA:272,0
DA:273,0
DA:275,0
DA:276,0
DA:278,0
DA:284,6
DA:290,14
DA:292,14
DA:293,14
DA:294,14
DA:295,14
DA:296,14
DA:297,14
DA:298,14
DA:299,14
DA:301,14
DA:303,4
DA:305,4
DA:306,4
DA:307,4
DA:308,4
DA:310,4
DA:312,1
DA:313,1
DA:314,1
DA:316,0
DA:317,0
DA:318,0
DA:320,0
DA:321,0
DA:322,0
DA:324,0
DA:325,0
DA:326,0
DA:328,0
DA:329,0
DA:330,0
DA:332,13
DA:334,13
DA:335,13
DA:337,13
DA:340,0
DA:343,13
DA:344,13
DA:345,13
DA:346,13
DA:348,2
DA:349,2
DA:350,2
DA:351,2
DA:352,2
DA:354,2
DA:355,13
DA:356,13
DA:358,13
DA:359,13
DA:360,13
DA:362,13
DA:363,1
DA:368,1
DA:371,13
DA:372,13
DA:373,13
DA:374,13
DA:375,13
DA:376,13
DA:380,13
DA:381,12
DA:382,12
DA:384,13
DA:386,3
DA:387,3
DA:388,3
DA:389,3
DA:390,3
DA:391,3
DA:392,3
DA:394,0
DA:395,0
DA:396,0
DA:398,7
DA:399,7
DA:400,7
DA:402,1
DA:404,1
DA:406,1
DA:407,1
DA:408,1
DA:409,1
DA:410,1
DA:411,1
DA:412,1
DA:413,0
DA:415,0
DA:416,0
DA:417,0
DA:419,1
DA:421,6
DA:423,6
DA:424,6
DA:425,6
DA:427,6
DA:431,2
DA:433,2
DA:439,2
DA:441,2
DA:442,0
DA:444,0
DA:446,0
DA:447,2
DA:449,2
DA:450,0
DA:452,2
DA:454,0
DA:455,0
DA:456,0
DA:457,0
DA:458,0
DA:459,0
DA:461,7
DA:462,7
DA:463,7
DA:464,7
DA:465,7
DA:466,7
DA:468,4
DA:470,4
DA:471,0
DA:472,0
DA:473,0
DA:474,0
DA:475,0
DA:476,0
DA:477,0
DA:478,4
DA:480,4
DA:481,0
DA:482,0
DA:483,0
DA:486,4
DA:488,4
DA:490,0
DA:491,0
DA:492,0
DA:494,0
DA:495,0
DA:496,0
DA:497,0
DA:498,0
DA:500,0
DA:501,0
DA:502,0
DA:503,0
DA:505,0
DA:506,0
DA:507,0
DA:508,0
DA:511,0
DA:513,0
DA:515,0
DA:517,0
DA:518,0
DA:519,0
DA:520,0
DA:522,0
DA:523,0
DA:524,0
DA:525,0
DA:528,0
DA:530,0
DA:532,0
DA:534,0
DA:536,0
DA:537,0
DA:538,0
DA:539,0
DA:541,0
DA:542,0
DA:543,0
DA:544,0
DA:547,0
DA:548,0
DA:550,1
DA:552,1
DA:553,1
DA:554,1
DA:555,1
DA:557,1
DA:558,0
DA:559,0
DA:560,0
DA:563,1
DA:564,1
DA:566,1
DA:568,1
DA:569,1
DA:570,0
DA:575,1
DA:577,1
DA:583,6
DA:585,6
DA:586,1
DA:587,1
DA:588,1
DA:589,1
DA:590,5
DA:592,5
DA:593,1
DA:594,1
DA:595,1
DA:596,1
DA:597,4
DA:599,4
DA:601,4
DA:602,4
DA:607,0
DA:609,4
DA:611,4
DA:612,2
DA:614,2
DA:616,1
DA:617,1
DA:622,1
DA:625,1
DA:626,1
DA:631,1
DA:636,2
DA:638,3
DA:639,1
DA:640,2
DA:642,2
DA:643,2
DA:644,2
DA:645,2
DA:646,2
DA:648,2
DA:649,0
DA:653,0
DA:654,0
DA:655,0
DA:656,0
DA:657,0
DA:659,0
DA:660,0
DA:661,0
DA:662,0
DA:664,0
DA:666,6
DA:670,2
DA:671,2
DA:672,2
DA:673,2
DA:674,2
DA:676,2
DA:678,2
DA:679,2
DA:680,2
DA:681,2
DA:683,2
DA:684,2
DA:685,0
DA:686,0
DA:687,0
DA:689,2
DA:692,2
DA:693,1
DA:694,1
DA:696,2
DA:698,2
DA:700,6
DA:701,6
DA:702,6
DA:703,6
DA:705,6
DA:706,6
DA:707,6
DA:708,6
DA:710,6
DA:711,6
DA:712,6
DA:713,6
DA:715,6
DA:716,2
DA:717,4
DA:719,4
DA:720,0
DA:721,0
DA:722,0
DA:725,4
DA:728,4
DA:729,4
DA:731,0
DA:733,0
DA:735,0
DA:736,0
DA:741,0
DA:743,0
DA:745,0
DA:750,0
DA:751,0
DA:752,0
DA:753,0
DA:758,0
DA:759,0
DA:762,0
DA:763,0
DA:764,0
DA:765,0
DA:766,0
DA:767,0
DA:768,0
DA:774,0
DA:779,0
DA:783,4
DA:786,4
DA:787,4
DA:789,4
DA:793,0
DA:794,0
DA:797,4
DA:798,4
DA:800,4
DA:801,4
DA:802,4
DA:803,0
DA:805,4
DA:807,3
DA:808,1
DA:809,1
DA:810,1
DA:812,0
DA:813,0
DA:814,0
DA:816,2
DA:818,2
DA:819,0
DA:820,0
DA:821,0
DA:822,0
DA:823,2
DA:825,2
DA:826,2
DA:828,0
DA:829,0
DA:830,0
DA:834,2
DA:840,2
DA:841,2
DA:842,0
DA:844,2
DA:845,2
DA:846,2
DA:849,2
DA:850,2
DA:851,2
DA:852,2
DA:853,2
DA:855,2
DA:856,2
DA:857,2
DA:858,2
DA:859,2
DA:860,0
DA:861,0
DA:863,2
DA:865,6
DA:867,2
DA:868,2
DA:869,2
DA:870,2
DA:872,2
DA:873,0
DA:874,0
DA:876,2
DA:877,2
DA:878,2
DA:879,2
DA:880,2
DA:882,2
DA:883,2
DA:884,2
DA:886,2
DA:888,2
DA:890,6
DA:892,6
DA:893,6
DA:894,6
DA:895,6
DA:897,6
DA:898,6
DA:900,6
DA:901,6
DA:902,6
DA:904,6
DA:905,6
DA:907,6
DA:909,0
DA:911,0
DA:912,0
DA:913,0
DA:915,0
DA:917,0
DA:919,0
DA:920,0
DA:921,0
DA:922,0
DA:924,0
DA:925,0
DA:926,0
DA:927,0
DA:929,0
DA:930,0
DA:931,0
DA:932,0
DA:933,0
DA:934,0
DA:935,0
DA:936,0
DA:938,0
DA:939,0
DA:940,0
DA:941,0
DA:942,0
DA:943,0
DA:945,0
DA:946,0
DA:947,0
DA:948,0
DA:949,0
DA:950,0
DA:951,0
DA:952,0
DA:955,0
DA:957,0
DA:959,3
DA:961,3
DA:962,3
DA:963,3
DA:964,3
DA:965,3
DA:966,3
DA:968,3
DA:969,1
DA:970,1
DA:971,1
DA:972,2
DA:974,2
DA:975,1
DA:976,1
DA:978,1
DA:979,0
DA:980,0
DA:982,3
DA:984,0
DA:985,0
DA:986,0
DA:987,0
DA:988,0
DA:990,0
DA:991,0
DA:993,0
DA:994,0
DA:995,0
DA:996,0
DA:997,0
DA:998,0
DA:1001,0
DA:1002,0
DA:1003,0
DA:1004,0
DA:1006,0
DA:1007,0
DA:1009,0
DA:1010,0
DA:1012,0
DA:1013,0
DA:1015,0
DA:1016,0
DA:1018,0
DA:1019,0
DA:1020,0
DA:1021,0
DA:1023,0
DA:1024,0
DA:1025,0
DA:1026,0
DA:1029,0
DA:1031,0
DA:1033,4
DA:1035,4
DA:1036,4
DA:1038,4
DA:1039,4
DA:1041,4
DA:1042,4
DA:1044,4
DA:1045,4
DA:1047,4
DA:1049,4
DA:1051,4
DA:1052,4
DA:1053,4
DA:1054,4
DA:1055,4
DA:1057,4
DA:1058,4
DA:1059,0
DA:1060,0
DA:1061,0
DA:1062,0
DA:1063,0
DA:1064,0
DA:1065,0
DA:1066,0
DA:1071,0
DA:1076,4
DA:1078,2
DA:1079,2
DA:1080,2
DA:1081,2
DA:1083,2
DA:1085,2
DA:1086,2
DA:1087,2
DA:1089,0
DA:1090,0
DA:1091,0
DA:1092,0
DA:1093,0
DA:1096,0
DA:1097,0
DA:1100,0
DA:1102,0
DA:1103,0
DA:1104,0
DA:1106,0
DA:1111,0
DA:1112,0
DA:1113,0
DA:1114,0
DA:1115,0
DA:1117,2
DA:1119,2
DA:1120,2
DA:1121,2
DA:1122,2
DA:1124,2
DA:1125,0
DA:1126,0
DA:1128,2
DA:1129,2
DA:1130,2
DA:1131,2
DA:1132,2
DA:1133,2
DA:1134,2
DA:1136,2
DA:1137,2
DA:1138,2
DA:1140,2
DA:1141,0
DA:1142,0
DA:1143,0
DA:1146,2
DA:1147,2
DA:1148,2
DA:1149,2
DA:1150,0
DA:1151,0
DA:1152,2
DA:1153,0
DA:1154,0
DA:1156,2
DA:1158,2
DA:1159,0
DA:1160,0
DA:1161,0
DA:1162,0
DA:1165,0
DA:1167,0
DA:1170,2
DA:1172,2
DA:1173,1
DA:1174,1
DA:1176,1
DA:1177,0
DA:1178,0
DA:1179,0
DA:1182,0
DA:1184,0
DA:1187,1
DA:1188,1
DA:1189,1
DA:1190,16
DA:1191,1
DA:1192,1
DA:1193,1
DA:1196,0
DA:1199,1
DA:1202,1
DA:1204,1
DA:1205,1
DA:1206,1
DA:1207,16
DA:1208,1
DA:1209,1
DA:1210,1
DA:1213,0
DA:1216,1
DA:1218,2
DA:1220,3
DA:1222,3
DA:1223,3
DA:1224,0
DA:1225,0
DA:1227,3
DA:1228,3
DA:1229,3
DA:1230,0
DA:1231,0
DA:1233,3
DA:1235,3
DA:1237,8
DA:1239,8
DA:1241,8
DA:1242,1
DA:1243,1
DA:1244,1
DA:1245,7
DA:1247,7
DA:1248,1
DA:1249,1
DA:1250,1
DA:1251,6
DA:1253,6
DA:1254,5
DA:1255,1
DA:1257,1
DA:1259,8
DA:1261,6
DA:1263,6
DA:1265,6
DA:1266,6
DA:1267,6
DA:1268,6
DA:1270,6
DA:1271,0
DA:1272,0
DA:1273,0
DA:1274,6
DA:1276,6
DA:1278,6
DA:1279,6
DA:1280,6
DA:1281,6
DA:1283,0
DA:1284,0
DA:1285,0
DA:1289,0
DA:1290,0
DA:1291,0
DA:1293,0
DA:1294,0
DA:1295,0
DA:1297,6
DA:1299,5
DA:1301,13
DA:1303,13
DA:1304,3
DA:1305,3
DA:1306,3
DA:1307,0
DA:1308,10
DA:1311,10
DA:1312,1
DA:1313,1
DA:1314,1
DA:1315,0
DA:1316,9
DA:1320,1
DA:1322,5
DA:1324,4
DA:1326,4
DA:1329,4
DA:1330,4
DA:1333,4
DA:1335,4
BRF:0
BRH:0
LF:879
LH:488
end_of_record
SF:/Users/samcolak/Source Code/rust/distdb/distdb/peerlib/src/connector/transport_test.rs
FN:11,_RNvNtNtNtCs6k5zZnzv0XO_7peerlib9connector9transport5tests11write_frame
FN:30,_RNvNtNtNtCs6k5zZnzv0XO_7peerlib9connector9transport5tests12read_request
FN:21,_RNvNtNtNtCs6k5zZnzv0XO_7peerlib9connector9transport5tests15write_raw_frame
FN:43,_RNvNtNtNtCs6k5zZnzv0XO_7peerlib9connector9transport5tests25read_len_prefixed_payload
FN:57,_RNvNtNtNtCs6k5zZnzv0XO_7peerlib9connector9transport5testss_28transport_uses_kademlia_mode
FN:221,_RNvNtNtNtCs6k5zZnzv0XO_7peerlib9connector9transport5testss_39extract_session_id_supports_both_labels
FN:121,_RNvNtNtNtCs6k5zZnzv0XO_7peerlib9connector9transport5testss_40select_peer_switches_active_session_peer
FN:63,_RNvNtNtNtCs6k5zZnzv0XO_7peerlib9connector9transport5testss_41request_fails_when_no_peers_are_available
FN:234,_RNvNtNtNtCs6k5zZnzv0XO_7peerlib9connector9transport5testss_46shared_session_token_changes_with_server_token
FN:165,_RNvNtNtNtCs6k5zZnzv0XO_7peerlib9connector9transport5testss_47normalize_peer_addr_parses_supported_multiaddrs
FN:321,_RNvNtNtNtCs6k5zZnzv0XO_7peerlib9connector9transport5testss_48connect_active_peer_surfaces_bootstrap_rejection
FN:77,_RNvNtNtNtCs6k5zZnzv0XO_7peerlib9connector9transport5testss_48queued_response_is_returned_for_matching_request
FN:108,_RNvNtNtNtCs6k5zZnzv0XO_7peerlib9connector9transport5testss_49first_discovered_peer_becomes_active_session_peer
FN:177,_RNvNtNtNtCs6k5zZnzv0XO_7peerlib9connector9transport5testss_53normalize_peer_addr_keeps_host_port_and_defaults_port
FN:143,_RNvNtNtNtCs6k5zZnzv0XO_7peerlib9connector9transport5testss_53upsert_peer_replaces_stale_identity_when_addr_matches
FN:186,_RNvNtNtNtCs6k5zZnzv0XO_7peerlib9connector9transport5testss_54connector_timeout_env_values_are_clamped_and_defaulted
FN:355,_RNvNtNtNtCs6k5zZnzv0XO_7peerlib9connector9transport5testss_55connect_active_peer_rejects_malformed_challenge_payload
FN:242,_RNvNtNtNtCs6k5zZnzv0XO_7peerlib9connector9transport5testss_55request_returns_selected_peer_error_when_no_active_peer
FN:263,_RNvNtNtNtCs6k5zZnzv0XO_7peerlib9connector9transport5testss_56connect_active_peer_and_request_roundtrip_over_plain_tcp
FN:209,_RNvNtNtNtCs6k5zZnzv0XO_7peerlib9connector9transport5testss_61server_name_parser_supports_ip_and_hostname_and_rejects_empty
FN:393,_RNvNtNtNtCs6k5zZnzv0XO_7peerlib9connector9transport5testss_62request_drops_live_connection_after_malformed_response_payload
FN:458,_RNvNtNtNtCs6k5zZnzv0XO_7peerlib9connector9transport5testss_64fetch_ca_pem_from_peer_returns_none_on_malformed_direct_response
FN:482,_RNvNtNtNtCs6k5zZnzv0XO_7peerlib9connector9transport5testss_81fetch_ca_pem_from_peer_returns_none_when_challenge_precedes_malformed_ca_response
FN:16,_RNCNvNtNtNtCs6k5zZnzv0XO_7peerlib9connector9transport5tests11write_frame0B9_
FN:25,_RNCNvNtNtNtCs6k5zZnzv0XO_7peerlib9connector9transport5tests15write_raw_frame0B9_
FN:325,_RNCNvNtNtNtCs6k5zZnzv0XO_7peerlib9connector9transport5testss_48connect_active_peer_surfaces_bootstrap_rejection0B9_
FN:359,_RNCNvNtNtNtCs6k5zZnzv0XO_7peerlib9connector9transport5testss_55connect_active_peer_rejects_malformed_challenge_payload0B9_
FN:267,_RNCNvNtNtNtCs6k5zZnzv0XO_7peerlib9connector9transport5testss_56connect_active_peer_and_request_roundtrip_over_plain_tcp0B9_
FN:397,_RNCNvNtNtNtCs6k5zZnzv0XO_7peerlib9connector9transport5testss_62request_drops_live_connection_after_malformed_response_payload0B9_
FN:462,_RNCNvNtNtNtCs6k5zZnzv0XO_7peerlib9connector9transport5testss_64fetch_ca_pem_from_peer_returns_none_on_malformed_direct_response0B9_
FN:486,_RNCNvNtNtNtCs6k5zZnzv0XO_7peerlib9connector9transport5testss_81fetch_ca_pem_from_peer_returns_none_when_challenge_precedes_malformed_ca_response0B9_
FNDA:5,_RNvNtNtNtCs6k5zZnzv0XO_7peerlib9connector9transport5tests11write_frame
FNDA:2,_RNvNtNtNtCs6k5zZnzv0XO_7peerlib9connector9transport5tests12read_request
FNDA:4,_RNvNtNtNtCs6k5zZnzv0XO_7peerlib9connector9transport5tests15write_raw_frame
FNDA:2,_RNvNtNtNtCs6k5zZnzv0XO_7peerlib9connector9transport5tests25read_len_prefixed_payload
FNDA:1,_RNvNtNtNtCs6k5zZnzv0XO_7peerlib9connector9transport5testss_28transport_uses_kademlia_mode
FNDA:1,_RNvNtNtNtCs6k5zZnzv0XO_7peerlib9connector9transport5testss_39extract_session_id_supports_both_labels
FNDA:1,_RNvNtNtNtCs6k5zZnzv0XO_7peerlib9connector9transport5testss_40select_peer_switches_active_session_peer
FNDA:1,_RNvNtNtNtCs6k5zZnzv0XO_7peerlib9connector9transport5testss_41request_fails_when_no_peers_are_available
FNDA:1,_RNvNtNtNtCs6k5zZnzv0XO_7peerlib9connector9transport5testss_46shared_session_token_changes_with_server_token
FNDA:1,_RNvNtNtNtCs6k5zZnzv0XO_7peerlib9connector9transport5testss_47normalize_peer_addr_parses_supported_multiaddrs
FNDA:1,_RNvNtNtNtCs6k5zZnzv0XO_7peerlib9connector9transport5testss_48connect_active_peer_surfaces_bootstrap_rejection
FNDA:1,_RNvNtNtNtCs6k5zZnzv0XO_7peerlib9connector9transport5testss_48queued_response_is_returned_for_matching_request
FNDA:1,_RNvNtNtNtCs6k5zZnzv0XO_7peerlib9connector9transport5testss_49first_discovered_peer_becomes_active_session_peer
FNDA:1,_RNvNtNtNtCs6k5zZnzv0XO_7peerlib9connector9transport5testss_53normalize_peer_addr_keeps_host_port_and_defaults_port
FNDA:1,_RNvNtNtNtCs6k5zZnzv0XO_7peerlib9connector9transport5testss_53upsert_peer_replaces_stale_identity_when_addr_matches
FNDA:1,_RNvNtNtNtCs6k5zZnzv0XO_7peerlib9connector9transport5testss_54connector_timeout_env_values_are_clamped_and_defaulted
FNDA:1,_RNvNtNtNtCs6k5zZnzv0XO_7peerlib9connector9transport5testss_55connect_active_peer_rejects_malformed_challenge_payload
FNDA:1,_RNvNtNtNtCs6k5zZnzv0XO_7peerlib9connector9transport5testss_55request_returns_selected_peer_error_when_no_active_peer
FNDA:1,_RNvNtNtNtCs6k5zZnzv0XO_7peerlib9connector9transport5testss_56connect_active_peer_and_request_roundtrip_over_plain_tcp
FNDA:1,_RNvNtNtNtCs6k5zZnzv0XO_7peerlib9connector9transport5testss_61server_name_parser_supports_ip_and_hostname_and_rejects_empty
FNDA:1,_RNvNtNtNtCs6k5zZnzv0XO_7peerlib9connector9transport5testss_62request_drops_live_connection_after_malformed_response_payload
FNDA:1,_RNvNtNtNtCs6k5zZnzv0XO_7peerlib9connector9transport5testss_64fetch_ca_pem_from_peer_returns_none_on_malformed_direct_response
FNDA:1,_RNvNtNtNtCs6k5zZnzv0XO_7peerlib9connector9transport5testss_81fetch_ca_pem_from_peer_returns_none_when_challenge_precedes_malformed_ca_response
FNDA:5,_RNCNvNtNtNtCs6k5zZnzv0XO_7peerlib9connector9transport5tests11write_frame0B9_
FNDA:4,_RNCNvNtNtNtCs6k5zZnzv0XO_7peerlib9connector9transport5tests15write_raw_frame0B9_
FNDA:1,_RNCNvNtNtNtCs6k5zZnzv0XO_7peerlib9connector9transport5testss_48connect_active_peer_surfaces_bootstrap_rejection0B9_
FNDA:1,_RNCNvNtNtNtCs6k5zZnzv0XO_7peerlib9connector9transport5testss_55connect_active_peer_rejects_malformed_challenge_payload0B9_
FNDA:1,_RNCNvNtNtNtCs6k5zZnzv0XO_7peerlib9connector9transport5testss_56connect_active_peer_and_request_roundtrip_over_plain_tcp0B9_
FNDA:1,_RNCNvNtNtNtCs6k5zZnzv0XO_7peerlib9connector9transport5testss_62request_drops_live_connection_after_malformed_response_payload0B9_
FNDA:1,_RNCNvNtNtNtCs6k5zZnzv0XO_7peerlib9connector9transport5testss_64fetch_ca_pem_from_peer_returns_none_on_malformed_direct_response0B9_
FNDA:1,_RNCNvNtNtNtCs6k5zZnzv0XO_7peerlib9connector9transport5testss_81fetch_ca_pem_from_peer_returns_none_when_challenge_precedes_malformed_ca_response0B9_
FNF:31
FNH:31
DA:11,5
DA:12,5
DA:13,5
DA:14,5
DA:15,5
DA:16,5
DA:17,5
DA:18,5
DA:19,5
DA:21,4
DA:22,4
DA:23,4
DA:24,4
DA:25,4
DA:26,4
DA:27,4
DA:28,4
DA:30,2
DA:31,2
DA:32,2
DA:33,2
DA:34,2
DA:35,2
DA:36,2
DA:37,2
DA:38,2
DA:39,2
DA:40,2
DA:41,2
DA:43,2
DA:44,2
DA:45,2
DA:46,2
DA:47,2
DA:48,2
DA:49,2
DA:50,2
DA:51,2
DA:52,2
DA:53,2
DA:54,2
DA:57,1
DA:58,1
DA:59,1
DA:60,1
DA:63,1
DA:64,1
DA:65,1
DA:67,1
DA:68,1
DA:69,1
DA:72,1
DA:73,1
DA:74,1
DA:77,1
DA:78,1
DA:79,1
DA:80,1
DA:83,1
DA:84,1
DA:85,1
DA:86,1
DA:87,1
DA:89,1
DA:90,1
DA:91,1
DA:92,1
DA:93,1
DA:95,1
DA:97,1
DA:98,1
DA:99,1
DA:102,1
DA:103,1
DA:104,1
DA:105,1
DA:108,1
DA:109,1
DA:111,1
DA:112,1
DA:113,1
DA:114,1
DA:115,1
DA:117,1
DA:118,1
DA:121,1
DA:122,1
DA:124,1
DA:125,1
DA:126,1
DA:127,1
DA:128,1
DA:129,1
DA:130,1
DA:131,1
DA:132,1
DA:133,1
DA:135,1
DA:136,1
DA:137,1
DA:139,1
DA:140,1
DA:143,1
DA:144,1
DA:146,1
DA:147,1
DA:148,1
DA:149,1
DA:150,1
DA:152,1
DA:153,1
DA:154,1
DA:155,1
DA:156,1
DA:158,1
DA:159,1
DA:160,1
DA:161,1
DA:162,1
DA:165,1
DA:166,1
DA:167,1
DA:170,1
DA:171,1
DA:174,1
DA:177,1
DA:178,1
DA:179,1
DA:180,1
DA:181,1
DA:183,1
DA:186,1
DA:187,1
DA:188,1
DA:189,1
DA:190,1
DA:191,1
DA:193,1
DA:194,1
DA:195,1
DA:197,1
DA:198,1
DA:199,1
DA:200,1
DA:201,1
DA:203,1
DA:204,1
DA:205,1
DA:206,1
DA:209,1
DA:210,1
DA:211,1
DA:213,1
DA:214,1
DA:216,1
DA:217,1
DA:218,1
DA:221,1
DA:222,1
DA:223,1
DA:224,1
DA:226,1
DA:227,1
DA:228,1
DA:230,1
DA:231,1
DA:234,1
DA:235,1
DA:236,1
DA:237,1
DA:238,1
DA:239,1
DA:242,1
DA:243,1
DA:244,1
DA:245,1
DA:246,1
DA:247,1
DA:248,1
DA:249,1
DA:251,1
DA:253,1
DA:254,1
DA:255,1
DA:258,1
DA:259,1
DA:260,1
DA:263,1
DA:264,1
DA:265,1
DA:267,1
DA:268,1
DA:270,1
DA:271,1
DA:272,1
DA:273,1
DA:274,1
DA:275,1
DA:278,1
DA:279,1
DA:280,1
DA:281,1
DA:282,1
DA:283,1
DA:284,1
DA:286,1
DA:288,1
DA:289,1
DA:292,1
DA:293,1
DA:294,1
DA:295,1
DA:296,1
DA:298,1
DA:299,1
DA:300,1
DA:301,1
DA:302,1
DA:303,1
DA:304,1
DA:305,1
DA:307,1
DA:309,1
DA:310,1
DA:311,1
DA:314,1
DA:315,1
DA:317,1
DA:318,1
DA:321,1
DA:322,1
DA:323,1
DA:325,1
DA:326,1
DA:327,1
DA:328,1
DA:329,1
DA:330,1
DA:331,1
DA:332,1
DA:334,1
DA:336,1
DA:337,1
DA:340,1
DA:341,1
DA:342,1
DA:343,1
DA:344,1
DA:346,1
DA:347,1
DA:348,1
DA:349,1
DA:351,1
DA:352,1
DA:355,1
DA:356,1
DA:357,1
DA:359,1
DA:360,1
DA:361,1
DA:362,1
DA:364,1
DA:365,1
DA:368,1
DA:369,1
DA:370,1
DA:371,1
DA:372,1
DA:374,1
DA:375,1
DA:376,1
DA:378,1
DA:379,1
DA:380,1
DA:381,1
DA:386,0
DA:389,1
DA:390,1
DA:393,1
DA:394,1
DA:395,1
DA:397,1
DA:398,1
DA:400,1
DA:401,1
DA:402,1
DA:403,1
DA:404,1
DA:405,1
DA:408,1
DA:409,1
DA:410,1
DA:412,1
DA:413,1
DA:416,1
DA:417,1
DA:418,1
DA:419,1
DA:420,1
DA:422,1
DA:423,1
DA:424,1
DA:425,1
DA:427,1
DA:429,1
DA:430,1
DA:431,1
DA:434,1
DA:435,1
DA:436,1
DA:438,1
DA:439,1
DA:440,1
DA:441,1
DA:446,0
DA:449,1
DA:450,1
DA:454,1
DA:455,1
DA:458,1
DA:459,1
DA:460,1
DA:462,1
DA:463,1
DA:466,1
DA:467,1
DA:468,1
DA:470,1
DA:471,1
DA:473,1
DA:474,1
DA:478,1
DA:479,1
DA:482,1
DA:483,1
DA:484,1
DA:486,1
DA:487,1
DA:489,1
DA:491,1
DA:492,1
DA:493,1
DA:494,1
DA:495,1
DA:496,1
DA:499,1
DA:500,1
DA:502,1
DA:503,1
DA:505,1
DA:506,1
DA:510,1
DA:511,1
BRF:0
BRH:0
LF:361
LH:359
end_of_record
SF:/Users/samcolak/Source Code/rust/distdb/distdb/peerlib/src/error.rs
FN:14,_RNvXNtCs6k5zZnzv0XO_7peerlib5errorNtB2_9PeerErrorNtNtCsaTNopw4qKPP_4core3fmt7Display3fmt
FNDA:5,_RNvXNtCs6k5zZnzv0XO_7peerlib5errorNtB2_9PeerErrorNtNtCsaTNopw4qKPP_4core3fmt7Display3fmt
FNF:1
FNH:1
DA:14,5
DA:16,5
DA:18,1
DA:20,1
DA:22,1
DA:24,1
DA:26,1
DA:30,5
BRF:0
BRH:0
LF:8
LH:8
end_of_record
SF:/Users/samcolak/Source Code/rust/distdb/distdb/peerlib/src/error_test.rs
FN:29,_RNvNtNtCs6k5zZnzv0XO_7peerlib5error5testss_32result_alias_supports_ok_and_err
FN:4,_RNvNtNtCs6k5zZnzv0XO_7peerlib5error5testss_39peer_error_display_formats_all_variants
FNDA:1,_RNvNtNtCs6k5zZnzv0XO_7peerlib5error5testss_32result_alias_supports_ok_and_err
FNDA:1,_RNvNtNtCs6k5zZnzv0XO_7peerlib5error5testss_39peer_error_display_formats_all_variants
FNF:2
FNH:2
DA:4,1
DA:5,1
DA:6,1
DA:9,1
DA:10,1
DA:13,1
DA:14,1
DA:17,1
DA:18,1
DA:21,1
DA:22,1
DA:25,1
DA:29,1
DA:30,1
DA:31,1
DA:33,1
DA:34,1
DA:35,1
BRF:0
BRH:0
LF:18
LH:18
end_of_record
SF:/Users/samcolak/Source Code/rust/distdb/distdb/peerlib/src/interface.rs
FN:31,_RINvMNtCs6k5zZnzv0XO_7peerlib9interfaceNtB3_16TransferEnvelope11with_headerReB1b_EB5_
FN:16,_RINvMNtCs6k5zZnzv0XO_7peerlib9interfaceNtB3_16TransferEnvelope3newReB12_EB5_
FNDA:2,_RINvMNtCs6k5zZnzv0XO_7peerlib9interfaceNtB3_16TransferEnvelope11with_headerReB1b_EB5_
FNDA:2,_RINvMNtCs6k5zZnzv0XO_7peerlib9interfaceNtB3_16TransferEnvelope3newReB12_EB5_
FNF:2
FNH:2
DA:16,2
DA:17,2
DA:18,2
DA:19,2
DA:20,2
DA:21,2
DA:22,2
DA:23,2
DA:24,2
DA:25,2
DA:26,2
DA:27,2
DA:28,2
DA:29,2
DA:31,2
DA:32,2
DA:33,2
DA:34,2
BRF:0
BRH:0
LF:18
LH:18
end_of_record
SF:/Users/samcolak/Source Code/rust/distdb/distdb/peerlib/src/interface_test.rs
FN:40,_RNvNtNtCs6k5zZnzv0XO_7peerlib9interface5testss_30transfer_codec_roundtrip_works
FN:21,_RNvNtNtCs6k5zZnzv0XO_7peerlib9interface5testss_49transfer_envelope_builder_sets_fields_and_headers
FN:15,_RNvXNtNtCs6k5zZnzv0XO_7peerlib9interface5testsNtB2_11StringCodecINtB4_13TransferCodecNtNtCs3XW7gbOxCtj_5alloc6string6StringE6decode
FN:6,_RNvXNtNtCs6k5zZnzv0XO_7peerlib9interface5testsNtB2_11StringCodecINtB4_13TransferCodecNtNtCs3XW7gbOxCtj_5alloc6string6StringE6encode
FN:16,_RNCNvXNtNtCs6k5zZnzv0XO_7peerlib9interface5testsNtB4_11StringCodecINtB6_13TransferCodecNtNtCs3XW7gbOxCtj_5alloc6string6StringE6decode0B8_
FNDA:1,_RNvNtNtCs6k5zZnzv0XO_7peerlib9interface5testss_30transfer_codec_roundtrip_works
FNDA:1,_RNvNtNtCs6k5zZnzv0XO_7peerlib9interface5testss_49transfer_envelope_builder_sets_fields_and_headers
FNDA:1,_RNvXNtNtCs6k5zZnzv0XO_7peerlib9interface5testsNtB2_11StringCodecINtB4_13TransferCodecNtNtCs3XW7gbOxCtj_5alloc6string6StringE6decode
FNDA:1,_RNvXNtNtCs6k5zZnzv0XO_7peerlib9interface5testsNtB2_11StringCodecINtB4_13TransferCodecNtNtCs3XW7gbOxCtj_5alloc6string6StringE6encode
FNDA:0,_RNCNvXNtNtCs6k5zZnzv0XO_7peerlib9interface5testsNtB4_11StringCodecINtB6_13TransferCodecNtNtCs3XW7gbOxCtj_5alloc6string6StringE6decode0B8_
FNF:5
FNH:4
DA:6,1
DA:7,1
DA:8,1
DA:9,1
DA:10,1
DA:11,1
DA:12,1
DA:13,1
DA:15,1
DA:16,1
DA:17,1
DA:21,1
DA:22,1
DA:25,1
DA:26,1
DA:28,1
DA:29,1
DA:31,1
DA:32,1
DA:33,1
DA:34,1
DA:35,1
DA:36,1
DA:37,1
DA:40,1
DA:41,1
DA:42,1
DA:44,1
DA:45,1
DA:47,1
DA:48,1
BRF:0
BRH:0
LF:32
LH:31
end_of_record