SF:/Users/samcolak/Source Code/rust/distdb/distdb/server/src/core/app/control/affinity.rs
FN:87,_RNCNvMNtNtNtNtCsgsPYpHKPXCR_6server4core3app7control8affinityNtNtB8_5state9ServerApp24begin_affinity_sync_lock0Bc_
FN:98,_RNCNvMNtNtNtNtCsgsPYpHKPXCR_6server4core3app7control8affinityNtNtB8_5state9ServerApp24begin_affinity_sync_locks_0Bc_
FN:111,_RNCNvMNtNtNtNtCsgsPYpHKPXCR_6server4core3app7control8affinityNtNtB8_5state9ServerApp25finish_affinity_sync_lock0Bc_
FN:119,_RNCNvMNtNtNtNtCsgsPYpHKPXCR_6server4core3app7control8affinityNtNtB8_5state9ServerApp25finish_affinity_sync_locks_0Bc_
FN:37,_RNCNvMNtNtNtNtCsgsPYpHKPXCR_6server4core3app7control8affinityNtNtB8_5state9ServerApp30ensure_affinity_catalog_exists0Bc_
FN:40,_RNCNvMNtNtNtNtCsgsPYpHKPXCR_6server4core3app7control8affinityNtNtB8_5state9ServerApp30ensure_affinity_catalog_existss_0Bc_
FN:131,_RNCNvMNtNtNtNtCsgsPYpHKPXCR_6server4core3app7control8affinityNtNtB8_5state9ServerApp33apply_affinity_schema_definitions0Bc_
FN:185,_RNCNvMNtNtNtNtCsgsPYpHKPXCR_6server4core3app7control8affinityNtNtB8_5state9ServerApp33apply_affinity_schema_definitionss_0Bc_
FN:77,_RNCNvMNtNtNtNtCsgsPYpHKPXCR_6server4core3app7control8affinityNtNtB8_5state9ServerApp34set_affinity_catalog_database_name0Bc_
FN:59,_RNCNvMNtNtNtNtCsgsPYpHKPXCR_6server4core3app7control8affinityNtNtB8_5state9ServerApp39resolve_catalog_wal_stream_for_databases_0Bc_
FN:8,_RNvMNtNtNtNtCsgsPYpHKPXCR_6server4core3app7control8affinityNtNtB6_5state9ServerApp19resolve_catalog_key
FN:81,_RNvMNtNtNtNtCsgsPYpHKPXCR_6server4core3app7control8affinityNtNtB6_5state9ServerApp24begin_affinity_sync_lock
FN:102,_RNvMNtNtNtNtCsgsPYpHKPXCR_6server4core3app7control8affinityNtNtB6_5state9ServerApp25finish_affinity_sync_lock
FN:23,_RNvMNtNtNtNtCsgsPYpHKPXCR_6server4core3app7control8affinityNtNtB6_5state9ServerApp30ensure_affinity_catalog_exists
FN:123,_RNvMNtNtNtNtCsgsPYpHKPXCR_6server4core3app7control8affinityNtNtB6_5state9ServerApp33apply_affinity_schema_definitions
FN:63,_RNvMNtNtNtNtCsgsPYpHKPXCR_6server4core3app7control8affinityNtNtB6_5state9ServerApp34set_affinity_catalog_database_name
FN:47,_RNvMNtNtNtNtCsgsPYpHKPXCR_6server4core3app7control8affinityNtNtB6_5state9ServerApp39resolve_catalog_wal_stream_for_database
FNDA:0,_RNCNvMNtNtNtNtCsgsPYpHKPXCR_6server4core3app7control8affinityNtNtB8_5state9ServerApp24begin_affinity_sync_lock0Bc_
FNDA:0,_RNCNvMNtNtNtNtCsgsPYpHKPXCR_6server4core3app7control8affinityNtNtB8_5state9ServerApp24begin_affinity_sync_locks_0Bc_
FNDA:0,_RNCNvMNtNtNtNtCsgsPYpHKPXCR_6server4core3app7control8affinityNtNtB8_5state9ServerApp25finish_affinity_sync_lock0Bc_
FNDA:0,_RNCNvMNtNtNtNtCsgsPYpHKPXCR_6server4core3app7control8affinityNtNtB8_5state9ServerApp25finish_affinity_sync_locks_0Bc_
FNDA:0,_RNCNvMNtNtNtNtCsgsPYpHKPXCR_6server4core3app7control8affinityNtNtB8_5state9ServerApp30ensure_affinity_catalog_exists0Bc_
FNDA:0,_RNCNvMNtNtNtNtCsgsPYpHKPXCR_6server4core3app7control8affinityNtNtB8_5state9ServerApp30ensure_affinity_catalog_existss_0Bc_
FNDA:1,_RNCNvMNtNtNtNtCsgsPYpHKPXCR_6server4core3app7control8affinityNtNtB8_5state9ServerApp33apply_affinity_schema_definitions0Bc_
FNDA:0,_RNCNvMNtNtNtNtCsgsPYpHKPXCR_6server4core3app7control8affinityNtNtB8_5state9ServerApp33apply_affinity_schema_definitionss_0Bc_
FNDA:0,_RNCNvMNtNtNtNtCsgsPYpHKPXCR_6server4core3app7control8affinityNtNtB8_5state9ServerApp34set_affinity_catalog_database_name0Bc_
FNDA:0,_RNCNvMNtNtNtNtCsgsPYpHKPXCR_6server4core3app7control8affinityNtNtB8_5state9ServerApp39resolve_catalog_wal_stream_for_databases_0Bc_
FNDA:1739,_RNvMNtNtNtNtCsgsPYpHKPXCR_6server4core3app7control8affinityNtNtB6_5state9ServerApp19resolve_catalog_key
FNDA:2,_RNvMNtNtNtNtCsgsPYpHKPXCR_6server4core3app7control8affinityNtNtB6_5state9ServerApp24begin_affinity_sync_lock
FNDA:2,_RNvMNtNtNtNtCsgsPYpHKPXCR_6server4core3app7control8affinityNtNtB6_5state9ServerApp25finish_affinity_sync_lock
FNDA:2,_RNvMNtNtNtNtCsgsPYpHKPXCR_6server4core3app7control8affinityNtNtB6_5state9ServerApp30ensure_affinity_catalog_exists
FNDA:1,_RNvMNtNtNtNtCsgsPYpHKPXCR_6server4core3app7control8affinityNtNtB6_5state9ServerApp33apply_affinity_schema_definitions
FNDA:0,_RNvMNtNtNtNtCsgsPYpHKPXCR_6server4core3app7control8affinityNtNtB6_5state9ServerApp34set_affinity_catalog_database_name
FNDA:198,_RNvMNtNtNtNtCsgsPYpHKPXCR_6server4core3app7control8affinityNtNtB6_5state9ServerApp39resolve_catalog_wal_stream_for_database
FNF:17
FNH:7
DA:8,1739
DA:10,1739
DA:11,18
DA:12,1721
DA:14,1721
DA:15,1721
DA:16,1721
DA:17,0
DA:19,0
DA:21,1739
DA:23,2
DA:25,2
DA:26,2
DA:27,0
DA:31,0
DA:33,0
DA:34,0
DA:35,0
DA:36,0
DA:37,0
DA:38,0
DA:39,0
DA:40,0
DA:41,0
DA:43,0
DA:45,2
DA:47,198
DA:49,198
DA:50,198
DA:51,0
DA:53,0
DA:54,0
DA:55,0
DA:57,0
DA:58,0
DA:59,0
DA:61,198
DA:63,0
DA:65,0
DA:66,0
DA:67,0
DA:68,0
DA:69,0
DA:71,0
DA:72,0
DA:74,0
DA:75,0
DA:76,0
DA:77,0
DA:79,0
DA:81,2
DA:83,2
DA:84,2
DA:85,2
DA:86,2
DA:87,2
DA:89,2
DA:90,0
DA:91,0
DA:92,0
DA:93,0
DA:94,2
DA:96,2
DA:97,2
DA:98,2
DA:100,2
DA:102,2
DA:104,2
DA:105,0
DA:108,2
DA:109,2
DA:110,2
DA:111,2
DA:113,2
DA:114,0
DA:115,2
DA:117,2
DA:118,2
DA:119,2
DA:121,2
DA:123,1
DA:124,1
DA:125,1
DA:126,1
DA:127,1
DA:129,1
DA:131,1
DA:133,1
DA:135,1
DA:136,1
DA:137,1
DA:138,1
DA:139,1
DA:140,1
DA:141,1
DA:142,1
DA:143,1
DA:145,1
DA:146,1
DA:147,1
DA:150,1
DA:151,1
DA:154,0
DA:155,1
DA:157,1
DA:158,1
DA:159,0
DA:162,1
DA:163,0
DA:164,1
DA:166,1
DA:167,1
DA:168,1
DA:169,1
DA:173,0
DA:177,1
DA:179,0
DA:181,0
DA:183,0
DA:184,0
DA:185,0
DA:189,0
DA:195,0
DA:201,1
DA:205,1
DA:207,1
DA:209,0
DA:210,0
DA:213,1
DA:215,0
DA:217,0
DA:219,0
DA:223,1
BRF:0
BRH:0
LF:143
LH:78
end_of_record
SF:/Users/samcolak/Source Code/rust/distdb/distdb/server/src/core/app/control/core.rs
FN:80,_RNvMNtNtNtNtCsgsPYpHKPXCR_6server4core3app7control4coreNtNtB6_5state9ServerApp17quoted_sql_string
FN:1480,_RNvMNtNtNtNtCsgsPYpHKPXCR_6server4core3app7control4coreNtNtB6_5state9ServerApp20parse_lock_table_ids
FN:35,_RNvMNtNtNtNtCsgsPYpHKPXCR_6server4core3app7control4coreNtNtB6_5state9ServerApp20parse_query_requests
FN:1968,_RNvMNtNtNtNtCsgsPYpHKPXCR_6server4core3app7control4coreNtNtB6_5state9ServerApp21commit_staged_queries
FN:76,_RNvMNtNtNtNtCsgsPYpHKPXCR_6server4core3app7control4coreNtNtB6_5state9ServerApp21quoted_sql_identifier
FN:302,_RNvMNtNtNtNtCsgsPYpHKPXCR_6server4core3app7control4coreNtNtB6_5state9ServerApp22parse_create_user_spec
FN:1277,_RNvMNtNtNtNtCsgsPYpHKPXCR_6server4core3app7control4coreNtNtB6_5state9ServerApp23resolve_catalog_by_name
FN:2098,_RNvMNtNtNtNtCsgsPYpHKPXCR_6server4core3app7control4coreNtNtB6_5state9ServerApp23validate_staged_queries
FN:1460,_RNvMNtNtNtNtCsgsPYpHKPXCR_6server4core3app7control4coreNtNtB6_5state9ServerApp24abort_group_table_writes
FN:1584,_RNvMNtNtNtNtCsgsPYpHKPXCR_6server4core3app7control4coreNtNtB6_5state9ServerApp24handle_connector_request
FN:133,_RNvMNtNtNtNtCsgsPYpHKPXCR_6server4core3app7control4coreNtNtB6_5state9ServerApp25query_from_schema_command
FN:373,_RNvMNtNtNtNtCsgsPYpHKPXCR_6server4core3app7control4coreNtNtB6_5state9ServerApp26apply_create_user_requests
FN:642,_RNvMNtNtNtNtCsgsPYpHKPXCR_6server4core3app7control4coreNtNtB6_5state9ServerApp27apply_acl_mutation_requests
FN:1434,_RNvMNtNtNtNtCsgsPYpHKPXCR_6server4core3app7control4coreNtNtB6_5state9ServerApp27finalize_group_table_writes
FN:214,_RNvMNtNtNtNtCsgsPYpHKPXCR_6server4core3app7control4coreNtNtB6_5state9ServerApp27query_from_mutation_command
FN:84,_RNvMNtNtNtNtCsgsPYpHKPXCR_6server4core3app7control4coreNtNtB6_5state9ServerApp27sql_literal_for_field_bytes
FN:1550,_RNvMNtNtNtNtCsgsPYpHKPXCR_6server4core3app7control4coreNtNtB6_5state9ServerApp28staged_query_validation_plan
FN:1530,_RNvMNtNtNtNtCsgsPYpHKPXCR_6server4core3app7control4coreNtNtB6_5state9ServerApp29apply_remote_table_lock_state
FN:519,_RNvMNtNtNtNtCsgsPYpHKPXCR_6server4core3app7control4coreNtNtB6_5state9ServerApp30session_user_for_authorization
FN:1744,_RNvMNtNtNtNtCsgsPYpHKPXCR_6server4core3app7control4coreNtNtB6_5state9ServerApp32handle_transaction_control_query
FN:40,_RNvMNtNtNtNtCsgsPYpHKPXCR_6server4core3app7control4coreNtNtB6_5state9ServerApp32parse_query_requests_with_timing
FN:773,_RNvMNtNtNtNtCsgsPYpHKPXCR_6server4core3app7control4coreNtNtB6_5state9ServerApp33authorization_objects_for_request
FN:800,_RNvMNtNtNtNtCsgsPYpHKPXCR_6server4core3app7control4coreNtNtB6_5state9ServerApp34authorization_database_for_request
FN:827,_RNvMNtNtNtNtCsgsPYpHKPXCR_6server4core3app7control4coreNtNtB6_5state9ServerApp34authorize_sql_requests_for_session
FN:553,_RNvMNtNtNtNtCsgsPYpHKPXCR_6server4core3app7control4coreNtNtB6_5state9ServerApp34execute_query_with_session_context
FN:1588,_RNvMNtNtNtNtCsgsPYpHKPXCR_6server4core3app7control4coreNtNtB6_5state9ServerApp36handle_connector_request_for_session
FN:110,_RNvMNtNtNtNtCsgsPYpHKPXCR_6server4core3app7control4coreNtNtB6_5state9ServerApp37sql_column_definition_from_field_spec
FN:1203,_RNvMNtNtNtNtCsgsPYpHKPXCR_6server4core3app7control4coreNtNtB6_5state9ServerApp39try_handle_show_indexes_read_only_query
FN:525,_RNvMNtNtNtNtCsgsPYpHKPXCR_6server4core3app7control4coreNtNtB6_5state9ServerApp41execute_parsed_query_with_session_context
FN:603,_RNvMNtNtNtNtCsgsPYpHKPXCR_6server4core3app7control4coreNtNtB6_5state9ServerApp41parse_database_and_object_from_acl_target
FN:1082,_RNvMNtNtNtNtCsgsPYpHKPXCR_6server4core3app7control4coreNtNtB6_5state9ServerApp44try_handle_strict_count_star_read_only_query
FN:914,_RNvMNtNtNtNtCsgsPYpHKPXCR_6server4core3app7control4coreNtNtB6_5state9ServerApp46handle_read_only_connector_request_for_session
FN:1285,_RNvMNtNtNtNtCsgsPYpHKPXCR_6server4core3app7control4coreNtNtB6_5state9ServerApp47handle_query_command_for_session_with_preparsed
FN:577,_RNvMNtNtNtNtCsgsPYpHKPXCR_6server4core3app7control4coreNtNtB6_5state9ServerApp49execute_query_in_write_group_with_session_context
FN:1391,_RNvMNtNtNtNtCsgsPYpHKPXCR_6server4core3app7control4coreNtNtB6_5state9ServerApp54handle_connector_request_for_session_with_parsed_query
FN:950,_RNvMNtNtNtNtCsgsPYpHKPXCR_6server4core3app7control4coreNtNtB6_5state9ServerApp58handle_read_only_connector_request_for_session_with_parsed
FN:2240,_RNvNtNtNtNtCsgsPYpHKPXCR_6server4core3app7control4core31strict_count_star_is_full_table
FN:2218,_RNvNtNtNtNtCsgsPYpHKPXCR_6server4core3app7control4core40strict_count_star_projection_output_name
FN:2256,_RINvNtNtNtNtCsgsPYpHKPXCR_6server4core3app7control4core22function_is_count_starNtNtCs6x8WwIYvbfj_9sqlparser3ast8FunctionEBa_
FN:2261,_RNCINvNtNtNtNtCsgsPYpHKPXCR_6server4core3app7control4core22function_is_count_starNtNtCs6x8WwIYvbfj_9sqlparser3ast8FunctionE0Bc_
FN:1281,_RNCNCNvMNtNtNtNtCsgsPYpHKPXCR_6server4core3app7control4coreNtNtBa_5state9ServerApp23resolve_catalog_by_name00Be_
FN:1103,_RNCNCNvMNtNtNtNtCsgsPYpHKPXCR_6server4core3app7control4coreNtNtBa_5state9ServerApp44try_handle_strict_count_star_read_only_query00Be_
FN:1520,_RNCNvMNtNtNtNtCsgsPYpHKPXCR_6server4core3app7control4coreNtNtB8_5state9ServerApp20parse_lock_table_ids0Bc_
FN:37,_RNCNvMNtNtNtNtCsgsPYpHKPXCR_6server4core3app7control4coreNtNtB8_5state9ServerApp20parse_query_requests0Bc_
FN:1992,_RNCNvMNtNtNtNtCsgsPYpHKPXCR_6server4core3app7control4coreNtNtB8_5state9ServerApp21commit_staged_queries0Bc_
FN:1998,_RNCNvMNtNtNtNtCsgsPYpHKPXCR_6server4core3app7control4coreNtNtB8_5state9ServerApp21commit_staged_queriess_0Bc_
FN:322,_RNCNvMNtNtNtNtCsgsPYpHKPXCR_6server4core3app7control4coreNtNtB8_5state9ServerApp22parse_create_user_spec0Bc_
FN:343,_RNCNvMNtNtNtNtCsgsPYpHKPXCR_6server4core3app7control4coreNtNtB8_5state9ServerApp22parse_create_user_specs0_0Bc_
FN:328,_RNCNvMNtNtNtNtCsgsPYpHKPXCR_6server4core3app7control4coreNtNtB8_5state9ServerApp22parse_create_user_specs_0Bc_
FN:1278,_RNCNvMNtNtNtNtCsgsPYpHKPXCR_6server4core3app7control4coreNtNtB8_5state9ServerApp23resolve_catalog_by_name0Bc_
FN:2148,_RNCNvMNtNtNtNtCsgsPYpHKPXCR_6server4core3app7control4coreNtNtB8_5state9ServerApp23validate_staged_queries0Bc_
FN:2168,_RNCNvMNtNtNtNtCsgsPYpHKPXCR_6server4core3app7control4coreNtNtB8_5state9ServerApp23validate_staged_queriess0_0Bc_
FN:2173,_RNCNvMNtNtNtNtCsgsPYpHKPXCR_6server4core3app7control4coreNtNtB8_5state9ServerApp23validate_staged_queriess1_0Bc_
FN:2160,_RNCNvMNtNtNtNtCsgsPYpHKPXCR_6server4core3app7control4coreNtNtB8_5state9ServerApp23validate_staged_queriess_0Bc_
FN:1468,_RNCNvMNtNtNtNtCsgsPYpHKPXCR_6server4core3app7control4coreNtNtB8_5state9ServerApp24abort_group_table_writes0Bc_
FN:384,_RNCNvMNtNtNtNtCsgsPYpHKPXCR_6server4core3app7control4coreNtNtB8_5state9ServerApp26apply_create_user_requests0Bc_
FN:453,_RNCNvMNtNtNtNtCsgsPYpHKPXCR_6server4core3app7control4coreNtNtB8_5state9ServerApp26apply_create_user_requestss0_0Bc_
FN:404,_RNCNvMNtNtNtNtCsgsPYpHKPXCR_6server4core3app7control4coreNtNtB8_5state9ServerApp26apply_create_user_requestss_0Bc_
FN:652,_RNCNvMNtNtNtNtCsgsPYpHKPXCR_6server4core3app7control4coreNtNtB8_5state9ServerApp27apply_acl_mutation_requests0Bc_
FN:708,_RNCNvMNtNtNtNtCsgsPYpHKPXCR_6server4core3app7control4coreNtNtB8_5state9ServerApp27apply_acl_mutation_requestss0_0Bc_
FN:709,_RNCNvMNtNtNtNtCsgsPYpHKPXCR_6server4core3app7control4coreNtNtB8_5state9ServerApp27apply_acl_mutation_requestss1_0Bc_
FN:660,_RNCNvMNtNtNtNtCsgsPYpHKPXCR_6server4core3app7control4coreNtNtB8_5state9ServerApp27apply_acl_mutation_requestss_0Bc_
FN:1442,_RNCNvMNtNtNtNtCsgsPYpHKPXCR_6server4core3app7control4coreNtNtB8_5state9ServerApp27finalize_group_table_writes0Bc_
FN:1450,_RNCNvMNtNtNtNtCsgsPYpHKPXCR_6server4core3app7control4coreNtNtB8_5state9ServerApp27finalize_group_table_writess_0Bc_
FN:224,_RNCNvMNtNtNtNtCsgsPYpHKPXCR_6server4core3app7control4coreNtNtB8_5state9ServerApp27query_from_mutation_command0Bc_
FN:249,_RNCNvMNtNtNtNtCsgsPYpHKPXCR_6server4core3app7control4coreNtNtB8_5state9ServerApp27query_from_mutation_commands0_0Bc_
FN:230,_RNCNvMNtNtNtNtCsgsPYpHKPXCR_6server4core3app7control4coreNtNtB8_5state9ServerApp27query_from_mutation_commands_0Bc_
FN:92,_RNCNvMNtNtNtNtCsgsPYpHKPXCR_6server4core3app7control4coreNtNtB8_5state9ServerApp27sql_literal_for_field_bytes0Bc_
FN:104,_RNCNvMNtNtNtNtCsgsPYpHKPXCR_6server4core3app7control4coreNtNtB8_5state9ServerApp27sql_literal_for_field_bytess_0Bc_
FN:782,_RNCNvMNtNtNtNtCsgsPYpHKPXCR_6server4core3app7control4coreNtNtB8_5state9ServerApp33authorization_objects_for_request0Bc_
FN:1236,_RNCNvMNtNtNtNtCsgsPYpHKPXCR_6server4core3app7control4coreNtNtB8_5state9ServerApp39try_handle_show_indexes_read_only_query0Bc_
FN:1255,_RNCNvMNtNtNtNtCsgsPYpHKPXCR_6server4core3app7control4coreNtNtB8_5state9ServerApp39try_handle_show_indexes_read_only_querys_0Bc_
FN:609,_RNCNvMNtNtNtNtCsgsPYpHKPXCR_6server4core3app7control4coreNtNtB8_5state9ServerApp41parse_database_and_object_from_acl_target0Bc_
FN:623,_RNCNvMNtNtNtNtCsgsPYpHKPXCR_6server4core3app7control4coreNtNtB8_5state9ServerApp41parse_database_and_object_from_acl_targets0_0Bc_
FN:624,_RNCNvMNtNtNtNtCsgsPYpHKPXCR_6server4core3app7control4coreNtNtB8_5state9ServerApp41parse_database_and_object_from_acl_targets1_0Bc_
FN:620,_RNCNvMNtNtNtNtCsgsPYpHKPXCR_6server4core3app7control4coreNtNtB8_5state9ServerApp41parse_database_and_object_from_acl_targets_0Bc_
FN:1100,_RNCNvMNtNtNtNtCsgsPYpHKPXCR_6server4core3app7control4coreNtNtB8_5state9ServerApp44try_handle_strict_count_star_read_only_query0Bc_
FN:1124,_RNCNvMNtNtNtNtCsgsPYpHKPXCR_6server4core3app7control4coreNtNtB8_5state9ServerApp44try_handle_strict_count_star_read_only_querys0_0Bc_
FN:1132,_RNCNvMNtNtNtNtCsgsPYpHKPXCR_6server4core3app7control4coreNtNtB8_5state9ServerApp44try_handle_strict_count_star_read_only_querys1_0Bc_
FN:1144,_RNCNvMNtNtNtNtCsgsPYpHKPXCR_6server4core3app7control4coreNtNtB8_5state9ServerApp44try_handle_strict_count_star_read_only_querys3_0Bc_
FN:1109,_RNCNvMNtNtNtNtCsgsPYpHKPXCR_6server4core3app7control4coreNtNtB8_5state9ServerApp44try_handle_strict_count_star_read_only_querys_0Bc_
FN:991,_RNCNvMNtNtNtNtCsgsPYpHKPXCR_6server4core3app7control4coreNtNtB8_5state9ServerApp58handle_read_only_connector_request_for_session_with_parsed0Bc_
FN:49,_RNvMNtNtNtNtCsgsPYpHKPXCR_6server4core3app7control4coreNtNtB6_5state9ServerApp39read_only_runtime_index_scope_table_ids
FNDA:1,_RNvMNtNtNtNtCsgsPYpHKPXCR_6server4core3app7control4coreNtNtB6_5state9ServerApp17quoted_sql_string
FNDA:0,_RNvMNtNtNtNtCsgsPYpHKPXCR_6server4core3app7control4coreNtNtB6_5state9ServerApp20parse_lock_table_ids
FNDA:2828,_RNvMNtNtNtNtCsgsPYpHKPXCR_6server4core3app7control4coreNtNtB6_5state9ServerApp20parse_query_requests
FNDA:11,_RNvMNtNtNtNtCsgsPYpHKPXCR_6server4core3app7control4coreNtNtB6_5state9ServerApp21commit_staged_queries
FNDA:8,_RNvMNtNtNtNtCsgsPYpHKPXCR_6server4core3app7control4coreNtNtB6_5state9ServerApp21quoted_sql_identifier
FNDA:5,_RNvMNtNtNtNtCsgsPYpHKPXCR_6server4core3app7control4coreNtNtB6_5state9ServerApp22parse_create_user_spec
FNDA:0,_RNvMNtNtNtNtCsgsPYpHKPXCR_6server4core3app7control4coreNtNtB6_5state9ServerApp23resolve_catalog_by_name
FNDA:9,_RNvMNtNtNtNtCsgsPYpHKPXCR_6server4core3app7control4coreNtNtB6_5state9ServerApp23validate_staged_queries
FNDA:0,_RNvMNtNtNtNtCsgsPYpHKPXCR_6server4core3app7control4coreNtNtB6_5state9ServerApp24abort_group_table_writes
FNDA:1184,_RNvMNtNtNtNtCsgsPYpHKPXCR_6server4core3app7control4coreNtNtB6_5state9ServerApp24handle_connector_request
FNDA:2,_RNvMNtNtNtNtCsgsPYpHKPXCR_6server4core3app7control4coreNtNtB6_5state9ServerApp25query_from_schema_command
FNDA:1664,_RNvMNtNtNtNtCsgsPYpHKPXCR_6server4core3app7control4coreNtNtB6_5state9ServerApp26apply_create_user_requests
FNDA:1839,_RNvMNtNtNtNtCsgsPYpHKPXCR_6server4core3app7control4coreNtNtB6_5state9ServerApp27apply_acl_mutation_requests
FNDA:6,_RNvMNtNtNtNtCsgsPYpHKPXCR_6server4core3app7control4coreNtNtB6_5state9ServerApp27finalize_group_table_writes
FNDA:1,_RNvMNtNtNtNtCsgsPYpHKPXCR_6server4core3app7control4coreNtNtB6_5state9ServerApp27query_from_mutation_command
FNDA:2,_RNvMNtNtNtNtCsgsPYpHKPXCR_6server4core3app7control4coreNtNtB6_5state9ServerApp27sql_literal_for_field_bytes
FNDA:9,_RNvMNtNtNtNtCsgsPYpHKPXCR_6server4core3app7control4coreNtNtB6_5state9ServerApp28staged_query_validation_plan
FNDA:0,_RNvMNtNtNtNtCsgsPYpHKPXCR_6server4core3app7control4coreNtNtB6_5state9ServerApp29apply_remote_table_lock_state
FNDA:2981,_RNvMNtNtNtNtCsgsPYpHKPXCR_6server4core3app7control4coreNtNtB6_5state9ServerApp30session_user_for_authorization
FNDA:2842,_RNvMNtNtNtNtCsgsPYpHKPXCR_6server4core3app7control4coreNtNtB6_5state9ServerApp32handle_transaction_control_query
FNDA:2817,_RNvMNtNtNtNtCsgsPYpHKPXCR_6server4core3app7control4coreNtNtB6_5state9ServerApp32parse_query_requests_with_timing
FNDA:1337,_RNvMNtNtNtNtCsgsPYpHKPXCR_6server4core3app7control4coreNtNtB6_5state9ServerApp33authorization_objects_for_request
FNDA:1337,_RNvMNtNtNtNtCsgsPYpHKPXCR_6server4core3app7control4coreNtNtB6_5state9ServerApp34authorization_database_for_request
FNDA:2803,_RNvMNtNtNtNtCsgsPYpHKPXCR_6server4core3app7control4coreNtNtB6_5state9ServerApp34authorize_sql_requests_for_session
FNDA:5,_RNvMNtNtNtNtCsgsPYpHKPXCR_6server4core3app7control4coreNtNtB6_5state9ServerApp34execute_query_with_session_context
FNDA:2914,_RNvMNtNtNtNtCsgsPYpHKPXCR_6server4core3app7control4coreNtNtB6_5state9ServerApp36handle_connector_request_for_session
FNDA:3,_RNvMNtNtNtNtCsgsPYpHKPXCR_6server4core3app7control4coreNtNtB6_5state9ServerApp37sql_column_definition_from_field_spec
FNDA:6,_RNvMNtNtNtNtCsgsPYpHKPXCR_6server4core3app7control4coreNtNtB6_5state9ServerApp39try_handle_show_indexes_read_only_query
FNDA:1643,_RNvMNtNtNtNtCsgsPYpHKPXCR_6server4core3app7control4coreNtNtB6_5state9ServerApp41execute_parsed_query_with_session_context
FNDA:182,_RNvMNtNtNtNtCsgsPYpHKPXCR_6server4core3app7control4coreNtNtB6_5state9ServerApp41parse_database_and_object_from_acl_target
FNDA:6,_RNvMNtNtNtNtCsgsPYpHKPXCR_6server4core3app7control4coreNtNtB6_5state9ServerApp44try_handle_strict_count_star_read_only_query
FNDA:6,_RNvMNtNtNtNtCsgsPYpHKPXCR_6server4core3app7control4coreNtNtB6_5state9ServerApp46handle_read_only_connector_request_for_session
FNDA:2797,_RNvMNtNtNtNtCsgsPYpHKPXCR_6server4core3app7control4coreNtNtB6_5state9ServerApp47handle_query_command_for_session_with_preparsed
FNDA:18,_RNvMNtNtNtNtCsgsPYpHKPXCR_6server4core3app7control4coreNtNtB6_5state9ServerApp49execute_query_in_write_group_with_session_context
FNDA:0,_RNvMNtNtNtNtCsgsPYpHKPXCR_6server4core3app7control4coreNtNtB6_5state9ServerApp54handle_connector_request_for_session_with_parsed_query
FNDA:6,_RNvMNtNtNtNtCsgsPYpHKPXCR_6server4core3app7control4coreNtNtB6_5state9ServerApp58handle_read_only_connector_request_for_session_with_parsed
FNDA:0,_RNvNtNtNtNtCsgsPYpHKPXCR_6server4core3app7control4core31strict_count_star_is_full_table
FNDA:6,_RNvNtNtNtNtCsgsPYpHKPXCR_6server4core3app7control4core40strict_count_star_projection_output_name
FNDA:0,_RINvNtNtNtNtCsgsPYpHKPXCR_6server4core3app7control4core22function_is_count_starNtNtCs6x8WwIYvbfj_9sqlparser3ast8FunctionEBa_
FNDA:0,_RNCINvNtNtNtNtCsgsPYpHKPXCR_6server4core3app7control4core22function_is_count_starNtNtCs6x8WwIYvbfj_9sqlparser3ast8FunctionE0Bc_
FNDA:0,_RNCNCNvMNtNtNtNtCsgsPYpHKPXCR_6server4core3app7control4coreNtNtBa_5state9ServerApp23resolve_catalog_by_name00Be_
FNDA:0,_RNCNCNvMNtNtNtNtCsgsPYpHKPXCR_6server4core3app7control4coreNtNtBa_5state9ServerApp44try_handle_strict_count_star_read_only_query00Be_
FNDA:0,_RNCNvMNtNtNtNtCsgsPYpHKPXCR_6server4core3app7control4coreNtNtB8_5state9ServerApp20parse_lock_table_ids0Bc_
FNDA:14,_RNCNvMNtNtNtNtCsgsPYpHKPXCR_6server4core3app7control4coreNtNtB8_5state9ServerApp20parse_query_requests0Bc_
FNDA:0,_RNCNvMNtNtNtNtCsgsPYpHKPXCR_6server4core3app7control4coreNtNtB8_5state9ServerApp21commit_staged_queries0Bc_
FNDA:6,_RNCNvMNtNtNtNtCsgsPYpHKPXCR_6server4core3app7control4coreNtNtB8_5state9ServerApp21commit_staged_queriess_0Bc_
FNDA:5,_RNCNvMNtNtNtNtCsgsPYpHKPXCR_6server4core3app7control4coreNtNtB8_5state9ServerApp22parse_create_user_spec0Bc_
FNDA:4,_RNCNvMNtNtNtNtCsgsPYpHKPXCR_6server4core3app7control4coreNtNtB8_5state9ServerApp22parse_create_user_specs0_0Bc_
FNDA:0,_RNCNvMNtNtNtNtCsgsPYpHKPXCR_6server4core3app7control4coreNtNtB8_5state9ServerApp22parse_create_user_specs_0Bc_
FNDA:0,_RNCNvMNtNtNtNtCsgsPYpHKPXCR_6server4core3app7control4coreNtNtB8_5state9ServerApp23resolve_catalog_by_name0Bc_
FNDA:0,_RNCNvMNtNtNtNtCsgsPYpHKPXCR_6server4core3app7control4coreNtNtB8_5state9ServerApp23validate_staged_queries0Bc_
FNDA:0,_RNCNvMNtNtNtNtCsgsPYpHKPXCR_6server4core3app7control4coreNtNtB8_5state9ServerApp23validate_staged_queriess0_0Bc_
FNDA:9,_RNCNvMNtNtNtNtCsgsPYpHKPXCR_6server4core3app7control4coreNtNtB8_5state9ServerApp23validate_staged_queriess1_0Bc_
FNDA:0,_RNCNvMNtNtNtNtCsgsPYpHKPXCR_6server4core3app7control4coreNtNtB8_5state9ServerApp23validate_staged_queriess_0Bc_
FNDA:0,_RNCNvMNtNtNtNtCsgsPYpHKPXCR_6server4core3app7control4coreNtNtB8_5state9ServerApp24abort_group_table_writes0Bc_
FNDA:1664,_RNCNvMNtNtNtNtCsgsPYpHKPXCR_6server4core3app7control4coreNtNtB8_5state9ServerApp26apply_create_user_requests0Bc_
FNDA:4,_RNCNvMNtNtNtNtCsgsPYpHKPXCR_6server4core3app7control4coreNtNtB8_5state9ServerApp26apply_create_user_requestss0_0Bc_
FNDA:5,_RNCNvMNtNtNtNtCsgsPYpHKPXCR_6server4core3app7control4coreNtNtB8_5state9ServerApp26apply_create_user_requestss_0Bc_
FNDA:1839,_RNCNvMNtNtNtNtCsgsPYpHKPXCR_6server4core3app7control4coreNtNtB8_5state9ServerApp27apply_acl_mutation_requests0Bc_
FNDA:182,_RNCNvMNtNtNtNtCsgsPYpHKPXCR_6server4core3app7control4coreNtNtB8_5state9ServerApp27apply_acl_mutation_requestss0_0Bc_
FNDA:34,_RNCNvMNtNtNtNtCsgsPYpHKPXCR_6server4core3app7control4coreNtNtB8_5state9ServerApp27apply_acl_mutation_requestss1_0Bc_
FNDA:184,_RNCNvMNtNtNtNtCsgsPYpHKPXCR_6server4core3app7control4coreNtNtB8_5state9ServerApp27apply_acl_mutation_requestss_0Bc_
FNDA:0,_RNCNvMNtNtNtNtCsgsPYpHKPXCR_6server4core3app7control4coreNtNtB8_5state9ServerApp27finalize_group_table_writes0Bc_
FNDA:0,_RNCNvMNtNtNtNtCsgsPYpHKPXCR_6server4core3app7control4coreNtNtB8_5state9ServerApp27finalize_group_table_writess_0Bc_
FNDA:2,_RNCNvMNtNtNtNtCsgsPYpHKPXCR_6server4core3app7control4coreNtNtB8_5state9ServerApp27query_from_mutation_command0Bc_
FNDA:0,_RNCNvMNtNtNtNtCsgsPYpHKPXCR_6server4core3app7control4coreNtNtB8_5state9ServerApp27query_from_mutation_commands0_0Bc_
FNDA:2,_RNCNvMNtNtNtNtCsgsPYpHKPXCR_6server4core3app7control4coreNtNtB8_5state9ServerApp27query_from_mutation_commands_0Bc_
FNDA:2,_RNCNvMNtNtNtNtCsgsPYpHKPXCR_6server4core3app7control4coreNtNtB8_5state9ServerApp27sql_literal_for_field_bytes0Bc_
FNDA:0,_RNCNvMNtNtNtNtCsgsPYpHKPXCR_6server4core3app7control4coreNtNtB8_5state9ServerApp27sql_literal_for_field_bytess_0Bc_
FNDA:1338,_RNCNvMNtNtNtNtCsgsPYpHKPXCR_6server4core3app7control4coreNtNtB8_5state9ServerApp33authorization_objects_for_request0Bc_
FNDA:0,_RNCNvMNtNtNtNtCsgsPYpHKPXCR_6server4core3app7control4coreNtNtB8_5state9ServerApp39try_handle_show_indexes_read_only_query0Bc_
FNDA:0,_RNCNvMNtNtNtNtCsgsPYpHKPXCR_6server4core3app7control4coreNtNtB8_5state9ServerApp39try_handle_show_indexes_read_only_querys_0Bc_
FNDA:182,_RNCNvMNtNtNtNtCsgsPYpHKPXCR_6server4core3app7control4coreNtNtB8_5state9ServerApp41parse_database_and_object_from_acl_target0Bc_
FNDA:151,_RNCNvMNtNtNtNtCsgsPYpHKPXCR_6server4core3app7control4coreNtNtB8_5state9ServerApp41parse_database_and_object_from_acl_targets0_0Bc_
FNDA:151,_RNCNvMNtNtNtNtCsgsPYpHKPXCR_6server4core3app7control4coreNtNtB8_5state9ServerApp41parse_database_and_object_from_acl_targets1_0Bc_
FNDA:140,_RNCNvMNtNtNtNtCsgsPYpHKPXCR_6server4core3app7control4coreNtNtB8_5state9ServerApp41parse_database_and_object_from_acl_targets_0Bc_
FNDA:0,_RNCNvMNtNtNtNtCsgsPYpHKPXCR_6server4core3app7control4coreNtNtB8_5state9ServerApp44try_handle_strict_count_star_read_only_query0Bc_
FNDA:0,_RNCNvMNtNtNtNtCsgsPYpHKPXCR_6server4core3app7control4coreNtNtB8_5state9ServerApp44try_handle_strict_count_star_read_only_querys0_0Bc_
FNDA:0,_RNCNvMNtNtNtNtCsgsPYpHKPXCR_6server4core3app7control4coreNtNtB8_5state9ServerApp44try_handle_strict_count_star_read_only_querys1_0Bc_
FNDA:0,_RNCNvMNtNtNtNtCsgsPYpHKPXCR_6server4core3app7control4coreNtNtB8_5state9ServerApp44try_handle_strict_count_star_read_only_querys3_0Bc_
FNDA:0,_RNCNvMNtNtNtNtCsgsPYpHKPXCR_6server4core3app7control4coreNtNtB8_5state9ServerApp44try_handle_strict_count_star_read_only_querys_0Bc_
FNDA:6,_RNCNvMNtNtNtNtCsgsPYpHKPXCR_6server4core3app7control4coreNtNtB8_5state9ServerApp58handle_read_only_connector_request_for_session_with_parsed0Bc_
FNDA:0,_RNvMNtNtNtNtCsgsPYpHKPXCR_6server4core3app7control4coreNtNtB6_5state9ServerApp39read_only_runtime_index_scope_table_ids
FNF:83
FNH:53
DA:35,2828
DA:36,2828
DA:37,2828
DA:38,2828
DA:40,2817
DA:41,2817
DA:42,2817
DA:43,2817
DA:44,2817
DA:45,2803
DA:46,2803
DA:47,2817
DA:49,0
DA:50,0
DA:52,0
DA:53,0
DA:54,0
DA:55,0
DA:56,0
DA:57,0
DA:59,0
DA:60,0
DA:61,0
DA:62,0
DA:64,0
DA:65,0
DA:66,0
DA:67,0
DA:68,0
DA:69,0
DA:73,0
DA:74,0
DA:76,8
DA:77,8
DA:78,8
DA:80,1
DA:81,1
DA:82,1
DA:84,2
DA:86,2
DA:87,2
DA:88,2
DA:89,2
DA:90,2
DA:91,2
DA:92,2
DA:94,2
DA:95,1
DA:96,1
DA:97,0
DA:99,1
DA:100,0
DA:102,0
DA:103,0
DA:104,0
DA:105,0
DA:106,0
DA:108,2
DA:110,3
DA:111,3
DA:113,3
DA:114,3
DA:117,3
DA:118,3
DA:119,3
DA:121,3
DA:122,0
DA:123,0
DA:124,3
DA:126,3
DA:127,1
DA:128,2
DA:130,3
DA:131,3
DA:133,2
DA:134,2
DA:135,2
DA:136,2
DA:138,2
DA:139,1
DA:140,1
DA:142,2
DA:143,2
DA:144,0
DA:145,0
DA:146,0
DA:147,0
DA:148,2
DA:151,1
DA:152,1
DA:153,1
DA:154,1
DA:155,1
DA:157,1
DA:159,1
DA:160,1
DA:164,1
DA:165,1
DA:167,1
DA:168,0
DA:169,0
DA:170,0
DA:171,0
DA:172,0
DA:174,1
DA:175,1
DA:176,1
DA:177,1
DA:178,1
DA:179,1
DA:181,1
DA:182,0
DA:184,0
DA:187,0
DA:188,0
DA:189,0
DA:190,0
DA:191,0
DA:192,0
DA:195,1
DA:197,1
DA:198,1
DA:202,0
DA:203,0
DA:207,2
DA:208,2
DA:209,2
DA:210,2
DA:212,2
DA:214,1
DA:215,1
DA:216,1
DA:217,1
DA:219,1
DA:221,1
DA:222,1
DA:223,1
DA:224,2
DA:225,1
DA:226,1
DA:228,1
DA:229,1
DA:230,2
DA:231,1
DA:232,1
DA:234,1
DA:236,1
DA:243,0
DA:244,0
DA:245,0
DA:247,0
DA:248,0
DA:249,0
DA:250,0
DA:252,0
DA:253,0
DA:255,0
DA:256,0
DA:257,0
DA:259,0
DA:261,0
DA:265,0
DA:266,0
DA:267,0
DA:268,0
DA:269,0
DA:270,0
DA:271,0
DA:273,0
DA:277,0
DA:278,0
DA:280,0
DA:282,0
DA:283,0
DA:284,0
DA:285,0
DA:286,0
DA:287,0
DA:288,0
DA:290,0
DA:295,1
DA:296,1
DA:297,1
DA:298,1
DA:300,1
DA:302,5
DA:304,5
DA:306,5
DA:307,0
DA:308,5
DA:310,5
DA:312,5
DA:313,5
DA:314,1
DA:315,1
DA:316,4
DA:318,5
DA:319,0
DA:320,5
DA:322,5
DA:323,5
DA:324,5
DA:325,5
DA:327,0
DA:328,0
DA:329,0
DA:330,0
DA:333,5
DA:334,0
DA:335,5
DA:337,5
DA:338,1
DA:339,4
DA:341,4
DA:343,4
DA:344,4
DA:345,4
DA:347,4
DA:348,4
DA:349,4
DA:350,0
DA:351,4
DA:353,4
DA:354,0
DA:355,4
DA:357,4
DA:358,4
DA:359,4
DA:360,4
DA:361,4
DA:362,4
DA:365,4
DA:366,0
DA:368,4
DA:371,5
DA:373,1664
DA:374,1664
DA:375,1664
DA:376,1664
DA:377,1664
DA:378,1664
DA:379,1664
DA:381,1664
DA:382,1664
DA:383,1664
DA:384,1664
DA:385,1664
DA:386,1664
DA:387,1664
DA:388,1664
DA:389,1664
DA:391,1664
DA:392,5
DA:393,5
DA:395,1659
DA:397,1664
DA:398,1664
DA:400,1664
DA:401,1659
DA:402,5
DA:404,5
DA:405,4
DA:407,1
DA:408,1
DA:409,1
DA:410,1
DA:411,4
DA:413,4
DA:414,0
DA:415,0
DA:416,0
DA:417,0
DA:420,4
DA:421,0
DA:422,0
DA:423,0
DA:424,0
DA:425,0
DA:426,0
DA:427,0
DA:428,4
DA:430,4
DA:431,4
DA:432,0
DA:434,4
DA:437,4
DA:438,0
DA:439,0
DA:440,0
DA:441,0
DA:444,4
DA:446,4
DA:448,4
DA:449,4
DA:450,4
DA:451,4
DA:453,4
DA:454,4
DA:455,2
DA:456,4
DA:458,4
DA:459,2
DA:460,1
DA:461,1
DA:463,1
DA:464,1
DA:465,1
DA:466,1
DA:467,2
DA:469,2
DA:470,2
DA:471,2
DA:472,2
DA:473,2
DA:474,2
DA:477,2
DA:478,2
DA:480,2
DA:481,2
DA:482,2
DA:483,2
DA:484,2
DA:485,0
DA:486,0
DA:487,0
DA:488,0
DA:489,2
DA:491,2
DA:492,0
DA:493,0
DA:494,0
DA:495,0
DA:496,2
DA:498,2
DA:499,0
DA:500,0
DA:501,0
DA:502,0
DA:505,2
DA:506,2
DA:508,2
DA:512,3
DA:513,3
DA:514,3
DA:515,3
DA:517,1664
DA:519,2981
DA:520,2981
DA:521,2981
DA:522,2981
DA:523,2981
DA:525,1643
DA:526,1643
DA:527,1643
DA:528,1643
DA:529,1643
DA:530,1643
DA:531,1643
DA:532,1643
DA:533,1643
DA:534,1643
DA:535,1643
DA:536,1643
DA:537,1643
DA:538,1643
DA:539,1643
DA:540,1643
DA:541,1643
DA:542,1643
DA:543,1643
DA:544,1643
DA:545,1643
DA:546,1643
DA:547,1643
DA:548,1643
DA:549,1643
DA:551,1643
DA:553,5
DA:554,5
DA:555,5
DA:556,5
DA:557,5
DA:558,5
DA:559,5
DA:560,5
DA:561,5
DA:562,5
DA:563,5
DA:564,5
DA:565,5
DA:566,5
DA:567,5
DA:568,5
DA:569,5
DA:570,5
DA:571,5
DA:572,5
DA:573,5
DA:575,5
DA:577,18
DA:578,18
DA:579,18
DA:580,18
DA:581,18
DA:582,18
DA:583,18
DA:584,18
DA:585,18
DA:586,18
DA:587,18
DA:588,18
DA:589,18
DA:590,18
DA:591,18
DA:592,18
DA:593,18
DA:594,18
DA:595,18
DA:596,18
DA:597,18
DA:598,18
DA:599,18
DA:601,18
DA:603,182
DA:604,182
DA:605,182
DA:606,182
DA:607,182
DA:609,182
DA:610,182
DA:611,182
DA:612,0
DA:614,182
DA:616,182
DA:618,182
DA:619,182
DA:620,182
DA:622,182
DA:623,182
DA:624,182
DA:626,182
DA:627,151
DA:629,0
DA:630,0
DA:632,0
DA:633,0
DA:634,0
DA:635,0
DA:636,182
DA:638,182
DA:640,182
DA:642,1839
DA:643,1839
DA:644,1839
DA:645,1839
DA:646,1839
DA:647,1839
DA:648,1839
DA:650,1839
DA:651,1839
DA:652,1839
DA:654,1839
DA:655,1664
DA:656,175
DA:658,175
DA:659,175
DA:660,184
DA:662,1
DA:663,1
DA:664,1
DA:665,1
DA:666,1
DA:667,174
DA:669,174
DA:670,0
DA:671,0
DA:672,0
DA:673,0
DA:676,174
DA:677,0
DA:678,0
DA:679,0
DA:680,0
DA:681,0
DA:682,0
DA:683,0
DA:684,174
DA:686,174
DA:688,182
DA:690,182
DA:692,182
DA:693,182
DA:694,182
DA:695,182
DA:696,182
DA:698,182
DA:699,0
DA:700,0
DA:701,0
DA:702,0
DA:705,182
DA:706,182
DA:707,182
DA:708,182
DA:709,182
DA:710,34
DA:711,34
DA:713,182
DA:715,182
DA:718,102
DA:719,82
DA:720,82
DA:721,20
DA:723,20
DA:724,10
DA:725,10
DA:730,80
DA:731,69
DA:732,69
DA:733,11
DA:734,11
DA:739,182
DA:740,182
DA:741,182
DA:742,182
DA:743,182
DA:744,0
DA:745,0
DA:746,0
DA:747,0
DA:748,182
DA:750,182
DA:751,0
DA:752,0
DA:753,0
DA:754,0
DA:757,182
DA:758,182
DA:764,174
DA:765,174
DA:766,174
DA:767,174
DA:768,174
DA:769,174
DA:771,1839
DA:773,1337
DA:775,1337
DA:776,0
DA:777,1337
DA:779,1337
DA:780,1337
DA:781,1337
DA:782,1338
DA:783,1338
DA:784,1338
DA:785,1338
DA:786,1338
DA:787,1338
DA:789,1338
DA:790,1338
DA:791,0
DA:793,1338
DA:795,1338
DA:796,1337
DA:798,1337
DA:800,1337
DA:801,1337
DA:802,1337
DA:803,1337
DA:805,1337
DA:806,0
DA:807,1337
DA:809,1337
DA:810,1337
DA:812,1
DA:813,1
DA:814,1
DA:815,0
DA:816,1336
DA:818,1336
DA:819,1336
DA:820,1336
DA:821,0
DA:823,0
DA:825,1337
DA:827,2803
DA:828,2803
DA:829,2803
DA:830,2803
DA:831,2803
DA:832,2803
DA:834,2803
DA:835,0
DA:838,2803
DA:839,1466
DA:840,1337
DA:842,1337
DA:844,1337
DA:845,0
DA:848,1337
DA:849,1337
DA:851,1337
DA:852,0
DA:853,0
DA:854,0
DA:855,0
DA:858,1337
DA:859,0
DA:860,0
DA:861,0
DA:862,0
DA:865,1337
DA:867,1337
DA:868,25
DA:869,25
DA:870,25
DA:871,25
DA:874,1312
DA:876,0
DA:877,0
DA:879,0
DA:880,0
DA:881,0
DA:882,0
DA:883,0
DA:884,0
DA:885,0
DA:886,0
DA:890,1313
DA:892,1313
DA:893,1313
DA:895,1313
DA:896,933
DA:897,933
DA:898,933
DA:899,933
DA:900,933
DA:901,933
DA:902,933
DA:903,380
DA:910,379
DA:912,2803
DA:914,6
DA:915,6
DA:916,6
DA:917,6
DA:918,6
DA:920,6
DA:921,0
DA:922,0
DA:923,0
DA:924,0
DA:925,6
DA:927,6
DA:928,0
DA:931,6
DA:932,6
DA:933,6
DA:934,6
DA:936,0
DA:937,6
DA:939,6
DA:941,6
DA:942,6
DA:943,6
DA:944,6
DA:945,6
DA:948,6
DA:950,6
DA:951,6
DA:952,6
DA:953,6
DA:954,6
DA:955,6
DA:956,6
DA:958,6
DA:960,6
DA:961,0
DA:962,0
DA:963,0
DA:964,0
DA:965,6
DA:967,6
DA:968,0
DA:971,6
DA:972,6
DA:973,6
DA:974,6
DA:976,0
DA:977,6
DA:979,6
DA:980,0
DA:981,6
DA:983,6
DA:984,6
DA:985,6
DA:986,6
DA:987,6
DA:988,0
DA:989,6
DA:991,6
DA:992,6
DA:993,6
DA:995,6
DA:996,0
DA:997,6
DA:999,6
DA:1000,6
DA:1001,6
DA:1002,6
DA:1003,6
DA:1004,6
DA:1005,0
DA:1006,6
DA:1008,6
DA:1009,6
DA:1010,6
DA:1011,6
DA:1012,6
DA:1013,6
DA:1014,6
DA:1015,0
DA:1016,6
DA:1018,6
DA:1019,6
DA:1020,6
DA:1022,6
DA:1023,6
DA:1024,6
DA:1026,6
DA:1027,0
DA:1035,6
DA:1037,6
DA:1038,0
DA:1039,0
DA:1040,0
DA:1041,0
DA:1044,6
DA:1046,6
DA:1047,6
DA:1048,6
DA:1049,6
DA:1050,6
DA:1051,6
DA:1052,6
DA:1053,6
DA:1054,6
DA:1055,6
DA:1056,6
DA:1059,6
DA:1061,6
DA:1063,6
DA:1064,6
DA:1065,6
DA:1067,6
DA:1068,6
DA:1069,6
DA:1071,6
DA:1072,6
DA:1073,6
DA:1074,6
DA:1075,6
DA:1077,0
DA:1080,6
DA:1082,6
DA:1083,6
DA:1084,6
DA:1085,6
DA:1086,6
DA:1087,6
DA:1088,6
DA:1090,6
DA:1091,6
DA:1093,0
DA:1094,0
DA:1095,0
DA:1097,0
DA:1098,0
DA:1099,0
DA:1100,0
DA:1101,0
DA:1102,0
DA:1103,0
DA:1104,0
DA:1105,0
DA:1107,0
DA:1108,0
DA:1109,0
DA:1111,0
DA:1112,0
DA:1113,0
DA:1114,0
DA:1116,0
DA:1118,0
DA:1121,0
DA:1123,0
DA:1124,0
DA:1125,0
DA:1126,0
DA:1127,0
DA:1129,0
DA:1130,0
DA:1131,0
DA:1132,0
DA:1133,0
DA:1134,0
DA:1135,0
DA:1136,0
DA:1137,0
DA:1139,0
DA:1140,0
DA:1142,0
DA:1143,0
DA:1144,0
DA:1146,0
DA:1147,0
DA:1154,0
DA:1155,0
DA:1162,0
DA:1163,0
DA:1169,0
DA:1176,0
DA:1178,0
DA:1179,0
DA:1180,0
DA:1181,0
DA:1182,0
DA:1183,0
DA:1184,0
DA:1185,0
DA:1186,0
DA:1187,0
DA:1188,0
DA:1189,0
DA:1190,0
DA:1191,0
DA:1192,0
DA:1193,0
DA:1194,0
DA:1195,0
DA:1196,0
DA:1197,0
DA:1198,0
DA:1199,0
DA:1201,6
DA:1203,6
DA:1204,6
DA:1205,6
DA:1206,6
DA:1207,6
DA:1208,6
DA:1209,6
DA:1210,6
DA:1212,6
DA:1213,6
DA:1215,6
DA:1216,6
DA:1217,6
DA:1219,6
DA:1220,0
DA:1222,0
DA:1223,0
DA:1224,0
DA:1225,0
DA:1226,0
DA:1227,0
DA:1228,0
DA:1229,0
DA:1231,0
DA:1232,0
DA:1235,0
DA:1236,0
DA:1237,0
DA:1238,0
DA:1239,0
DA:1240,0
DA:1241,0
DA:1242,0
DA:1243,0
DA:1244,0
DA:1246,0
DA:1248,0
DA:1249,0
DA:1251,0
DA:1252,0
DA:1253,0
DA:1254,0
DA:1255,0
DA:1256,0
DA:1257,0
DA:1258,0
DA:1259,0
DA:1260,0
DA:1261,0
DA:1262,0
DA:1263,0
DA:1264,0
DA:1265,0
DA:1266,0
DA:1267,0
DA:1268,0
DA:1269,0
DA:1270,0
DA:1271,0
DA:1275,6
DA:1277,0
DA:1278,0
DA:1279,0
DA:1280,0
DA:1281,0
DA:1282,0
DA:1283,0
DA:1285,2797
DA:1286,2797
DA:1287,2797
DA:1288,2797
DA:1289,2797
DA:1290,2797
DA:1291,2797
DA:1292,2797
DA:1294,2797
DA:1295,2797
DA:1296,2797
DA:1297,2797
DA:1298,2797
DA:1299,958
DA:1300,1839
DA:1302,1839
DA:1303,1839
DA:1304,1839
DA:1305,1839
DA:1306,1839
DA:1307,1839
DA:1308,175
DA:1309,1664
DA:1311,1664
DA:1312,1664
DA:1313,1664
DA:1314,1664
DA:1315,1664
DA:1316,1664
DA:1317,5
DA:1318,1659
DA:1320,1659
DA:1321,1659
DA:1322,1659
DA:1323,1659
DA:1325,1659
DA:1327,1659
DA:1329,1659
DA:1330,5
DA:1331,1654
DA:1333,1654
DA:1334,1654
DA:1335,1654
DA:1336,1654
DA:1341,1637
DA:1342,0
DA:1343,0
DA:1344,0
DA:1348,1637
DA:1349,1637
DA:1351,1637
DA:1352,1637
DA:1353,1637
DA:1354,1637
DA:1355,1637
DA:1356,1637
DA:1357,1637
DA:1358,1637
DA:1359,1637
DA:1360,1637
DA:1361,1637
DA:1364,1637
DA:1368,1637
DA:1369,64
DA:1370,1573
DA:1372,1637
DA:1376,16
DA:1377,16
DA:1378,16
DA:1381,1
DA:1382,1
DA:1385,0
DA:1389,2797
DA:1391,0
DA:1392,0
DA:1393,0
DA:1394,0
DA:1395,0
DA:1396,0
DA:1397,0
DA:1399,0
DA:1401,0
DA:1402,0
DA:1403,0
DA:1412,0
DA:1414,0
DA:1415,0
DA:1418,0
DA:1419,0
DA:1421,0
DA:1422,0
DA:1424,0
DA:1425,0
DA:1426,0
DA:1427,0
DA:1428,0
DA:1429,0
DA:1432,0
DA:1434,6
DA:1436,6
DA:1438,6
DA:1440,6
DA:1441,6
DA:1442,6
DA:1444,6
DA:1445,6
DA:1446,0
DA:1448,0
DA:1449,0
DA:1450,0
DA:1456,6
DA:1458,6
DA:1460,0
DA:1462,0
DA:1464,0
DA:1466,0
DA:1467,0
DA:1468,0
DA:1470,0
DA:1471,0
DA:1472,0
DA:1478,0
DA:1480,0
DA:1482,0
DA:1483,0
DA:1485,0
DA:1486,0
DA:1487,0
DA:1488,0
DA:1490,0
DA:1493,0
DA:1494,0
DA:1497,0
DA:1499,0
DA:1501,0
DA:1502,0
DA:1503,0
DA:1504,0
DA:1506,0
DA:1507,0
DA:1508,0
DA:1509,0
DA:1511,0
DA:1512,0
DA:1513,0
DA:1514,0
DA:1515,0
DA:1516,0
DA:1517,0
DA:1519,0
DA:1520,0
DA:1521,0
DA:1522,0
DA:1526,0
DA:1528,0
DA:1530,0
DA:1531,0
DA:1532,0
DA:1533,0
DA:1534,0
DA:1535,0
DA:1536,0
DA:1538,0
DA:1540,0
DA:1541,0
DA:1542,0
DA:1543,0
DA:1544,0
DA:1545,0
DA:1546,0
DA:1548,0
DA:1550,9
DA:1551,9
DA:1552,9
DA:1554,9
DA:1555,9
DA:1557,11
DA:1559,11
DA:1560,11
DA:1561,0
DA:1562,11
DA:1564,11
DA:1565,11
DA:1566,11
DA:1568,11
DA:1569,2
DA:1570,9
DA:1574,9
DA:1575,1
DA:1576,8
DA:1580,8
DA:1582,9
DA:1584,1184
DA:1585,1184
DA:1586,1184
DA:1588,2914
DA:1589,2914
DA:1590,2914
DA:1591,2914
DA:1592,2914
DA:1594,2914
DA:1596,1245
DA:1597,1245
DA:1598,1245
DA:1607,1669
DA:1609,2914
DA:1610,2914
DA:1618,2914
DA:1622,69
DA:1623,0
DA:1626,69
DA:1628,69
DA:1629,69
DA:1631,69
DA:1632,69
DA:1633,69
DA:1637,0
DA:1638,0
DA:1639,0
DA:1648,2842
DA:1649,0
DA:1652,31
DA:1653,2842
DA:1655,31
DA:1658,2811
DA:1659,2797
DA:1660,14
DA:1661,14
DA:1662,14
DA:1663,14
DA:1668,2797
DA:1669,2797
DA:1670,2797
DA:1671,2797
DA:1672,2797
DA:1673,2797
DA:1681,2
DA:1682,0
DA:1685,2
DA:1686,2
DA:1687,2
DA:1688,2
DA:1691,2
DA:1698,1
DA:1699,1
DA:1700,1
DA:1702,0
DA:1705,1
DA:1706,1
DA:1707,1
DA:1708,1
DA:1711,1
DA:1717,2900
DA:1719,972
DA:1720,972
DA:1730,1928
DA:1740,2900
DA:1742,2914
DA:1744,2842
DA:1745,2842
DA:1746,2842
DA:1747,2842
DA:1748,2842
DA:1749,2842
DA:1751,2842
DA:1752,2842
DA:1753,2842
DA:1754,2842
DA:1755,2842
DA:1756,2842
DA:1758,2842
DA:1759,2842
DA:1761,2842
DA:1762,2842
DA:1764,2842
DA:1765,2831
DA:1766,2826
DA:1769,16
DA:1771,0
DA:1773,0
DA:1774,0
DA:1775,0
DA:1777,0
DA:1778,0
DA:1780,16
DA:1781,0
DA:1782,16
DA:1784,16
DA:1785,16
DA:1787,16
DA:1789,16
DA:1791,15
DA:1793,15
DA:1794,0
DA:1795,0
DA:1796,0
DA:1797,0
DA:1798,0
DA:1799,0
DA:1800,15
DA:1802,15
DA:1803,15
DA:1804,15
DA:1805,15
DA:1806,15
DA:1807,15
DA:1808,15
DA:1811,15
DA:1812,15
DA:1814,1
DA:1816,16
DA:1817,16
DA:1818,16
DA:1819,16
DA:1820,16
DA:1821,16
DA:1822,0
DA:1823,16
DA:1825,16
DA:1826,16
DA:1827,16
DA:1828,16
DA:1830,2826
DA:1832,2826
DA:1834,13
DA:1835,11
DA:1836,2
DA:1837,2
DA:1841,11
DA:1842,11
DA:1843,11
DA:1844,11
DA:1845,11
DA:1846,11
DA:1847,11
DA:1849,11
DA:1850,11
DA:1851,11
DA:1852,11
DA:1853,11
DA:1854,11
DA:1856,6
DA:1858,5
DA:1860,5
DA:1862,4
DA:1863,0
DA:1867,4
DA:1871,1
DA:1872,0
DA:1876,1
DA:1878,1
DA:1879,1
DA:1880,1
DA:1883,5
DA:1884,5
DA:1885,5
DA:1886,5
DA:1887,5
DA:1888,5
DA:1889,0
DA:1890,5
DA:1892,5
DA:1898,6
DA:1899,6
DA:1900,6
DA:1902,6
DA:1903,0
DA:1904,0
DA:1905,0
DA:1906,0
DA:1907,6
DA:1909,6
DA:1910,6
DA:1911,6
DA:1912,6
DA:1913,6
DA:1914,6
DA:1915,0
DA:1916,6
DA:1918,6
DA:1919,6
DA:1920,6
DA:1921,6
DA:1922,6
DA:1923,6
DA:1925,2813
DA:1927,2813
DA:1929,2
DA:1930,2
DA:1931,0
DA:1932,0
DA:1936,2
DA:1937,1
DA:1938,1
DA:1939,1
DA:1940,1
DA:1941,1
DA:1944,1
DA:1945,1
DA:1946,1
DA:1948,1
DA:1949,1
DA:1950,1
DA:1951,1
DA:1952,1
DA:1953,1
DA:1954,0
DA:1955,1
DA:1957,1
DA:1958,1
DA:1959,1
DA:1960,1
DA:1962,2811
DA:1964,2811
DA:1966,2842
DA:1968,11
DA:1969,11
DA:1970,11
DA:1971,11
DA:1972,11
DA:1973,11
DA:1974,11
DA:1976,11
DA:1978,11
DA:1979,2
DA:1980,9
DA:1982,9
DA:1983,0
DA:1984,9
DA:1986,0
DA:1988,9
DA:1990,6
DA:1991,6
DA:1992,6
DA:1994,6
DA:1995,6
DA:1996,6
DA:1997,6
DA:1998,6
DA:1999,6
DA:2001,6
DA:2003,7
DA:2005,7
DA:2007,7
DA:2008,7
DA:2009,7
DA:2010,7
DA:2011,7
DA:2012,7
DA:2013,7
DA:2014,7
DA:2015,7
DA:2016,7
DA:2019,7
DA:2020,0
DA:2021,0
DA:2022,0
DA:2024,0
DA:2026,0
DA:2027,0
DA:2028,0
DA:2031,0
DA:2035,0
DA:2040,0
DA:2041,0
DA:2042,0
DA:2043,0
DA:2044,0
DA:2045,0
DA:2048,0
DA:2049,0
DA:2050,0
DA:2053,0
DA:2054,0
DA:2055,0
DA:2056,0
DA:2057,0
DA:2059,7
DA:2061,7
DA:2062,7
DA:2063,7
DA:2067,6
DA:2068,6
DA:2069,6
DA:2070,6
DA:2071,6
DA:2072,6
DA:2073,6
DA:2075,0
DA:2076,0
DA:2077,0
DA:2078,0
DA:2079,0
DA:2080,0
DA:2083,0
DA:2085,0
DA:2087,6
DA:2089,6
DA:2090,0
DA:2091,0
DA:2092,6
DA:2094,6
DA:2096,11
DA:2098,9
DA:2099,9
DA:2100,9
DA:2101,9
DA:2102,9
DA:2103,9
DA:2105,9
DA:2107,9
DA:2108,9
DA:2110,8
DA:2111,8
DA:2112,8
DA:2113,8
DA:2114,8
DA:2116,1
DA:2118,1
DA:2119,0
DA:2120,1
DA:2122,1
DA:2123,1
DA:2124,1
DA:2125,1
DA:2126,1
DA:2130,0
DA:2134,9
DA:2136,9
DA:2138,8
DA:2140,8
DA:2141,6
DA:2142,6
DA:2143,2
DA:2144,0
DA:2147,2
DA:2148,2
DA:2151,8
DA:2155,1
DA:2156,0
DA:2159,1
DA:2160,1
DA:2162,1
DA:2166,9
DA:2167,9
DA:2168,9
DA:2170,9
DA:2171,9
DA:2172,9
DA:2173,9
DA:2174,9
DA:2177,9
DA:2179,11
DA:2181,11
DA:2183,11
DA:2184,11
DA:2185,11
DA:2186,11
DA:2187,11
DA:2188,11
DA:2189,11
DA:2190,11
DA:2191,11
DA:2192,11
DA:2195,11
DA:2197,3
DA:2198,3
DA:2199,0
DA:2202,3
DA:2203,3
DA:2204,3
DA:2205,3
DA:2206,3
DA:2208,8
DA:2212,6
DA:2214,9
DA:2218,6
DA:2220,6
DA:2221,0
DA:2222,6
DA:2225,0
DA:2226,0
DA:2227,6
DA:2229,6
DA:2232,0
DA:2233,0
DA:2234,0
DA:2236,0
DA:2238,6
DA:2240,0
DA:2242,0
DA:2243,0
DA:2244,0
DA:2245,0
DA:2246,0
DA:2247,0
DA:2248,0
DA:2249,0
DA:2250,0
DA:2251,0
DA:2252,0
DA:2254,0
DA:2256,0
DA:2258,0
DA:2259,0
DA:2260,0
DA:2261,0
DA:2262,0
DA:2264,0
DA:2266,0
BRF:0
BRH:0
LF:1565
LH:1029
end_of_record
SF:/Users/samcolak/Source Code/rust/distdb/distdb/server/src/core/app/control/isolation.rs
FN:109,_RNvMNtNtNtNtCsgsPYpHKPXCR_6server4core3app7control9isolationNtNtB6_5state9ServerApp26execute_transactional_read
FN:15,_RNvMNtNtNtNtCsgsPYpHKPXCR_6server4core3app7control9isolationNtNtB6_5state9ServerApp27detect_write_write_conflict
FN:246,_RNvMNtNtNtNtCsgsPYpHKPXCR_6server4core3app7control9isolationNtNtB6_5state9ServerApp28seed_sandbox_wal_from_source
FN:317,_RNvMNtNtNtNtCsgsPYpHKPXCR_6server4core3app7control9isolationNtNtB6_5state9ServerApp30record_simple_read_observation
FN:72,_RNvMNtNtNtNtCsgsPYpHKPXCR_6server4core3app7control9isolationNtNtB6_5state9ServerApp31detect_predicate_read_conflicts
FN:278,_RNvMNtNtNtNtCsgsPYpHKPXCR_6server4core3app7control9isolationNtNtB6_5state9ServerApp39seed_sandbox_wal_from_source_for_tables
FN:165,_RNCNvMNtNtNtNtCsgsPYpHKPXCR_6server4core3app7control9isolationNtNtB8_5state9ServerApp26execute_transactional_read0Bc_
FN:55,_RNCNvMNtNtNtNtCsgsPYpHKPXCR_6server4core3app7control9isolationNtNtB8_5state9ServerApp27detect_write_write_conflict0Bc_
FN:265,_RNCNvMNtNtNtNtCsgsPYpHKPXCR_6server4core3app7control9isolationNtNtB8_5state9ServerApp28seed_sandbox_wal_from_source0Bc_
FN:346,_RNCNvMNtNtNtNtCsgsPYpHKPXCR_6server4core3app7control9isolationNtNtB8_5state9ServerApp30record_simple_read_observation0Bc_
FN:91,_RNCNvMNtNtNtNtCsgsPYpHKPXCR_6server4core3app7control9isolationNtNtB8_5state9ServerApp31detect_predicate_read_conflicts0Bc_
FN:302,_RNCNvMNtNtNtNtCsgsPYpHKPXCR_6server4core3app7control9isolationNtNtB8_5state9ServerApp39seed_sandbox_wal_from_source_for_tables0Bc_
FNDA:5,_RNvMNtNtNtNtCsgsPYpHKPXCR_6server4core3app7control9isolationNtNtB6_5state9ServerApp26execute_transactional_read
FNDA:11,_RNvMNtNtNtNtCsgsPYpHKPXCR_6server4core3app7control9isolationNtNtB6_5state9ServerApp27detect_write_write_conflict
FNDA:11,_RNvMNtNtNtNtCsgsPYpHKPXCR_6server4core3app7control9isolationNtNtB6_5state9ServerApp28seed_sandbox_wal_from_source
FNDA:5,_RNvMNtNtNtNtCsgsPYpHKPXCR_6server4core3app7control9isolationNtNtB6_5state9ServerApp30record_simple_read_observation
FNDA:9,_RNvMNtNtNtNtCsgsPYpHKPXCR_6server4core3app7control9isolationNtNtB6_5state9ServerApp31detect_predicate_read_conflicts
FNDA:2,_RNvMNtNtNtNtCsgsPYpHKPXCR_6server4core3app7control9isolationNtNtB6_5state9ServerApp39seed_sandbox_wal_from_source_for_tables
FNDA:5,_RNCNvMNtNtNtNtCsgsPYpHKPXCR_6server4core3app7control9isolationNtNtB8_5state9ServerApp26execute_transactional_read0Bc_
FNDA:0,_RNCNvMNtNtNtNtCsgsPYpHKPXCR_6server4core3app7control9isolationNtNtB8_5state9ServerApp27detect_write_write_conflict0Bc_
FNDA:0,_RNCNvMNtNtNtNtCsgsPYpHKPXCR_6server4core3app7control9isolationNtNtB8_5state9ServerApp28seed_sandbox_wal_from_source0Bc_
FNDA:1,_RNCNvMNtNtNtNtCsgsPYpHKPXCR_6server4core3app7control9isolationNtNtB8_5state9ServerApp30record_simple_read_observation0Bc_
FNDA:0,_RNCNvMNtNtNtNtCsgsPYpHKPXCR_6server4core3app7control9isolationNtNtB8_5state9ServerApp31detect_predicate_read_conflicts0Bc_
FNDA:0,_RNCNvMNtNtNtNtCsgsPYpHKPXCR_6server4core3app7control9isolationNtNtB8_5state9ServerApp39seed_sandbox_wal_from_source_for_tables0Bc_
FNF:12
FNH:8
DA:15,11
DA:16,11
DA:17,11
DA:18,11
DA:19,11
DA:21,11
DA:23,13
DA:24,13
DA:25,0
DA:28,13
DA:29,13
DA:30,0
DA:33,0
DA:34,13
DA:38,13
DA:39,13
DA:40,13
DA:44,11
DA:45,11
DA:46,0
DA:49,11
DA:50,0
DA:53,11
DA:54,11
DA:55,11
DA:57,11
DA:59,11
DA:60,2
DA:61,2
DA:62,2
DA:63,2
DA:64,2
DA:65,9
DA:68,9
DA:70,11
DA:72,9
DA:73,9
DA:74,9
DA:75,9
DA:76,9
DA:78,9
DA:80,8
DA:81,1
DA:82,0
DA:85,1
DA:86,0
DA:89,1
DA:90,1
DA:91,1
DA:93,1
DA:94,1
DA:95,1
DA:97,1
DA:98,0
DA:99,0
DA:100,0
DA:101,0
DA:102,1
DA:105,8
DA:107,9
DA:109,5
DA:110,5
DA:111,5
DA:112,5
DA:113,5
DA:114,5
DA:116,5
DA:118,5
DA:119,0
DA:120,0
DA:125,5
DA:126,5
DA:127,5
DA:129,5
DA:130,5
DA:131,5
DA:132,5
DA:133,5
DA:134,0
DA:135,0
DA:136,0
DA:138,5
DA:140,5
DA:144,5
DA:145,5
DA:146,5
DA:148,0
DA:149,5
DA:151,0
DA:152,0
DA:153,0
DA:155,5
DA:157,5
DA:158,5
DA:159,5
DA:160,5
DA:162,5
DA:163,5
DA:164,5
DA:165,5
DA:166,5
DA:169,5
DA:171,5
DA:172,0
DA:173,0
DA:174,0
DA:177,5
DA:179,5
DA:180,1
DA:181,1
DA:182,1
DA:183,1
DA:184,1
DA:185,1
DA:186,1
DA:187,1
DA:188,1
DA:189,1
DA:190,1
DA:191,1
DA:192,1
DA:193,1
DA:196,1
DA:197,0
DA:198,0
DA:201,1
DA:204,5
DA:205,1
DA:206,1
DA:207,1
DA:208,1
DA:209,1
DA:210,1
DA:211,1
DA:213,0
DA:214,0
DA:215,0
DA:217,5
DA:219,5
DA:220,5
DA:221,5
DA:222,5
DA:223,5
DA:224,5
DA:225,5
DA:226,5
DA:227,5
DA:230,5
DA:232,5
DA:233,5
DA:234,5
DA:235,5
DA:236,5
DA:237,5
DA:238,5
DA:239,5
DA:240,5
DA:242,5
DA:244,5
DA:246,11
DA:247,11
DA:248,11
DA:249,11
DA:250,11
DA:251,11
DA:253,11
DA:255,10
DA:257,10
DA:258,10
DA:259,10
DA:261,10
DA:263,10
DA:264,10
DA:265,10
DA:266,0
DA:270,0
DA:274,11
DA:276,11
DA:278,2
DA:279,2
DA:280,2
DA:281,2
DA:282,2
DA:283,2
DA:284,2
DA:286,2
DA:288,2
DA:290,2
DA:291,0
DA:292,2
DA:294,2
DA:295,2
DA:296,2
DA:298,2
DA:300,2
DA:301,2
DA:302,2
DA:303,0
DA:307,0
DA:313,2
DA:315,2
DA:317,5
DA:318,5
DA:319,5
DA:320,5
DA:321,5
DA:322,5
DA:323,5
DA:324,5
DA:326,5
DA:327,0
DA:330,5
DA:331,0
DA:332,5
DA:337,5
DA:339,5
DA:340,5
DA:341,5
DA:342,5
DA:344,5
DA:345,5
DA:346,5
DA:348,1
DA:349,1
DA:350,4
DA:352,4
DA:353,4
DA:354,4
DA:355,4
DA:356,4
DA:358,5
BRF:0
BRH:0
LF:239
LH:198
end_of_record
SF:/Users/samcolak/Source Code/rust/distdb/distdb/server/src/core/app/control/wal.rs
FN:186,_RNvMNtNtNtNtCsgsPYpHKPXCR_6server4core3app7control3walNtNtB6_5state9ServerApp16seed_sandbox_wal
FN:317,_RNvMNtNtNtNtCsgsPYpHKPXCR_6server4core3app7control3walNtNtB6_5state9ServerApp18import_wal_records
FN:437,_RNvMNtNtNtNtCsgsPYpHKPXCR_6server4core3app7control3walNtNtB6_5state9ServerApp24append_session_tx_marker
FN:409,_RNvMNtNtNtNtCsgsPYpHKPXCR_6server4core3app7control3walNtNtB6_5state9ServerApp28rollback_session_transaction
FN:151,_RNvMNtNtNtNtCsgsPYpHKPXCR_6server4core3app7control3walNtNtB6_5state9ServerApp29append_security_change_record
FN:113,_RNvMNtNtNtNtCsgsPYpHKPXCR_6server4core3app7control3walNtNtB6_5state9ServerApp29apply_account_acl_wal_payload
FN:90,_RNvMNtNtNtNtCsgsPYpHKPXCR_6server4core3app7control3walNtNtB6_5state9ServerApp30decode_account_acl_wal_payload
FN:80,_RNvMNtNtNtNtCsgsPYpHKPXCR_6server4core3app7control3walNtNtB6_5state9ServerApp30encode_account_acl_wal_payload
FN:263,_RNvMNtNtNtNtCsgsPYpHKPXCR_6server4core3app7control3walNtNtB6_5state9ServerApp31export_wal_records_for_database
FN:99,_RNvMNtNtNtNtCsgsPYpHKPXCR_6server4core3app7control3walNtNtB6_5state9ServerApp32append_account_acl_change_record
FN:208,_RNvMNtNtNtNtCsgsPYpHKPXCR_6server4core3app7control3walNtNtB6_5state9ServerApp32seed_table_stream_from_live_rows
FN:49,_RNvMNtNtNtNtCsgsPYpHKPXCR_6server4core3app7control3walNtNtB6_5state9ServerApp33apply_user_credential_wal_payload
FN:26,_RNvMNtNtNtNtCsgsPYpHKPXCR_6server4core3app7control3walNtNtB6_5state9ServerApp34decode_user_credential_wal_payload
FN:16,_RNvMNtNtNtNtCsgsPYpHKPXCR_6server4core3app7control3walNtNtB6_5state9ServerApp34encode_user_credential_wal_payload
FN:35,_RNvMNtNtNtNtCsgsPYpHKPXCR_6server4core3app7control3walNtNtB6_5state9ServerApp36append_user_credential_change_record
FN:178,_RNvMNtNtNtNtCsgsPYpHKPXCR_6server4core3app7control3walNtNtB6_5state9ServerApp39first_wal_record_timestamp_for_database
FN:338,_RNCNCNCNvMNtNtNtNtCsgsPYpHKPXCR_6server4core3app7control3walNtNtBc_5state9ServerApp18import_wal_records000Bg_
FN:336,_RNCNCNvMNtNtNtNtCsgsPYpHKPXCR_6server4core3app7control3walNtNtBa_5state9ServerApp18import_wal_records00Be_
FN:382,_RNCNCNvMNtNtNtNtCsgsPYpHKPXCR_6server4core3app7control3walNtNtBa_5state9ServerApp18import_wal_records0s_0Be_
FN:310,_RNCNCNvMNtNtNtNtCsgsPYpHKPXCR_6server4core3app7control3walNtNtBa_5state9ServerApp31export_wal_records_for_databases1_00Be_
FN:195,_RNCNvMNtNtNtNtCsgsPYpHKPXCR_6server4core3app7control3walNtNtB8_5state9ServerApp16seed_sandbox_wal0Bc_
FN:325,_RNCNvMNtNtNtNtCsgsPYpHKPXCR_6server4core3app7control3walNtNtB8_5state9ServerApp18import_wal_records0Bc_
FN:159,_RNCNvMNtNtNtNtCsgsPYpHKPXCR_6server4core3app7control3walNtNtB8_5state9ServerApp29append_security_change_record0Bc_
FN:174,_RNCNvMNtNtNtNtCsgsPYpHKPXCR_6server4core3app7control3walNtNtB8_5state9ServerApp29append_security_change_records_0Bc_
FN:96,_RNCNvMNtNtNtNtCsgsPYpHKPXCR_6server4core3app7control3walNtNtB8_5state9ServerApp30decode_account_acl_wal_payload0Bc_
FN:82,_RNCNvMNtNtNtNtCsgsPYpHKPXCR_6server4core3app7control3walNtNtB8_5state9ServerApp30encode_account_acl_wal_payload0Bc_
FN:272,_RNCNvMNtNtNtNtCsgsPYpHKPXCR_6server4core3app7control3walNtNtB8_5state9ServerApp31export_wal_records_for_database0Bc_
FN:307,_RNCNvMNtNtNtNtCsgsPYpHKPXCR_6server4core3app7control3walNtNtB8_5state9ServerApp31export_wal_records_for_databases1_0Bc_
FN:283,_RNCNvMNtNtNtNtCsgsPYpHKPXCR_6server4core3app7control3walNtNtB8_5state9ServerApp31export_wal_records_for_databases_0Bc_
FN:229,_RNCNvMNtNtNtNtCsgsPYpHKPXCR_6server4core3app7control3walNtNtB8_5state9ServerApp32seed_table_stream_from_live_rows0Bc_
FN:244,_RNCNvMNtNtNtNtCsgsPYpHKPXCR_6server4core3app7control3walNtNtB8_5state9ServerApp32seed_table_stream_from_live_rowss_0Bc_
FN:32,_RNCNvMNtNtNtNtCsgsPYpHKPXCR_6server4core3app7control3walNtNtB8_5state9ServerApp34decode_user_credential_wal_payload0Bc_
FN:18,_RNCNvMNtNtNtNtCsgsPYpHKPXCR_6server4core3app7control3walNtNtB8_5state9ServerApp34encode_user_credential_wal_payload0Bc_
FN:257,_RNCNvMNtNtNtNtCsgsPYpHKPXCR_6server4core3app7control3walNtNtB8_5state9ServerApp15copy_wal_stream0Bc_
FN:248,_RNvMNtNtNtNtCsgsPYpHKPXCR_6server4core3app7control3walNtNtB6_5state9ServerApp15copy_wal_stream
FNDA:15,_RNvMNtNtNtNtCsgsPYpHKPXCR_6server4core3app7control3walNtNtB6_5state9ServerApp16seed_sandbox_wal
FNDA:1,_RNvMNtNtNtNtCsgsPYpHKPXCR_6server4core3app7control3walNtNtB6_5state9ServerApp18import_wal_records
FNDA:29,_RNvMNtNtNtNtCsgsPYpHKPXCR_6server4core3app7control3walNtNtB6_5state9ServerApp24append_session_tx_marker
FNDA:1,_RNvMNtNtNtNtCsgsPYpHKPXCR_6server4core3app7control3walNtNtB6_5state9ServerApp28rollback_session_transaction
FNDA:186,_RNvMNtNtNtNtCsgsPYpHKPXCR_6server4core3app7control3walNtNtB6_5state9ServerApp29append_security_change_record
FNDA:1,_RNvMNtNtNtNtCsgsPYpHKPXCR_6server4core3app7control3walNtNtB6_5state9ServerApp29apply_account_acl_wal_payload
FNDA:7,_RNvMNtNtNtNtCsgsPYpHKPXCR_6server4core3app7control3walNtNtB6_5state9ServerApp30decode_account_acl_wal_payload
FNDA:186,_RNvMNtNtNtNtCsgsPYpHKPXCR_6server4core3app7control3walNtNtB6_5state9ServerApp30encode_account_acl_wal_payload
FNDA:1,_RNvMNtNtNtNtCsgsPYpHKPXCR_6server4core3app7control3walNtNtB6_5state9ServerApp31export_wal_records_for_database
FNDA:184,_RNvMNtNtNtNtCsgsPYpHKPXCR_6server4core3app7control3walNtNtB6_5state9ServerApp32append_account_acl_change_record
FNDA:13,_RNvMNtNtNtNtCsgsPYpHKPXCR_6server4core3app7control3walNtNtB6_5state9ServerApp32seed_table_stream_from_live_rows
FNDA:0,_RNvMNtNtNtNtCsgsPYpHKPXCR_6server4core3app7control3walNtNtB6_5state9ServerApp33apply_user_credential_wal_payload
FNDA:3,_RNvMNtNtNtNtCsgsPYpHKPXCR_6server4core3app7control3walNtNtB6_5state9ServerApp34decode_user_credential_wal_payload
FNDA:2,_RNvMNtNtNtNtCsgsPYpHKPXCR_6server4core3app7control3walNtNtB6_5state9ServerApp34encode_user_credential_wal_payload
FNDA:2,_RNvMNtNtNtNtCsgsPYpHKPXCR_6server4core3app7control3walNtNtB6_5state9ServerApp36append_user_credential_change_record
FNDA:10,_RNvMNtNtNtNtCsgsPYpHKPXCR_6server4core3app7control3walNtNtB6_5state9ServerApp39first_wal_record_timestamp_for_database
FNDA:1,_RNCNCNCNvMNtNtNtNtCsgsPYpHKPXCR_6server4core3app7control3walNtNtBc_5state9ServerApp18import_wal_records000Bg_
FNDA:1,_RNCNCNvMNtNtNtNtCsgsPYpHKPXCR_6server4core3app7control3walNtNtBa_5state9ServerApp18import_wal_records00Be_
FNDA:0,_RNCNCNvMNtNtNtNtCsgsPYpHKPXCR_6server4core3app7control3walNtNtBa_5state9ServerApp18import_wal_records0s_0Be_
FNDA:0,_RNCNCNvMNtNtNtNtCsgsPYpHKPXCR_6server4core3app7control3walNtNtBa_5state9ServerApp31export_wal_records_for_databases1_00Be_
FNDA:0,_RNCNvMNtNtNtNtCsgsPYpHKPXCR_6server4core3app7control3walNtNtB8_5state9ServerApp16seed_sandbox_wal0Bc_
FNDA:1,_RNCNvMNtNtNtNtCsgsPYpHKPXCR_6server4core3app7control3walNtNtB8_5state9ServerApp18import_wal_records0Bc_
FNDA:183,_RNCNvMNtNtNtNtCsgsPYpHKPXCR_6server4core3app7control3walNtNtB8_5state9ServerApp29append_security_change_record0Bc_
FNDA:0,_RNCNvMNtNtNtNtCsgsPYpHKPXCR_6server4core3app7control3walNtNtB8_5state9ServerApp29append_security_change_records_0Bc_
FNDA:0,_RNCNvMNtNtNtNtCsgsPYpHKPXCR_6server4core3app7control3walNtNtB8_5state9ServerApp30decode_account_acl_wal_payload0Bc_
FNDA:0,_RNCNvMNtNtNtNtCsgsPYpHKPXCR_6server4core3app7control3walNtNtB8_5state9ServerApp30encode_account_acl_wal_payload0Bc_
FNDA:0,_RNCNvMNtNtNtNtCsgsPYpHKPXCR_6server4core3app7control3walNtNtB8_5state9ServerApp31export_wal_records_for_database0Bc_
FNDA:0,_RNCNvMNtNtNtNtCsgsPYpHKPXCR_6server4core3app7control3walNtNtB8_5state9ServerApp31export_wal_records_for_databases1_0Bc_
FNDA:2,_RNCNvMNtNtNtNtCsgsPYpHKPXCR_6server4core3app7control3walNtNtB8_5state9ServerApp31export_wal_records_for_databases_0Bc_
FNDA:0,_RNCNvMNtNtNtNtCsgsPYpHKPXCR_6server4core3app7control3walNtNtB8_5state9ServerApp32seed_table_stream_from_live_rows0Bc_
FNDA:0,_RNCNvMNtNtNtNtCsgsPYpHKPXCR_6server4core3app7control3walNtNtB8_5state9ServerApp32seed_table_stream_from_live_rowss_0Bc_
FNDA:0,_RNCNvMNtNtNtNtCsgsPYpHKPXCR_6server4core3app7control3walNtNtB8_5state9ServerApp34decode_user_credential_wal_payload0Bc_
FNDA:0,_RNCNvMNtNtNtNtCsgsPYpHKPXCR_6server4core3app7control3walNtNtB8_5state9ServerApp34encode_user_credential_wal_payload0Bc_
FNDA:0,_RNCNvMNtNtNtNtCsgsPYpHKPXCR_6server4core3app7control3walNtNtB8_5state9ServerApp15copy_wal_stream0Bc_
FNDA:0,_RNvMNtNtNtNtCsgsPYpHKPXCR_6server4core3app7control3walNtNtB6_5state9ServerApp15copy_wal_stream
FNF:35
FNH:20
DA:16,2
DA:17,2
DA:18,2
DA:20,2
DA:21,2
DA:22,2
DA:23,2
DA:24,2
DA:26,3
DA:27,3
DA:28,2
DA:31,1
DA:32,1
DA:33,3
DA:35,2
DA:36,2
DA:37,2
DA:38,2
DA:39,2
DA:40,2
DA:42,2
DA:43,2
DA:45,2
DA:47,2
DA:49,0
DA:50,0
DA:51,0
DA:52,0
DA:53,0
DA:55,0
DA:56,0
DA:57,0
DA:60,0
DA:61,0
DA:62,0
DA:63,0
DA:64,0
DA:67,0
DA:68,0
DA:69,0
DA:70,0
DA:71,0
DA:74,0
DA:76,0
DA:78,0
DA:80,186
DA:81,186
DA:82,186
DA:84,186
DA:85,186
DA:86,186
DA:87,186
DA:88,186
DA:90,7
DA:91,7
DA:92,1
DA:95,6
DA:96,6
DA:97,7
DA:99,184
DA:100,184
DA:101,184
DA:102,184
DA:103,184
DA:104,184
DA:106,184
DA:107,184
DA:109,184
DA:111,184
DA:113,1
DA:114,1
DA:115,1
DA:116,1
DA:117,1
DA:119,1
DA:120,1
DA:121,0
DA:124,1
DA:125,0
DA:127,1
DA:130,1
DA:131,0
DA:132,0
DA:133,0
DA:134,0
DA:137,1
DA:138,0
DA:139,0
DA:140,0
DA:141,0
DA:144,1
DA:145,1
DA:147,1
DA:149,1
DA:151,186
DA:152,186
DA:153,186
DA:154,186
DA:155,186
DA:156,186
DA:158,186
DA:159,186
DA:161,186
DA:162,186
DA:163,186
DA:164,186
DA:165,186
DA:166,186
DA:167,186
DA:168,186
DA:169,186
DA:170,186
DA:171,186
DA:174,186
DA:176,186
DA:178,10
DA:179,10
DA:180,10
DA:181,10
DA:182,10
DA:183,10
DA:184,10
DA:186,15
DA:187,15
DA:188,13
DA:189,13
DA:190,0
DA:193,13
DA:194,13
DA:195,13
DA:197,13
DA:198,13
DA:199,13
DA:200,13
DA:201,0
DA:205,15
DA:206,15
DA:208,13
DA:209,13
DA:210,13
DA:211,13
DA:212,13
DA:213,13
DA:215,13
DA:216,0
DA:217,13
DA:219,13
DA:220,13
DA:221,7
DA:222,6
DA:224,6
DA:225,6
DA:227,8
DA:228,8
DA:229,8
DA:231,8
DA:232,8
DA:233,8
DA:234,8
DA:235,8
DA:236,8
DA:237,8
DA:238,8
DA:242,6
DA:243,6
DA:244,6
DA:246,13
DA:248,0
DA:250,0
DA:251,0
DA:252,0
DA:254,0
DA:255,0
DA:256,0
DA:257,0
DA:259,0
DA:261,0
DA:263,1
DA:264,1
DA:265,1
DA:266,1
DA:267,1
DA:268,1
DA:270,1
DA:271,1
DA:272,1
DA:274,1
DA:275,0
DA:278,1
DA:279,1
DA:280,1
DA:281,1
DA:282,1
DA:283,2
DA:284,2
DA:285,2
DA:286,2
DA:287,2
DA:290,1
DA:291,3
DA:292,3
DA:293,0
DA:294,3
DA:296,3
DA:297,3
DA:298,0
DA:300,3
DA:301,3
DA:302,3
DA:303,1
DA:304,1
DA:307,1
DA:308,0
DA:309,0
DA:310,0
DA:311,0
DA:313,1
DA:315,1
DA:317,1
DA:318,1
DA:319,1
DA:320,1
DA:321,1
DA:323,1
DA:325,1
DA:327,1
DA:328,1
DA:330,1
DA:332,1
DA:334,1
DA:335,1
DA:336,1
DA:337,1
DA:338,1
DA:339,1
DA:340,1
DA:341,1
DA:342,1
DA:343,1
DA:344,1
DA:345,1
DA:347,1
DA:348,0
DA:349,1
DA:351,1
DA:353,1
DA:354,1
DA:355,1
DA:356,1
DA:358,0
DA:360,0
DA:361,0
DA:364,0
DA:365,0
DA:366,0
DA:367,0
DA:368,0
DA:369,0
DA:376,1
DA:377,0
DA:378,1
DA:381,1
DA:382,1
DA:384,1
DA:385,1
DA:387,1
DA:391,1
DA:393,1
DA:395,0
DA:396,0
DA:399,0
DA:401,0
DA:403,1
DA:407,1
DA:409,1
DA:411,1
DA:412,1
DA:413,1
DA:414,1
DA:416,1
DA:418,1
DA:419,1
DA:420,1
DA:422,1
DA:423,1
DA:424,1
DA:425,1
DA:426,1
DA:427,1
DA:428,0
DA:429,1
DA:431,0
DA:433,1
DA:435,1
DA:437,29
DA:438,29
DA:439,29
DA:440,29
DA:441,29
DA:442,29
DA:443,29
DA:445,29
DA:449,0
DA:453,29
DA:455,29
BRF:0
BRH:0
LF:323
LH:241
end_of_record
SF:/Users/samcolak/Source Code/rust/distdb/distdb/server/src/core/app/helpers.rs
FN:13,_RNvMNtNtNtCsgsPYpHKPXCR_6server4core3app7helpersNtB2_19SessionTxMarkerType6as_str
FN:96,_RNvNtNtNtCsgsPYpHKPXCR_6server4core3app7helpers12command_info
FN:43,_RNvNtNtNtCsgsPYpHKPXCR_6server4core3app7helpers22is_staged_dml_requests
FN:72,_RNvNtNtNtCsgsPYpHKPXCR_6server4core3app7helpers30is_transactional_read_requests
FN:24,_RNvNtNtNtCsgsPYpHKPXCR_6server4core3app7helpers19is_staged_dml_query
FN:58,_RNvNtNtNtCsgsPYpHKPXCR_6server4core3app7helpers27is_transactional_read_query
FNDA:0,_RNvMNtNtNtCsgsPYpHKPXCR_6server4core3app7helpersNtB2_19SessionTxMarkerType6as_str
FNDA:2914,_RNvNtNtNtCsgsPYpHKPXCR_6server4core3app7helpers12command_info
FNDA:1659,_RNvNtNtNtCsgsPYpHKPXCR_6server4core3app7helpers22is_staged_dml_requests
FNDA:1659,_RNvNtNtNtCsgsPYpHKPXCR_6server4core3app7helpers30is_transactional_read_requests
FNDA:0,_RNvNtNtNtCsgsPYpHKPXCR_6server4core3app7helpers19is_staged_dml_query
FNDA:0,_RNvNtNtNtCsgsPYpHKPXCR_6server4core3app7helpers27is_transactional_read_query
FNF:6
FNH:3
DA:13,0
DA:14,0
DA:15,0
DA:16,0
DA:17,0
DA:18,0
DA:19,0
DA:21,0
DA:24,0
DA:26,0
DA:27,0
DA:30,0
DA:31,0
DA:32,0
DA:34,0
DA:35,0
DA:41,0
DA:43,1659
DA:45,1659
DA:46,0
DA:47,1659
DA:49,1573
DA:50,1659
DA:56,1659
DA:58,0
DA:60,0
DA:61,0
DA:64,0
DA:65,0
DA:66,0
DA:68,0
DA:70,0
DA:72,1659
DA:74,1659
DA:75,0
DA:76,1659
DA:78,1659
DA:80,1659
DA:96,2914
DA:98,2914
DA:100,69
DA:101,69
DA:102,69
DA:103,69
DA:105,2842
DA:106,2842
DA:107,2842
DA:108,2842
DA:111,2
DA:112,2
DA:115,2
DA:117,1
DA:118,1
DA:121,1
DA:122,1
DA:125,0
DA:126,0
DA:131,2
DA:132,2
DA:133,2
DA:134,2
DA:139,1
DA:140,1
DA:143,1
DA:145,1
DA:146,1
DA:149,0
DA:150,0
DA:153,0
DA:154,0
DA:159,1
DA:160,1
DA:161,1
DA:162,1
DA:168,2914
BRF:0
BRH:0
LF:75
LH:42
end_of_record
SF:/Users/samcolak/Source Code/rust/distdb/distdb/server/src/core/app/lifecycle.rs
FN:28,_RNvMNtNtNtCsgsPYpHKPXCR_6server4core3app9lifecycleNtNtB4_5state9ServerApp23load_catalogs_from_disk
FN:118,_RNvMNtNtNtCsgsPYpHKPXCR_6server4core3app9lifecycleNtNtB4_5state9ServerApp29replay_catalog_state_from_wal
FN:176,_RNvMNtNtNtCsgsPYpHKPXCR_6server4core3app9lifecycleNtNtB4_5state9ServerApp34replay_bootstrap_security_from_wal
FN:33,_RNCNvMNtNtNtCsgsPYpHKPXCR_6server4core3app9lifecycleNtNtB6_5state9ServerApp23load_catalogs_from_disk0Ba_
FN:48,_RNCNvMNtNtNtCsgsPYpHKPXCR_6server4core3app9lifecycleNtNtB6_5state9ServerApp23load_catalogs_from_disks0_0Ba_
FN:49,_RNCNvMNtNtNtCsgsPYpHKPXCR_6server4core3app9lifecycleNtNtB6_5state9ServerApp23load_catalogs_from_disks1_0Ba_
FN:80,_RNCNvMNtNtNtCsgsPYpHKPXCR_6server4core3app9lifecycleNtNtB6_5state9ServerApp23load_catalogs_from_disks2_0Ba_
FN:84,_RNCNvMNtNtNtCsgsPYpHKPXCR_6server4core3app9lifecycleNtNtB6_5state9ServerApp23load_catalogs_from_disks3_0Ba_
FN:92,_RNCNvMNtNtNtCsgsPYpHKPXCR_6server4core3app9lifecycleNtNtB6_5state9ServerApp23load_catalogs_from_disks4_0Ba_
FN:39,_RNCNvMNtNtNtCsgsPYpHKPXCR_6server4core3app9lifecycleNtNtB6_5state9ServerApp23load_catalogs_from_disks_0Ba_
FN:130,_RNCNvMNtNtNtCsgsPYpHKPXCR_6server4core3app9lifecycleNtNtB6_5state9ServerApp29replay_catalog_state_from_wal0Ba_
FN:161,_RNCNvMNtNtNtCsgsPYpHKPXCR_6server4core3app9lifecycleNtNtB6_5state9ServerApp29replay_catalog_state_from_wals_0Ba_
FN:186,_RNCNvMNtNtNtCsgsPYpHKPXCR_6server4core3app9lifecycleNtNtB6_5state9ServerApp34replay_bootstrap_security_from_wal0Ba_
FN:24,_RNCNvMNtNtNtCsgsPYpHKPXCR_6server4core3app9lifecycleNtNtB6_5state9ServerApp8shutdown0Ba_
FN:19,_RNvMNtNtNtCsgsPYpHKPXCR_6server4core3app9lifecycleNtNtB4_5state9ServerApp8shutdown
FNDA:5,_RNvMNtNtNtCsgsPYpHKPXCR_6server4core3app9lifecycleNtNtB4_5state9ServerApp23load_catalogs_from_disk
FNDA:6,_RNvMNtNtNtCsgsPYpHKPXCR_6server4core3app9lifecycleNtNtB4_5state9ServerApp29replay_catalog_state_from_wal
FNDA:6,_RNvMNtNtNtCsgsPYpHKPXCR_6server4core3app9lifecycleNtNtB4_5state9ServerApp34replay_bootstrap_security_from_wal
FNDA:0,_RNCNvMNtNtNtCsgsPYpHKPXCR_6server4core3app9lifecycleNtNtB6_5state9ServerApp23load_catalogs_from_disk0Ba_
FNDA:3,_RNCNvMNtNtNtCsgsPYpHKPXCR_6server4core3app9lifecycleNtNtB6_5state9ServerApp23load_catalogs_from_disks0_0Ba_
FNDA:0,_RNCNvMNtNtNtCsgsPYpHKPXCR_6server4core3app9lifecycleNtNtB6_5state9ServerApp23load_catalogs_from_disks1_0Ba_
FNDA:5,_RNCNvMNtNtNtCsgsPYpHKPXCR_6server4core3app9lifecycleNtNtB6_5state9ServerApp23load_catalogs_from_disks2_0Ba_
FNDA:2,_RNCNvMNtNtNtCsgsPYpHKPXCR_6server4core3app9lifecycleNtNtB6_5state9ServerApp23load_catalogs_from_disks3_0Ba_
FNDA:0,_RNCNvMNtNtNtCsgsPYpHKPXCR_6server4core3app9lifecycleNtNtB6_5state9ServerApp23load_catalogs_from_disks4_0Ba_
FNDA:9,_RNCNvMNtNtNtCsgsPYpHKPXCR_6server4core3app9lifecycleNtNtB6_5state9ServerApp23load_catalogs_from_disks_0Ba_
FNDA:0,_RNCNvMNtNtNtCsgsPYpHKPXCR_6server4core3app9lifecycleNtNtB6_5state9ServerApp29replay_catalog_state_from_wal0Ba_
FNDA:8,_RNCNvMNtNtNtCsgsPYpHKPXCR_6server4core3app9lifecycleNtNtB6_5state9ServerApp29replay_catalog_state_from_wals_0Ba_
FNDA:8,_RNCNvMNtNtNtCsgsPYpHKPXCR_6server4core3app9lifecycleNtNtB6_5state9ServerApp34replay_bootstrap_security_from_wal0Ba_
FNDA:0,_RNCNvMNtNtNtCsgsPYpHKPXCR_6server4core3app9lifecycleNtNtB6_5state9ServerApp8shutdown0Ba_
FNDA:0,_RNvMNtNtNtCsgsPYpHKPXCR_6server4core3app9lifecycleNtNtB4_5state9ServerApp8shutdown
FNF:15
FNH:9
DA:19,0
DA:21,0
DA:22,0
DA:23,0
DA:24,0
DA:26,0
DA:28,5
DA:30,5
DA:32,5
DA:33,5
DA:35,9
DA:37,9
DA:38,9
DA:39,9
DA:40,9
DA:42,9
DA:43,6
DA:44,3
DA:46,3
DA:47,3
DA:48,3
DA:49,3
DA:51,3
DA:53,3
DA:56,0
DA:58,0
DA:60,0
DA:65,3
DA:66,3
DA:68,0
DA:70,0
DA:73,3
DA:77,5
DA:78,5
DA:79,5
DA:80,5
DA:81,4
DA:82,4
DA:83,4
DA:84,4
DA:86,5
DA:88,4
DA:89,4
DA:90,4
DA:92,4
DA:93,0
DA:94,0
DA:95,0
DA:96,0
DA:97,0
DA:98,0
DA:100,4
DA:105,4
DA:108,1
DA:114,5
DA:116,5
DA:118,6
DA:120,6
DA:121,6
DA:123,8
DA:125,8
DA:127,8
DA:128,8
DA:129,8
DA:130,8
DA:132,8
DA:134,8
DA:136,8
DA:137,4
DA:142,0
DA:144,4
DA:145,0
DA:149,0
DA:151,4
DA:155,6
DA:156,6
DA:158,6
DA:159,6
DA:160,6
DA:161,8
DA:162,6
DA:164,6
DA:166,0
DA:169,0
DA:172,6
DA:174,6
DA:176,6
DA:178,6
DA:179,6
DA:181,6
DA:183,6
DA:184,6
DA:185,6
DA:186,8
DA:187,6
DA:189,8
DA:191,8
DA:192,8
DA:194,8
DA:196,3
DA:197,0
DA:200,3
DA:202,2
DA:204,2
DA:206,1
DA:208,2
DA:209,2
DA:210,2
DA:211,2
DA:215,2
DA:216,2
DA:217,1
DA:219,1
DA:221,0
DA:223,0
DA:225,0
DA:227,0
DA:228,0
DA:229,0
DA:230,0
DA:234,0
DA:235,0
DA:236,1
DA:238,1
DA:239,1
DA:243,8
DA:244,8
DA:245,8
DA:247,8
DA:248,8
DA:249,8
DA:251,8
DA:252,8
DA:254,8
DA:255,0
DA:256,0
DA:257,0
DA:260,8
DA:261,1
DA:262,1
DA:263,1
DA:268,6
DA:270,6
BRF:0
BRH:0
LF:155
LH:114
end_of_record
SF:/Users/samcolak/Source Code/rust/distdb/distdb/server/src/core/app/mod_test.rs
FN:10346,_RNvNtNtNtCsgsPYpHKPXCR_6server4core3app5tests10percentile
FN:43,_RNvNtNtNtCsgsPYpHKPXCR_6server4core3app5tests15table_stream_id
FN:7089,_RNvNtNtNtCsgsPYpHKPXCR_6server4core3app5testss_29delete_query_removes_live_row
FN:5266,_RNvNtNtNtCsgsPYpHKPXCR_6server4core3app5testss_29update_query_updates_live_row
FN:8854,_RNvNtNtNtCsgsPYpHKPXCR_6server4core3app5testss_30drop_table_query_removes_table
FN:8906,_RNvNtNtNtCsgsPYpHKPXCR_6server4core3app5testss_32alter_table_query_updates_schema
FN:9067,_RNvNtNtNtCsgsPYpHKPXCR_6server4core3app5testss_35drop_database_query_removes_catalog
FN:9391,_RNvNtNtNtCsgsPYpHKPXCR_6server4core3app5testss_36alter_view_updates_stored_definition
FN:9037,_RNvNtNtNtCsgsPYpHKPXCR_6server4core3app5testss_37create_database_query_creates_catalog
FN:101,_RNvNtNtNtCsgsPYpHKPXCR_6server4core3app5testss_39query_allows_user_with_select_privilege
FN:7385,_RNvNtNtNtCsgsPYpHKPXCR_6server4core3app5testss_39select_inner_join_returns_matching_rows
FN:4553,_RNvNtNtNtCsgsPYpHKPXCR_6server4core3app5testss_40bootstrap_replays_latest_schema_from_wal
FN:9468,_RNvNtNtNtCsgsPYpHKPXCR_6server4core3app5testss_40create_and_drop_index_via_query_dispatch
FN:8484,_RNvNtNtNtCsgsPYpHKPXCR_6server4core3app5testss_40describe_table_query_returns_schema_rows
FN:5360,_RNvNtNtNtCsgsPYpHKPXCR_6server4core3app5testss_41rejected_insert_releases_table_write_lock
FN:4813,_RNvNtNtNtCsgsPYpHKPXCR_6server4core3app5testss_41select_query_returns_table_schema_columns
FN:4891,_RNvNtNtNtCsgsPYpHKPXCR_6server4core3app5testss_41show_tables_query_returns_table_name_rows
FN:1339,_RNvNtNtNtCsgsPYpHKPXCR_6server4core3app5testss_42malformed_qualified_acl_target_is_rejected
FN:8224,_RNvNtNtNtCsgsPYpHKPXCR_6server4core3app5testss_43insert_select_copies_rows_into_target_table
FN:9113,_RNvNtNtNtCsgsPYpHKPXCR_6server4core3app5testss_44create_and_drop_sql_backed_objects_are_wired
FN:4289,_RNvNtNtNtCsgsPYpHKPXCR_6server4core3app5testss_44create_user_duplicate_requires_if_not_exists
FN:158,_RNvNtNtNtCsgsPYpHKPXCR_6server4core3app5testss_44query_object_acl_allows_only_granted_objects
FN:10246,_RNvNtNtNtCsgsPYpHKPXCR_6server4core3app5testss_44query_path_stress_respects_timing_thresholds
FN:6945,_RNvNtNtNtCsgsPYpHKPXCR_6server4core3app5testss_44rollback_discards_staged_queries_for_session
FN:6555,_RNvNtNtNtCsgsPYpHKPXCR_6server4core3app5testss_45commit_groups_staged_dml_into_one_write_batch
FN:9569,_RNvNtNtNtCsgsPYpHKPXCR_6server4core3app5testss_45drop_table_removes_associated_runtime_indexes
FN:5144,_RNvNtNtNtCsgsPYpHKPXCR_6server4core3app5testss_46create_table_query_registers_table_with_schema
FN:4193,_RNvNtNtNtCsgsPYpHKPXCR_6server4core3app5testss_46create_user_creates_acl_entry_and_wal_snapshot
FN:7931,_RNvNtNtNtCsgsPYpHKPXCR_6server4core3app5testss_46select_full_outer_join_null_extends_both_sides
FN:8719,_RNvNtNtNtCsgsPYpHKPXCR_6server4core3app5testss_47debug_procedure_returns_cached_artifact_details
FN:5188,_RNvNtNtNtCsgsPYpHKPXCR_6server4core3app5testss_47insert_query_appends_insert_record_to_table_wal
FN:7463,_RNvNtNtNtCsgsPYpHKPXCR_6server4core3app5testss_47select_inner_join_preserves_one_to_many_matches
FN:6812,_RNvNtNtNtCsgsPYpHKPXCR_6server4core3app5testss_48commit_shares_one_group_id_across_touched_tables
FN:8112,_RNvNtNtNtCsgsPYpHKPXCR_6server4core3app5testss_48explain_insert_update_delete_return_plan_details
FN:9679,_RNvNtNtNtCsgsPYpHKPXCR_6server4core3app5testss_48truncate_table_compacts_wal_and_clears_live_rows
FN:340,_RNvNtNtNtCsgsPYpHKPXCR_6server4core3app5testss_49grant_and_revoke_queries_update_object_acl_access
FN:51,_RNvNtNtNtCsgsPYpHKPXCR_6server4core3app5testss_49query_requires_select_privilege_for_non_root_user
FN:4364,_RNvNtNtNtCsgsPYpHKPXCR_6server4core3app5testss_50create_user_requires_identified_by_password_clause
FN:5053,_RNvNtNtNtCsgsPYpHKPXCR_6server4core3app5testss_50mutation_command_insert_executes_via_query_routing
FN:1652,_RNvNtNtNtCsgsPYpHKPXCR_6server4core3app5testss_50root_acl_only_batch_applies_multiple_acl_mutations
FN:7741,_RNvNtNtNtCsgsPYpHKPXCR_6server4core3app5testss_50select_left_outer_join_null_extends_unmatched_rows
FN:7172,_RNvNtNtNtCsgsPYpHKPXCR_6server4core3app5testss_50update_query_with_join_updates_matching_target_row
FN:4412,_RNvNtNtNtCsgsPYpHKPXCR_6server4core3app5testss_51bootstrap_replays_security_change_password_from_wal
FN:8797,_RNvNtNtNtCsgsPYpHKPXCR_6server4core3app5testss_51drop_if_exists_for_sql_backed_objects_is_idempotent
FN:7836,_RNvNtNtNtCsgsPYpHKPXCR_6server4core3app5testss_51select_right_outer_join_null_extends_unmatched_rows
FN:5654,_RNvNtNtNtCsgsPYpHKPXCR_6server4core3app5testss_51session_transaction_control_is_scoped_by_session_id
FN:8649,_RNvNtNtNtCsgsPYpHKPXCR_6server4core3app5testss_52describe_table_marks_composite_unique_columns_as_mul
FN:6404,_RNvNtNtNtCsgsPYpHKPXCR_6server4core3app5testss_52serializable_rejects_write_skew_across_disjoint_rows
FN:7034,_RNvNtNtNtCsgsPYpHKPXCR_6server4core3app5testss_53disconnect_rollback_clears_active_session_transaction
FN:8031,_RNvNtNtNtCsgsPYpHKPXCR_6server4core3app5testss_53explain_select_with_multiple_joins_returns_join_steps
FN:9791,_RNvNtNtNtCsgsPYpHKPXCR_6server4core3app5testss_53show_indexes_reports_user_defined_index_after_restart
FN:5712,_RNvNtNtNtCsgsPYpHKPXCR_6server4core3app5testss_54active_session_transaction_stages_queries_until_commit
FN:5433,_RNvNtNtNtCsgsPYpHKPXCR_6server4core3app5testss_54affinity_schema_sync_failure_returns_database_to_ready
FN:4646,_RNvNtNtNtCsgsPYpHKPXCR_6server4core3app5testss_54bootstrap_replays_sql_definition_and_metadata_from_wal
FN:6041,_RNvNtNtNtCsgsPYpHKPXCR_6server4core3app5testss_54explicit_transaction_rejects_non_dml_schema_statements
FN:4992,_RNvNtNtNtCsgsPYpHKPXCR_6server4core3app5testss_54schema_command_create_table_executes_via_query_routing
FN:8305,_RNvNtNtNtCsgsPYpHKPXCR_6server4core3app5testss_55insert_select_with_join_materializes_joined_source_rows
FN:1548,_RNvNtNtNtCsgsPYpHKPXCR_6server4core3app5testss_55non_root_acl_batch_is_rejected_without_acl_side_effects
FN:7557,_RNvNtNtNtCsgsPYpHKPXCR_6server4core3app5testss_55select_left_join_returns_unmatched_left_rows_with_nulls
FN:4468,_RNvNtNtNtCsgsPYpHKPXCR_6server4core3app5testss_57bootstrap_acl_replay_prefers_latest_wal_snapshot_for_user
FN:10165,_RNvNtNtNtCsgsPYpHKPXCR_6server4core3app5testss_57connector_client_path_can_query_select_without_simulation
FN:248,_RNvNtNtNtCsgsPYpHKPXCR_6server4core3app5testss_57query_join_requires_privileges_for_all_referenced_objects
FN:809,_RNvNtNtNtCsgsPYpHKPXCR_6server4core3app5testss_57schema_grant_uses_explicit_schema_not_query_hint_database
FN:6685,_RNvNtNtNtCsgsPYpHKPXCR_6server4core3app5testss_58failed_commit_validation_leaves_real_wal_and_indexes_clean
FN:6092,_RNvNtNtNtCsgsPYpHKPXCR_6server4core3app5testss_59snapshot_isolation_rejects_concurrent_write_write_conflicts
FN:5546,_RNvNtNtNtCsgsPYpHKPXCR_6server4core3app5testss_59wal_export_with_stream_cursors_does_not_skip_unseen_streams
FN:723,_RNvNtNtNtCsgsPYpHKPXCR_6server4core3app5testss_60qualified_object_grant_uses_explicit_database_not_query_hint
FN:6210,_RNvNtNtNtCsgsPYpHKPXCR_6server4core3app5testss_60snapshot_isolation_keeps_repeatable_reads_within_transaction
FN:6305,_RNvNtNtNtCsgsPYpHKPXCR_6server4core3app5testss_60snapshot_isolation_transactional_reads_see_own_staged_writes
FN:2141,_RNvNtNtNtCsgsPYpHKPXCR_6server4core3app5testss_61cross_database_grant_option_is_scoped_to_target_database_only
FN:587,_RNvNtNtNtCsgsPYpHKPXCR_6server4core3app5testss_61object_grant_survives_schema_revoke_and_remains_object_scoped
FN:894,_RNvNtNtNtCsgsPYpHKPXCR_6server4core3app5testss_61qualified_object_revoke_only_affects_targeted_database_object
FN:9945,_RNvNtNtNtCsgsPYpHKPXCR_6server4core3app5testss_61show_indexes_reports_composite_unique_index_from_create_table
FN:5828,_RNvNtNtNtCsgsPYpHKPXCR_6server4core3app5testss_61transaction_commit_rejects_duplicate_insert_during_validation
FN:10012,_RNvNtNtNtCsgsPYpHKPXCR_6server4core3app5testss_62connector_client_path_can_query_show_tables_without_simulation
FN:7286,_RNvNtNtNtCsgsPYpHKPXCR_6server4core3app5testss_62delete_query_with_left_outer_join_removes_unmatched_target_row
FN:1188,_RNvNtNtNtCsgsPYpHKPXCR_6server4core3app5testss_63mixed_cross_database_revoke_order_keeps_scope_isolated_per_step
FN:8961,_RNvNtNtNtCsgsPYpHKPXCR_6server4core3app5testss_63schema_command_alter_table_update_field_uses_modify_column_path
FN:8388,_RNvNtNtNtCsgsPYpHKPXCR_6server4core3app5testss_63select_alias_where_pk_returns_empty_when_runtime_index_is_empty
FN:8560,_RNvNtNtNtCsgsPYpHKPXCR_6server4core3app5testss_64describe_sql_backed_objects_returns_original_sql_and_object_type
FN:10095,_RNvNtNtNtCsgsPYpHKPXCR_6server4core3app5testss_65connector_client_path_can_show_tables_for_explicit_database_token
FN:9878,_RNvNtNtNtCsgsPYpHKPXCR_6server4core3app5testss_65show_indexes_reports_composite_non_unique_index_from_create_table
FN:1470,_RNvNtNtNtCsgsPYpHKPXCR_6server4core3app5testss_66acl_and_non_acl_batch_is_rejected_without_applying_acl_side_effect
FN:2934,_RNvNtNtNtCsgsPYpHKPXCR_6server4core3app5testss_66cross_database_object_acl_transition_chain_remains_target_isolated
FN:2353,_RNvNtNtNtCsgsPYpHKPXCR_6server4core3app5testss_66cross_database_revoke_cleans_grant_option_only_for_target_database
FN:1751,_RNvNtNtNtCsgsPYpHKPXCR_6server4core3app5testss_66non_root_cross_database_acl_batch_is_rejected_without_side_effects
FN:2617,_RNvNtNtNtCsgsPYpHKPXCR_6server4core3app5testss_67cross_database_grant_option_transition_chain_remains_scope_isolated
FN:2063,_RNvNtNtNtCsgsPYpHKPXCR_6server4core3app5testss_67root_acl_batch_with_malformed_statement_has_no_partial_side_effects
FN:1387,_RNvNtNtNtCsgsPYpHKPXCR_6server4core3app5testss_67schema_grant_with_grant_option_tracks_grant_acl_and_revokes_cleanly
FN:1846,_RNvNtNtNtCsgsPYpHKPXCR_6server4core3app5testss_68non_root_delegated_grant_attempt_is_rejected_even_after_access_grant
FN:1041,_RNvNtNtNtCsgsPYpHKPXCR_6server4core3app5testss_68schema_revoke_only_affects_targeted_database_not_other_schema_grants
FN:9292,_RNvNtNtNtCsgsPYpHKPXCR_6server4core3app5testss_68select_from_view_uses_scoped_materialization_without_catalog_residue
FN:471,_RNvNtNtNtCsgsPYpHKPXCR_6server4core3app5testss_69schema_grant_preserves_access_after_object_revoke_until_schema_revoke
FN:3362,_RNvNtNtNtCsgsPYpHKPXCR_6server4core3app5testss_72mixed_schema_object_malformed_batch_rejects_without_partial_side_effects
FN:7658,_RNvNtNtNtCsgsPYpHKPXCR_6server4core3app5testss_72select_left_join_where_right_field_is_null_filters_after_tuple_formation
FN:3773,_RNvNtNtNtCsgsPYpHKPXCR_6server4core3app5testss_73authorization_interleaving_grant_revoke_cycles_enforce_post_revoke_denial
FN:5920,_RNvNtNtNtCsgsPYpHKPXCR_6server4core3app5testss_77lightweight_import_commit_failure_clears_transaction_state_for_followup_reads
FN:4011,_RNvNtNtNtCsgsPYpHKPXCR_6server4core3app5testss_78authorization_parallel_reader_writer_contention_preserves_revoke_effectiveness
FN:5467,_RNvNtNtNtCsgsPYpHKPXCR_6server4core3app5testss_79affinity_wal_import_ignores_stale_schema_revision_and_returns_database_to_ready
FN:3889,_RNvNtNtNtCsgsPYpHKPXCR_6server4core3app5testss_79authorization_interleaving_high_contention_multi_session_revokes_stay_effective
FN:3226,_RNvNtNtNtCsgsPYpHKPXCR_6server4core3app5testss_79cross_database_schema_grant_with_object_revoke_chain_preserves_scope_precedence
FN:1952,_RNvNtNtNtCsgsPYpHKPXCR_6server4core3app5testss_80non_root_cross_database_delegated_grant_attempt_is_rejected_without_side_effects
FN:3476,_RNvNtNtNtCsgsPYpHKPXCR_6server4core3app5testss_81cross_database_mixed_schema_object_grant_option_chain_scopes_grant_acl_and_access
FN:3640,_RNvNtNtNtCsgsPYpHKPXCR_6server4core3app5testss_82mixed_schema_object_grant_option_malformed_batch_has_no_side_effects_then_recovers
FN:3069,_RNvNtNtNtCsgsPYpHKPXCR_6server4core3app5testss_84alternating_malformed_grant_revoke_batches_preserve_state_until_valid_reconciliation
FN:2501,_RNvNtNtNtCsgsPYpHKPXCR_6server4core3app5testss_85acl_batch_recovery_after_malformed_request_applies_next_valid_batch_deterministically
FN:2257,_RNvNtNtNtCsgsPYpHKPXCR_6server4core3app5testss_85root_multi_target_acl_batch_with_late_malformed_statement_has_no_partial_side_effects
FN:2759,_RNvNtNtNtCsgsPYpHKPXCR_6server4core3app5testss_90repeated_malformed_acl_batches_at_different_positions_preserve_acl_state_until_valid_batch
FN:38,_RNvXNtNtNtCsgsPYpHKPXCR_6server4core3app5testsNtB2_24InProcessServerTransportNtNtNtCsgBmF3MNbSdK_9connector4core6client18ConnectorTransport7request
FN:4265,_RNCNCNCNvNtNtNtCsgsPYpHKPXCR_6server4core3app5testss_46create_user_creates_acl_entry_and_wal_snapshot000Bd_
FN:4264,_RNCNCNvNtNtNtCsgsPYpHKPXCR_6server4core3app5testss_46create_user_creates_acl_entry_and_wal_snapshot00Bb_
FN:8760,_RNCNCNvNtNtNtCsgsPYpHKPXCR_6server4core3app5testss_47debug_procedure_returns_cached_artifact_details00Bb_
FN:8700,_RNCNCNvNtNtNtCsgsPYpHKPXCR_6server4core3app5testss_52describe_table_marks_composite_unique_columns_as_mul00Bb_
FN:8713,_RNCNCNvNtNtNtCsgsPYpHKPXCR_6server4core3app5testss_52describe_table_marks_composite_unique_columns_as_muls0_00Bb_
FN:8707,_RNCNCNvNtNtNtCsgsPYpHKPXCR_6server4core3app5testss_52describe_table_marks_composite_unique_columns_as_muls_00Bb_
FN:46,_RNCNvNtNtNtCsgsPYpHKPXCR_6server4core3app5tests15table_stream_id0B9_
FN:47,_RNCNvNtNtNtCsgsPYpHKPXCR_6server4core3app5tests15table_stream_ids_0B9_
FN:5353,_RNCNvNtNtNtCsgsPYpHKPXCR_6server4core3app5testss_29update_query_updates_live_row0B9_
FN:8534,_RNCNvNtNtNtCsgsPYpHKPXCR_6server4core3app5testss_40describe_table_query_returns_schema_rows0B9_
FN:5415,_RNCNvNtNtNtCsgsPYpHKPXCR_6server4core3app5testss_41rejected_insert_releases_table_write_lock0B9_
FN:4882,_RNCNvNtNtNtCsgsPYpHKPXCR_6server4core3app5testss_41select_query_returns_table_schema_columns0B9_
FN:4964,_RNCNvNtNtNtCsgsPYpHKPXCR_6server4core3app5testss_41show_tables_query_returns_table_name_rows0B9_
FN:4973,_RNCNvNtNtNtCsgsPYpHKPXCR_6server4core3app5testss_41show_tables_query_returns_table_name_rowss_0B9_
FN:6635,_RNCNvNtNtNtCsgsPYpHKPXCR_6server4core3app5testss_45commit_groups_staged_dml_into_one_write_batch0B9_
FN:6647,_RNCNvNtNtNtCsgsPYpHKPXCR_6server4core3app5testss_45commit_groups_staged_dml_into_one_write_batchs0_0B9_
FN:6657,_RNCNvNtNtNtCsgsPYpHKPXCR_6server4core3app5testss_45commit_groups_staged_dml_into_one_write_batchs1_0B9_
FN:6671,_RNCNvNtNtNtCsgsPYpHKPXCR_6server4core3app5testss_45commit_groups_staged_dml_into_one_write_batchs2_0B9_
FN:6678,_RNCNvNtNtNtCsgsPYpHKPXCR_6server4core3app5testss_45commit_groups_staged_dml_into_one_write_batchs3_0B9_
FN:6641,_RNCNvNtNtNtCsgsPYpHKPXCR_6server4core3app5testss_45commit_groups_staged_dml_into_one_write_batchs_0B9_
FN:9643,_RNCNvNtNtNtCsgsPYpHKPXCR_6server4core3app5testss_45drop_table_removes_associated_runtime_indexes0B9_
[...]
FNDA:114,_RNCNvMs_NtNtCsgsPYpHKPXCR_6server4core23transaction_coordinatorNtB6_22TransactionCoordinator3new0Ba_
FNDA:86,_RNCNvNtNtCsgsPYpHKPXCR_6server4core23transaction_coordinator20run_coordinator_loop0B7_
FNDA:0,_RNCNvNtNtCsgsPYpHKPXCR_6server4core23transaction_coordinator20run_coordinator_loops0_0B7_
FNDA:0,_RNCNvNtNtCsgsPYpHKPXCR_6server4core23transaction_coordinator20run_coordinator_loops_0B7_
FNDA:0,_RNCNvNtNtCsgsPYpHKPXCR_6server4core23transaction_coordinator21release_session_locks0B7_
FNF:24
FNH:14
DA:93,0
DA:94,0
DA:95,0
DA:100,114
DA:101,114
DA:102,114
DA:103,114
DA:104,114
DA:106,16
DA:107,16
DA:108,16
DA:109,16
DA:110,16
DA:111,16
DA:112,16
DA:113,16
DA:114,16
DA:115,16
DA:116,16
DA:117,16
DA:119,0
DA:120,0
DA:121,0
DA:122,0
DA:123,0
DA:124,0
DA:125,0
DA:126,0
DA:127,0
DA:128,0
DA:129,0
DA:130,0
DA:131,0
DA:132,0
DA:133,0
DA:134,0
DA:135,0
DA:137,1671
DA:138,1671
DA:139,1671
DA:140,1671
DA:141,1671
DA:142,1671
DA:143,1671
DA:144,1671
DA:145,1671
DA:146,1671
DA:147,1671
DA:148,1671
DA:150,1654
DA:151,1654
DA:152,1654
DA:153,1654
DA:154,1654
DA:155,1654
DA:156,1654
DA:157,1654
DA:158,1654
DA:159,1654
DA:160,1654
DA:161,1654
DA:162,1654
DA:163,1654
DA:164,1654
DA:165,1654
DA:166,1654
DA:167,1654
DA:168,1654
DA:170,0
DA:171,0
DA:172,0
DA:173,0
DA:174,0
DA:175,0
DA:176,0
DA:177,0
DA:178,0
DA:179,0
DA:180,0
DA:181,0
DA:182,0
DA:184,5
DA:185,5
DA:186,5
DA:187,5
DA:188,5
DA:189,5
DA:190,5
DA:191,5
DA:192,5
DA:193,5
DA:194,5
DA:195,5
DA:197,13
DA:198,13
DA:199,13
DA:200,13
DA:201,13
DA:202,13
DA:203,13
DA:204,13
DA:205,13
DA:206,13
DA:207,13
DA:208,13
DA:210,8
DA:211,8
DA:212,8
DA:213,8
DA:214,8
DA:215,8
DA:216,8
DA:217,8
DA:218,8
DA:219,8
DA:220,8
DA:221,8
DA:223,0
DA:224,0
DA:225,0
DA:226,0
DA:227,0
DA:228,0
DA:229,0
DA:230,0
DA:231,0
DA:232,0
DA:233,0
DA:234,0
DA:235,0
DA:236,0
DA:237,0
DA:238,0
DA:239,0
DA:241,6
DA:242,6
DA:243,6
DA:244,6
DA:245,6
DA:246,6
DA:247,6
DA:248,6
DA:249,6
DA:250,6
DA:251,6
DA:252,6
DA:254,0
DA:255,0
DA:257,0
DA:258,0
DA:259,0
DA:260,0
DA:261,0
DA:262,0
DA:263,0
DA:264,0
DA:265,0
DA:266,0
DA:267,0
DA:268,0
DA:270,0
DA:271,0
DA:273,0
DA:274,0
DA:275,0
DA:276,0
DA:277,0
DA:278,0
DA:279,0
DA:280,0
DA:281,0
DA:282,0
DA:283,0
DA:284,0
DA:288,1654
DA:289,1654
DA:290,1654
DA:292,1654
DA:293,86
DA:295,86
DA:296,0
DA:297,86
DA:299,86
DA:300,86
DA:301,86
DA:304,1654
DA:305,1654
DA:307,1654
DA:308,1654
DA:309,0
DA:312,1654
DA:314,1654
DA:315,1568
DA:316,1654
DA:319,1568
DA:320,86
DA:322,86
DA:323,0
DA:326,86
DA:329,1654
DA:330,1654
DA:332,14
DA:333,14
DA:334,14
DA:335,14
DA:336,14
DA:337,14
DA:338,14
DA:341,0
DA:342,0
DA:343,0
DA:344,0
DA:345,0
DA:346,0
DA:347,0
DA:349,14
DA:351,114
DA:353,114
DA:354,114
DA:355,114
DA:357,3487
DA:359,3373
DA:361,16
DA:362,16
DA:363,0
DA:364,0
DA:365,16
DA:367,16
DA:368,16
DA:372,0
DA:373,0
DA:374,0
DA:376,0
DA:377,0
DA:378,0
DA:379,0
DA:381,0
DA:383,0
DA:384,0
DA:385,0
DA:386,0
DA:388,0
DA:390,0
DA:391,0
DA:392,0
DA:394,0
DA:395,0
DA:396,0
DA:399,0
DA:400,0
DA:401,0
DA:402,0
DA:404,0
DA:405,0
DA:406,0
DA:408,0
DA:409,0
DA:410,0
DA:411,0
DA:413,0
DA:414,0
DA:417,1671
DA:418,1671
DA:419,1671
DA:422,1654
DA:423,1654
DA:424,1654
DA:425,1654
DA:427,1654
DA:429,1654
DA:430,86
DA:431,86
DA:432,86
DA:433,86
DA:435,1654
DA:436,0
DA:437,0
DA:438,0
DA:439,0
DA:440,1654
DA:442,1654
DA:443,17
DA:444,1
DA:445,1
DA:446,1
DA:447,1
DA:448,16
DA:450,16
DA:451,16
DA:452,1637
DA:453,1637
DA:454,1637
DA:458,0
DA:459,0
DA:460,0
DA:462,0
DA:463,0
DA:464,0
DA:467,0
DA:468,0
DA:471,5
DA:472,5
DA:473,0
DA:474,0
DA:477,5
DA:480,13
DA:481,13
DA:482,2
DA:483,2
DA:486,11
DA:490,0
DA:491,0
DA:492,0
DA:494,0
DA:495,0
DA:496,0
DA:497,0
DA:499,0
DA:500,0
DA:503,8
DA:504,8
DA:505,8
DA:506,8
DA:507,8
DA:508,8
DA:509,8
DA:510,8
DA:511,8
DA:512,8
DA:513,8
DA:515,6
DA:516,6
DA:517,6
DA:518,6
DA:519,6
DA:520,6
DA:521,6
DA:522,6
DA:523,6
DA:524,6
DA:525,6
DA:528,0
DA:529,0
DA:530,0
DA:532,0
DA:533,0
DA:534,0
DA:535,0
DA:537,0
DA:538,0
DA:539,0
DA:540,0
DA:542,0
DA:543,0
DA:545,0
DA:546,0
DA:549,0
DA:553,0
DA:554,0
DA:555,0
DA:557,0
DA:559,0
DA:560,0
DA:561,0
DA:562,0
DA:563,0
DA:565,0
DA:566,0
DA:567,0
DA:569,0
DA:570,0
DA:571,0
DA:572,0
DA:573,0
DA:574,0
DA:575,0
DA:576,0
DA:577,0
DA:580,0
DA:581,0
DA:582,0
DA:583,0
DA:585,0
DA:592,114
BRF:0
BRH:0
LF:390
LH:199
end_of_record
SF:/Users/samcolak/Source Code/rust/distdb/distdb/server/src/engine/wal_probe.rs
FN:10,_RNvNtNtCsgsPYpHKPXCR_6server6engine9wal_probe13run_wal_probe
FNDA:2,_RNvNtNtCsgsPYpHKPXCR_6server6engine9wal_probe13run_wal_probe
FNF:1
FNH:1
DA:10,2
DA:11,2
DA:12,2
DA:14,2
DA:16,2
DA:17,2
DA:18,2
DA:19,2
DA:20,2
DA:21,2
DA:23,2
DA:24,2
DA:25,2
DA:27,0
DA:29,2
DA:30,2
DA:31,2
DA:32,2
DA:33,2
DA:34,2
DA:36,2
DA:37,2
DA:38,2
DA:40,0
DA:42,2
DA:43,2
DA:44,2
DA:45,2
DA:46,2
DA:47,2
DA:49,2
DA:50,2
DA:51,2
DA:53,0
DA:55,2
DA:57,2
DA:58,2
DA:59,2
DA:60,2
DA:61,2
BRF:0
BRH:0
LF:40
LH:37
end_of_record
SF:/Users/samcolak/Source Code/rust/distdb/distdb/server/src/engine/wal_probe_test.rs
FN:14,_RNvNtNtNtCsgsPYpHKPXCR_6server6engine9wal_probe5testss_40wal_replay_with_lower_bound_is_exclusive
FN:5,_RNvNtNtNtCsgsPYpHKPXCR_6server6engine9wal_probe5testss_50wal_replay_without_lower_bound_returns_all_records
FN:24,_RNvNtNtNtCsgsPYpHKPXCR_6server6engine9wal_probe5testss_54wal_accepts_out_of_order_append_and_keeps_sorted_order
FNDA:1,_RNvNtNtNtCsgsPYpHKPXCR_6server6engine9wal_probe5testss_40wal_replay_with_lower_bound_is_exclusive
FNDA:1,_RNvNtNtNtCsgsPYpHKPXCR_6server6engine9wal_probe5testss_50wal_replay_without_lower_bound_returns_all_records
FNDA:1,_RNvNtNtNtCsgsPYpHKPXCR_6server6engine9wal_probe5testss_54wal_accepts_out_of_order_append_and_keeps_sorted_order
FNF:3
FNH:3
DA:5,1
DA:6,1
DA:7,1
DA:9,1
DA:10,1
DA:11,1
DA:14,1
DA:15,1
DA:16,1
DA:18,1
DA:19,1
DA:20,1
DA:21,1
DA:24,1
DA:25,1
DA:26,1
DA:28,1
DA:29,1
DA:30,1
DA:31,1
DA:32,1
DA:33,1
DA:35,1
DA:36,1
DA:39,1
DA:41,1
DA:42,1
DA:43,1
DA:44,1
DA:45,1
DA:46,1
DA:48,1
DA:49,1
DA:53,1
DA:55,1
DA:56,1
DA:57,1
DA:58,1
DA:59,1
BRF:0
BRH:0
LF:39
LH:39
end_of_record
SF:/Users/samcolak/Source Code/rust/distdb/distdb/server/src/helpers/error.rs
FN:11,_RNvXNtNtCsgsPYpHKPXCR_6server7helpers5errorNtB2_14ServerAppErrorNtNtCsaTNopw4qKPP_4core3fmt7Display3fmt
FNDA:0,_RNvXNtNtCsgsPYpHKPXCR_6server7helpers5errorNtB2_14ServerAppErrorNtNtCsaTNopw4qKPP_4core3fmt7Display3fmt
FNF:1
FNH:0
DA:11,0
DA:13,0
DA:15,0
DA:17,0
DA:21,0
BRF:0
BRH:0
LF:5
LH:0
end_of_record
SF:/Users/samcolak/Source Code/rust/distdb/distdb/server/src/main.rs
FN:292,_RNCNCNCNCNvCsdAMz2FjZejs_6server21handle_wss_connection0s1_000B9_
FN:231,_RNCNCNCNvCsdAMz2FjZejs_6server21handle_wss_connection0s1_00B7_
FN:478,_RNCNCNCNvCsdAMz2FjZejs_6server4main0s6_00B7_
FN:760,_RNCNCNCNvCsdAMz2FjZejs_6server4main0sd_00B7_
FN:864,_RNCNCNCNvCsdAMz2FjZejs_6server4main0se_00B7_
FN:174,_RNCNCNvCsdAMz2FjZejs_6server21handle_wss_connection00B5_
FN:205,_RNCNCNvCsdAMz2FjZejs_6server21handle_wss_connection0s0_0B5_
FN:221,_RNCNCNvCsdAMz2FjZejs_6server21handle_wss_connection0s1_0B5_
FN:332,_RNCNCNvCsdAMz2FjZejs_6server21handle_wss_connection0s2_0B5_
FN:183,_RNCNCNvCsdAMz2FjZejs_6server21handle_wss_connection0s_0B5_
FN:156,_RNCNCNvCsdAMz2FjZejs_6server24parse_wss_port_from_args00B5_
FN:458,_RNCNCNvCsdAMz2FjZejs_6server4main00B5_
FN:463,_RNCNCNvCsdAMz2FjZejs_6server4main0s0_0B5_
FN:464,_RNCNCNvCsdAMz2FjZejs_6server4main0s1_0B5_
FN:468,_RNCNCNvCsdAMz2FjZejs_6server4main0s2_0B5_
FN:469,_RNCNCNvCsdAMz2FjZejs_6server4main0s3_0B5_
FN:473,_RNCNCNvCsdAMz2FjZejs_6server4main0s4_0B5_
FN:474,_RNCNCNvCsdAMz2FjZejs_6server4main0s5_0B5_
FN:478,_RNCNCNvCsdAMz2FjZejs_6server4main0s6_0B5_
FN:486,_RNCNCNvCsdAMz2FjZejs_6server4main0s7_0B5_
FN:509,_RNCNCNvCsdAMz2FjZejs_6server4main0s8_0B5_
FN:520,_RNCNCNvCsdAMz2FjZejs_6server4main0s9_0B5_
FN:459,_RNCNCNvCsdAMz2FjZejs_6server4main0s_0B5_
FN:559,_RNCNCNvCsdAMz2FjZejs_6server4main0sa_0B5_
FN:622,_RNCNCNvCsdAMz2FjZejs_6server4main0sb_0B5_
FN:726,_RNCNCNvCsdAMz2FjZejs_6server4main0sc_0B5_
FN:729,_RNCNCNvCsdAMz2FjZejs_6server4main0sd_0B5_
FN:847,_RNCNCNvCsdAMz2FjZejs_6server4main0se_0B5_
FN:918,_RNCNCNvCsdAMz2FjZejs_6server4main0sf_0B5_
FN:925,_RNCNCNvCsdAMz2FjZejs_6server4main0sg_0B5_
FN:540,_RNCNCNvCsdAMz2FjZejs_6server4main0sh_0B5_
FN:541,_RNCNCNvCsdAMz2FjZejs_6server4main0si_0B5_
FN:544,_RNCNCNvCsdAMz2FjZejs_6server4main0sj_0B5_
FN:545,_RNCNCNvCsdAMz2FjZejs_6server4main0sk_0B5_
FN:548,_RNCNCNvCsdAMz2FjZejs_6server4main0sl_0B5_
FN:549,_RNCNCNvCsdAMz2FjZejs_6server4main0sm_0B5_
FN:173,_RNCNvCsdAMz2FjZejs_6server21handle_wss_connection0B3_
FN:97,_RNCNvCsdAMz2FjZejs_6server23parse_ca_root_from_args0B3_
FN:104,_RNCNvCsdAMz2FjZejs_6server23parse_ca_root_from_argss0_0B3_
FN:103,_RNCNvCsdAMz2FjZejs_6server23parse_ca_root_from_argss_0B3_
FN:156,_RNCNvCsdAMz2FjZejs_6server24parse_wss_port_from_args0B3_
FN:157,_RNCNvCsdAMz2FjZejs_6server24parse_wss_port_from_argss_0B3_
FN:382,_RNCNvCsdAMz2FjZejs_6server25try_enroll_tls_from_peers0B3_
FN:405,_RNCNvCsdAMz2FjZejs_6server25try_enroll_tls_from_peerss0_0B3_
FN:377,_RNCNvCsdAMz2FjZejs_6server25try_enroll_tls_from_peerss_0B3_
FN:145,_RNCNvCsdAMz2FjZejs_6server27parse_wss_enabled_from_args0B3_
FN:118,_RNCNvCsdAMz2FjZejs_6server35parse_advertised_services_from_args0B3_
FN:121,_RNCNvCsdAMz2FjZejs_6server35parse_advertised_services_from_argss0_0B3_
FN:134,_RNCNvCsdAMz2FjZejs_6server35parse_advertised_services_from_argss1_0B3_
FN:119,_RNCNvCsdAMz2FjZejs_6server35parse_advertised_services_from_argss_0B3_
FN:86,_RNCNvCsdAMz2FjZejs_6server37parse_tls_subject_alt_names_from_args0B3_
FN:89,_RNCNvCsdAMz2FjZejs_6server37parse_tls_subject_alt_names_from_argss0_0B3_
FN:87,_RNCNvCsdAMz2FjZejs_6server37parse_tls_subject_alt_names_from_argss_0B3_
FN:441,_RNCNvCsdAMz2FjZejs_6server4main0B3_
FN:161,_RNvCsdAMz2FjZejs_6server21handle_wss_connection
FN:95,_RNvCsdAMz2FjZejs_6server23parse_ca_root_from_args
FN:154,_RNvCsdAMz2FjZejs_6server24parse_wss_port_from_args
FN:358,_RNvCsdAMz2FjZejs_6server25try_enroll_tls_from_peers
FN:144,_RNvCsdAMz2FjZejs_6server27parse_wss_enabled_from_args
FN:114,_RNvCsdAMz2FjZejs_6server35parse_advertised_services_from_args
FN:82,_RNvCsdAMz2FjZejs_6server37parse_tls_subject_alt_names_from_args
FN:441,_RNvCsdAMz2FjZejs_6server4main
FNDA:0,_RNCNCNCNCNvCsdAMz2FjZejs_6server21handle_wss_connection0s1_000B9_
FNDA:0,_RNCNCNCNvCsdAMz2FjZejs_6server21handle_wss_connection0s1_00B7_
FNDA:0,_RNCNCNCNvCsdAMz2FjZejs_6server4main0s6_00B7_
FNDA:0,_RNCNCNCNvCsdAMz2FjZejs_6server4main0sd_00B7_
FNDA:0,_RNCNCNCNvCsdAMz2FjZejs_6server4main0se_00B7_
FNDA:0,_RNCNCNvCsdAMz2FjZejs_6server21handle_wss_connection00B5_
FNDA:0,_RNCNCNvCsdAMz2FjZejs_6server21handle_wss_connection0s0_0B5_
FNDA:0,_RNCNCNvCsdAMz2FjZejs_6server21handle_wss_connection0s1_0B5_
FNDA:0,_RNCNCNvCsdAMz2FjZejs_6server21handle_wss_connection0s2_0B5_
FNDA:0,_RNCNCNvCsdAMz2FjZejs_6server21handle_wss_connection0s_0B5_
FNDA:0,_RNCNCNvCsdAMz2FjZejs_6server24parse_wss_port_from_args00B5_
FNDA:0,_RNCNCNvCsdAMz2FjZejs_6server4main00B5_
FNDA:0,_RNCNCNvCsdAMz2FjZejs_6server4main0s0_0B5_
FNDA:0,_RNCNCNvCsdAMz2FjZejs_6server4main0s1_0B5_
FNDA:0,_RNCNCNvCsdAMz2FjZejs_6server4main0s2_0B5_
FNDA:0,_RNCNCNvCsdAMz2FjZejs_6server4main0s3_0B5_
FNDA:0,_RNCNCNvCsdAMz2FjZejs_6server4main0s4_0B5_
FNDA:0,_RNCNCNvCsdAMz2FjZejs_6server4main0s5_0B5_
FNDA:0,_RNCNCNvCsdAMz2FjZejs_6server4main0s6_0B5_
FNDA:0,_RNCNCNvCsdAMz2FjZejs_6server4main0s7_0B5_
FNDA:0,_RNCNCNvCsdAMz2FjZejs_6server4main0s8_0B5_
FNDA:0,_RNCNCNvCsdAMz2FjZejs_6server4main0s9_0B5_
FNDA:0,_RNCNCNvCsdAMz2FjZejs_6server4main0s_0B5_
FNDA:0,_RNCNCNvCsdAMz2FjZejs_6server4main0sa_0B5_
FNDA:0,_RNCNCNvCsdAMz2FjZejs_6server4main0sb_0B5_
FNDA:0,_RNCNCNvCsdAMz2FjZejs_6server4main0sc_0B5_
FNDA:0,_RNCNCNvCsdAMz2FjZejs_6server4main0sd_0B5_
FNDA:0,_RNCNCNvCsdAMz2FjZejs_6server4main0se_0B5_
FNDA:0,_RNCNCNvCsdAMz2FjZejs_6server4main0sf_0B5_
FNDA:0,_RNCNCNvCsdAMz2FjZejs_6server4main0sg_0B5_
FNDA:0,_RNCNCNvCsdAMz2FjZejs_6server4main0sh_0B5_
FNDA:0,_RNCNCNvCsdAMz2FjZejs_6server4main0si_0B5_
FNDA:0,_RNCNCNvCsdAMz2FjZejs_6server4main0sj_0B5_
FNDA:0,_RNCNCNvCsdAMz2FjZejs_6server4main0sk_0B5_
FNDA:0,_RNCNCNvCsdAMz2FjZejs_6server4main0sl_0B5_
FNDA:0,_RNCNCNvCsdAMz2FjZejs_6server4main0sm_0B5_
FNDA:0,_RNCNvCsdAMz2FjZejs_6server21handle_wss_connection0B3_
FNDA:0,_RNCNvCsdAMz2FjZejs_6server23parse_ca_root_from_args0B3_
FNDA:0,_RNCNvCsdAMz2FjZejs_6server23parse_ca_root_from_argss0_0B3_
FNDA:0,_RNCNvCsdAMz2FjZejs_6server23parse_ca_root_from_argss_0B3_
FNDA:0,_RNCNvCsdAMz2FjZejs_6server24parse_wss_port_from_args0B3_
FNDA:0,_RNCNvCsdAMz2FjZejs_6server24parse_wss_port_from_argss_0B3_
FNDA:0,_RNCNvCsdAMz2FjZejs_6server25try_enroll_tls_from_peers0B3_
FNDA:0,_RNCNvCsdAMz2FjZejs_6server25try_enroll_tls_from_peerss0_0B3_
FNDA:0,_RNCNvCsdAMz2FjZejs_6server25try_enroll_tls_from_peerss_0B3_
FNDA:0,_RNCNvCsdAMz2FjZejs_6server27parse_wss_enabled_from_args0B3_
FNDA:0,_RNCNvCsdAMz2FjZejs_6server35parse_advertised_services_from_args0B3_
FNDA:0,_RNCNvCsdAMz2FjZejs_6server35parse_advertised_services_from_argss0_0B3_
FNDA:0,_RNCNvCsdAMz2FjZejs_6server35parse_advertised_services_from_argss1_0B3_
FNDA:0,_RNCNvCsdAMz2FjZejs_6server35parse_advertised_services_from_argss_0B3_
FNDA:0,_RNCNvCsdAMz2FjZejs_6server37parse_tls_subject_alt_names_from_args0B3_
FNDA:0,_RNCNvCsdAMz2FjZejs_6server37parse_tls_subject_alt_names_from_argss0_0B3_
FNDA:0,_RNCNvCsdAMz2FjZejs_6server37parse_tls_subject_alt_names_from_argss_0B3_
FNDA:0,_RNCNvCsdAMz2FjZejs_6server4main0B3_
FNDA:0,_RNvCsdAMz2FjZejs_6server21handle_wss_connection
FNDA:0,_RNvCsdAMz2FjZejs_6server23parse_ca_root_from_args
FNDA:0,_RNvCsdAMz2FjZejs_6server24parse_wss_port_from_args
FNDA:0,_RNvCsdAMz2FjZejs_6server25try_enroll_tls_from_peers
FNDA:0,_RNvCsdAMz2FjZejs_6server27parse_wss_enabled_from_args
FNDA:0,_RNvCsdAMz2FjZejs_6server35parse_advertised_services_from_args
FNDA:0,_RNvCsdAMz2FjZejs_6server37parse_tls_subject_alt_names_from_args
FNDA:0,_RNvCsdAMz2FjZejs_6server4main
FNF:62
FNH:0
DA:82,0
DA:84,0
DA:85,0
DA:86,0
DA:87,0
DA:88,0
DA:89,0
DA:90,0
DA:91,0
DA:93,0
DA:95,0
DA:97,0
DA:98,0
DA:99,0
DA:101,0
DA:102,0
DA:103,0
DA:104,0
DA:105,0
DA:106,0
DA:107,0
DA:109,0
DA:110,0
DA:112,0
DA:114,0
DA:116,0
DA:117,0
DA:118,0
DA:119,0
DA:120,0
DA:121,0
DA:122,0
DA:123,0
DA:125,0
DA:126,0
DA:127,0
DA:128,0
DA:129,0
DA:130,0
DA:131,0
DA:132,0
DA:134,0
DA:135,0
DA:136,0
DA:138,0
DA:139,0
DA:140,0
DA:142,0
DA:144,0
DA:145,0
DA:146,0
DA:147,0
DA:148,0
DA:149,0
DA:150,0
DA:151,0
DA:152,0
DA:154,0
DA:155,0
DA:156,0
DA:157,0
DA:158,0
DA:161,0
DA:162,0
DA:163,0
DA:164,0
DA:165,0
DA:166,0
DA:167,0
DA:168,0
DA:169,0
DA:170,0
DA:171,0
DA:172,0
DA:173,0
DA:174,0
DA:175,0
DA:176,0
DA:177,0
DA:179,0
DA:181,0
DA:182,0
DA:183,0
DA:184,0
DA:185,0
DA:186,0
DA:188,0
DA:190,0
DA:191,0
DA:192,0
DA:195,0
DA:196,0
DA:197,0
DA:200,0
DA:201,0
DA:202,0
DA:203,0
DA:204,0
DA:205,0
DA:206,0
DA:207,0
DA:208,0
DA:210,0
DA:212,0
DA:213,0
DA:214,0
DA:215,0
DA:216,0
DA:217,0
DA:218,0
DA:219,0
DA:221,0
DA:222,0
DA:223,0
DA:224,0
DA:225,0
DA:226,0
DA:227,0
DA:228,0
DA:229,0
DA:231,0
DA:232,0
DA:234,0
DA:235,0
DA:236,0
DA:237,0
DA:238,0
DA:240,0
DA:242,0
DA:243,0
DA:245,0
DA:246,0
DA:247,0
DA:248,0
DA:249,0
DA:250,0
DA:252,0
DA:253,0
DA:254,0
DA:255,0
DA:256,0
DA:258,0
DA:260,0
DA:261,0
DA:263,0
DA:264,0
DA:265,0
DA:266,0
DA:269,0
DA:270,0
DA:271,0
DA:272,0
DA:273,0
DA:274,0
DA:275,0
DA:276,0
DA:278,0
DA:279,0
DA:280,0
DA:281,0
DA:283,0
DA:285,0
DA:286,0
DA:288,0
DA:289,0
DA:290,0
DA:291,0
DA:292,0
DA:294,0
DA:297,0
DA:298,0
DA:299,0
DA:300,0
DA:302,0
DA:303,0
DA:304,0
DA:309,0
DA:310,0
DA:312,0
DA:314,0
DA:315,0
DA:316,0
DA:317,0
DA:318,0
DA:319,0
DA:320,0
DA:321,0
DA:323,0
DA:324,0
DA:325,0
DA:326,0
DA:327,0
DA:328,0
DA:330,0
DA:331,0
DA:332,0
DA:335,0
DA:336,0
DA:340,0
DA:341,0
DA:342,0
DA:344,0
DA:345,0
DA:346,0
DA:347,0
DA:352,0
DA:355,0
DA:356,0
DA:358,0
DA:359,0
DA:360,0
DA:361,0
DA:362,0
DA:363,0
DA:364,0
DA:366,0
DA:367,0
DA:368,0
DA:369,0
DA:370,0
DA:372,0
DA:375,0
DA:376,0
DA:377,0
DA:378,0
DA:381,0
DA:382,0
DA:383,0
DA:384,0
DA:385,0
DA:386,0
DA:387,0
DA:389,0
DA:390,0
DA:392,0
DA:395,0
DA:396,0
DA:397,0
DA:399,0
DA:400,0
DA:403,0
DA:404,0
DA:405,0
DA:407,0
DA:408,0
DA:410,0
DA:411,0
DA:413,0
DA:414,0
DA:417,0
DA:418,0
DA:419,0
DA:420,0
DA:421,0
DA:422,0
DA:423,0
DA:425,0
DA:428,0
DA:429,0
DA:430,0
DA:433,0
DA:436,0
DA:438,0
DA:441,0
DA:443,0
DA:444,0
DA:446,0
DA:447,0
DA:448,0
DA:450,0
DA:452,0
DA:453,0
DA:454,0
DA:456,0
DA:457,0
DA:458,0
DA:459,0
DA:461,0
DA:462,0
DA:463,0
DA:464,0
DA:466,0
DA:467,0
DA:468,0
DA:469,0
DA:471,0
DA:472,0
DA:473,0
DA:474,0
DA:476,0
DA:477,0
DA:478,0
DA:479,0
DA:481,0
DA:482,0
DA:483,0
DA:484,0
DA:485,0
DA:486,0
DA:487,0
DA:488,0
DA:490,0
DA:492,0
DA:493,0
DA:495,0
DA:497,0
DA:498,0
DA:499,0
DA:500,0
DA:502,0
DA:503,0
DA:504,0
DA:505,0
DA:506,0
DA:507,0
DA:509,0
DA:510,0
DA:512,0
DA:513,0
DA:514,0
DA:515,0
DA:516,0
DA:517,0
DA:518,0
DA:520,0
DA:522,0
DA:524,0
DA:526,0
DA:527,0
DA:528,0
DA:529,0
DA:530,0
DA:531,0
DA:532,0
DA:533,0
DA:534,0
DA:536,0
DA:538,0
DA:539,0
DA:540,0
DA:541,0
DA:542,0
DA:543,0
DA:544,0
DA:545,0
DA:546,0
DA:547,0
DA:548,0
DA:549,0
DA:550,0
DA:551,0
DA:553,0
DA:556,0
DA:558,0
DA:559,0
DA:560,0
DA:561,0
DA:563,0
DA:566,0
DA:568,0
DA:570,0
DA:572,0
DA:573,0
DA:577,0
DA:579,0
DA:580,0
DA:586,0
DA:589,0
DA:591,0
DA:594,0
DA:597,0
DA:599,0
DA:602,0
DA:603,0
DA:608,0
DA:610,0
DA:611,0
DA:612,0
DA:613,0
DA:614,0
DA:615,0
DA:616,0
DA:618,0
DA:619,0
DA:620,0
DA:621,0
DA:622,0
DA:623,0
DA:625,0
DA:626,0
DA:628,0
DA:630,0
DA:632,0
DA:633,0
DA:634,0
DA:635,0
DA:636,0
DA:638,0
DA:639,0
DA:641,0
DA:642,0
DA:643,0
DA:644,0
DA:645,0
DA:646,0
DA:649,0
DA:650,0
DA:652,0
DA:653,0
DA:654,0
DA:655,0
DA:657,0
DA:658,0
DA:659,0
DA:660,0
DA:661,0
DA:662,0
DA:663,0
DA:668,0
DA:671,0
DA:673,0
DA:674,0
DA:675,0
DA:676,0
DA:677,0
DA:678,0
DA:680,0
DA:681,0
DA:683,0
DA:684,0
DA:685,0
DA:686,0
DA:687,0
DA:688,0
DA:689,0
DA:690,0
DA:692,0
DA:693,0
DA:694,0
DA:696,0
DA:697,0
DA:698,0
DA:700,0
DA:701,0
DA:702,0
DA:703,0
DA:704,0
DA:705,0
DA:706,0
DA:707,0
DA:710,0
DA:711,0
DA:714,0
DA:715,0
DA:716,0
DA:717,0
DA:718,0
DA:719,0
DA:720,0
DA:721,0
DA:722,0
DA:724,0
DA:725,0
DA:726,0
DA:727,0
DA:729,0
DA:733,0
DA:735,0
DA:737,0
DA:738,0
DA:740,0
DA:746,0
DA:747,0
DA:748,0
DA:749,0
DA:750,0
DA:751,0
DA:752,0
DA:753,0
DA:754,0
DA:755,0
DA:756,0
DA:757,0
DA:758,0
DA:760,0
DA:762,0
DA:763,0
DA:764,0
DA:765,0
DA:766,0
DA:768,0
DA:770,0
DA:771,0
DA:772,0
DA:777,0
DA:778,0
DA:783,0
DA:787,0
DA:788,0
DA:789,0
DA:790,0
DA:791,0
DA:792,0
DA:793,0
DA:794,0
DA:795,0
DA:796,0
DA:797,0
DA:798,0
DA:799,0
DA:800,0
DA:802,0
DA:804,0
DA:809,0
DA:811,0
DA:813,0
DA:819,0
DA:822,0
DA:823,0
DA:832,0
DA:833,0
DA:834,0
DA:835,0
DA:837,0
DA:838,0
DA:839,0
DA:840,0
DA:841,0
DA:842,0
DA:843,0
DA:844,0
DA:845,0
DA:847,0
DA:849,0
DA:850,0
DA:851,0
DA:852,0
DA:854,0
DA:855,0
DA:856,0
DA:857,0
DA:858,0
DA:859,0
DA:860,0
DA:861,0
DA:862,0
DA:864,0
DA:865,0
DA:866,0
DA:870,0
DA:871,0
DA:876,0
DA:879,0
DA:880,0
DA:881,0
DA:882,0
DA:883,0
DA:884,0
DA:885,0
DA:886,0
DA:887,0
DA:888,0
DA:889,0
DA:890,0
DA:892,0
DA:894,0
DA:899,0
DA:901,0
DA:902,0
DA:907,0
DA:909,0
DA:910,0
DA:915,0
DA:917,0
DA:918,0
DA:919,0
DA:920,0
DA:921,0
DA:922,0
DA:923,0
DA:924,0
DA:925,0
DA:927,0
DA:929,0
DA:936,0
DA:937,0
DA:939,0
DA:941,0
DA:942,0
DA:943,0
DA:944,0
DA:945,0
DA:946,0
DA:947,0
DA:948,0
DA:951,0
DA:952,0
DA:953,0
DA:954,0
DA:955,0
DA:956,0
DA:957,0
DA:960,0
DA:962,0
DA:963,0
DA:964,0
DA:966,0
DA:967,0
DA:969,0
DA:970,0
DA:972,0
DA:974,0
BRF:0
BRH:0
LF:671
LH:0
end_of_record
SF:/opt/homebrew/Cellar/rust/1.97.1/lib/rustlib/src/rust/library/std/src/sys/thread_local/native/mod.rs
FN:71,_RNCNKNvNtNtNtNtCsgsPYpHKPXCR_6server4core8mappings5query4core22LAST_INSERT_ID_CONTEXT0s_0Bd_
FN:63,_RNCNKNvNtNtNtNtCsgsPYpHKPXCR_6server4core8mappings5query4core22LAST_INSERT_ID_CONTEXT00Bd_
FNDA:1839,_RNCNKNvNtNtNtNtCsgsPYpHKPXCR_6server4core8mappings5query4core22LAST_INSERT_ID_CONTEXT0s_0Bd_
FNDA:0,_RNCNKNvNtNtNtNtCsgsPYpHKPXCR_6server4core8mappings5query4core22LAST_INSERT_ID_CONTEXT00Bd_
FNF:2
FNH:1
DA:63,0
DA:68,0
DA:69,0
DA:71,1839
DA:75,1839
DA:76,1839
BRF:0
BRH:0
LF:6
LH:3
end_of_record