SF:/Users/samcolak/Source Code/rust/distdb/distdb/server/src/core/app/control/affinity.rs
FN:7,_RNvMNtNtNtNtCsjRwMhjCpbZQ_6server4core3app7control8affinityNtNtB6_5state9ServerApp19resolve_catalog_key
FN:58,_RNvMNtNtNtNtCsjRwMhjCpbZQ_6server4core3app7control8affinityNtNtB6_5state9ServerApp24begin_affinity_sync_lock
FN:77,_RNvMNtNtNtNtCsjRwMhjCpbZQ_6server4core3app7control8affinityNtNtB6_5state9ServerApp25finish_affinity_sync_lock
FN:20,_RNvMNtNtNtNtCsjRwMhjCpbZQ_6server4core3app7control8affinityNtNtB6_5state9ServerApp30ensure_affinity_catalog_exists
FN:96,_RNvMNtNtNtNtCsjRwMhjCpbZQ_6server4core3app7control8affinityNtNtB6_5state9ServerApp33apply_affinity_schema_definitions
FN:42,_RNvMNtNtNtNtCsjRwMhjCpbZQ_6server4core3app7control8affinityNtNtB6_5state9ServerApp34set_affinity_catalog_database_name
FN:63,_RNCNvMNtNtNtNtCsjRwMhjCpbZQ_6server4core3app7control8affinityNtNtB8_5state9ServerApp24begin_affinity_sync_lock0Bc_
FN:74,_RNCNvMNtNtNtNtCsjRwMhjCpbZQ_6server4core3app7control8affinityNtNtB8_5state9ServerApp24begin_affinity_sync_locks_0Bc_
FN:85,_RNCNvMNtNtNtNtCsjRwMhjCpbZQ_6server4core3app7control8affinityNtNtB8_5state9ServerApp25finish_affinity_sync_lock0Bc_
FN:93,_RNCNvMNtNtNtNtCsjRwMhjCpbZQ_6server4core3app7control8affinityNtNtB8_5state9ServerApp25finish_affinity_sync_locks_0Bc_
FN:33,_RNCNvMNtNtNtNtCsjRwMhjCpbZQ_6server4core3app7control8affinityNtNtB8_5state9ServerApp30ensure_affinity_catalog_exists0Bc_
FN:36,_RNCNvMNtNtNtNtCsjRwMhjCpbZQ_6server4core3app7control8affinityNtNtB8_5state9ServerApp30ensure_affinity_catalog_existss_0Bc_
FN:103,_RNCNvMNtNtNtNtCsjRwMhjCpbZQ_6server4core3app7control8affinityNtNtB8_5state9ServerApp33apply_affinity_schema_definitions0Bc_
FN:150,_RNCNvMNtNtNtNtCsjRwMhjCpbZQ_6server4core3app7control8affinityNtNtB8_5state9ServerApp33apply_affinity_schema_definitionss_0Bc_
FN:55,_RNCNvMNtNtNtNtCsjRwMhjCpbZQ_6server4core3app7control8affinityNtNtB8_5state9ServerApp34set_affinity_catalog_database_name0Bc_
FNDA:17,_RNvMNtNtNtNtCsjRwMhjCpbZQ_6server4core3app7control8affinityNtNtB6_5state9ServerApp19resolve_catalog_key
FNDA:2,_RNvMNtNtNtNtCsjRwMhjCpbZQ_6server4core3app7control8affinityNtNtB6_5state9ServerApp24begin_affinity_sync_lock
FNDA:2,_RNvMNtNtNtNtCsjRwMhjCpbZQ_6server4core3app7control8affinityNtNtB6_5state9ServerApp25finish_affinity_sync_lock
FNDA:2,_RNvMNtNtNtNtCsjRwMhjCpbZQ_6server4core3app7control8affinityNtNtB6_5state9ServerApp30ensure_affinity_catalog_exists
FNDA:1,_RNvMNtNtNtNtCsjRwMhjCpbZQ_6server4core3app7control8affinityNtNtB6_5state9ServerApp33apply_affinity_schema_definitions
FNDA:0,_RNvMNtNtNtNtCsjRwMhjCpbZQ_6server4core3app7control8affinityNtNtB6_5state9ServerApp34set_affinity_catalog_database_name
FNDA:0,_RNCNvMNtNtNtNtCsjRwMhjCpbZQ_6server4core3app7control8affinityNtNtB8_5state9ServerApp24begin_affinity_sync_lock0Bc_
FNDA:0,_RNCNvMNtNtNtNtCsjRwMhjCpbZQ_6server4core3app7control8affinityNtNtB8_5state9ServerApp24begin_affinity_sync_locks_0Bc_
FNDA:0,_RNCNvMNtNtNtNtCsjRwMhjCpbZQ_6server4core3app7control8affinityNtNtB8_5state9ServerApp25finish_affinity_sync_lock0Bc_
FNDA:0,_RNCNvMNtNtNtNtCsjRwMhjCpbZQ_6server4core3app7control8affinityNtNtB8_5state9ServerApp25finish_affinity_sync_locks_0Bc_
FNDA:0,_RNCNvMNtNtNtNtCsjRwMhjCpbZQ_6server4core3app7control8affinityNtNtB8_5state9ServerApp30ensure_affinity_catalog_exists0Bc_
FNDA:0,_RNCNvMNtNtNtNtCsjRwMhjCpbZQ_6server4core3app7control8affinityNtNtB8_5state9ServerApp30ensure_affinity_catalog_existss_0Bc_
FNDA:1,_RNCNvMNtNtNtNtCsjRwMhjCpbZQ_6server4core3app7control8affinityNtNtB8_5state9ServerApp33apply_affinity_schema_definitions0Bc_
FNDA:0,_RNCNvMNtNtNtNtCsjRwMhjCpbZQ_6server4core3app7control8affinityNtNtB8_5state9ServerApp33apply_affinity_schema_definitionss_0Bc_
FNDA:0,_RNCNvMNtNtNtNtCsjRwMhjCpbZQ_6server4core3app7control8affinityNtNtB8_5state9ServerApp34set_affinity_catalog_database_name0Bc_
FNF:15
FNH:6
DA:7,17
DA:8,17
DA:9,17
DA:10,0
DA:12,0
DA:13,0
DA:14,0
DA:15,0
DA:17,0
DA:18,17
DA:20,2
DA:21,2
DA:22,2
DA:23,0
DA:27,0
DA:29,0
DA:30,0
DA:31,0
DA:32,0
DA:33,0
DA:34,0
DA:35,0
DA:36,0
DA:37,0
DA:39,0
DA:40,2
DA:42,0
DA:43,0
DA:44,0
DA:45,0
DA:46,0
DA:47,0
DA:49,0
DA:50,0
DA:52,0
DA:53,0
DA:54,0
DA:55,0
DA:56,0
DA:58,2
DA:59,2
DA:60,2
DA:61,2
DA:62,2
DA:63,2
DA:65,2
DA:66,0
DA:67,0
DA:68,0
DA:69,0
DA:70,2
DA:72,2
DA:73,2
DA:74,2
DA:75,2
DA:77,2
DA:78,2
DA:79,0
DA:82,2
DA:83,2
DA:84,2
DA:85,2
DA:87,2
DA:88,0
DA:89,2
DA:91,2
DA:92,2
DA:93,2
DA:94,2
DA:96,1
DA:97,1
DA:98,1
DA:99,1
DA:100,1
DA:101,1
DA:103,1
DA:104,1
DA:105,1
DA:106,1
DA:107,1
DA:108,1
DA:109,1
DA:110,1
DA:111,1
DA:112,1
DA:113,1
DA:115,1
DA:116,1
DA:117,1
DA:120,1
DA:121,1
DA:124,0
DA:125,1
DA:127,1
DA:128,1
DA:129,0
DA:132,1
DA:133,0
DA:134,1
DA:136,1
DA:137,1
DA:138,1
DA:139,1
DA:142,0
DA:145,1
DA:146,0
DA:147,0
DA:148,0
DA:149,0
DA:150,0
DA:152,0
DA:155,0
DA:158,1
DA:161,1
DA:163,1
DA:164,0
DA:165,0
DA:167,1
DA:168,0
DA:169,0
DA:170,0
DA:172,1
BRF:0
BRH:0
LF:131
LH:70
end_of_record
SF:/Users/samcolak/Source Code/rust/distdb/distdb/server/src/core/app/control/core.rs
FN:106,_RNvMNtNtNtNtCsjRwMhjCpbZQ_6server4core3app7control4coreNtNtB6_5state9ServerApp20parse_lock_table_ids
FN:547,_RNvMNtNtNtNtCsjRwMhjCpbZQ_6server4core3app7control4coreNtNtB6_5state9ServerApp21commit_staged_queries
FN:681,_RNvMNtNtNtNtCsjRwMhjCpbZQ_6server4core3app7control4coreNtNtB6_5state9ServerApp23validate_staged_queries
FN:92,_RNvMNtNtNtNtCsjRwMhjCpbZQ_6server4core3app7control4coreNtNtB6_5state9ServerApp24abort_group_table_writes
FN:201,_RNvMNtNtNtNtCsjRwMhjCpbZQ_6server4core3app7control4coreNtNtB6_5state9ServerApp24handle_connector_request
FN:72,_RNvMNtNtNtNtCsjRwMhjCpbZQ_6server4core3app7control4coreNtNtB6_5state9ServerApp27finalize_group_table_writes
FN:170,_RNvMNtNtNtNtCsjRwMhjCpbZQ_6server4core3app7control4coreNtNtB6_5state9ServerApp28staged_query_validation_plan
FN:152,_RNvMNtNtNtNtCsjRwMhjCpbZQ_6server4core3app7control4coreNtNtB6_5state9ServerApp29apply_remote_table_lock_state
FN:340,_RNvMNtNtNtNtCsjRwMhjCpbZQ_6server4core3app7control4coreNtNtB6_5state9ServerApp32handle_transaction_control_query
FN:205,_RNvMNtNtNtNtCsjRwMhjCpbZQ_6server4core3app7control4coreNtNtB6_5state9ServerApp36handle_connector_request_for_session
FN:20,_RNvMNtNtNtNtCsjRwMhjCpbZQ_6server4core3app7control4coreNtNtB6_5state9ServerApp46handle_read_only_connector_request_for_session
FN:144,_RNCNvMNtNtNtNtCsjRwMhjCpbZQ_6server4core3app7control4coreNtNtB8_5state9ServerApp20parse_lock_table_ids0Bc_
FN:573,_RNCNvMNtNtNtNtCsjRwMhjCpbZQ_6server4core3app7control4coreNtNtB8_5state9ServerApp21commit_staged_queries0Bc_
FN:580,_RNCNvMNtNtNtNtCsjRwMhjCpbZQ_6server4core3app7control4coreNtNtB8_5state9ServerApp21commit_staged_queriess_0Bc_
FN:742,_RNCNvMNtNtNtNtCsjRwMhjCpbZQ_6server4core3app7control4coreNtNtB8_5state9ServerApp23validate_staged_queries0Bc_
FN:778,_RNCNvMNtNtNtNtCsjRwMhjCpbZQ_6server4core3app7control4coreNtNtB8_5state9ServerApp23validate_staged_queriess0_0Bc_
FN:785,_RNCNvMNtNtNtNtCsjRwMhjCpbZQ_6server4core3app7control4coreNtNtB8_5state9ServerApp23validate_staged_queriess1_0Bc_
FN:753,_RNCNvMNtNtNtNtCsjRwMhjCpbZQ_6server4core3app7control4coreNtNtB8_5state9ServerApp23validate_staged_queriess_0Bc_
FN:97,_RNCNvMNtNtNtNtCsjRwMhjCpbZQ_6server4core3app7control4coreNtNtB8_5state9ServerApp24abort_group_table_writes0Bc_
FN:77,_RNCNvMNtNtNtNtCsjRwMhjCpbZQ_6server4core3app7control4coreNtNtB8_5state9ServerApp27finalize_group_table_writes0Bc_
FN:85,_RNCNvMNtNtNtNtCsjRwMhjCpbZQ_6server4core3app7control4coreNtNtB8_5state9ServerApp27finalize_group_table_writess_0Bc_
FN:269,_RNCNvMNtNtNtNtCsjRwMhjCpbZQ_6server4core3app7control4coreNtNtB8_5state9ServerApp36handle_connector_request_for_session0Bc_
FN:43,_RNCNvMNtNtNtNtCsjRwMhjCpbZQ_6server4core3app7control4coreNtNtB8_5state9ServerApp46handle_read_only_connector_request_for_session0Bc_
FN:55,_RNCNvMNtNtNtNtCsjRwMhjCpbZQ_6server4core3app7control4coreNtNtB8_5state9ServerApp46handle_read_only_connector_request_for_sessions_0Bc_
FNDA:0,_RNvMNtNtNtNtCsjRwMhjCpbZQ_6server4core3app7control4coreNtNtB6_5state9ServerApp20parse_lock_table_ids
FNDA:11,_RNvMNtNtNtNtCsjRwMhjCpbZQ_6server4core3app7control4coreNtNtB6_5state9ServerApp21commit_staged_queries
FNDA:9,_RNvMNtNtNtNtCsjRwMhjCpbZQ_6server4core3app7control4coreNtNtB6_5state9ServerApp23validate_staged_queries
FNDA:0,_RNvMNtNtNtNtCsjRwMhjCpbZQ_6server4core3app7control4coreNtNtB6_5state9ServerApp24abort_group_table_writes
FNDA:1142,_RNvMNtNtNtNtCsjRwMhjCpbZQ_6server4core3app7control4coreNtNtB6_5state9ServerApp24handle_connector_request
FNDA:6,_RNvMNtNtNtNtCsjRwMhjCpbZQ_6server4core3app7control4coreNtNtB6_5state9ServerApp27finalize_group_table_writes
FNDA:9,_RNvMNtNtNtNtCsjRwMhjCpbZQ_6server4core3app7control4coreNtNtB6_5state9ServerApp28staged_query_validation_plan
FNDA:0,_RNvMNtNtNtNtCsjRwMhjCpbZQ_6server4core3app7control4coreNtNtB6_5state9ServerApp29apply_remote_table_lock_state
FNDA:1214,_RNvMNtNtNtNtCsjRwMhjCpbZQ_6server4core3app7control4coreNtNtB6_5state9ServerApp32handle_transaction_control_query
FNDA:1220,_RNvMNtNtNtNtCsjRwMhjCpbZQ_6server4core3app7control4coreNtNtB6_5state9ServerApp36handle_connector_request_for_session
FNDA:7,_RNvMNtNtNtNtCsjRwMhjCpbZQ_6server4core3app7control4coreNtNtB6_5state9ServerApp46handle_read_only_connector_request_for_session
FNDA:0,_RNCNvMNtNtNtNtCsjRwMhjCpbZQ_6server4core3app7control4coreNtNtB8_5state9ServerApp20parse_lock_table_ids0Bc_
FNDA:0,_RNCNvMNtNtNtNtCsjRwMhjCpbZQ_6server4core3app7control4coreNtNtB8_5state9ServerApp21commit_staged_queries0Bc_
FNDA:6,_RNCNvMNtNtNtNtCsjRwMhjCpbZQ_6server4core3app7control4coreNtNtB8_5state9ServerApp21commit_staged_queriess_0Bc_
FNDA:0,_RNCNvMNtNtNtNtCsjRwMhjCpbZQ_6server4core3app7control4coreNtNtB8_5state9ServerApp23validate_staged_queries0Bc_
FNDA:0,_RNCNvMNtNtNtNtCsjRwMhjCpbZQ_6server4core3app7control4coreNtNtB8_5state9ServerApp23validate_staged_queriess0_0Bc_
FNDA:9,_RNCNvMNtNtNtNtCsjRwMhjCpbZQ_6server4core3app7control4coreNtNtB8_5state9ServerApp23validate_staged_queriess1_0Bc_
FNDA:0,_RNCNvMNtNtNtNtCsjRwMhjCpbZQ_6server4core3app7control4coreNtNtB8_5state9ServerApp23validate_staged_queriess_0Bc_
FNDA:0,_RNCNvMNtNtNtNtCsjRwMhjCpbZQ_6server4core3app7control4coreNtNtB8_5state9ServerApp24abort_group_table_writes0Bc_
FNDA:0,_RNCNvMNtNtNtNtCsjRwMhjCpbZQ_6server4core3app7control4coreNtNtB8_5state9ServerApp27finalize_group_table_writes0Bc_
FNDA:0,_RNCNvMNtNtNtNtCsjRwMhjCpbZQ_6server4core3app7control4coreNtNtB8_5state9ServerApp27finalize_group_table_writess_0Bc_
FNDA:12,_RNCNvMNtNtNtNtCsjRwMhjCpbZQ_6server4core3app7control4coreNtNtB8_5state9ServerApp36handle_connector_request_for_session0Bc_
FNDA:7,_RNCNvMNtNtNtNtCsjRwMhjCpbZQ_6server4core3app7control4coreNtNtB8_5state9ServerApp46handle_read_only_connector_request_for_session0Bc_
FNDA:6,_RNCNvMNtNtNtNtCsjRwMhjCpbZQ_6server4core3app7control4coreNtNtB8_5state9ServerApp46handle_read_only_connector_request_for_sessions_0Bc_
FNF:24
FNH:13
DA:20,7
DA:21,7
DA:22,7
DA:23,7
DA:24,7
DA:26,7
DA:27,0
DA:30,7
DA:31,7
DA:32,7
DA:33,7
DA:35,0
DA:36,7
DA:38,7
DA:39,7
DA:40,0
DA:41,7
DA:43,7
DA:44,7
DA:45,7
DA:47,7
DA:48,0
DA:49,7
DA:51,7
DA:52,7
DA:53,7
DA:54,7
DA:55,7
DA:56,7
DA:58,7
DA:59,7
DA:60,7
DA:61,7
DA:62,7
DA:63,7
DA:64,7
DA:65,7
DA:66,7
DA:67,7
DA:68,7
DA:70,7
DA:72,6
DA:73,6
DA:74,6
DA:75,6
DA:76,6
DA:77,6
DA:79,6
DA:80,6
DA:81,0
DA:83,0
DA:84,0
DA:85,0
DA:89,6
DA:90,6
DA:92,0
DA:93,0
DA:94,0
DA:95,0
DA:96,0
DA:97,0
DA:99,0
DA:100,0
DA:101,0
DA:104,0
DA:106,0
DA:107,0
DA:108,0
DA:110,0
DA:111,0
DA:112,0
DA:113,0
DA:115,0
DA:118,0
DA:119,0
DA:122,0
DA:124,0
DA:125,0
DA:126,0
DA:127,0
DA:128,0
DA:130,0
DA:131,0
DA:132,0
DA:133,0
DA:135,0
DA:136,0
DA:137,0
DA:138,0
DA:139,0
DA:140,0
DA:141,0
DA:143,0
DA:144,0
DA:145,0
DA:146,0
DA:149,0
DA:150,0
DA:152,0
DA:153,0
DA:154,0
DA:155,0
DA:156,0
DA:157,0
DA:158,0
DA:159,0
DA:161,0
DA:162,0
DA:163,0
DA:164,0
DA:165,0
DA:166,0
DA:167,0
DA:168,0
DA:170,9
DA:171,9
DA:172,9
DA:173,9
DA:174,9
DA:176,11
DA:177,11
DA:178,11
DA:179,0
DA:180,11
DA:182,11
DA:183,11
DA:184,11
DA:186,11
DA:187,2
DA:188,9
DA:192,9
DA:193,1
DA:194,8
DA:198,8
DA:199,9
DA:201,1142
DA:202,1142
DA:203,1142
DA:205,1220
DA:206,1220
DA:207,1220
DA:208,1220
DA:209,1220
DA:211,1220
DA:212,1220
DA:220,1220
DA:222,6
DA:223,0
DA:226,6
DA:227,6
DA:228,6
DA:230,6
DA:231,6
DA:232,6
DA:236,0
DA:237,0
DA:238,0
DA:244,1214
DA:245,0
DA:248,31
DA:249,1214
DA:251,31
DA:253,1183
DA:254,1183
DA:255,1183
DA:256,1183
DA:258,1183
DA:259,5
DA:261,1178
DA:262,1178
DA:263,1178
DA:264,1178
DA:267,1161
DA:268,1161
DA:269,1161
DA:270,1161
DA:272,1161
DA:273,1161
DA:274,1161
DA:275,1161
DA:276,1161
DA:277,1161
DA:278,1161
DA:279,1161
DA:280,1161
DA:281,1161
DA:286,1161
DA:287,60
DA:288,1101
DA:290,1161
DA:292,16
DA:293,16
DA:294,16
DA:296,1
DA:297,1
DA:299,0
DA:305,0
DA:306,0
DA:310,0
DA:311,0
DA:316,1220
DA:317,11
DA:318,11
DA:327,1209
DA:328,1209
DA:329,1209
DA:330,1209
DA:331,1209
DA:332,1209
DA:333,1209
DA:334,1209
DA:337,1220
DA:338,1220
DA:340,1214
DA:341,1214
DA:342,1214
DA:343,1214
DA:344,1214
DA:345,1214
DA:347,1214
DA:348,1214
DA:349,1214
DA:350,1214
DA:351,1214
DA:352,1214
DA:354,1214
DA:355,1214
DA:357,1214
DA:358,1214
DA:360,1214
DA:361,1203
DA:362,1198
DA:364,16
DA:365,0
DA:366,0
DA:367,0
DA:368,0
DA:370,0
DA:371,0
DA:372,16
DA:373,0
DA:374,16
DA:376,16
DA:377,16
DA:379,16
DA:381,16
DA:382,15
DA:383,15
DA:384,0
DA:385,0
DA:386,0
DA:387,0
DA:388,0
DA:389,0
DA:390,15
DA:392,15
DA:393,15
DA:394,15
DA:395,15
DA:396,15
DA:397,15
DA:398,15
DA:400,15
DA:401,15
DA:402,1
DA:404,16
DA:405,16
DA:406,16
DA:407,16
DA:408,16
DA:409,16
DA:410,0
DA:411,16
DA:413,16
DA:414,16
DA:415,16
DA:416,16
DA:418,1198
DA:420,1198
DA:422,13
DA:423,11
DA:424,2
DA:425,2
DA:429,11
DA:430,11
DA:431,11
DA:432,11
DA:433,11
DA:434,11
DA:435,11
DA:437,11
DA:438,11
DA:439,11
DA:440,11
DA:441,11
DA:442,11
DA:443,6
DA:444,5
DA:445,5
DA:446,4
DA:447,0
DA:451,4
DA:453,1
DA:454,0
DA:458,1
DA:460,1
DA:461,1
DA:462,1
DA:465,5
DA:466,5
DA:467,5
DA:468,5
DA:469,5
DA:470,5
DA:471,0
DA:472,5
DA:474,5
DA:478,6
DA:479,6
DA:480,6
DA:482,6
DA:483,0
DA:484,0
DA:485,0
DA:486,0
DA:487,6
DA:489,6
DA:490,6
DA:491,6
DA:492,6
DA:493,6
DA:494,6
DA:495,0
DA:496,6
DA:498,6
DA:499,6
DA:500,6
DA:501,6
DA:502,6
DA:503,6
DA:505,1185
DA:507,1185
DA:509,2
DA:510,2
DA:511,0
DA:512,0
DA:516,2
DA:517,1
DA:518,1
DA:519,1
DA:520,1
DA:521,1
DA:523,1
DA:524,1
DA:525,1
DA:527,1
DA:528,1
DA:529,1
DA:530,1
DA:531,1
DA:532,1
DA:533,0
DA:534,1
DA:536,1
DA:537,1
DA:538,1
DA:539,1
DA:541,1183
DA:543,1183
DA:545,1214
DA:547,11
DA:548,11
DA:549,11
DA:550,11
DA:551,11
DA:552,11
DA:553,11
DA:554,11
DA:555,11
DA:557,11
DA:558,11
DA:559,2
DA:560,9
DA:562,9
DA:563,0
DA:564,9
DA:565,0
DA:567,9
DA:568,6
DA:569,6
DA:571,6
DA:572,6
DA:573,6
DA:574,6
DA:576,6
DA:577,6
DA:578,6
DA:579,6
DA:580,6
DA:581,6
DA:583,6
DA:585,7
DA:586,7
DA:587,7
DA:588,7
DA:589,7
DA:590,7
DA:591,7
DA:592,7
DA:593,7
DA:594,7
DA:595,7
DA:596,7
DA:597,7
DA:598,7
DA:601,7
DA:602,0
DA:603,0
DA:604,0
DA:605,0
DA:606,0
DA:607,0
DA:610,0
DA:611,0
DA:612,0
DA:615,0
DA:616,0
DA:617,0
DA:618,0
DA:619,0
DA:620,7
DA:622,7
DA:623,7
DA:624,7
DA:626,6
DA:628,6
DA:630,6
DA:631,6
DA:632,6
DA:633,6
DA:634,6
DA:635,6
DA:636,6
DA:637,0
DA:638,0
DA:639,0
DA:640,0
DA:641,0
DA:642,0
DA:644,0
DA:645,0
DA:646,0
DA:650,0
DA:654,0
DA:657,0
DA:658,6
DA:660,6
DA:661,0
DA:662,0
DA:663,6
DA:665,6
DA:666,6
DA:670,0
DA:674,0
DA:678,6
DA:679,11
DA:681,9
DA:682,9
DA:683,9
DA:684,9
DA:685,9
DA:686,9
DA:687,9
DA:689,9
DA:691,9
DA:693,9
DA:694,9
DA:698,9
DA:699,9
DA:700,8
DA:701,8
DA:702,8
DA:703,8
DA:704,8
DA:705,1
DA:706,1
DA:707,0
DA:708,1
DA:710,1
DA:711,1
DA:712,1
DA:713,1
DA:714,1
DA:715,1
DA:716,1
DA:718,0
DA:721,9
DA:723,9
DA:724,8
DA:726,8
DA:727,8
DA:728,8
DA:730,8
DA:731,6
DA:732,5
DA:733,5
DA:734,6
DA:736,2
DA:737,2
DA:738,2
DA:739,0
DA:741,2
DA:742,2
DA:743,2
DA:746,8
DA:748,1
DA:749,1
DA:750,0
DA:752,1
DA:753,1
DA:754,1
DA:756,1
DA:757,1
DA:758,1
DA:760,1
DA:763,9
DA:765,9
DA:776,9
DA:777,9
DA:778,9
DA:779,9
DA:781,9
DA:782,9
DA:783,9
DA:784,9
DA:785,9
DA:786,9
DA:788,9
DA:790,11
DA:791,11
DA:792,11
DA:793,11
DA:794,11
DA:795,11
DA:796,11
DA:797,11
DA:798,11
DA:799,11
DA:800,11
DA:801,11
DA:802,11
DA:803,11
DA:804,11
DA:807,11
DA:808,3
DA:809,3
DA:810,0
DA:813,3
DA:814,3
DA:815,3
DA:816,3
DA:817,3
DA:818,8
DA:820,8
DA:823,6
DA:825,6
DA:829,0
DA:835,6
DA:837,9
BRF:0
BRH:0
LF:582
LH:433
end_of_record
SF:/Users/samcolak/Source Code/rust/distdb/distdb/server/src/core/app/control/isolation.rs
FN:109,_RNvMNtNtNtNtCsjRwMhjCpbZQ_6server4core3app7control9isolationNtNtB6_5state9ServerApp26execute_transactional_read
FN:15,_RNvMNtNtNtNtCsjRwMhjCpbZQ_6server4core3app7control9isolationNtNtB6_5state9ServerApp27detect_write_write_conflict
FN:238,_RNvMNtNtNtNtCsjRwMhjCpbZQ_6server4core3app7control9isolationNtNtB6_5state9ServerApp28seed_sandbox_wal_from_source
FN:300,_RNvMNtNtNtNtCsjRwMhjCpbZQ_6server4core3app7control9isolationNtNtB6_5state9ServerApp30record_simple_read_observation
FN:72,_RNvMNtNtNtNtCsjRwMhjCpbZQ_6server4core3app7control9isolationNtNtB6_5state9ServerApp31detect_predicate_read_conflicts
FN:267,_RNvMNtNtNtNtCsjRwMhjCpbZQ_6server4core3app7control9isolationNtNtB6_5state9ServerApp39seed_sandbox_wal_from_source_for_tables
FN:163,_RNCNvMNtNtNtNtCsjRwMhjCpbZQ_6server4core3app7control9isolationNtNtB8_5state9ServerApp26execute_transactional_read0Bc_
FN:170,_RNCNvMNtNtNtNtCsjRwMhjCpbZQ_6server4core3app7control9isolationNtNtB8_5state9ServerApp26execute_transactional_reads_0Bc_
FN:55,_RNCNvMNtNtNtNtCsjRwMhjCpbZQ_6server4core3app7control9isolationNtNtB8_5state9ServerApp27detect_write_write_conflict0Bc_
FN:254,_RNCNvMNtNtNtNtCsjRwMhjCpbZQ_6server4core3app7control9isolationNtNtB8_5state9ServerApp28seed_sandbox_wal_from_source0Bc_
FN:329,_RNCNvMNtNtNtNtCsjRwMhjCpbZQ_6server4core3app7control9isolationNtNtB8_5state9ServerApp30record_simple_read_observation0Bc_
FN:91,_RNCNvMNtNtNtNtCsjRwMhjCpbZQ_6server4core3app7control9isolationNtNtB8_5state9ServerApp31detect_predicate_read_conflicts0Bc_
FN:287,_RNCNvMNtNtNtNtCsjRwMhjCpbZQ_6server4core3app7control9isolationNtNtB8_5state9ServerApp39seed_sandbox_wal_from_source_for_tables0Bc_
FNDA:5,_RNvMNtNtNtNtCsjRwMhjCpbZQ_6server4core3app7control9isolationNtNtB6_5state9ServerApp26execute_transactional_read
FNDA:11,_RNvMNtNtNtNtCsjRwMhjCpbZQ_6server4core3app7control9isolationNtNtB6_5state9ServerApp27detect_write_write_conflict
FNDA:11,_RNvMNtNtNtNtCsjRwMhjCpbZQ_6server4core3app7control9isolationNtNtB6_5state9ServerApp28seed_sandbox_wal_from_source
FNDA:5,_RNvMNtNtNtNtCsjRwMhjCpbZQ_6server4core3app7control9isolationNtNtB6_5state9ServerApp30record_simple_read_observation
FNDA:9,_RNvMNtNtNtNtCsjRwMhjCpbZQ_6server4core3app7control9isolationNtNtB6_5state9ServerApp31detect_predicate_read_conflicts
FNDA:2,_RNvMNtNtNtNtCsjRwMhjCpbZQ_6server4core3app7control9isolationNtNtB6_5state9ServerApp39seed_sandbox_wal_from_source_for_tables
FNDA:5,_RNCNvMNtNtNtNtCsjRwMhjCpbZQ_6server4core3app7control9isolationNtNtB8_5state9ServerApp26execute_transactional_read0Bc_
FNDA:0,_RNCNvMNtNtNtNtCsjRwMhjCpbZQ_6server4core3app7control9isolationNtNtB8_5state9ServerApp26execute_transactional_reads_0Bc_
FNDA:0,_RNCNvMNtNtNtNtCsjRwMhjCpbZQ_6server4core3app7control9isolationNtNtB8_5state9ServerApp27detect_write_write_conflict0Bc_
FNDA:0,_RNCNvMNtNtNtNtCsjRwMhjCpbZQ_6server4core3app7control9isolationNtNtB8_5state9ServerApp28seed_sandbox_wal_from_source0Bc_
FNDA:1,_RNCNvMNtNtNtNtCsjRwMhjCpbZQ_6server4core3app7control9isolationNtNtB8_5state9ServerApp30record_simple_read_observation0Bc_
FNDA:0,_RNCNvMNtNtNtNtCsjRwMhjCpbZQ_6server4core3app7control9isolationNtNtB8_5state9ServerApp31detect_predicate_read_conflicts0Bc_
FNDA:0,_RNCNvMNtNtNtNtCsjRwMhjCpbZQ_6server4core3app7control9isolationNtNtB8_5state9ServerApp39seed_sandbox_wal_from_source_for_tables0Bc_
FNF:13
FNH:8
DA:15,11
DA:16,11
DA:17,11
DA:18,11
DA:19,11
DA:21,11
DA:23,13
DA:24,13
DA:25,0
DA:28,13
DA:29,13
DA:30,0
DA:33,0
DA:34,13
DA:38,13
DA:39,13
DA:40,13
DA:44,11
DA:45,11
DA:46,0
DA:49,11
DA:50,0
DA:53,11
DA:54,11
DA:55,11
DA:57,11
DA:59,11
DA:60,2
DA:61,2
DA:62,2
DA:63,2
DA:64,2
DA:65,9
DA:68,9
DA:70,11
DA:72,9
DA:73,9
DA:74,9
DA:75,9
DA:76,9
DA:78,9
DA:80,8
DA:81,1
DA:82,0
DA:85,1
DA:86,0
DA:89,1
DA:90,1
DA:91,1
DA:93,1
DA:94,1
DA:95,1
DA:97,1
DA:98,0
DA:99,0
DA:100,0
DA:101,0
DA:102,1
DA:105,8
DA:107,9
DA:109,5
DA:110,5
DA:111,5
DA:112,5
DA:113,5
DA:114,5
DA:116,5
DA:117,5
DA:118,0
DA:119,0
DA:124,5
DA:125,5
DA:126,5
DA:128,5
DA:129,5
DA:130,5
DA:131,5
DA:132,5
DA:133,0
DA:134,0
DA:135,0
DA:137,5
DA:139,5
DA:142,5
DA:143,5
DA:144,5
DA:146,0
DA:147,5
DA:149,0
DA:150,0
DA:151,0
DA:153,5
DA:155,5
DA:156,5
DA:157,5
DA:158,5
DA:160,5
DA:161,5
DA:162,5
DA:163,5
DA:164,5
DA:166,5
DA:168,5
DA:169,5
DA:170,5
DA:171,5
DA:173,5
DA:174,1
DA:175,1
DA:176,1
DA:177,1
DA:178,1
DA:179,1
DA:180,1
DA:181,1
DA:182,1
DA:183,1
DA:184,1
DA:185,1
DA:186,1
DA:189,1
DA:190,0
DA:191,0
DA:194,1
DA:197,5
DA:198,1
DA:199,1
DA:200,1
DA:201,1
DA:202,1
DA:203,1
DA:204,1
DA:206,0
DA:207,0
DA:208,0
DA:210,5
DA:212,5
DA:213,5
DA:214,5
DA:215,5
DA:216,5
DA:217,5
DA:218,5
DA:219,5
DA:220,5
DA:221,5
DA:224,5
DA:225,5
DA:226,5
DA:227,5
DA:228,5
DA:229,5
DA:230,5
DA:231,5
DA:232,5
DA:234,5
DA:236,5
DA:238,11
DA:239,11
DA:240,11
DA:241,11
DA:242,11
DA:243,11
DA:245,11
DA:247,10
DA:248,10
DA:249,10
DA:250,10
DA:251,10
DA:252,10
DA:253,10
DA:254,10
DA:255,0
DA:259,0
DA:263,11
DA:265,11
DA:267,2
DA:268,2
DA:269,2
DA:270,2
DA:271,2
DA:272,2
DA:273,2
DA:275,2
DA:276,2
DA:277,2
DA:278,0
DA:279,2
DA:281,2
DA:282,2
DA:283,2
DA:284,2
DA:285,2
DA:286,2
DA:287,2
DA:288,0
DA:292,0
DA:296,2
DA:298,2
DA:300,5
DA:301,5
DA:302,5
DA:303,5
DA:304,5
DA:305,5
DA:306,5
DA:307,5
DA:309,5
DA:310,0
DA:313,5
DA:314,0
DA:315,5
DA:320,5
DA:322,5
DA:323,5
DA:324,5
DA:325,5
DA:327,5
DA:328,5
DA:329,5
DA:331,1
DA:332,1
DA:333,4
DA:335,4
DA:336,4
DA:337,4
DA:338,4
DA:339,4
DA:341,5
BRF:0
BRH:0
LF:238
LH:199
end_of_record
SF:/Users/samcolak/Source Code/rust/distdb/distdb/server/src/core/app/control/wal.rs
FN:79,_RNCNvMNtNtNtNtCsjRwMhjCpbZQ_6server4core3app7control3walNtNtB8_5state9ServerApp15copy_wal_stream0Bc_
FN:71,_RNvMNtNtNtNtCsjRwMhjCpbZQ_6server4core3app7control3walNtNtB6_5state9ServerApp15copy_wal_stream
FN:11,_RNvMNtNtNtNtCsjRwMhjCpbZQ_6server4core3app7control3walNtNtB6_5state9ServerApp16seed_sandbox_wal
FN:136,_RNvMNtNtNtNtCsjRwMhjCpbZQ_6server4core3app7control3walNtNtB6_5state9ServerApp18import_wal_records
FN:229,_RNvMNtNtNtNtCsjRwMhjCpbZQ_6server4core3app7control3walNtNtB6_5state9ServerApp24append_session_tx_marker
FN:203,_RNvMNtNtNtNtCsjRwMhjCpbZQ_6server4core3app7control3walNtNtB6_5state9ServerApp28rollback_session_transaction
FN:84,_RNvMNtNtNtNtCsjRwMhjCpbZQ_6server4core3app7control3walNtNtB6_5state9ServerApp31export_wal_records_for_database
FN:33,_RNvMNtNtNtNtCsjRwMhjCpbZQ_6server4core3app7control3walNtNtB6_5state9ServerApp32seed_table_stream_from_live_rows
FN:184,_RNCNCNvMNtNtNtNtCsjRwMhjCpbZQ_6server4core3app7control3walNtNtBa_5state9ServerApp18import_wal_records00Be_
FN:130,_RNCNCNvMNtNtNtNtCsjRwMhjCpbZQ_6server4core3app7control3walNtNtBa_5state9ServerApp31export_wal_records_for_databases1_00Be_
FN:20,_RNCNvMNtNtNtNtCsjRwMhjCpbZQ_6server4core3app7control3walNtNtB8_5state9ServerApp16seed_sandbox_wal0Bc_
FN:143,_RNCNvMNtNtNtNtCsjRwMhjCpbZQ_6server4core3app7control3walNtNtB8_5state9ServerApp18import_wal_records0Bc_
FN:92,_RNCNvMNtNtNtNtCsjRwMhjCpbZQ_6server4core3app7control3walNtNtB8_5state9ServerApp31export_wal_records_for_database0Bc_
FN:127,_RNCNvMNtNtNtNtCsjRwMhjCpbZQ_6server4core3app7control3walNtNtB8_5state9ServerApp31export_wal_records_for_databases1_0Bc_
FN:103,_RNCNvMNtNtNtNtCsjRwMhjCpbZQ_6server4core3app7control3walNtNtB8_5state9ServerApp31export_wal_records_for_databases_0Bc_
FN:53,_RNCNvMNtNtNtNtCsjRwMhjCpbZQ_6server4core3app7control3walNtNtB8_5state9ServerApp32seed_table_stream_from_live_rows0Bc_
FN:68,_RNCNvMNtNtNtNtCsjRwMhjCpbZQ_6server4core3app7control3walNtNtB8_5state9ServerApp32seed_table_stream_from_live_rowss_0Bc_
FNDA:0,_RNCNvMNtNtNtNtCsjRwMhjCpbZQ_6server4core3app7control3walNtNtB8_5state9ServerApp15copy_wal_stream0Bc_
FNDA:0,_RNvMNtNtNtNtCsjRwMhjCpbZQ_6server4core3app7control3walNtNtB6_5state9ServerApp15copy_wal_stream
FNDA:15,_RNvMNtNtNtNtCsjRwMhjCpbZQ_6server4core3app7control3walNtNtB6_5state9ServerApp16seed_sandbox_wal
FNDA:1,_RNvMNtNtNtNtCsjRwMhjCpbZQ_6server4core3app7control3walNtNtB6_5state9ServerApp18import_wal_records
FNDA:29,_RNvMNtNtNtNtCsjRwMhjCpbZQ_6server4core3app7control3walNtNtB6_5state9ServerApp24append_session_tx_marker
FNDA:1,_RNvMNtNtNtNtCsjRwMhjCpbZQ_6server4core3app7control3walNtNtB6_5state9ServerApp28rollback_session_transaction
FNDA:1,_RNvMNtNtNtNtCsjRwMhjCpbZQ_6server4core3app7control3walNtNtB6_5state9ServerApp31export_wal_records_for_database
FNDA:13,_RNvMNtNtNtNtCsjRwMhjCpbZQ_6server4core3app7control3walNtNtB6_5state9ServerApp32seed_table_stream_from_live_rows
FNDA:0,_RNCNCNvMNtNtNtNtCsjRwMhjCpbZQ_6server4core3app7control3walNtNtBa_5state9ServerApp18import_wal_records00Be_
FNDA:0,_RNCNCNvMNtNtNtNtCsjRwMhjCpbZQ_6server4core3app7control3walNtNtBa_5state9ServerApp31export_wal_records_for_databases1_00Be_
FNDA:0,_RNCNvMNtNtNtNtCsjRwMhjCpbZQ_6server4core3app7control3walNtNtB8_5state9ServerApp16seed_sandbox_wal0Bc_
FNDA:1,_RNCNvMNtNtNtNtCsjRwMhjCpbZQ_6server4core3app7control3walNtNtB8_5state9ServerApp18import_wal_records0Bc_
FNDA:0,_RNCNvMNtNtNtNtCsjRwMhjCpbZQ_6server4core3app7control3walNtNtB8_5state9ServerApp31export_wal_records_for_database0Bc_
FNDA:0,_RNCNvMNtNtNtNtCsjRwMhjCpbZQ_6server4core3app7control3walNtNtB8_5state9ServerApp31export_wal_records_for_databases1_0Bc_
FNDA:2,_RNCNvMNtNtNtNtCsjRwMhjCpbZQ_6server4core3app7control3walNtNtB8_5state9ServerApp31export_wal_records_for_databases_0Bc_
FNDA:0,_RNCNvMNtNtNtNtCsjRwMhjCpbZQ_6server4core3app7control3walNtNtB8_5state9ServerApp32seed_table_stream_from_live_rows0Bc_
FNDA:0,_RNCNvMNtNtNtNtCsjRwMhjCpbZQ_6server4core3app7control3walNtNtB8_5state9ServerApp32seed_table_stream_from_live_rowss_0Bc_
FNF:17
FNH:8
DA:11,15
DA:12,15
DA:13,13
DA:14,13
DA:15,0
DA:18,13
DA:19,13
DA:20,13
DA:22,13
DA:23,13
DA:24,13
DA:25,13
DA:26,0
DA:30,15
DA:31,15
DA:33,13
DA:34,13
DA:35,13
DA:36,13
DA:37,13
DA:38,13
DA:39,13
DA:40,0
DA:41,13
DA:43,13
DA:44,13
DA:45,7
DA:46,6
DA:48,6
DA:49,6
DA:51,8
DA:52,8
DA:53,8
DA:55,8
DA:56,8
DA:57,8
DA:58,8
DA:59,8
DA:60,8
DA:61,8
DA:62,8
DA:66,6
DA:67,6
DA:68,6
DA:69,13
DA:71,0
DA:72,0
DA:73,0
DA:74,0
DA:76,0
DA:77,0
DA:78,0
DA:79,0
DA:81,0
DA:82,0
DA:84,1
DA:85,1
DA:86,1
DA:87,1
DA:88,1
DA:89,1
DA:90,1
DA:91,1
DA:92,1
DA:94,1
DA:95,0
DA:98,1
DA:99,1
DA:100,1
DA:101,1
DA:102,1
DA:103,2
DA:104,2
DA:105,2
DA:106,2
DA:107,2
DA:110,1
DA:111,3
DA:112,3
DA:113,0
DA:114,3
DA:116,3
DA:117,3
DA:118,0
DA:120,3
DA:121,3
DA:122,3
DA:123,1
DA:124,1
DA:127,1
DA:128,0
DA:129,0
DA:130,0
DA:131,0
DA:133,1
DA:134,1
DA:136,1
DA:137,1
DA:138,1
DA:139,1
DA:140,1
DA:141,1
DA:143,1
DA:144,1
DA:146,1
DA:148,1
DA:149,1
DA:150,1
DA:152,0
DA:153,1
DA:155,1
DA:157,1
DA:158,1
DA:159,1
DA:161,0
DA:163,0
DA:166,0
DA:167,0
DA:168,0
DA:169,0
DA:170,0
DA:171,0
DA:178,1
DA:179,0
DA:180,1
DA:183,1
DA:184,1
DA:185,1
DA:186,1
DA:188,1
DA:191,1
DA:193,1
DA:194,0
DA:195,0
DA:197,0
DA:198,0
DA:199,1
DA:201,1
DA:203,1
DA:205,1
DA:206,1
DA:207,1
DA:208,1
DA:210,1
DA:211,1
DA:212,1
DA:213,1
DA:215,1
DA:216,1
DA:217,1
DA:218,1
DA:219,1
DA:220,1
DA:221,0
DA:222,1
DA:223,0
DA:225,1
DA:227,1
DA:229,29
DA:230,29
DA:231,29
DA:232,29
DA:233,29
DA:234,29
DA:235,29
DA:237,29
DA:241,0
DA:245,29
DA:246,29
BRF:0
BRH:0
LF:179
LH:134
end_of_record
SF:/Users/samcolak/Source Code/rust/distdb/distdb/server/src/core/app/helpers.rs
FN:13,_RNvMNtNtNtCsjRwMhjCpbZQ_6server4core3app7helpersNtB2_19SessionTxMarkerType6as_str
FN:71,_RNvNtNtNtCsjRwMhjCpbZQ_6server4core3app7helpers12command_info
FN:24,_RNvNtNtNtCsjRwMhjCpbZQ_6server4core3app7helpers19is_staged_dml_query
FN:43,_RNvNtNtNtCsjRwMhjCpbZQ_6server4core3app7helpers27is_transactional_read_query
FNDA:0,_RNvMNtNtNtCsjRwMhjCpbZQ_6server4core3app7helpersNtB2_19SessionTxMarkerType6as_str
FNDA:1220,_RNvNtNtNtCsjRwMhjCpbZQ_6server4core3app7helpers12command_info
FNDA:1178,_RNvNtNtNtCsjRwMhjCpbZQ_6server4core3app7helpers19is_staged_dml_query
FNDA:22,_RNvNtNtNtCsjRwMhjCpbZQ_6server4core3app7helpers27is_transactional_read_query
FNF:4
FNH:3
DA:13,0
DA:14,0
DA:15,0
DA:16,0
DA:17,0
DA:18,0
DA:19,0
DA:21,0
DA:24,1178
DA:26,1178
DA:27,1
DA:30,1177
DA:31,0
DA:32,1177
DA:34,1095
DA:35,1177
DA:41,1178
DA:43,22
DA:45,22
DA:46,0
DA:49,22
DA:50,0
DA:51,22
DA:53,22
DA:55,22
DA:71,1220
DA:73,1220
DA:75,6
DA:76,6
DA:77,6
DA:78,6
DA:80,1214
DA:81,1214
DA:82,1214
DA:83,1214
DA:86,0
DA:87,0
DA:90,0
DA:92,0
DA:93,0
DA:96,0
DA:97,0
DA:100,0
DA:101,0
DA:106,0
DA:107,0
DA:108,0
DA:109,0
DA:113,0
DA:114,0
DA:117,0
DA:119,0
DA:120,0
DA:123,0
DA:124,0
DA:127,0
DA:128,0
DA:133,0
DA:134,0
DA:135,0
DA:136,0
DA:141,1220
BRF:0
BRH:0
LF:62
LH:25
end_of_record
SF:/Users/samcolak/Source Code/rust/distdb/distdb/server/src/core/app/lifecycle.rs
FN:18,_RNCNvMNtNtNtCsjRwMhjCpbZQ_6server4core3app9lifecycleNtNtB6_5state9ServerApp8shutdown0Ba_
FN:13,_RNvMNtNtNtCsjRwMhjCpbZQ_6server4core3app9lifecycleNtNtB4_5state9ServerApp8shutdown
FN:22,_RNvMNtNtNtCsjRwMhjCpbZQ_6server4core3app9lifecycleNtNtB4_5state9ServerApp23load_catalogs_from_disk
FN:107,_RNvMNtNtNtCsjRwMhjCpbZQ_6server4core3app9lifecycleNtNtB4_5state9ServerApp29replay_catalog_state_from_wal
FN:27,_RNCNvMNtNtNtCsjRwMhjCpbZQ_6server4core3app9lifecycleNtNtB6_5state9ServerApp23load_catalogs_from_disk0Ba_
FN:42,_RNCNvMNtNtNtCsjRwMhjCpbZQ_6server4core3app9lifecycleNtNtB6_5state9ServerApp23load_catalogs_from_disks0_0Ba_
FN:43,_RNCNvMNtNtNtCsjRwMhjCpbZQ_6server4core3app9lifecycleNtNtB6_5state9ServerApp23load_catalogs_from_disks1_0Ba_
FN:71,_RNCNvMNtNtNtCsjRwMhjCpbZQ_6server4core3app9lifecycleNtNtB6_5state9ServerApp23load_catalogs_from_disks2_0Ba_
FN:75,_RNCNvMNtNtNtCsjRwMhjCpbZQ_6server4core3app9lifecycleNtNtB6_5state9ServerApp23load_catalogs_from_disks3_0Ba_
FN:82,_RNCNvMNtNtNtCsjRwMhjCpbZQ_6server4core3app9lifecycleNtNtB6_5state9ServerApp23load_catalogs_from_disks4_0Ba_
FN:33,_RNCNvMNtNtNtCsjRwMhjCpbZQ_6server4core3app9lifecycleNtNtB6_5state9ServerApp23load_catalogs_from_disks_0Ba_
FN:119,_RNCNvMNtNtNtCsjRwMhjCpbZQ_6server4core3app9lifecycleNtNtB6_5state9ServerApp29replay_catalog_state_from_wal0Ba_
FN:147,_RNCNvMNtNtNtCsjRwMhjCpbZQ_6server4core3app9lifecycleNtNtB6_5state9ServerApp29replay_catalog_state_from_wals_0Ba_
FNDA:0,_RNCNvMNtNtNtCsjRwMhjCpbZQ_6server4core3app9lifecycleNtNtB6_5state9ServerApp8shutdown0Ba_
FNDA:0,_RNvMNtNtNtCsjRwMhjCpbZQ_6server4core3app9lifecycleNtNtB4_5state9ServerApp8shutdown
FNDA:2,_RNvMNtNtNtCsjRwMhjCpbZQ_6server4core3app9lifecycleNtNtB4_5state9ServerApp23load_catalogs_from_disk
FNDA:3,_RNvMNtNtNtCsjRwMhjCpbZQ_6server4core3app9lifecycleNtNtB4_5state9ServerApp29replay_catalog_state_from_wal
FNDA:0,_RNCNvMNtNtNtCsjRwMhjCpbZQ_6server4core3app9lifecycleNtNtB6_5state9ServerApp23load_catalogs_from_disk0Ba_
FNDA:2,_RNCNvMNtNtNtCsjRwMhjCpbZQ_6server4core3app9lifecycleNtNtB6_5state9ServerApp23load_catalogs_from_disks0_0Ba_
FNDA:0,_RNCNvMNtNtNtCsjRwMhjCpbZQ_6server4core3app9lifecycleNtNtB6_5state9ServerApp23load_catalogs_from_disks1_0Ba_
FNDA:2,_RNCNvMNtNtNtCsjRwMhjCpbZQ_6server4core3app9lifecycleNtNtB6_5state9ServerApp23load_catalogs_from_disks2_0Ba_
FNDA:2,_RNCNvMNtNtNtCsjRwMhjCpbZQ_6server4core3app9lifecycleNtNtB6_5state9ServerApp23load_catalogs_from_disks3_0Ba_
FNDA:0,_RNCNvMNtNtNtCsjRwMhjCpbZQ_6server4core3app9lifecycleNtNtB6_5state9ServerApp23load_catalogs_from_disks4_0Ba_
FNDA:4,_RNCNvMNtNtNtCsjRwMhjCpbZQ_6server4core3app9lifecycleNtNtB6_5state9ServerApp23load_catalogs_from_disks_0Ba_
FNDA:0,_RNCNvMNtNtNtCsjRwMhjCpbZQ_6server4core3app9lifecycleNtNtB6_5state9ServerApp29replay_catalog_state_from_wal0Ba_
FNDA:5,_RNCNvMNtNtNtCsjRwMhjCpbZQ_6server4core3app9lifecycleNtNtB6_5state9ServerApp29replay_catalog_state_from_wals_0Ba_
FNF:13
FNH:7
DA:13,0
DA:15,0
DA:16,0
DA:17,0
DA:18,0
DA:20,0
DA:22,2
DA:24,2
DA:26,2
DA:27,2
DA:29,4
DA:31,4
DA:32,4
DA:33,4
DA:34,4
DA:36,4
DA:37,2
DA:38,2
DA:40,2
DA:41,2
DA:42,2
DA:43,2
DA:45,2
DA:46,2
DA:48,0
DA:50,0
DA:52,0
DA:56,2
DA:57,2
DA:59,0
DA:61,0
DA:64,2
DA:68,2
DA:69,2
DA:70,2
DA:71,2
DA:72,2
DA:73,2
DA:74,2
DA:75,2
DA:77,2
DA:78,2
DA:79,2
DA:80,2
DA:82,2
DA:83,0
DA:84,0
DA:85,0
DA:86,0
DA:87,0
DA:88,0
DA:90,2
DA:95,2
DA:97,0
DA:103,2
DA:105,2
DA:107,3
DA:109,3
DA:110,3
DA:112,5
DA:114,5
DA:116,5
DA:117,5
DA:118,5
DA:119,5
DA:121,5
DA:123,5
DA:125,5
DA:126,3
DA:131,0
DA:133,2
DA:134,0
DA:138,0
DA:140,2
DA:144,3
DA:145,3
DA:146,3
DA:147,5
DA:148,3
DA:150,3
DA:152,0
DA:155,0
DA:158,3
DA:160,3
BRF:0
BRH:0
LF:95
LH:66
end_of_record
SF:/Users/samcolak/Source Code/rust/distdb/distdb/server/src/core/app/state.rs
FN:181,_RNCNvMNtNtNtCsjRwMhjCpbZQ_6server4core3app5stateNtB4_9ServerApp18run_wal_smoke_test0Ba_
FN:177,_RNvMNtNtNtCsjRwMhjCpbZQ_6server4core3app5stateNtB2_9ServerApp18run_wal_smoke_test
FN:147,_RNvMNtNtNtCsjRwMhjCpbZQ_6server4core3app5stateNtB2_9ServerApp7node_id
FN:167,_RNvMNtNtNtCsjRwMhjCpbZQ_6server4core3app5stateNtB2_9ServerApp11get_session
FN:155,_RNvMNtNtNtCsjRwMhjCpbZQ_6server4core3app5stateNtB2_9ServerApp12init_session
FN:143,_RNvMNtNtNtCsjRwMhjCpbZQ_6server4core3app5stateNtB2_9ServerApp13node_data_dir
FN:171,_RNvMNtNtNtCsjRwMhjCpbZQ_6server4core3app5stateNtB2_9ServerApp18set_last_insert_id
FN:51,_RNvMNtNtNtCsjRwMhjCpbZQ_6server4core3app5stateNtB2_9ServerApp3new
FN:151,_RNvMNtNtNtCsjRwMhjCpbZQ_6server4core3app5stateNtB2_9ServerApp8catalogs
FN:89,_RNvMNtNtNtCsjRwMhjCpbZQ_6server4core3app5stateNtB2_9ServerApp9bootstrap
FN:57,_RNCNvMNtNtNtCsjRwMhjCpbZQ_6server4core3app5stateNtB4_9ServerApp3new0Ba_
FN:61,_RNCNvMNtNtNtCsjRwMhjCpbZQ_6server4core3app5stateNtB4_9ServerApp3news_0Ba_
FN:105,_RNCNvMNtNtNtCsjRwMhjCpbZQ_6server4core3app5stateNtB4_9ServerApp9bootstrap0Ba_
FN:124,_RNCNvMNtNtNtCsjRwMhjCpbZQ_6server4core3app5stateNtB4_9ServerApp9bootstraps0_0Ba_
FN:114,_RNCNvMNtNtNtCsjRwMhjCpbZQ_6server4core3app5stateNtB4_9ServerApp9bootstraps_0Ba_
FNDA:0,_RNCNvMNtNtNtCsjRwMhjCpbZQ_6server4core3app5stateNtB4_9ServerApp18run_wal_smoke_test0Ba_
FNDA:0,_RNvMNtNtNtCsjRwMhjCpbZQ_6server4core3app5stateNtB2_9ServerApp18run_wal_smoke_test
FNDA:0,_RNvMNtNtNtCsjRwMhjCpbZQ_6server4core3app5stateNtB2_9ServerApp7node_id
FNDA:1188,_RNvMNtNtNtCsjRwMhjCpbZQ_6server4core3app5stateNtB2_9ServerApp11get_session
FNDA:3,_RNvMNtNtNtCsjRwMhjCpbZQ_6server4core3app5stateNtB2_9ServerApp12init_session
FNDA:0,_RNvMNtNtNtCsjRwMhjCpbZQ_6server4core3app5stateNtB2_9ServerApp13node_data_dir
FNDA:60,_RNvMNtNtNtCsjRwMhjCpbZQ_6server4core3app5stateNtB2_9ServerApp18set_last_insert_id
FNDA:59,_RNvMNtNtNtCsjRwMhjCpbZQ_6server4core3app5stateNtB2_9ServerApp3new
FNDA:4,_RNvMNtNtNtCsjRwMhjCpbZQ_6server4core3app5stateNtB2_9ServerApp8catalogs
FNDA:2,_RNvMNtNtNtCsjRwMhjCpbZQ_6server4core3app5stateNtB2_9ServerApp9bootstrap
FNDA:0,_RNCNvMNtNtNtCsjRwMhjCpbZQ_6server4core3app5stateNtB4_9ServerApp3new0Ba_
FNDA:0,_RNCNvMNtNtNtCsjRwMhjCpbZQ_6server4core3app5stateNtB4_9ServerApp3news_0Ba_
FNDA:0,_RNCNvMNtNtNtCsjRwMhjCpbZQ_6server4core3app5stateNtB4_9ServerApp9bootstrap0Ba_
FNDA:4,_RNCNvMNtNtNtCsjRwMhjCpbZQ_6server4core3app5stateNtB4_9ServerApp9bootstraps0_0Ba_
FNDA:0,_RNCNvMNtNtNtCsjRwMhjCpbZQ_6server4core3app5stateNtB4_9ServerApp9bootstraps_0Ba_
FNF:15
FNH:7
DA:51,59
DA:53,59
DA:55,59
DA:56,59
DA:57,59
DA:59,59
DA:61,59
DA:62,0
DA:63,0
DA:64,0
DA:65,0
DA:66,0
DA:67,0
DA:69,59
DA:71,59
DA:72,59
DA:74,59
DA:75,59
DA:76,59
DA:77,59
DA:78,59
DA:79,59
DA:80,59
DA:81,59
DA:82,59
DA:83,59
DA:84,59
DA:85,59
DA:87,59
DA:89,2
DA:91,2
DA:93,2
DA:94,2
DA:95,2
DA:97,2
DA:98,2
DA:99,2
DA:101,2
DA:102,4
DA:103,4
DA:104,4
DA:105,4
DA:108,2
DA:109,2
DA:111,4
DA:112,4
DA:113,4
DA:114,4
DA:117,2
DA:119,2
DA:121,2
DA:122,2
DA:123,2
DA:124,4
DA:125,2
DA:127,2
DA:130,0
DA:131,0
DA:139,2
DA:141,2
DA:143,0
DA:144,0
DA:145,0
DA:147,0
DA:148,0
DA:149,0
DA:151,4
DA:152,4
DA:153,4
DA:155,3
DA:156,3
DA:157,3
DA:158,3
DA:159,3
DA:160,3
DA:161,3
DA:162,3
DA:163,3
DA:165,3
DA:167,1188
DA:168,1188
DA:169,1188
DA:171,60
DA:172,60
DA:173,6
DA:174,54
DA:175,60
DA:177,0
DA:180,0
DA:181,0
DA:182,0
BRF:0
BRH:0
LF:98
LH:74
end_of_record
SF:/Users/samcolak/Source Code/rust/distdb/distdb/server/src/core/config.rs
FN:43,_RINvMNtNtCsjRwMhjCpbZQ_6server4core6configNtB3_19ServerRuntimeConfig30default_local_with_listen_addrpEB7_
FN:28,_RNvMNtNtCsjRwMhjCpbZQ_6server4core6configNtB2_19ServerRuntimeConfig13default_local
FN:57,_RNvMNtNtCsjRwMhjCpbZQ_6server4core6configNtB2_19ServerRuntimeConfig14to_node_config
FN:32,_RNvMNtNtCsjRwMhjCpbZQ_6server4core6configNtB2_19ServerRuntimeConfig27default_local_with_data_dir
FN:74,_RNvNtNtNtCsjRwMhjCpbZQ_6server4core6config5testss_39default_local_listens_on_all_interfaces
FNDA:0,_RINvMNtNtCsjRwMhjCpbZQ_6server4core6configNtB3_19ServerRuntimeConfig30default_local_with_listen_addrpEB7_
FNDA:1,_RNvMNtNtCsjRwMhjCpbZQ_6server4core6configNtB2_19ServerRuntimeConfig13default_local
FNDA:59,_RNvMNtNtCsjRwMhjCpbZQ_6server4core6configNtB2_19ServerRuntimeConfig14to_node_config
FNDA:60,_RNvMNtNtCsjRwMhjCpbZQ_6server4core6configNtB2_19ServerRuntimeConfig27default_local_with_data_dir
FNDA:1,_RNvNtNtNtCsjRwMhjCpbZQ_6server4core6config5testss_39default_local_listens_on_all_interfaces
FNF:5
FNH:4
DA:28,1
DA:29,1
DA:30,1
DA:32,60
DA:33,60
DA:34,60
DA:35,60
DA:36,60
DA:37,60
DA:38,60
DA:39,60
DA:40,60
DA:41,60
DA:43,0
DA:44,0
DA:45,0
DA:46,0
DA:47,0
DA:48,0
DA:49,0
DA:50,0
DA:51,0
DA:52,0
DA:53,0
DA:54,0
DA:55,0
DA:57,59
DA:58,59
DA:59,59
DA:60,59
DA:61,59
DA:62,59
DA:63,59
DA:64,59
DA:74,1
DA:75,1
DA:77,1
DA:78,1
DA:80,1
DA:82,1
DA:83,1
DA:84,1
BRF:0
BRH:0
LF:42
LH:29
end_of_record
SF:/Users/samcolak/Source Code/rust/distdb/distdb/server/src/core/control/affinity.rs
FN:103,_RNCNCNvNtNtNtCsjRwMhjCpbZQ_6server4core7control8affinity27parse_server_list_from_argss_00Bb_
FN:104,_RNCNCNvNtNtNtCsjRwMhjCpbZQ_6server4core7control8affinity27parse_server_list_from_argss_0s_0Bb_
FN:489,_RNCNvNtNtNtCsjRwMhjCpbZQ_6server4core7control8affinity10now_millis0B9_
FN:100,_RNCNvNtNtNtCsjRwMhjCpbZQ_6server4core7control8affinity27parse_server_list_from_args0B9_
FN:101,_RNCNvNtNtNtCsjRwMhjCpbZQ_6server4core7control8affinity27parse_server_list_from_argss_0B9_
FN:124,_RNCNvNtNtNtCsjRwMhjCpbZQ_6server4core7control8affinity29parse_affinity_startup_config0B9_
FN:160,_RNCNvNtNtNtCsjRwMhjCpbZQ_6server4core7control8affinity32build_affinity_document_snapshot0B9_
FN:93,_RNCNvNtNvNtNtNtCsjRwMhjCpbZQ_6server4core7control8affinity27parse_server_list_from_args5testss_68build_affinity_document_snapshot_includes_local_and_discovered_nodes0Bd_
FN:94,_RNCNvNtNvNtNtNtCsjRwMhjCpbZQ_6server4core7control8affinity27parse_server_list_from_args5testss_68build_affinity_document_snapshot_includes_local_and_discovered_nodess_0Bd_
FN:486,_RNvNtNtNtCsjRwMhjCpbZQ_6server4core7control8affinity10now_millis
FN:27,_RNvNtNtNtCsjRwMhjCpbZQ_6server4core7control8affinity27parse_server_list_from_args
FN:120,_RNvNtNtNtCsjRwMhjCpbZQ_6server4core7control8affinity29parse_affinity_startup_config
FN:340,_RNvNtNtNtCsjRwMhjCpbZQ_6server4core7control8affinity30execute_affinity_join_sequence
FN:151,_RNvNtNtNtCsjRwMhjCpbZQ_6server4core7control8affinity32build_affinity_document_snapshot
FN:400,_RNvNtNtNtCsjRwMhjCpbZQ_6server4core7control8affinity36initialize_affinity_with_persistence
FN:35,_RNvNtNvNtNtNtCsjRwMhjCpbZQ_6server4core7control8affinity27parse_server_list_from_args5testss_49parse_server_list_from_args_dedups_and_normalizes
FN:53,_RNvNtNvNtNtNtCsjRwMhjCpbZQ_6server4core7control8affinity27parse_server_list_from_args5testss_55parse_affinity_startup_config_parses_key_colon_password
FN:71,_RNvNtNvNtNtNtCsjRwMhjCpbZQ_6server4core7control8affinity27parse_server_list_from_args5testss_68build_affinity_document_snapshot_includes_local_and_discovered_nodes
FN:220,_RNvNtNtNtCsjRwMhjCpbZQ_6server4core7control8affinity27send_affinity_join_requests
FN:308,_RNvNtNtNtCsjRwMhjCpbZQ_6server4core7control8affinity39merge_affinity_documents_from_responses
FN:193,_RNvNtNtNtCsjRwMhjCpbZQ_6server4core7control8affinity40build_database_schema_summaries_from_app
FN:346,_RNCNvNtNtNtCsjRwMhjCpbZQ_6server4core7control8affinity30execute_affinity_join_sequence0B9_
FN:197,_RNCNvNtNtNtCsjRwMhjCpbZQ_6server4core7control8affinity40build_database_schema_summaries_from_app0B9_
FN:216,_RNCNvNtNtNtCsjRwMhjCpbZQ_6server4core7control8affinity40build_database_schema_summaries_from_apps_0B9_
FNDA:0,_RNCNCNvNtNtNtCsjRwMhjCpbZQ_6server4core7control8affinity27parse_server_list_from_argss_00Bb_
FNDA:0,_RNCNCNvNtNtNtCsjRwMhjCpbZQ_6server4core7control8affinity27parse_server_list_from_argss_0s_0Bb_
FNDA:0,_RNCNvNtNtNtCsjRwMhjCpbZQ_6server4core7control8affinity10now_millis0B9_
FNDA:0,_RNCNvNtNtNtCsjRwMhjCpbZQ_6server4core7control8affinity27parse_server_list_from_args0B9_
FNDA:0,_RNCNvNtNtNtCsjRwMhjCpbZQ_6server4core7control8affinity27parse_server_list_from_argss_0B9_
FNDA:0,_RNCNvNtNtNtCsjRwMhjCpbZQ_6server4core7control8affinity29parse_affinity_startup_config0B9_
FNDA:0,_RNCNvNtNtNtCsjRwMhjCpbZQ_6server4core7control8affinity32build_affinity_document_snapshot0B9_
FNDA:0,_RNCNvNtNvNtNtNtCsjRwMhjCpbZQ_6server4core7control8affinity27parse_server_list_from_args5testss_68build_affinity_document_snapshot_includes_local_and_discovered_nodes0Bd_
FNDA:0,_RNCNvNtNvNtNtNtCsjRwMhjCpbZQ_6server4core7control8affinity27parse_server_list_from_args5testss_68build_affinity_document_snapshot_includes_local_and_discovered_nodess_0Bd_
FNDA:0,_RNvNtNtNtCsjRwMhjCpbZQ_6server4core7control8affinity10now_millis
FNDA:0,_RNvNtNtNtCsjRwMhjCpbZQ_6server4core7control8affinity27parse_server_list_from_args
FNDA:0,_RNvNtNtNtCsjRwMhjCpbZQ_6server4core7control8affinity29parse_affinity_startup_config
FNDA:0,_RNvNtNtNtCsjRwMhjCpbZQ_6server4core7control8affinity30execute_affinity_join_sequence
FNDA:0,_RNvNtNtNtCsjRwMhjCpbZQ_6server4core7control8affinity32build_affinity_document_snapshot
FNDA:0,_RNvNtNtNtCsjRwMhjCpbZQ_6server4core7control8affinity36initialize_affinity_with_persistence
FNDA:0,_RNvNtNvNtNtNtCsjRwMhjCpbZQ_6server4core7control8affinity27parse_server_list_from_args5testss_49parse_server_list_from_args_dedups_and_normalizes
FNDA:0,_RNvNtNvNtNtNtCsjRwMhjCpbZQ_6server4core7control8affinity27parse_server_list_from_args5testss_55parse_affinity_startup_config_parses_key_colon_password
FNDA:0,_RNvNtNvNtNtNtCsjRwMhjCpbZQ_6server4core7control8affinity27parse_server_list_from_args5testss_68build_affinity_document_snapshot_includes_local_and_discovered_nodes
FNDA:0,_RNvNtNtNtCsjRwMhjCpbZQ_6server4core7control8affinity27send_affinity_join_requests
FNDA:0,_RNvNtNtNtCsjRwMhjCpbZQ_6server4core7control8affinity39merge_affinity_documents_from_responses
FNDA:0,_RNvNtNtNtCsjRwMhjCpbZQ_6server4core7control8affinity40build_database_schema_summaries_from_app
FNDA:0,_RNCNvNtNtNtCsjRwMhjCpbZQ_6server4core7control8affinity30execute_affinity_join_sequence0B9_
FNDA:0,_RNCNvNtNtNtCsjRwMhjCpbZQ_6server4core7control8affinity40build_database_schema_summaries_from_app0B9_
FNDA:0,_RNCNvNtNtNtCsjRwMhjCpbZQ_6server4core7control8affinity40build_database_schema_summaries_from_apps_0B9_
FNF:24
FNH:0
DA:27,0
DA:35,0
DA:36,0
DA:37,0
DA:38,0
DA:41,0
DA:43,0
DA:45,0
DA:46,0
DA:47,0
DA:50,0
DA:53,0
DA:54,0
DA:55,0
DA:56,0
DA:59,0
DA:60,0
DA:61,0
DA:63,0
DA:64,0
DA:66,0
DA:67,0
DA:68,0
DA:71,0
DA:72,0
DA:73,0
DA:74,0
DA:75,0
DA:76,0
DA:77,0
DA:78,0
DA:79,0
DA:80,0
DA:81,0
DA:82,0
DA:83,0
DA:84,0
DA:85,0
DA:87,0
DA:88,0
DA:89,0
DA:90,0
DA:91,0
DA:92,0
DA:93,0
DA:94,0
DA:95,0
DA:98,0
DA:99,0
DA:100,0
DA:101,0
DA:102,0
DA:103,0
DA:104,0
DA:105,0
DA:106,0
DA:107,0
DA:109,0
DA:110,0
DA:111,0
DA:112,0
DA:113,0
DA:114,0
DA:117,0
DA:118,0
DA:120,0
DA:122,0
DA:123,0
DA:124,0
DA:126,0
DA:127,0
DA:128,0
DA:130,0
DA:131,0
DA:132,0
DA:133,0
DA:134,0
DA:135,0
DA:136,0
DA:137,0
DA:139,0
DA:142,0
DA:144,0
DA:145,0
DA:146,0
DA:147,0
DA:149,0
DA:151,0
DA:152,0
DA:153,0
DA:154,0
DA:155,0
DA:157,0
DA:158,0
DA:159,0
DA:160,0
DA:161,0
DA:162,0
DA:163,0
DA:164,0
DA:165,0
DA:167,0
DA:168,0
DA:169,0
DA:170,0
DA:171,0
DA:172,0
DA:174,0
DA:175,0
DA:176,0
DA:177,0
DA:179,0
DA:180,0
DA:181,0
DA:182,0
DA:183,0
DA:184,0
DA:185,0
DA:186,0
DA:187,0
DA:188,0
DA:189,0
DA:191,0
DA:193,0
DA:194,0
DA:195,0
DA:196,0
DA:197,0
DA:198,0
DA:199,0
DA:200,0
DA:202,0
DA:203,0
DA:204,0
DA:207,0
DA:208,0
DA:209,0
DA:210,0
DA:211,0
DA:212,0
DA:213,0
DA:214,0
DA:216,0
DA:217,0
DA:218,0
DA:220,0
DA:221,0
DA:222,0
DA:223,0
DA:224,0
DA:225,0
DA:227,0
DA:228,0
DA:231,0
DA:232,0
DA:233,0
DA:234,0
DA:237,0
DA:238,0
DA:239,0
DA:240,0
DA:241,0
DA:242,0
DA:243,0
DA:245,0
DA:246,0
DA:248,0
DA:249,0
DA:250,0
DA:253,0
DA:255,0
DA:260,0
DA:261,0
DA:262,0
DA:263,0
DA:264,0
DA:269,0
DA:271,0
DA:272,0
DA:280,0
DA:286,0
DA:287,0
DA:297,0
DA:298,0
DA:302,0
DA:305,0
DA:306,0
DA:308,0
DA:309,0
DA:310,0
DA:311,0
DA:312,0
DA:313,0
DA:314,0
DA:315,0
DA:316,0
DA:318,0
DA:319,0
DA:320,0
DA:321,0
DA:323,0
DA:324,0
DA:325,0
DA:327,0
DA:328,0
DA:329,0
DA:331,0
DA:336,0
DA:338,0
DA:340,0
DA:341,0
DA:342,0
DA:343,0
DA:344,0
DA:345,0
DA:346,0
DA:348,0
DA:349,0
DA:350,0
DA:351,0
DA:353,0
DA:355,0
DA:358,0
DA:360,0
DA:362,0
DA:364,0
DA:367,0
DA:369,0
DA:370,0
DA:371,0
DA:372,0
DA:373,0
DA:375,0
DA:377,0
DA:378,0
DA:380,0
DA:387,0
DA:388,0
DA:390,0
DA:391,0
DA:392,0
DA:394,0
DA:396,0
DA:398,0
DA:400,0
DA:401,0
DA:402,0
DA:403,0
DA:404,0
DA:405,0
DA:407,0
DA:409,0
DA:410,0
DA:413,0
DA:415,0
DA:416,0
DA:421,0
DA:425,0
DA:426,0
DA:429,0
DA:430,0
DA:434,0
DA:439,0
DA:440,0
DA:441,0
DA:443,0
DA:445,0
DA:446,0
DA:447,0
DA:454,0
DA:455,0
DA:458,0
DA:459,0
DA:460,0
DA:465,0
DA:467,0
DA:468,0
DA:471,0
DA:475,0
DA:476,0
DA:477,0
DA:482,0
DA:484,0
DA:486,0
DA:487,0
DA:488,0
DA:489,0
DA:490,0
DA:491,0
BRF:0
BRH:0
LF:300
LH:0
end_of_record
SF:/Users/samcolak/Source Code/rust/distdb/distdb/server/src/core/control/connector_handler.rs
FN:1579,_RNvNtNtNtCsjRwMhjCpbZQ_6server4core7control17connector_handler23handle_connector_stream
FN:518,_RNvMNtNtNtCsjRwMhjCpbZQ_6server4core7control17connector_handlerNtB2_17CatalogDispatcher12worker_stats
FN:401,_RNvMNtNtNtCsjRwMhjCpbZQ_6server4core7control17connector_handlerNtB2_17CatalogDispatcher18worker_for_catalog
FN:393,_RNvMNtNtNtCsjRwMhjCpbZQ_6server4core7control17connector_handlerNtB2_17CatalogDispatcher3new
FN:477,_RNvMNtNtNtCsjRwMhjCpbZQ_6server4core7control17connector_handlerNtB2_17CatalogDispatcher8dispatch
FN:161,_RNvNtNtNtCsjRwMhjCpbZQ_6server4core7control17connector_handler16entity_kind_name
FN:1562,_RNvNtNtNtCsjRwMhjCpbZQ_6server4core7control17connector_handler20is_valid_server_node
FN:92,_RNvNtNtNtCsjRwMhjCpbZQ_6server4core7control17connector_handler20parse_lock_table_ids
FN:860,_RNvNtNtNtCsjRwMhjCpbZQ_6server4core7control17connector_handler22is_show_entities_query
FN:845,_RNvNtNtNtCsjRwMhjCpbZQ_6server4core7control17connector_handler23node_announce_dedup_key
FN:855,_RNvNtNtNtCsjRwMhjCpbZQ_6server4core7control17connector_handler25is_bootstrap_status_query
FN:545,_RNvNtNtNtCsjRwMhjCpbZQ_6server4core7control17connector_handler25request_catalog_route_key
FN:179,_RNvNtNtNtCsjRwMhjCpbZQ_6server4core7control17connector_handler26append_catalog_entity_rows
FN:323,_RNvNtNtNtCsjRwMhjCpbZQ_6server4core7control17connector_handler28classify_catalog_access_mode
FN:1113,_RNvNtNtNtCsjRwMhjCpbZQ_6server4core7control17connector_handler28maybe_show_entities_response
FN:865,_RNvNtNtNtCsjRwMhjCpbZQ_6server4core7control17connector_handler29is_show_catalog_workers_query
FN:792,_RNvNtNtNtCsjRwMhjCpbZQ_6server4core7control17connector_handler30catalog_id_from_relation_token
FN:849,_RNvNtNtNtCsjRwMhjCpbZQ_6server4core7control17connector_handler30is_server_peer_discovery_query
FN:141,_RNvNtNtNtCsjRwMhjCpbZQ_6server4core7control17connector_handler30table_lock_update_from_request
FN:816,_RNvNtNtNtCsjRwMhjCpbZQ_6server4core7control17connector_handler31execute_app_request_for_session
FN:574,_RNvNtNtNtCsjRwMhjCpbZQ_6server4core7control17connector_handler31infer_catalog_id_from_query_sql
FN:870,_RNvNtNtNtCsjRwMhjCpbZQ_6server4core7control17connector_handler31maybe_bootstrap_status_response
FN:756,_RNvNtNtNtCsjRwMhjCpbZQ_6server4core7control17connector_handler31relation_catalog_hints_from_sql
FN:980,_RNvNtNtNtCsjRwMhjCpbZQ_6server4core7control17connector_handler32request_allowed_during_bootstrap
FN:612,_RNvNtNtNtCsjRwMhjCpbZQ_6server4core7control17connector_handler34maybe_dispatch_multi_catalog_query
FN:586,_RNvNtNtNtCsjRwMhjCpbZQ_6server4core7control17connector_handler35explicit_catalog_ids_from_query_sql
FN:998,_RNvNtNtNtCsjRwMhjCpbZQ_6server4core7control17connector_handler35maybe_show_catalog_workers_response
FN:52,_RNvNtNtNtCsjRwMhjCpbZQ_6server4core7control17connector_handler35rollback_active_session_transaction
FN:1467,_RNvNtNtNtCsjRwMhjCpbZQ_6server4core7control17connector_handler36maybe_server_peer_discovery_response
FN:738,_RNvNtNtNtCsjRwMhjCpbZQ_6server4core7control17connector_handler37catalog_id_from_qualified_object_name
FN:1233,_RNCNCNCNvNtNtNtCsjRwMhjCpbZQ_6server4core7control17connector_handler28maybe_show_entities_response0s6_00Bd_
FN:1250,_RNCNCNCNvNtNtNtCsjRwMhjCpbZQ_6server4core7control17connector_handler28maybe_show_entities_response0s9_00Bd_
FN:1157,_RNCNCNCNvNtNtNtCsjRwMhjCpbZQ_6server4core7control17connector_handler28maybe_show_entities_response0s_00Bd_
FN:531,_RNCNCNvMNtNtNtCsjRwMhjCpbZQ_6server4core7control17connector_handlerNtB6_17CatalogDispatcher12worker_stats00Bc_
FN:538,_RNCNCNvMNtNtNtCsjRwMhjCpbZQ_6server4core7control17connector_handlerNtB6_17CatalogDispatcher12worker_stats0s_0Bc_
FN:418,_RNCNCNvMNtNtNtCsjRwMhjCpbZQ_6server4core7control17connector_handlerNtB6_17CatalogDispatcher18worker_for_catalog00Bc_
FN:514,_RNCNCNvMNtNtNtCsjRwMhjCpbZQ_6server4core7control17connector_handlerNtB6_17CatalogDispatcher8dispatch00Bc_
FN:1829,_RNCNCNvNtNtNtCsjRwMhjCpbZQ_6server4core7control17connector_handler23handle_connector_stream00Bb_
FN:1976,_RNCNCNvNtNtNtCsjRwMhjCpbZQ_6server4core7control17connector_handler23handle_connector_stream0s0_0Bb_
FN:2081,_RNCNCNvNtNtNtCsjRwMhjCpbZQ_6server4core7control17connector_handler23handle_connector_stream0s1_0Bb_
FN:2100,_RNCNCNvNtNtNtCsjRwMhjCpbZQ_6server4core7control17connector_handler23handle_connector_stream0s2_0Bb_
FN:2324,_RNCNCNvNtNtNtCsjRwMhjCpbZQ_6server4core7control17connector_handler23handle_connector_stream0s3_0Bb_
FN:1858,_RNCNCNvNtNtNtCsjRwMhjCpbZQ_6server4core7control17connector_handler23handle_connector_stream0s_0Bb_
FN:1154,_RNCNCNvNtNtNtCsjRwMhjCpbZQ_6server4core7control17connector_handler28maybe_show_entities_response00Bb_
FN:1169,_RNCNCNvNtNtNtCsjRwMhjCpbZQ_6server4core7control17connector_handler28maybe_show_entities_response0s0_0Bb_
FN:1170,_RNCNCNvNtNtNtCsjRwMhjCpbZQ_6server4core7control17connector_handler28maybe_show_entities_response0s1_0Bb_
FN:1195,_RNCNCNvNtNtNtCsjRwMhjCpbZQ_6server4core7control17connector_handler28maybe_show_entities_response0s2_0Bb_
FN:1196,_RNCNCNvNtNtNtCsjRwMhjCpbZQ_6server4core7control17connector_handler28maybe_show_entities_response0s3_0Bb_
FN:1200,_RNCNCNvNtNtNtCsjRwMhjCpbZQ_6server4core7control17connector_handler28maybe_show_entities_response0s4_0Bb_
FN:1228,_RNCNCNvNtNtNtCsjRwMhjCpbZQ_6server4core7control17connector_handler28maybe_show_entities_response0s5_0Bb_
FN:1233,_RNCNCNvNtNtNtCsjRwMhjCpbZQ_6server4core7control17connector_handler28maybe_show_entities_response0s6_0Bb_
FN:1244,_RNCNCNvNtNtNtCsjRwMhjCpbZQ_6server4core7control17connector_handler28maybe_show_entities_response0s7_0Bb_
FN:1250,_RNCNCNvNtNtNtCsjRwMhjCpbZQ_6server4core7control17connector_handler28maybe_show_entities_response0s9_0Bb_
FN:1155,_RNCNCNvNtNtNtCsjRwMhjCpbZQ_6server4core7control17connector_handler28maybe_show_entities_response0s_0Bb_
FN:1251,_RNCNCNvNtNtNtCsjRwMhjCpbZQ_6server4core7control17connector_handler28maybe_show_entities_response0sa_0Bb_
FN:1256,_RNCNCNvNtNtNtCsjRwMhjCpbZQ_6server4core7control17connector_handler28maybe_show_entities_response0sb_0Bb_
FN:1360,_RNCNCNvNtNtNtCsjRwMhjCpbZQ_6server4core7control17connector_handler28maybe_show_entities_response0sd_0Bb_
FN:1361,_RNCNCNvNtNtNtCsjRwMhjCpbZQ_6server4core7control17connector_handler28maybe_show_entities_response0se_0Bb_
FN:1492,_RNCNCNvNtNtNtCsjRwMhjCpbZQ_6server4core7control17connector_handler36maybe_server_peer_discovery_response00Bb_
FN:1501,_RNCNCNvNtNtNtCsjRwMhjCpbZQ_6server4core7control17connector_handler36maybe_server_peer_discovery_response0s_0Bb_
FN:518,_RNCNvMNtNtNtCsjRwMhjCpbZQ_6server4core7control17connector_handlerNtB4_17CatalogDispatcher12worker_stats0Ba_
FN:401,_RNCNvMNtNtNtCsjRwMhjCpbZQ_6server4core7control17connector_handlerNtB4_17CatalogDispatcher18worker_for_catalog0Ba_
FN:483,_RNCNvMNtNtNtCsjRwMhjCpbZQ_6server4core7control17connector_handlerNtB4_17CatalogDispatcher8dispatch0Ba_
FN:1574,_RNCNvNtNtNtCsjRwMhjCpbZQ_6server4core7control17connector_handler20is_valid_server_node0B9_
FN:132,_RNCNvNtNtNtCsjRwMhjCpbZQ_6server4core7control17connector_handler20parse_lock_table_ids0B9_
FN:1593,_RNCNvNtNtNtCsjRwMhjCpbZQ_6server4core7control17connector_handler23handle_connector_stream0B9_
FN:208,_RNCNvNtNtNtCsjRwMhjCpbZQ_6server4core7control17connector_handler26append_catalog_entity_rows0B9_
FN:243,_RNCNvNtNtNtCsjRwMhjCpbZQ_6server4core7control17connector_handler26append_catalog_entity_rowss_0B9_
FN:1118,_RNCNvNtNtNtCsjRwMhjCpbZQ_6server4core7control17connector_handler28maybe_show_entities_response0B9_
FN:795,_RNCNvNtNtNtCsjRwMhjCpbZQ_6server4core7control17connector_handler30catalog_id_from_relation_token0B9_
FN:822,_RNCNvNtNtNtCsjRwMhjCpbZQ_6server4core7control17connector_handler31execute_app_request_for_session0B9_
FN:766,_RNCNvNtNtNtCsjRwMhjCpbZQ_6server4core7control17connector_handler31relation_catalog_hints_from_sql0B9_
FN:617,_RNCNvNtNtNtCsjRwMhjCpbZQ_6server4core7control17connector_handler34maybe_dispatch_multi_catalog_query0B9_
FN:1002,_RNCNvNtNtNtCsjRwMhjCpbZQ_6server4core7control17connector_handler35maybe_show_catalog_workers_response0B9_
FN:57,_RNCNvNtNtNtCsjRwMhjCpbZQ_6server4core7control17connector_handler35rollback_active_session_transaction0B9_
FN:1472,_RNCNvNtNtNtCsjRwMhjCpbZQ_6server4core7control17connector_handler36maybe_server_peer_discovery_response0B9_
FN:2620,_RNCNCNvNtNtNtNtCsjRwMhjCpbZQ_6server4core7control17connector_handler5testss_38multi_catalog_query_fanout_merges_rows00Bd_
FN:2621,_RNCNCNvNtNtNtNtCsjRwMhjCpbZQ_6server4core7control17connector_handler5testss_38multi_catalog_query_fanout_merges_rows0s_0Bd_
FN:2566,_RNCNvNtNtNtNtCsjRwMhjCpbZQ_6server4core7control17connector_handler5testss_38multi_catalog_query_fanout_merges_rows0Bb_
FN:2634,_RNCNvNtNtNtNtCsjRwMhjCpbZQ_6server4core7control17connector_handler5testss_43multi_catalog_query_rejects_schema_mismatch0Bb_
FN:2694,_RNCNvNtNtNtNtCsjRwMhjCpbZQ_6server4core7control17connector_handler5testss_43multi_catalog_query_rejects_write_statement0Bb_
FN:2767,_RNCNvNtNtNtNtCsjRwMhjCpbZQ_6server4core7control17connector_handler5testss_53policy_snapshot_multi_catalog_schema_mismatch_message0Bb_
FN:2732,_RNCNvNtNtNtNtCsjRwMhjCpbZQ_6server4core7control17connector_handler5testss_53policy_snapshot_multi_catalog_write_rejection_message0Bb_
FN:2824,_RNCNvNtNtNtNtCsjRwMhjCpbZQ_6server4core7control17connector_handler5testss_62policy_snapshot_multi_catalog_catalog_status_rejection_message0Bb_
FN:2951,_RNCNvNtNtNtNtCsjRwMhjCpbZQ_6server4core7control17connector_handler5testss_66routing_compliance_multi_catalog_coordinator_skips_non_multi_paths0Bb_
FN:2500,_RNvNtNtNtNtCsjRwMhjCpbZQ_6server4core7control17connector_handler5tests12seed_catalog
FN:2491,_RNvNtNtNtNtCsjRwMhjCpbZQ_6server4core7control17connector_handler5tests14ensure_applied
FN:2476,_RNvNtNtNtNtCsjRwMhjCpbZQ_6server4core7control17connector_handler5tests20unique_test_data_dir
FN:2484,_RNvNtNtNtNtCsjRwMhjCpbZQ_6server4core7control17connector_handler5tests7request
FN:3008,_RNvNtNtNtNtCsjRwMhjCpbZQ_6server4core7control17connector_handler5testss_33node_announce_dedup_key_is_stable
FN:2566,_RNvNtNtNtNtCsjRwMhjCpbZQ_6server4core7control17connector_handler5testss_38multi_catalog_query_fanout_merges_rows
FN:2634,_RNvNtNtNtNtCsjRwMhjCpbZQ_6server4core7control17connector_handler5testss_43multi_catalog_query_rejects_schema_mismatch
FN:2694,_RNvNtNtNtNtCsjRwMhjCpbZQ_6server4core7control17connector_handler5testss_43multi_catalog_query_rejects_write_statement
FN:3066,_RNvNtNtNtNtCsjRwMhjCpbZQ_6server4core7control17connector_handler5testss_49is_show_entities_query_detects_internal_and_alias
FN:3058,_RNvNtNtNtNtCsjRwMhjCpbZQ_6server4core7control17connector_handler5testss_52is_bootstrap_status_query_detects_internal_and_alias
FN:2767,_RNvNtNtNtNtCsjRwMhjCpbZQ_6server4core7control17connector_handler5testss_53policy_snapshot_multi_catalog_schema_mismatch_message
FN:2732,_RNvNtNtNtNtCsjRwMhjCpbZQ_6server4core7control17connector_handler5testss_53policy_snapshot_multi_catalog_write_rejection_message
FN:3074,_RNvNtNtNtNtCsjRwMhjCpbZQ_6server4core7control17connector_handler5testss_56is_show_catalog_workers_query_detects_internal_and_alias
FN:2859,_RNvNtNtNtNtCsjRwMhjCpbZQ_6server4core7control17connector_handler5testss_56routing_compliance_schema_and_mutation_are_catalog_bound
FN:3050,_RNvNtNtNtNtCsjRwMhjCpbZQ_6server4core7control17connector_handler5testss_57is_server_peer_discovery_query_detects_internal_and_alias
FN:3021,_RNvNtNtNtNtCsjRwMhjCpbZQ_6server4core7control17connector_handler5testss_57is_valid_server_node_requires_non_empty_id_and_multiaddrs
FN:2824,_RNvNtNtNtNtCsjRwMhjCpbZQ_6server4core7control17connector_handler5testss_62policy_snapshot_multi_catalog_catalog_status_rejection_message
FN:2951,_RNvNtNtNtNtCsjRwMhjCpbZQ_6server4core7control17connector_handler5testss_66routing_compliance_multi_catalog_coordinator_skips_non_multi_paths
FN:2894,_RNvNtNtNtNtCsjRwMhjCpbZQ_6server4core7control17connector_handler5testss_67routing_compliance_query_with_explicit_database_id_is_catalog_bound
FN:2934,_RNvNtNtNtNtCsjRwMhjCpbZQ_6server4core7control17connector_handler5testss_71routing_compliance_query_with_multi_catalog_sql_has_no_single_route_key
FN:2914,_RNvNtNtNtNtCsjRwMhjCpbZQ_6server4core7control17connector_handler5testss_80routing_compliance_query_infers_single_catalog_from_sql_when_session_db_is_empty
FNDA:0,_RNvNtNtNtCsjRwMhjCpbZQ_6server4core7control17connector_handler23handle_connector_stream
FNDA:0,_RNvMNtNtNtCsjRwMhjCpbZQ_6server4core7control17connector_handlerNtB2_17CatalogDispatcher12worker_stats
FNDA:7,_RNvMNtNtNtCsjRwMhjCpbZQ_6server4core7control17connector_handlerNtB2_17CatalogDispatcher18worker_for_catalog
FNDA:7,_RNvMNtNtNtCsjRwMhjCpbZQ_6server4core7control17connector_handlerNtB2_17CatalogDispatcher3new
FNDA:7,_RNvMNtNtNtCsjRwMhjCpbZQ_6server4core7control17connector_handlerNtB2_17CatalogDispatcher8dispatch
FNDA:0,_RNvNtNtNtCsjRwMhjCpbZQ_6server4core7control17connector_handler16entity_kind_name
FNDA:3,_RNvNtNtNtCsjRwMhjCpbZQ_6server4core7control17connector_handler20is_valid_server_node
FNDA:0,_RNvNtNtNtCsjRwMhjCpbZQ_6server4core7control17connector_handler20parse_lock_table_ids
FNDA:4,_RNvNtNtNtCsjRwMhjCpbZQ_6server4core7control17connector_handler22is_show_entities_query
FNDA:2,_RNvNtNtNtCsjRwMhjCpbZQ_6server4core7control17connector_handler23node_announce_dedup_key
FNDA:4,_RNvNtNtNtCsjRwMhjCpbZQ_6server4core7control17connector_handler25is_bootstrap_status_query
FNDA:5,_RNvNtNtNtCsjRwMhjCpbZQ_6server4core7control17connector_handler25request_catalog_route_key
FNDA:0,_RNvNtNtNtCsjRwMhjCpbZQ_6server4core7control17connector_handler26append_catalog_entity_rows
FNDA:13,_RNvNtNtNtCsjRwMhjCpbZQ_6server4core7control17connector_handler28classify_catalog_access_mode
FNDA:0,_RNvNtNtNtCsjRwMhjCpbZQ_6server4core7control17connector_handler28maybe_show_entities_response
FNDA:4,_RNvNtNtNtCsjRwMhjCpbZQ_6server4core7control17connector_handler29is_show_catalog_workers_query
FNDA:22,_RNvNtNtNtCsjRwMhjCpbZQ_6server4core7control17connector_handler30catalog_id_from_relation_token
FNDA:4,_RNvNtNtNtCsjRwMhjCpbZQ_6server4core7control17connector_handler30is_server_peer_discovery_query
FNDA:0,_RNvNtNtNtCsjRwMhjCpbZQ_6server4core7control17connector_handler30table_lock_update_from_request
FNDA:7,_RNvNtNtNtCsjRwMhjCpbZQ_6server4core7control17connector_handler31execute_app_request_for_session
FNDA:2,_RNvNtNtNtCsjRwMhjCpbZQ_6server4core7control17connector_handler31infer_catalog_id_from_query_sql
FNDA:0,_RNvNtNtNtCsjRwMhjCpbZQ_6server4core7control17connector_handler31maybe_bootstrap_status_response
FNDA:9,_RNvNtNtNtCsjRwMhjCpbZQ_6server4core7control17connector_handler31relation_catalog_hints_from_sql
FNDA:0,_RNvNtNtNtCsjRwMhjCpbZQ_6server4core7control17connector_handler32request_allowed_during_bootstrap
FNDA:8,_RNvNtNtNtCsjRwMhjCpbZQ_6server4core7control17connector_handler34maybe_dispatch_multi_catalog_query
FNDA:9,_RNvNtNtNtCsjRwMhjCpbZQ_6server4core7control17connector_handler35explicit_catalog_ids_from_query_sql
FNDA:0,_RNvNtNtNtCsjRwMhjCpbZQ_6server4core7control17connector_handler35maybe_show_catalog_workers_response
FNDA:0,_RNvNtNtNtCsjRwMhjCpbZQ_6server4core7control17connector_handler35rollback_active_session_transaction
FNDA:0,_RNvNtNtNtCsjRwMhjCpbZQ_6server4core7control17connector_handler36maybe_server_peer_discovery_response
FNDA:9,_RNvNtNtNtCsjRwMhjCpbZQ_6server4core7control17connector_handler37catalog_id_from_qualified_object_name
FNDA:0,_RNCNCNCNvNtNtNtCsjRwMhjCpbZQ_6server4core7control17connector_handler28maybe_show_entities_response0s6_00Bd_
FNDA:0,_RNCNCNCNvNtNtNtCsjRwMhjCpbZQ_6server4core7control17connector_handler28maybe_show_entities_response0s9_00Bd_
FNDA:0,_RNCNCNCNvNtNtNtCsjRwMhjCpbZQ_6server4core7control17connector_handler28maybe_show_entities_response0s_00Bd_
FNDA:0,_RNCNCNvMNtNtNtCsjRwMhjCpbZQ_6server4core7control17connector_handlerNtB6_17CatalogDispatcher12worker_stats00Bc_
FNDA:0,_RNCNCNvMNtNtNtCsjRwMhjCpbZQ_6server4core7control17connector_handlerNtB6_17CatalogDispatcher12worker_stats0s_0Bc_
FNDA:7,_RNCNCNvMNtNtNtCsjRwMhjCpbZQ_6server4core7control17connector_handlerNtB6_17CatalogDispatcher18worker_for_catalog00Bc_
FNDA:0,_RNCNCNvMNtNtNtCsjRwMhjCpbZQ_6server4core7control17connector_handlerNtB6_17CatalogDispatcher8dispatch00Bc_
FNDA:0,_RNCNCNvNtNtNtCsjRwMhjCpbZQ_6server4core7control17connector_handler23handle_connector_stream00Bb_
FNDA:0,_RNCNCNvNtNtNtCsjRwMhjCpbZQ_6server4core7control17connector_handler23handle_connector_stream0s0_0Bb_
FNDA:0,_RNCNCNvNtNtNtCsjRwMhjCpbZQ_6server4core7control17connector_handler23handle_connector_stream0s1_0Bb_
FNDA:0,_RNCNCNvNtNtNtCsjRwMhjCpbZQ_6server4core7control17connector_handler23handle_connector_stream0s2_0Bb_
FNDA:0,_RNCNCNvNtNtNtCsjRwMhjCpbZQ_6server4core7control17connector_handler23handle_connector_stream0s3_0Bb_
FNDA:0,_RNCNCNvNtNtNtCsjRwMhjCpbZQ_6server4core7control17connector_handler23handle_connector_stream0s_0Bb_
FNDA:0,_RNCNCNvNtNtNtCsjRwMhjCpbZQ_6server4core7control17connector_handler28maybe_show_entities_response00Bb_
FNDA:0,_RNCNCNvNtNtNtCsjRwMhjCpbZQ_6server4core7control17connector_handler28maybe_show_entities_response0s0_0Bb_
FNDA:0,_RNCNCNvNtNtNtCsjRwMhjCpbZQ_6server4core7control17connector_handler28maybe_show_entities_response0s1_0Bb_
FNDA:0,_RNCNCNvNtNtNtCsjRwMhjCpbZQ_6server4core7control17connector_handler28maybe_show_entities_response0s2_0Bb_
FNDA:0,_RNCNCNvNtNtNtCsjRwMhjCpbZQ_6server4core7control17connector_handler28maybe_show_entities_response0s3_0Bb_
FNDA:0,_RNCNCNvNtNtNtCsjRwMhjCpbZQ_6server4core7control17connector_handler28maybe_show_entities_response0s4_0Bb_
FNDA:0,_RNCNCNvNtNtNtCsjRwMhjCpbZQ_6server4core7control17connector_handler28maybe_show_entities_response0s5_0Bb_
FNDA:0,_RNCNCNvNtNtNtCsjRwMhjCpbZQ_6server4core7control17connector_handler28maybe_show_entities_response0s6_0Bb_
FNDA:0,_RNCNCNvNtNtNtCsjRwMhjCpbZQ_6server4core7control17connector_handler28maybe_show_entities_response0s7_0Bb_
FNDA:0,_RNCNCNvNtNtNtCsjRwMhjCpbZQ_6server4core7control17connector_handler28maybe_show_entities_response0s9_0Bb_
FNDA:0,_RNCNCNvNtNtNtCsjRwMhjCpbZQ_6server4core7control17connector_handler28maybe_show_entities_response0s_0Bb_
FNDA:0,_RNCNCNvNtNtNtCsjRwMhjCpbZQ_6server4core7control17connector_handler28maybe_show_entities_response0sa_0Bb_
FNDA:0,_RNCNCNvNtNtNtCsjRwMhjCpbZQ_6server4core7control17connector_handler28maybe_show_entities_response0sb_0Bb_
FNDA:0,_RNCNCNvNtNtNtCsjRwMhjCpbZQ_6server4core7control17connector_handler28maybe_show_entities_response0sd_0Bb_
FNDA:0,_RNCNCNvNtNtNtCsjRwMhjCpbZQ_6server4core7control17connector_handler28maybe_show_entities_response0se_0Bb_
FNDA:0,_RNCNCNvNtNtNtCsjRwMhjCpbZQ_6server4core7control17connector_handler36maybe_server_peer_discovery_response00Bb_
FNDA:0,_RNCNCNvNtNtNtCsjRwMhjCpbZQ_6server4core7control17connector_handler36maybe_server_peer_discovery_response0s_0Bb_
FNDA:0,_RNCNvMNtNtNtCsjRwMhjCpbZQ_6server4core7control17connector_handlerNtB4_17CatalogDispatcher12worker_stats0Ba_
FNDA:7,_RNCNvMNtNtNtCsjRwMhjCpbZQ_6server4core7control17connector_handlerNtB4_17CatalogDispatcher18worker_for_catalog0Ba_
FNDA:7,_RNCNvMNtNtNtCsjRwMhjCpbZQ_6server4core7control17connector_handlerNtB4_17CatalogDispatcher8dispatch0Ba_
FNDA:2,_RNCNvNtNtNtCsjRwMhjCpbZQ_6server4core7control17connector_handler20is_valid_server_node0B9_
FNDA:0,_RNCNvNtNtNtCsjRwMhjCpbZQ_6server4core7control17connector_handler20parse_lock_table_ids0B9_
FNDA:0,_RNCNvNtNtNtCsjRwMhjCpbZQ_6server4core7control17connector_handler23handle_connector_stream0B9_
FNDA:0,_RNCNvNtNtNtCsjRwMhjCpbZQ_6server4core7control17connector_handler26append_catalog_entity_rows0B9_
FNDA:0,_RNCNvNtNtNtCsjRwMhjCpbZQ_6server4core7control17connector_handler26append_catalog_entity_rowss_0B9_
FNDA:0,_RNCNvNtNtNtCsjRwMhjCpbZQ_6server4core7control17connector_handler28maybe_show_entities_response0B9_
FNDA:44,_RNCNvNtNtNtCsjRwMhjCpbZQ_6server4core7control17connector_handler30catalog_id_from_relation_token0B9_
FNDA:7,_RNCNvNtNtNtCsjRwMhjCpbZQ_6server4core7control17connector_handler31execute_app_request_for_session0B9_
FNDA:155,_RNCNvNtNtNtCsjRwMhjCpbZQ_6server4core7control17connector_handler31relation_catalog_hints_from_sql0B9_
FNDA:8,_RNCNvNtNtNtCsjRwMhjCpbZQ_6server4core7control17connector_handler34maybe_dispatch_multi_catalog_query0B9_
FNDA:0,_RNCNvNtNtNtCsjRwMhjCpbZQ_6server4core7control17connector_handler35maybe_show_catalog_workers_response0B9_
FNDA:0,_RNCNvNtNtNtCsjRwMhjCpbZQ_6server4core7control17connector_handler35rollback_active_session_transaction0B9_
FNDA:0,_RNCNvNtNtNtCsjRwMhjCpbZQ_6server4core7control17connector_handler36maybe_server_peer_discovery_response0B9_
FNDA:2,_RNCNCNvNtNtNtNtCsjRwMhjCpbZQ_6server4core7control17connector_handler5testss_38multi_catalog_query_fanout_merges_rows00Bd_
FNDA:2,_RNCNCNvNtNtNtNtCsjRwMhjCpbZQ_6server4core7control17connector_handler5testss_38multi_catalog_query_fanout_merges_rows0s_0Bd_
FNDA:1,_RNCNvNtNtNtNtCsjRwMhjCpbZQ_6server4core7control17connector_handler5testss_38multi_catalog_query_fanout_merges_rows0Bb_
FNDA:1,_RNCNvNtNtNtNtCsjRwMhjCpbZQ_6server4core7control17connector_handler5testss_43multi_catalog_query_rejects_schema_mismatch0Bb_
FNDA:1,_RNCNvNtNtNtNtCsjRwMhjCpbZQ_6server4core7control17connector_handler5testss_43multi_catalog_query_rejects_write_statement0Bb_
FNDA:1,_RNCNvNtNtNtNtCsjRwMhjCpbZQ_6server4core7control17connector_handler5testss_53policy_snapshot_multi_catalog_schema_mismatch_message0Bb_
FNDA:1,_RNCNvNtNtNtNtCsjRwMhjCpbZQ_6server4core7control17connector_handler5testss_53policy_snapshot_multi_catalog_write_rejection_message0Bb_
FNDA:1,_RNCNvNtNtNtNtCsjRwMhjCpbZQ_6server4core7control17connector_handler5testss_62policy_snapshot_multi_catalog_catalog_status_rejection_message0Bb_
FNDA:1,_RNCNvNtNtNtNtCsjRwMhjCpbZQ_6server4core7control17connector_handler5testss_66routing_compliance_multi_catalog_coordinator_skips_non_multi_paths0Bb_
FNDA:6,_RNvNtNtNtNtCsjRwMhjCpbZQ_6server4core7control17connector_handler5tests12seed_catalog
FNDA:18,_RNvNtNtNtNtCsjRwMhjCpbZQ_6server4core7control17connector_handler5tests14ensure_applied
FNDA:7,_RNvNtNtNtNtCsjRwMhjCpbZQ_6server4core7control17connector_handler5tests20unique_test_data_dir
FNDA:31,_RNvNtNtNtNtCsjRwMhjCpbZQ_6server4core7control17connector_handler5tests7request
FNDA:1,_RNvNtNtNtNtCsjRwMhjCpbZQ_6server4core7control17connector_handler5testss_33node_announce_dedup_key_is_stable
FNDA:1,_RNvNtNtNtNtCsjRwMhjCpbZQ_6server4core7control17connector_handler5testss_38multi_catalog_query_fanout_merges_rows
FNDA:1,_RNvNtNtNtNtCsjRwMhjCpbZQ_6server4core7control17connector_handler5testss_43multi_catalog_query_rejects_schema_mismatch
FNDA:1,_RNvNtNtNtNtCsjRwMhjCpbZQ_6server4core7control17connector_handler5testss_43multi_catalog_query_rejects_write_statement
FNDA:1,_RNvNtNtNtNtCsjRwMhjCpbZQ_6server4core7control17connector_handler5testss_49is_show_entities_query_detects_internal_and_alias
FNDA:1,_RNvNtNtNtNtCsjRwMhjCpbZQ_6server4core7control17connector_handler5testss_52is_bootstrap_status_query_detects_internal_and_alias
FNDA:1,_RNvNtNtNtNtCsjRwMhjCpbZQ_6server4core7control17connector_handler5testss_53policy_snapshot_multi_catalog_schema_mismatch_message
FNDA:1,_RNvNtNtNtNtCsjRwMhjCpbZQ_6server4core7control17connector_handler5testss_53policy_snapshot_multi_catalog_write_rejection_message
FNDA:1,_RNvNtNtNtNtCsjRwMhjCpbZQ_6server4core7control17connector_handler5testss_56is_show_catalog_workers_query_detects_internal_and_alias
FNDA:1,_RNvNtNtNtNtCsjRwMhjCpbZQ_6server4core7control17connector_handler5testss_56routing_compliance_schema_and_mutation_are_catalog_bound
FNDA:1,_RNvNtNtNtNtCsjRwMhjCpbZQ_6server4core7control17connector_handler5testss_57is_server_peer_discovery_query_detects_internal_and_alias
FNDA:1,_RNvNtNtNtNtCsjRwMhjCpbZQ_6server4core7control17connector_handler5testss_57is_valid_server_node_requires_non_empty_id_and_multiaddrs
FNDA:1,_RNvNtNtNtNtCsjRwMhjCpbZQ_6server4core7control17connector_handler5testss_62policy_snapshot_multi_catalog_catalog_status_rejection_message
FNDA:1,_RNvNtNtNtNtCsjRwMhjCpbZQ_6server4core7control17connector_handler5testss_66routing_compliance_multi_catalog_coordinator_skips_non_multi_paths
FNDA:1,_RNvNtNtNtNtCsjRwMhjCpbZQ_6server4core7control17connector_handler5testss_67routing_compliance_query_with_explicit_database_id_is_catalog_bound
FNDA:1,_RNvNtNtNtNtCsjRwMhjCpbZQ_6server4core7control17connector_handler5testss_71routing_compliance_query_with_multi_catalog_sql_has_no_single_route_key
FNDA:1,_RNvNtNtNtNtCsjRwMhjCpbZQ_6server4core7control17connector_handler5testss_80routing_compliance_query_infers_single_catalog_from_sql_when_session_db_is_empty
FNF:106
FNH:56
DA:52,0
DA:53,0
DA:54,0
DA:55,0
DA:56,0
DA:57,0
DA:59,0
DA:60,0
DA:61,0
DA:63,0
DA:65,0
DA:70,0
DA:71,0
DA:72,0
DA:73,0
DA:74,0
DA:75,0
DA:76,0
DA:78,0
DA:80,0
DA:81,0
DA:82,0
DA:83,0
DA:84,0
DA:85,0
DA:88,0
DA:90,0
DA:92,0
DA:94,0
DA:95,0
DA:97,0
DA:98,0
DA:99,0
DA:100,0
DA:102,0
DA:105,0
DA:106,0
DA:109,0
DA:111,0
DA:113,0
DA:114,0
DA:115,0
DA:116,0
DA:118,0
DA:119,0
DA:120,0
DA:121,0
DA:123,0
DA:124,0
DA:125,0
DA:126,0
DA:127,0
DA:128,0
DA:129,0
DA:131,0
DA:132,0
DA:133,0
DA:134,0
DA:137,0
DA:139,0
DA:141,0
DA:143,0
DA:144,0
DA:147,0
DA:149,0
DA:150,0
DA:151,0
DA:153,0
DA:154,0
DA:155,0
DA:157,0
DA:159,0
DA:161,0
DA:163,0
DA:165,0
DA:167,0
DA:169,0
DA:171,0
DA:173,0
DA:177,0
DA:179,0
DA:180,0
DA:181,0
DA:182,0
DA:183,0
DA:184,0
DA:186,0
DA:187,0
DA:188,0
DA:189,0
DA:191,0
DA:192,0
DA:193,0
DA:194,0
DA:195,0
DA:196,0
DA:197,0
DA:198,0
DA:200,0
DA:202,0
DA:205,0
DA:208,0
DA:210,0
DA:212,0
DA:214,0
DA:215,0
DA:216,0
DA:218,0
DA:219,0
DA:220,0
DA:222,0
DA:224,0
DA:226,0
DA:227,0
DA:228,0
DA:229,0
DA:230,0
DA:231,0
DA:232,0
DA:233,0
DA:235,0
DA:237,0
DA:240,0
DA:241,0
DA:242,0
DA:243,0
DA:244,0
DA:246,0
DA:248,0
DA:250,0
DA:251,0
DA:252,0
DA:253,0
DA:254,0
DA:255,0
DA:256,0
DA:258,0
DA:260,0
DA:261,0
DA:263,0
DA:265,0
DA:273,0
DA:274,0
DA:275,0
DA:276,0
DA:277,0
DA:278,0
DA:279,0
DA:280,0
DA:282,0
DA:284,0
DA:292,0
DA:323,13
DA:325,13
DA:329,0
DA:331,13
DA:333,13
DA:335,13
DA:336,13
DA:337,13
DA:338,13
DA:339,13
DA:340,13
DA:341,13
DA:342,13
DA:344,0
DA:345,13
DA:348,13
DA:349,0
DA:350,13
DA:352,13
DA:353,13
DA:354,0
DA:357,13
DA:358,0
DA:359,13
DA:361,13
DA:362,13
DA:363,13
DA:364,11
DA:366,2
DA:367,2
DA:372,13
DA:373,2
DA:375,11
DA:382,13
DA:393,7
DA:394,7
DA:395,7
DA:396,7
DA:397,7
DA:398,7
DA:399,7
DA:401,7
DA:403,7
DA:404,7
DA:405,0
DA:406,7
DA:408,7
DA:409,7
DA:410,7
DA:411,7
DA:412,7
DA:413,7
DA:414,7
DA:415,7
DA:416,7
DA:418,7
DA:420,14
DA:422,7
DA:423,7
DA:425,7
DA:428,7
DA:429,7
DA:430,7
DA:431,7
DA:432,7
DA:433,7
DA:434,7
DA:435,7
DA:436,7
DA:440,0
DA:441,0
DA:442,0
DA:443,0
DA:444,0
DA:445,0
DA:446,0
DA:447,0
DA:448,0
DA:453,7
DA:455,7
DA:456,0
DA:460,7
DA:464,0
DA:466,7
DA:467,7
DA:468,7
DA:469,7
DA:470,7
DA:472,7
DA:473,7
DA:475,7
DA:477,7
DA:478,7
DA:479,7
DA:480,7
DA:481,7
DA:482,7
DA:483,7
DA:485,7
DA:486,7
DA:487,7
DA:490,7
DA:491,7
DA:494,7
DA:496,7
DA:497,7
DA:498,7
DA:499,7
DA:500,7
DA:501,7
DA:502,7
DA:503,7
DA:504,7
DA:505,7
DA:506,7
DA:508,0
DA:509,0
DA:510,7
DA:512,7
DA:513,7
DA:514,7
DA:516,7
DA:518,0
DA:520,0
DA:521,0
DA:523,0
DA:524,0
DA:525,0
DA:526,0
DA:528,0
DA:529,0
DA:530,0
DA:531,0
DA:532,0
DA:533,0
DA:534,0
DA:535,0
DA:536,0
DA:538,0
DA:539,0
DA:541,0
DA:545,5
DA:547,5
DA:549,1
DA:550,1
DA:551,2
DA:552,2
DA:553,0
DA:555,2
DA:559,3
DA:560,3
DA:561,3
DA:562,1
DA:563,2
DA:565,2
DA:568,0
DA:572,5
DA:574,2
DA:576,2
DA:578,2
DA:579,1
DA:580,1
DA:582,1
DA:584,2
DA:586,9
DA:588,9
DA:589,0
DA:592,9
DA:594,9
DA:596,9
DA:597,9
DA:598,3
DA:599,3
DA:600,6
DA:604,16
DA:605,16
DA:606,16
DA:608,9
DA:610,9
DA:612,8
DA:613,8
DA:614,8
DA:615,8
DA:616,8
DA:617,8
DA:619,8
DA:620,0
DA:623,8
DA:624,1
DA:625,7
DA:627,7
DA:628,7
DA:629,7
DA:631,7
DA:632,7
DA:634,7
DA:635,1
DA:636,6
DA:638,6
DA:639,2
DA:640,2
DA:641,2
DA:642,2
DA:643,4
DA:645,4
DA:646,4
DA:647,4
DA:648,4
DA:649,4
DA:651,7
DA:653,7
DA:654,7
DA:655,7
DA:656,7
DA:658,7
DA:659,7
DA:660,7
DA:661,7
DA:662,7
DA:663,7
DA:664,7
DA:665,7
DA:667,7
DA:668,0
DA:669,0
DA:670,0
DA:671,0
DA:672,0
DA:673,0
DA:674,0
DA:675,0
DA:676,0
DA:680,7
DA:681,1
DA:682,1
DA:683,1
DA:684,1
DA:685,1
DA:686,1
DA:687,1
DA:688,1
DA:689,6
DA:691,6
DA:692,0
DA:693,0
DA:694,0
DA:695,0
DA:696,0
DA:697,0
DA:698,0
DA:701,6
DA:702,3
DA:703,2
DA:704,2
DA:705,2
DA:706,2
DA:707,1
DA:708,3
DA:709,3
DA:710,3
DA:712,4
DA:713,4
DA:714,4
DA:715,4
DA:719,1
DA:721,1
DA:722,1
DA:723,1
DA:724,1
DA:725,1
DA:726,1
DA:727,1
DA:728,1
DA:729,1
DA:730,1
DA:731,1
DA:732,1
DA:733,1
DA:734,1
DA:736,8
DA:738,9
DA:740,9
DA:741,9
DA:742,9
DA:743,3
DA:744,0
DA:745,3
DA:747,3
DA:748,3
DA:749,0
DA:750,3
DA:752,3
DA:754,9
DA:756,9
DA:758,9
DA:759,9
DA:760,9
DA:761,9
DA:763,82
DA:765,82
DA:766,155
DA:767,82
DA:769,82
DA:770,82
DA:771,82
DA:774,82
DA:775,60
DA:776,22
DA:778,22
DA:779,0
DA:782,22
DA:783,16
DA:784,16
DA:788,9
DA:790,9
DA:792,22
DA:794,22
DA:795,44
DA:796,22
DA:797,22
DA:799,22
DA:800,22
DA:801,22
DA:803,16
DA:804,0
DA:805,16
DA:807,16
DA:808,16
DA:809,0
DA:810,16
DA:812,16
DA:814,22
DA:816,7
DA:817,7
DA:818,7
DA:819,7
DA:820,7
DA:821,7
DA:822,7
DA:824,7
DA:825,7
DA:826,7
DA:827,7
DA:828,0
DA:829,0
DA:831,0
DA:833,0
DA:834,0
DA:835,0
DA:836,0
DA:837,0
DA:838,0
DA:839,0
DA:841,0
DA:843,7
DA:845,2
DA:846,2
DA:847,2
DA:849,4
DA:850,4
DA:852,4
DA:853,4
DA:855,4
DA:856,4
DA:857,4
DA:858,4
DA:860,4
DA:861,4
DA:862,4
DA:863,4
DA:865,4
DA:866,4
DA:867,4
DA:868,4
DA:870,0
DA:871,0
DA:872,0
DA:873,0
DA:875,0
DA:876,0
DA:879,0
DA:880,0
DA:881,0
DA:883,0
DA:884,0
DA:885,0
DA:886,0
DA:887,0
DA:888,0
DA:889,0
DA:891,0
DA:892,0
DA:893,0
DA:894,0
DA:895,0
DA:896,0
DA:899,0
DA:900,0
DA:902,0
DA:903,0
DA:904,0
DA:905,0
DA:906,0
DA:907,0
DA:908,0
DA:909,0
DA:910,0
DA:911,0
DA:912,0
DA:913,0
DA:914,0
DA:915,0
DA:916,0
DA:917,0
DA:918,0
DA:919,0
DA:920,0
DA:921,0
DA:922,0
DA:923,0
DA:924,0
DA:925,0
DA:926,0
DA:927,0
DA:928,0
DA:929,0
DA:930,0
DA:931,0
DA:932,0
DA:933,0
DA:934,0
DA:935,0
DA:936,0
DA:937,0
DA:938,0
DA:939,0
DA:940,0
DA:941,0
DA:942,0
DA:943,0
DA:944,0
DA:945,0
DA:946,0
DA:947,0
DA:948,0
DA:949,0
DA:950,0
DA:951,0
DA:952,0
DA:953,0
DA:954,0
DA:955,0
DA:956,0
DA:958,0
DA:959,0
DA:960,0
DA:961,0
DA:962,0
DA:963,0
DA:964,0
DA:966,0
DA:967,0
DA:968,0
DA:969,0
DA:970,0
DA:971,0
DA:972,0
DA:976,0
DA:978,0
DA:980,0
DA:982,0
DA:984,0
DA:985,0
DA:986,0
DA:987,0
DA:988,0
DA:989,0
DA:992,0
DA:996,0
DA:998,0
DA:999,0
DA:1000,0
DA:1001,0
DA:1002,0
DA:1004,0
DA:1005,0
DA:1008,0
DA:1009,0
DA:1010,0
DA:1012,0
DA:1013,0
DA:1015,0
DA:1017,0
DA:1018,0
DA:1019,0
DA:1020,0
DA:1021,0
DA:1022,0
DA:1023,0
DA:1028,0
DA:1029,0
DA:1030,0
DA:1031,0
DA:1032,0
DA:1033,0
DA:1034,0
DA:1035,0
DA:1041,0
DA:1042,0
DA:1043,0
DA:1044,0
DA:1045,0
DA:1046,0
DA:1047,0
DA:1048,0
DA:1049,0
DA:1050,0
DA:1051,0
DA:1052,0
DA:1053,0
DA:1054,0
DA:1055,0
DA:1056,0
DA:1057,0
DA:1058,0
DA:1059,0
DA:1060,0
DA:1061,0
DA:1062,0
DA:1063,0
DA:1064,0
DA:1065,0
DA:1066,0
DA:1067,0
DA:1068,0
DA:1069,0
DA:1070,0
DA:1071,0
DA:1072,0
DA:1073,0
DA:1074,0
DA:1075,0
DA:1076,0
DA:1077,0
DA:1078,0
DA:1079,0
DA:1080,0
DA:1081,0
DA:1082,0
DA:1083,0
DA:1084,0
DA:1085,0
DA:1086,0
DA:1087,0
DA:1088,0
DA:1089,0
DA:1090,0
DA:1091,0
DA:1092,0
DA:1093,0
DA:1094,0
DA:1095,0
DA:1096,0
DA:1097,0
DA:1098,0
DA:1099,0
DA:1100,0
DA:1101,0
DA:1102,0
DA:1103,0
DA:1104,0
DA:1105,0
DA:1106,0
DA:1107,0
DA:1108,0
DA:1109,0
DA:1111,0
DA:1113,0
DA:1114,0
DA:1115,0
DA:1116,0
DA:1117,0
DA:1118,0
DA:1120,0
DA:1121,0
DA:1124,0
DA:1125,0
DA:1126,0
DA:1128,0
DA:1129,0
DA:1130,0
DA:1131,0
DA:1132,0
DA:1133,0
DA:1135,0
DA:1136,0
DA:1138,0
DA:1141,0
DA:1143,0
DA:1144,0
DA:1146,0
DA:1149,0
DA:1151,0
DA:1152,0
DA:1153,0
DA:1154,0
DA:1155,0
DA:1156,0
DA:1157,0
DA:1158,0
DA:1159,0
DA:1160,0
DA:1162,0
DA:1163,0
DA:1165,0
DA:1167,0
DA:1168,0
DA:1169,0
DA:1170,0
DA:1172,0
DA:1173,0
DA:1176,0
DA:1177,0
DA:1178,0
DA:1181,0
DA:1183,0
DA:1184,0
DA:1189,0
DA:1191,0
DA:1195,0
DA:1196,0
DA:1198,0
DA:1199,0
DA:1200,0
DA:1201,0
DA:1203,0
DA:1205,0
DA:1206,0
DA:1207,0
DA:1208,0
DA:1209,0
DA:1210,0
DA:1211,0
DA:1212,0
DA:1213,0
DA:1214,0
DA:1215,0
DA:1216,0
DA:1217,0
DA:1219,0
DA:1220,0
DA:1221,0
DA:1222,0
DA:1228,0
DA:1229,0
DA:1231,0
DA:1232,0
DA:1233,0
DA:1234,0
DA:1237,0
DA:1238,0
DA:1239,0
DA:1240,0
DA:1241,0
DA:1242,0
DA:1244,0
DA:1245,0
DA:1247,0
DA:1248,0
DA:1249,0
DA:1250,0
DA:1251,0
DA:1254,0
DA:1255,0
DA:1256,0
DA:1257,0
DA:1258,0
DA:1259,0
DA:1263,0
DA:1264,0
DA:1265,0
DA:1266,0
DA:1267,0
DA:1268,0
DA:1269,0
DA:1270,0
DA:1271,0
DA:1272,0
DA:1273,0
DA:1274,0
DA:1275,0
DA:1276,0
DA:1277,0
DA:1278,0
DA:1279,0
DA:1280,0
DA:1281,0
DA:1282,0
DA:1283,0
DA:1284,0
DA:1285,0
DA:1286,0
DA:1287,0
DA:1288,0
DA:1289,0
DA:1290,0
DA:1291,0
DA:1292,0
DA:1293,0
DA:1294,0
DA:1295,0
DA:1296,0
DA:1297,0
DA:1298,0
DA:1299,0
DA:1300,0
DA:1301,0
DA:1302,0
DA:1303,0
DA:1304,0
DA:1305,0
DA:1306,0
DA:1307,0
DA:1308,0
DA:1309,0
DA:1310,0
DA:1311,0
DA:1312,0
DA:1313,0
DA:1314,0
DA:1315,0
DA:1316,0
DA:1317,0
DA:1318,0
DA:1319,0
DA:1320,0
DA:1321,0
DA:1322,0
DA:1323,0
DA:1324,0
DA:1325,0
DA:1326,0
DA:1327,0
DA:1328,0
DA:1329,0
DA:1330,0
DA:1331,0
DA:1332,0
DA:1333,0
DA:1334,0
DA:1335,0
DA:1336,0
DA:1337,0
DA:1338,0
DA:1339,0
DA:1342,0
DA:1346,0
DA:1348,0
DA:1349,0
DA:1350,0
DA:1354,0
DA:1355,0
DA:1357,0
DA:1358,0
DA:1359,0
DA:1360,0
DA:1361,0
DA:1364,0
DA:1365,0
DA:1366,0
DA:1367,0
DA:1368,0
DA:1369,0
DA:1371,0
DA:1375,0
DA:1376,0
DA:1377,0
DA:1380,0
DA:1383,0
DA:1384,0
DA:1385,0
DA:1386,0
DA:1387,0
DA:1388,0
DA:1389,0
DA:1390,0
DA:1391,0
DA:1392,0
DA:1393,0
DA:1394,0
DA:1395,0
DA:1396,0
DA:1397,0
DA:1398,0
DA:1399,0
DA:1400,0
DA:1401,0
DA:1402,0
DA:1403,0
DA:1404,0
DA:1405,0
DA:1406,0
DA:1407,0
DA:1408,0
DA:1409,0
DA:1410,0
DA:1411,0
DA:1412,0
DA:1413,0
DA:1414,0
DA:1415,0
DA:1416,0
DA:1417,0
DA:1418,0
DA:1419,0
DA:1420,0
DA:1421,0
DA:1422,0
DA:1423,0
DA:1424,0
DA:1425,0
DA:1426,0
DA:1427,0
DA:1428,0
DA:1429,0
DA:1430,0
DA:1431,0
DA:1432,0
DA:1433,0
DA:1434,0
DA:1435,0
DA:1436,0
DA:1437,0
DA:1438,0
DA:1439,0
DA:1440,0
DA:1441,0
DA:1442,0
DA:1443,0
DA:1444,0
DA:1445,0
DA:1446,0
DA:1447,0
DA:1448,0
DA:1449,0
DA:1450,0
DA:1451,0
DA:1452,0
DA:1453,0
DA:1454,0
DA:1455,0
DA:1456,0
DA:1457,0
DA:1458,0
DA:1459,0
DA:1463,0
DA:1465,0
DA:1467,0
DA:1468,0
DA:1469,0
DA:1470,0
DA:1471,0
DA:1472,0
DA:1474,0
DA:1475,0
DA:1478,0
DA:1479,0
DA:1480,0
DA:1482,0
DA:1483,0
DA:1484,0
DA:1487,0
DA:1488,0
DA:1489,0
DA:1491,0
DA:1492,0
DA:1494,0
DA:1495,0
DA:1496,0
DA:1499,0
DA:1500,0
DA:1501,0
DA:1502,0
DA:1503,0
DA:1504,0
DA:1505,0
DA:1506,0
DA:1507,0
DA:1508,0
DA:1509,0
DA:1510,0
DA:1512,0
DA:1513,0
DA:1515,0
DA:1516,0
DA:1517,0
DA:1518,0
DA:1519,0
DA:1520,0
DA:1521,0
DA:1522,0
DA:1523,0
DA:1524,0
DA:1525,0
DA:1526,0
DA:1527,0
DA:1528,0
DA:1529,0
DA:1530,0
DA:1531,0
DA:1532,0
DA:1533,0
DA:1534,0
[...]
FN:432,_RNCNCNvNtNtCsjRwMhjCpbZQ_6server4core23transaction_coordinator20run_coordinator_loop00B9_
FN:102,_RNCNvMs_NtNtCsjRwMhjCpbZQ_6server4core23transaction_coordinatorNtB6_22TransactionCoordinator3new0Ba_
FN:429,_RNCNvNtNtCsjRwMhjCpbZQ_6server4core23transaction_coordinator20run_coordinator_loop0B7_
FN:574,_RNCNvNtNtCsjRwMhjCpbZQ_6server4core23transaction_coordinator20run_coordinator_loops0_0B7_
FN:540,_RNCNvNtNtCsjRwMhjCpbZQ_6server4core23transaction_coordinator20run_coordinator_loops_0B7_
FN:344,_RNCNvNtNtCsjRwMhjCpbZQ_6server4core23transaction_coordinator21release_session_locks0B7_
FN:150,_RNvMs_NtNtCsjRwMhjCpbZQ_6server4core23transaction_coordinatorNtB4_22TransactionCoordinator11route_query
FN:184,_RNvMs_NtNtCsjRwMhjCpbZQ_6server4core23transaction_coordinatorNtB4_22TransactionCoordinator14staged_queries
FN:241,_RNvMs_NtNtCsjRwMhjCpbZQ_6server4core23transaction_coordinatorNtB4_22TransactionCoordinator15finalize_commit
FN:197,_RNvMs_NtNtCsjRwMhjCpbZQ_6server4core23transaction_coordinatorNtB4_22TransactionCoordinator15take_for_commit
FN:119,_RNvMs_NtNtCsjRwMhjCpbZQ_6server4core23transaction_coordinatorNtB4_22TransactionCoordinator22begin_with_table_locks
FN:254,_RNvMs_NtNtCsjRwMhjCpbZQ_6server4core23transaction_coordinatorNtB4_22TransactionCoordinator24apply_remote_table_locks
FN:270,_RNvMs_NtNtCsjRwMhjCpbZQ_6server4core23transaction_coordinatorNtB4_22TransactionCoordinator26release_remote_table_locks
FN:100,_RNvMs_NtNtCsjRwMhjCpbZQ_6server4core23transaction_coordinatorNtB4_22TransactionCoordinator3new
FN:106,_RNvMs_NtNtCsjRwMhjCpbZQ_6server4core23transaction_coordinatorNtB4_22TransactionCoordinator5begin
FN:210,_RNvMs_NtNtCsjRwMhjCpbZQ_6server4core23transaction_coordinatorNtB4_22TransactionCoordinator8rollback
FN:137,_RNvMs_NtNtCsjRwMhjCpbZQ_6server4core23transaction_coordinatorNtB4_22TransactionCoordinator9is_active
FN:351,_RNvNtNtCsjRwMhjCpbZQ_6server4core23transaction_coordinator20run_coordinator_loop
FN:332,_RNvNtNtCsjRwMhjCpbZQ_6server4core23transaction_coordinator21release_session_locks
FN:307,_RNvNtNtCsjRwMhjCpbZQ_6server4core23transaction_coordinator23dml_table_ids_for_query
FN:288,_RNvNtNtCsjRwMhjCpbZQ_6server4core23transaction_coordinator26normalize_unique_table_ids
FNDA:0,_RNvMs_NtNtCsjRwMhjCpbZQ_6server4core23transaction_coordinatorNtB4_22TransactionCoordinator11stage_query
FNDA:0,_RNvMs_NtNtCsjRwMhjCpbZQ_6server4core23transaction_coordinatorNtB4_22TransactionCoordinator27restore_after_failed_commit
FNDA:0,_RNvXNtNtCsjRwMhjCpbZQ_6server4core23transaction_coordinatorNtB2_22TransactionCoordinatorNtNtCsfOyy81DYK0U_4core7default7Default7default
FNDA:0,_RNCNCNvNtNtCsjRwMhjCpbZQ_6server4core23transaction_coordinator20run_coordinator_loop00B9_
FNDA:59,_RNCNvMs_NtNtCsjRwMhjCpbZQ_6server4core23transaction_coordinatorNtB6_22TransactionCoordinator3new0Ba_
FNDA:82,_RNCNvNtNtCsjRwMhjCpbZQ_6server4core23transaction_coordinator20run_coordinator_loop0B7_
FNDA:0,_RNCNvNtNtCsjRwMhjCpbZQ_6server4core23transaction_coordinator20run_coordinator_loops0_0B7_
FNDA:0,_RNCNvNtNtCsjRwMhjCpbZQ_6server4core23transaction_coordinator20run_coordinator_loops_0B7_
FNDA:0,_RNCNvNtNtCsjRwMhjCpbZQ_6server4core23transaction_coordinator21release_session_locks0B7_
FNDA:1178,_RNvMs_NtNtCsjRwMhjCpbZQ_6server4core23transaction_coordinatorNtB4_22TransactionCoordinator11route_query
FNDA:5,_RNvMs_NtNtCsjRwMhjCpbZQ_6server4core23transaction_coordinatorNtB4_22TransactionCoordinator14staged_queries
FNDA:6,_RNvMs_NtNtCsjRwMhjCpbZQ_6server4core23transaction_coordinatorNtB4_22TransactionCoordinator15finalize_commit
FNDA:13,_RNvMs_NtNtCsjRwMhjCpbZQ_6server4core23transaction_coordinatorNtB4_22TransactionCoordinator15take_for_commit
FNDA:0,_RNvMs_NtNtCsjRwMhjCpbZQ_6server4core23transaction_coordinatorNtB4_22TransactionCoordinator22begin_with_table_locks
FNDA:0,_RNvMs_NtNtCsjRwMhjCpbZQ_6server4core23transaction_coordinatorNtB4_22TransactionCoordinator24apply_remote_table_locks
FNDA:0,_RNvMs_NtNtCsjRwMhjCpbZQ_6server4core23transaction_coordinatorNtB4_22TransactionCoordinator26release_remote_table_locks
FNDA:59,_RNvMs_NtNtCsjRwMhjCpbZQ_6server4core23transaction_coordinatorNtB4_22TransactionCoordinator3new
FNDA:16,_RNvMs_NtNtCsjRwMhjCpbZQ_6server4core23transaction_coordinatorNtB4_22TransactionCoordinator5begin
FNDA:8,_RNvMs_NtNtCsjRwMhjCpbZQ_6server4core23transaction_coordinatorNtB4_22TransactionCoordinator8rollback
FNDA:1190,_RNvMs_NtNtCsjRwMhjCpbZQ_6server4core23transaction_coordinatorNtB4_22TransactionCoordinator9is_active
FNDA:59,_RNvNtNtCsjRwMhjCpbZQ_6server4core23transaction_coordinator20run_coordinator_loop
FNDA:14,_RNvNtNtCsjRwMhjCpbZQ_6server4core23transaction_coordinator21release_session_locks
FNDA:1178,_RNvNtNtCsjRwMhjCpbZQ_6server4core23transaction_coordinator23dml_table_ids_for_query
FNDA:1177,_RNvNtNtCsjRwMhjCpbZQ_6server4core23transaction_coordinator26normalize_unique_table_ids
FNF:24
FNH:14
DA:93,0
DA:94,0
DA:95,0
DA:100,59
DA:101,59
DA:102,59
DA:103,59
DA:104,59
DA:106,16
DA:107,16
DA:108,16
DA:109,16
DA:110,16
DA:111,16
DA:112,16
DA:113,16
DA:114,16
DA:115,16
DA:116,16
DA:117,16
DA:119,0
DA:120,0
DA:121,0
DA:122,0
DA:123,0
DA:124,0
DA:125,0
DA:126,0
DA:127,0
DA:128,0
DA:129,0
DA:130,0
DA:131,0
DA:132,0
DA:133,0
DA:134,0
DA:135,0
DA:137,1190
DA:138,1190
DA:139,1190
DA:140,1190
DA:141,1190
DA:142,1190
DA:143,1190
DA:144,1190
DA:145,1190
DA:146,1190
DA:147,1190
DA:148,1190
DA:150,1178
DA:151,1178
DA:152,1178
DA:153,1178
DA:154,1178
DA:155,1178
DA:156,1178
DA:157,1178
DA:158,1178
DA:159,1178
DA:160,1178
DA:161,1178
DA:162,1178
DA:163,1178
DA:164,1178
DA:165,1178
DA:166,1178
DA:167,1178
DA:168,1178
DA:170,0
DA:171,0
DA:172,0
DA:173,0
DA:174,0
DA:175,0
DA:176,0
DA:177,0
DA:178,0
DA:179,0
DA:180,0
DA:181,0
DA:182,0
DA:184,5
DA:185,5
DA:186,5
DA:187,5
DA:188,5
DA:189,5
DA:190,5
DA:191,5
DA:192,5
DA:193,5
DA:194,5
DA:195,5
DA:197,13
DA:198,13
DA:199,13
DA:200,13
DA:201,13
DA:202,13
DA:203,13
DA:204,13
DA:205,13
DA:206,13
DA:207,13
DA:208,13
DA:210,8
DA:211,8
DA:212,8
DA:213,8
DA:214,8
DA:215,8
DA:216,8
DA:217,8
DA:218,8
DA:219,8
DA:220,8
DA:221,8
DA:223,0
DA:224,0
DA:225,0
DA:226,0
DA:227,0
DA:228,0
DA:229,0
DA:230,0
DA:231,0
DA:232,0
DA:233,0
DA:234,0
DA:235,0
DA:236,0
DA:237,0
DA:238,0
DA:239,0
DA:241,6
DA:242,6
DA:243,6
DA:244,6
DA:245,6
DA:246,6
DA:247,6
DA:248,6
DA:249,6
DA:250,6
DA:251,6
DA:252,6
DA:254,0
DA:255,0
DA:257,0
DA:258,0
DA:259,0
DA:260,0
DA:261,0
DA:262,0
DA:263,0
DA:264,0
DA:265,0
DA:266,0
DA:267,0
DA:268,0
DA:270,0
DA:271,0
DA:273,0
DA:274,0
DA:275,0
DA:276,0
DA:277,0
DA:278,0
DA:279,0
DA:280,0
DA:281,0
DA:282,0
DA:283,0
DA:284,0
DA:288,1177
DA:289,1177
DA:290,1177
DA:292,1177
DA:293,82
DA:295,82
DA:296,0
DA:297,82
DA:299,82
DA:300,82
DA:301,82
DA:304,1177
DA:305,1177
DA:307,1178
DA:308,1178
DA:309,1
DA:312,1177
DA:314,1177
DA:315,1095
DA:316,1177
DA:319,1095
DA:320,82
DA:322,82
DA:323,0
DA:326,82
DA:329,1177
DA:330,1178
DA:332,14
DA:333,14
DA:334,14
DA:335,14
DA:336,14
DA:337,14
DA:338,14
DA:341,0
DA:342,0
DA:343,0
DA:344,0
DA:345,0
DA:346,0
DA:347,0
DA:349,14
DA:351,59
DA:353,59
DA:354,59
DA:355,59
DA:357,2475
DA:359,2416
DA:361,16
DA:362,16
DA:363,0
DA:364,0
DA:365,16
DA:367,16
DA:368,16
DA:372,0
DA:373,0
DA:374,0
DA:376,0
DA:377,0
DA:378,0
DA:379,0
DA:381,0
DA:383,0
DA:384,0
DA:385,0
DA:386,0
DA:388,0
DA:390,0
DA:391,0
DA:392,0
DA:394,0
DA:395,0
DA:396,0
DA:399,0
DA:400,0
DA:401,0
DA:402,0
DA:404,0
DA:405,0
DA:406,0
DA:408,0
DA:409,0
DA:410,0
DA:411,0
DA:413,0
DA:414,0
DA:417,1190
DA:418,1190
DA:419,1190
DA:422,1178
DA:423,1178
DA:424,1178
DA:425,1178
DA:427,1178
DA:429,1178
DA:430,82
DA:431,82
DA:432,82
DA:433,82
DA:435,1178
DA:436,0
DA:437,0
DA:438,0
DA:439,0
DA:440,1178
DA:442,1178
DA:443,17
DA:444,1
DA:445,1
DA:446,1
DA:447,1
DA:448,16
DA:450,16
DA:451,16
DA:452,1161
DA:453,1161
DA:454,1161
DA:458,0
DA:459,0
DA:460,0
DA:462,0
DA:463,0
DA:464,0
DA:467,0
DA:468,0
DA:471,5
DA:472,5
DA:473,0
DA:474,0
DA:477,5
DA:480,13
DA:481,13
DA:482,2
DA:483,2
DA:486,11
DA:490,0
DA:491,0
DA:492,0
DA:494,0
DA:495,0
DA:496,0
DA:497,0
DA:499,0
DA:500,0
DA:503,8
DA:504,8
DA:505,8
DA:506,8
DA:507,8
DA:508,8
DA:509,8
DA:510,8
DA:511,8
DA:512,8
DA:513,8
DA:515,6
DA:516,6
DA:517,6
DA:518,6
DA:519,6
DA:520,6
DA:521,6
DA:522,6
DA:523,6
DA:524,6
DA:525,6
DA:528,0
DA:529,0
DA:530,0
DA:532,0
DA:533,0
DA:534,0
DA:535,0
DA:537,0
DA:538,0
DA:539,0
DA:540,0
DA:542,0
DA:543,0
DA:545,0
DA:546,0
DA:549,0
DA:553,0
DA:554,0
DA:555,0
DA:557,0
DA:559,0
DA:560,0
DA:561,0
DA:562,0
DA:563,0
DA:565,0
DA:566,0
DA:567,0
DA:569,0
DA:570,0
DA:571,0
DA:572,0
DA:573,0
DA:574,0
DA:575,0
DA:576,0
DA:577,0
DA:580,0
DA:581,0
DA:582,0
DA:583,0
DA:585,0
DA:592,59
BRF:0
BRH:0
LF:390
LH:200
end_of_record
SF:/Users/samcolak/Source Code/rust/distdb/distdb/server/src/engine/wal_probe.rs
FN:10,_RNvNtNtCsjRwMhjCpbZQ_6server6engine9wal_probe13run_wal_probe
FN:78,_RNvNtNtNtCsjRwMhjCpbZQ_6server6engine9wal_probe5testss_40wal_replay_with_lower_bound_is_exclusive
FN:69,_RNvNtNtNtCsjRwMhjCpbZQ_6server6engine9wal_probe5testss_50wal_replay_without_lower_bound_returns_all_records
FN:88,_RNvNtNtNtCsjRwMhjCpbZQ_6server6engine9wal_probe5testss_54wal_accepts_out_of_order_append_and_keeps_sorted_order
FNDA:2,_RNvNtNtCsjRwMhjCpbZQ_6server6engine9wal_probe13run_wal_probe
FNDA:1,_RNvNtNtNtCsjRwMhjCpbZQ_6server6engine9wal_probe5testss_40wal_replay_with_lower_bound_is_exclusive
FNDA:1,_RNvNtNtNtCsjRwMhjCpbZQ_6server6engine9wal_probe5testss_50wal_replay_without_lower_bound_returns_all_records
FNDA:1,_RNvNtNtNtCsjRwMhjCpbZQ_6server6engine9wal_probe5testss_54wal_accepts_out_of_order_append_and_keeps_sorted_order
FNF:4
FNH:4
DA:10,2
DA:11,2
DA:12,2
DA:14,2
DA:16,2
DA:17,2
DA:18,2
DA:19,2
DA:20,2
DA:21,2
DA:23,2
DA:24,2
DA:25,2
DA:27,0
DA:29,2
DA:30,2
DA:31,2
DA:32,2
DA:33,2
DA:34,2
DA:36,2
DA:37,2
DA:38,2
DA:40,0
DA:42,2
DA:43,2
DA:44,2
DA:45,2
DA:46,2
DA:47,2
DA:49,2
DA:50,2
DA:51,2
DA:53,0
DA:55,2
DA:57,2
DA:58,2
DA:59,2
DA:60,2
DA:61,2
DA:69,1
DA:70,1
DA:71,1
DA:73,1
DA:74,1
DA:75,1
DA:78,1
DA:79,1
DA:80,1
DA:82,1
DA:83,1
DA:84,1
DA:85,1
DA:88,1
DA:89,1
DA:90,1
DA:92,1
DA:93,1
DA:94,1
DA:95,1
DA:96,1
DA:97,1
DA:99,1
DA:100,1
DA:103,1
DA:105,1
DA:106,1
DA:107,1
DA:108,1
DA:109,1
DA:110,1
DA:112,1
DA:113,1
DA:117,1
DA:119,1
DA:120,1
DA:121,1
DA:122,1
DA:123,1
BRF:0
BRH:0
LF:79
LH:76
end_of_record
SF:/Users/samcolak/Source Code/rust/distdb/distdb/server/src/helpers/error.rs
FN:10,_RNvXNtNtCsjRwMhjCpbZQ_6server7helpers5errorNtB2_14ServerAppErrorNtNtCsfOyy81DYK0U_4core3fmt7Display3fmt
FNDA:0,_RNvXNtNtCsjRwMhjCpbZQ_6server7helpers5errorNtB2_14ServerAppErrorNtNtCsfOyy81DYK0U_4core3fmt7Display3fmt
FNF:1
FNH:0
DA:10,0
DA:11,0
DA:12,0
DA:13,0
DA:15,0
BRF:0
BRH:0
LF:5
LH:0
end_of_record
SF:/Users/samcolak/Source Code/rust/distdb/distdb/server/src/main.rs
FN:251,_RNCNCNCNvCs7SIyNl4REWl_6server4main0s6_00B7_
FN:525,_RNCNCNCNvCs7SIyNl4REWl_6server4main0sc_00B7_
FN:231,_RNCNCNvCs7SIyNl4REWl_6server4main00B5_
FN:236,_RNCNCNvCs7SIyNl4REWl_6server4main0s0_0B5_
FN:237,_RNCNCNvCs7SIyNl4REWl_6server4main0s1_0B5_
FN:241,_RNCNCNvCs7SIyNl4REWl_6server4main0s2_0B5_
FN:242,_RNCNCNvCs7SIyNl4REWl_6server4main0s3_0B5_
FN:246,_RNCNCNvCs7SIyNl4REWl_6server4main0s4_0B5_
FN:247,_RNCNCNvCs7SIyNl4REWl_6server4main0s5_0B5_
FN:251,_RNCNCNvCs7SIyNl4REWl_6server4main0s6_0B5_
FN:259,_RNCNCNvCs7SIyNl4REWl_6server4main0s7_0B5_
FN:282,_RNCNCNvCs7SIyNl4REWl_6server4main0s8_0B5_
FN:293,_RNCNCNvCs7SIyNl4REWl_6server4main0s9_0B5_
FN:232,_RNCNCNvCs7SIyNl4REWl_6server4main0s_0B5_
FN:332,_RNCNCNvCs7SIyNl4REWl_6server4main0sa_0B5_
FN:395,_RNCNCNvCs7SIyNl4REWl_6server4main0sb_0B5_
FN:494,_RNCNCNvCs7SIyNl4REWl_6server4main0sc_0B5_
FN:598,_RNCNCNvCs7SIyNl4REWl_6server4main0sd_0B5_
FN:605,_RNCNCNvCs7SIyNl4REWl_6server4main0se_0B5_
FN:313,_RNCNCNvCs7SIyNl4REWl_6server4main0sf_0B5_
FN:314,_RNCNCNvCs7SIyNl4REWl_6server4main0sg_0B5_
FN:317,_RNCNCNvCs7SIyNl4REWl_6server4main0sh_0B5_
FN:318,_RNCNCNvCs7SIyNl4REWl_6server4main0si_0B5_
FN:321,_RNCNCNvCs7SIyNl4REWl_6server4main0sj_0B5_
FN:322,_RNCNCNvCs7SIyNl4REWl_6server4main0sk_0B5_
FN:84,_RNCNvCs7SIyNl4REWl_6server23parse_ca_root_from_args0B3_
FN:91,_RNCNvCs7SIyNl4REWl_6server23parse_ca_root_from_argss0_0B3_
FN:90,_RNCNvCs7SIyNl4REWl_6server23parse_ca_root_from_argss_0B3_
FN:155,_RNCNvCs7SIyNl4REWl_6server25try_enroll_tls_from_peers0B3_
FN:178,_RNCNvCs7SIyNl4REWl_6server25try_enroll_tls_from_peerss0_0B3_
FN:150,_RNCNvCs7SIyNl4REWl_6server25try_enroll_tls_from_peerss_0B3_
FN:105,_RNCNvCs7SIyNl4REWl_6server35parse_advertised_services_from_args0B3_
FN:108,_RNCNvCs7SIyNl4REWl_6server35parse_advertised_services_from_argss0_0B3_
FN:121,_RNCNvCs7SIyNl4REWl_6server35parse_advertised_services_from_argss1_0B3_
FN:106,_RNCNvCs7SIyNl4REWl_6server35parse_advertised_services_from_argss_0B3_
FN:73,_RNCNvCs7SIyNl4REWl_6server37parse_tls_subject_alt_names_from_args0B3_
FN:76,_RNCNvCs7SIyNl4REWl_6server37parse_tls_subject_alt_names_from_argss0_0B3_
FN:74,_RNCNvCs7SIyNl4REWl_6server37parse_tls_subject_alt_names_from_argss_0B3_
FN:214,_RNCNvCs7SIyNl4REWl_6server4main0B3_
FN:82,_RNvCs7SIyNl4REWl_6server23parse_ca_root_from_args
FN:131,_RNvCs7SIyNl4REWl_6server25try_enroll_tls_from_peers
FN:101,_RNvCs7SIyNl4REWl_6server35parse_advertised_services_from_args
FN:69,_RNvCs7SIyNl4REWl_6server37parse_tls_subject_alt_names_from_args
FN:214,_RNvCs7SIyNl4REWl_6server4main
FNDA:0,_RNCNCNCNvCs7SIyNl4REWl_6server4main0s6_00B7_
FNDA:0,_RNCNCNCNvCs7SIyNl4REWl_6server4main0sc_00B7_
FNDA:0,_RNCNCNvCs7SIyNl4REWl_6server4main00B5_
FNDA:0,_RNCNCNvCs7SIyNl4REWl_6server4main0s0_0B5_
FNDA:0,_RNCNCNvCs7SIyNl4REWl_6server4main0s1_0B5_
FNDA:0,_RNCNCNvCs7SIyNl4REWl_6server4main0s2_0B5_
FNDA:0,_RNCNCNvCs7SIyNl4REWl_6server4main0s3_0B5_
FNDA:0,_RNCNCNvCs7SIyNl4REWl_6server4main0s4_0B5_
FNDA:0,_RNCNCNvCs7SIyNl4REWl_6server4main0s5_0B5_
FNDA:0,_RNCNCNvCs7SIyNl4REWl_6server4main0s6_0B5_
FNDA:0,_RNCNCNvCs7SIyNl4REWl_6server4main0s7_0B5_
FNDA:0,_RNCNCNvCs7SIyNl4REWl_6server4main0s8_0B5_
FNDA:0,_RNCNCNvCs7SIyNl4REWl_6server4main0s9_0B5_
FNDA:0,_RNCNCNvCs7SIyNl4REWl_6server4main0s_0B5_
FNDA:0,_RNCNCNvCs7SIyNl4REWl_6server4main0sa_0B5_
FNDA:0,_RNCNCNvCs7SIyNl4REWl_6server4main0sb_0B5_
FNDA:0,_RNCNCNvCs7SIyNl4REWl_6server4main0sc_0B5_
FNDA:0,_RNCNCNvCs7SIyNl4REWl_6server4main0sd_0B5_
FNDA:0,_RNCNCNvCs7SIyNl4REWl_6server4main0se_0B5_
FNDA:0,_RNCNCNvCs7SIyNl4REWl_6server4main0sf_0B5_
FNDA:0,_RNCNCNvCs7SIyNl4REWl_6server4main0sg_0B5_
FNDA:0,_RNCNCNvCs7SIyNl4REWl_6server4main0sh_0B5_
FNDA:0,_RNCNCNvCs7SIyNl4REWl_6server4main0si_0B5_
FNDA:0,_RNCNCNvCs7SIyNl4REWl_6server4main0sj_0B5_
FNDA:0,_RNCNCNvCs7SIyNl4REWl_6server4main0sk_0B5_
FNDA:0,_RNCNvCs7SIyNl4REWl_6server23parse_ca_root_from_args0B3_
FNDA:0,_RNCNvCs7SIyNl4REWl_6server23parse_ca_root_from_argss0_0B3_
FNDA:0,_RNCNvCs7SIyNl4REWl_6server23parse_ca_root_from_argss_0B3_
FNDA:0,_RNCNvCs7SIyNl4REWl_6server25try_enroll_tls_from_peers0B3_
FNDA:0,_RNCNvCs7SIyNl4REWl_6server25try_enroll_tls_from_peerss0_0B3_
FNDA:0,_RNCNvCs7SIyNl4REWl_6server25try_enroll_tls_from_peerss_0B3_
FNDA:0,_RNCNvCs7SIyNl4REWl_6server35parse_advertised_services_from_args0B3_
FNDA:0,_RNCNvCs7SIyNl4REWl_6server35parse_advertised_services_from_argss0_0B3_
FNDA:0,_RNCNvCs7SIyNl4REWl_6server35parse_advertised_services_from_argss1_0B3_
FNDA:0,_RNCNvCs7SIyNl4REWl_6server35parse_advertised_services_from_argss_0B3_
FNDA:0,_RNCNvCs7SIyNl4REWl_6server37parse_tls_subject_alt_names_from_args0B3_
FNDA:0,_RNCNvCs7SIyNl4REWl_6server37parse_tls_subject_alt_names_from_argss0_0B3_
FNDA:0,_RNCNvCs7SIyNl4REWl_6server37parse_tls_subject_alt_names_from_argss_0B3_
FNDA:0,_RNCNvCs7SIyNl4REWl_6server4main0B3_
FNDA:0,_RNvCs7SIyNl4REWl_6server23parse_ca_root_from_args
FNDA:0,_RNvCs7SIyNl4REWl_6server25try_enroll_tls_from_peers
FNDA:0,_RNvCs7SIyNl4REWl_6server35parse_advertised_services_from_args
FNDA:0,_RNvCs7SIyNl4REWl_6server37parse_tls_subject_alt_names_from_args
FNDA:0,_RNvCs7SIyNl4REWl_6server4main
FNF:44
FNH:0
DA:69,0
DA:71,0
DA:72,0
DA:73,0
DA:74,0
DA:75,0
DA:76,0
DA:77,0
DA:78,0
DA:80,0
DA:82,0
DA:84,0
DA:85,0
DA:86,0
DA:88,0
DA:89,0
DA:90,0
DA:91,0
DA:92,0
DA:93,0
DA:94,0
DA:96,0
DA:97,0
DA:99,0
DA:101,0
DA:103,0
DA:104,0
DA:105,0
DA:106,0
DA:107,0
DA:108,0
DA:109,0
DA:110,0
DA:112,0
DA:113,0
DA:114,0
DA:115,0
DA:116,0
DA:117,0
DA:118,0
DA:119,0
DA:121,0
DA:122,0
DA:123,0
DA:125,0
DA:126,0
DA:127,0
DA:129,0
DA:131,0
DA:132,0
DA:133,0
DA:134,0
DA:135,0
DA:136,0
DA:137,0
DA:139,0
DA:140,0
DA:141,0
DA:142,0
DA:143,0
DA:145,0
DA:148,0
DA:149,0
DA:150,0
DA:151,0
DA:154,0
DA:155,0
DA:156,0
DA:157,0
DA:158,0
DA:159,0
DA:160,0
DA:162,0
DA:163,0
DA:165,0
DA:168,0
DA:169,0
DA:170,0
DA:172,0
DA:173,0
DA:176,0
DA:177,0
DA:178,0
DA:180,0
DA:181,0
DA:183,0
DA:184,0
DA:186,0
DA:187,0
DA:190,0
DA:191,0
DA:192,0
DA:193,0
DA:194,0
DA:195,0
DA:196,0
DA:198,0
DA:201,0
DA:202,0
DA:203,0
DA:206,0
DA:209,0
DA:211,0
DA:214,0
DA:216,0
DA:217,0
DA:219,0
DA:220,0
DA:221,0
DA:223,0
DA:225,0
DA:226,0
DA:227,0
DA:229,0
DA:230,0
DA:231,0
DA:232,0
DA:234,0
DA:235,0
DA:236,0
DA:237,0
DA:239,0
DA:240,0
DA:241,0
DA:242,0
DA:244,0
DA:245,0
DA:246,0
DA:247,0
DA:249,0
DA:250,0
DA:251,0
DA:252,0
DA:254,0
DA:255,0
DA:256,0
DA:257,0
DA:258,0
DA:259,0
DA:260,0
DA:261,0
DA:263,0
DA:265,0
DA:266,0
DA:268,0
DA:270,0
DA:271,0
DA:272,0
DA:273,0
DA:275,0
DA:276,0
DA:277,0
DA:278,0
DA:279,0
DA:280,0
DA:282,0
DA:283,0
DA:285,0
DA:286,0
DA:287,0
DA:288,0
DA:289,0
DA:290,0
DA:291,0
DA:293,0
DA:295,0
DA:297,0
DA:299,0
DA:300,0
DA:301,0
DA:302,0
DA:303,0
DA:304,0
DA:305,0
DA:306,0
DA:307,0
DA:309,0
DA:311,0
DA:312,0
DA:313,0
DA:314,0
DA:315,0
DA:316,0
DA:317,0
DA:318,0
DA:319,0
DA:320,0
DA:321,0
DA:322,0
DA:323,0
DA:324,0
DA:326,0
DA:329,0
DA:331,0
DA:332,0
DA:333,0
DA:334,0
DA:336,0
DA:339,0
DA:341,0
DA:343,0
DA:345,0
DA:346,0
DA:350,0
DA:352,0
DA:353,0
DA:359,0
DA:362,0
DA:364,0
DA:367,0
DA:370,0
DA:372,0
DA:375,0
DA:376,0
DA:381,0
DA:383,0
DA:384,0
DA:385,0
DA:386,0
DA:387,0
DA:388,0
DA:389,0
DA:391,0
DA:392,0
DA:393,0
DA:394,0
DA:395,0
DA:396,0
DA:398,0
DA:399,0
DA:401,0
DA:403,0
DA:405,0
DA:406,0
DA:407,0
DA:408,0
DA:409,0
DA:411,0
DA:412,0
DA:414,0
DA:415,0
DA:416,0
DA:417,0
DA:418,0
DA:419,0
DA:422,0
DA:423,0
DA:425,0
DA:426,0
DA:427,0
DA:428,0
DA:430,0
DA:431,0
DA:432,0
DA:433,0
DA:434,0
DA:435,0
DA:436,0
DA:441,0
DA:444,0
DA:446,0
DA:447,0
DA:448,0
DA:449,0
DA:450,0
DA:451,0
DA:453,0
DA:454,0
DA:456,0
DA:457,0
DA:458,0
DA:459,0
DA:460,0
DA:461,0
DA:462,0
DA:463,0
DA:465,0
DA:466,0
DA:468,0
DA:469,0
DA:470,0
DA:472,0
DA:473,0
DA:474,0
DA:475,0
DA:476,0
DA:477,0
DA:478,0
DA:479,0
DA:482,0
DA:483,0
DA:486,0
DA:487,0
DA:488,0
DA:489,0
DA:490,0
DA:491,0
DA:492,0
DA:494,0
DA:498,0
DA:500,0
DA:502,0
DA:503,0
DA:505,0
DA:511,0
DA:512,0
DA:513,0
DA:514,0
DA:515,0
DA:516,0
DA:517,0
DA:518,0
DA:519,0
DA:520,0
DA:521,0
DA:522,0
DA:523,0
DA:525,0
DA:527,0
DA:528,0
DA:529,0
DA:530,0
DA:531,0
DA:533,0
DA:535,0
DA:536,0
DA:537,0
DA:542,0
DA:543,0
DA:548,0
DA:552,0
DA:553,0
DA:554,0
DA:555,0
DA:556,0
DA:557,0
DA:558,0
DA:559,0
DA:560,0
DA:561,0
DA:562,0
DA:563,0
DA:564,0
DA:565,0
DA:567,0
DA:569,0
DA:574,0
DA:576,0
DA:578,0
DA:584,0
DA:587,0
DA:588,0
DA:597,0
DA:598,0
DA:599,0
DA:600,0
DA:601,0
DA:602,0
DA:603,0
DA:604,0
DA:605,0
DA:607,0
DA:609,0
DA:616,0
DA:617,0
DA:619,0
DA:621,0
DA:622,0
DA:623,0
DA:624,0
DA:625,0
DA:626,0
DA:627,0
DA:628,0
DA:631,0
DA:632,0
DA:633,0
DA:634,0
DA:635,0
DA:636,0
DA:637,0
DA:640,0
DA:642,0
DA:643,0
DA:644,0
DA:646,0
DA:647,0
DA:649,0
DA:650,0
DA:652,0
DA:654,0
BRF:0
BRH:0
LF:433
LH:0
end_of_record
SF:/opt/homebrew/Cellar/rust/1.96.0/lib/rustlib/src/rust/library/std/src/sys/thread_local/native/mod.rs
FN:63,_RNCNKNvNtNtNtNtCsjRwMhjCpbZQ_6server4core8mappings5query4core22LAST_INSERT_ID_CONTEXT00Bd_
FN:71,_RNCNKNvNtNtNtNtCsjRwMhjCpbZQ_6server4core8mappings5query4core22LAST_INSERT_ID_CONTEXT0s_0Bd_
FNDA:0,_RNCNKNvNtNtNtNtCsjRwMhjCpbZQ_6server4core8mappings5query4core22LAST_INSERT_ID_CONTEXT00Bd_
FNDA:1232,_RNCNKNvNtNtNtNtCsjRwMhjCpbZQ_6server4core8mappings5query4core22LAST_INSERT_ID_CONTEXT0s_0Bd_
FNF:2
FNH:1
DA:63,0
DA:68,0
DA:69,0
DA:71,1232
DA:75,1232
DA:76,1232
BRF:0
BRH:0
LF:6
LH:3
end_of_record